Epoch, Train Loss, Validation Loss
[1]1, 3066.6063, 3138.6554
[1]2, 3057.7458, 3102.4158
[1]3, 3058.1484, 3039.4154
[1]4, 2937.7781, 2954.6768
[1]5, 2791.6899, 2856.5697
[1]6, 2734.5958, 2751.4363
[1]7, 2672.6892, 2646.8760
[1]8, 2587.9562, 2545.5546
[1]9, 2393.7844, 2448.8534
[1]10, 2304.0717, 2357.0566
[1]11, 2274.2499, 2269.2468
[1]12, 2117.5154, 2185.2055
[1]13, 2081.7892, 2105.0767
[1]14, 1974.6732, 2028.6517
[1]15, 1940.5954, 1955.7778
[1]16, 1853.3502, 1886.0682
[1]17, 1799.1872, 1819.2471
[1]18, 1730.7680, 1755.2119
[1]19, 1623.8091, 1694.2529
[1]20, 1647.0869, 1636.4249
[1]21, 1545.8144, 1580.3440
[1]22, 1503.7039, 1526.3003
[1]23, 1422.6367, 1474.2793
[1]24, 1338.1395, 1424.2792
[1]25, 1346.0491, 1376.2554
[1]26, 1342.4521, 1329.8911
[1]27, 1242.1671, 1284.9415
[1]28, 1199.0957, 1241.7278
[1]29, 1173.4968, 1200.0436
[1]30, 1123.6836, 1159.7758
[1]31, 1091.7738, 1121.0422
[1]32, 1056.7797, 1083.5913
[1]33, 972.9142, 1047.7626
[1]34, 982.7245, 1014.0952
[1]35, 956.5664, 981.2414
[1]36, 950.1331, 949.1434
[1]37, 926.3515, 917.9294
[1]38, 839.7755, 887.6870
[1]39, 886.1641, 859.0039
[1]40, 789.8537, 830.9627
[1]41, 766.8471, 803.8842
[1]42, 753.2516, 777.6376
[1]43, 727.1779, 752.2791
[1]44, 702.2165, 727.7430
[1]45, 677.8464, 704.0077
[1]46, 656.8907, 681.0761
[1]47, 616.7865, 658.8506
[1]48, 605.8656, 637.5513
[1]49, 576.5357, 617.0129
[1]50, 575.0441, 597.2043
[1]51, 540.8763, 578.0148
[1]52, 539.1783, 559.5309
[1]53, 531.4989, 541.5864
[1]54, 506.9431, 524.1810
[1]55, 487.6422, 507.2664
[1]56, 461.9238, 491.0390
[1]57, 463.9365, 475.3210
[1]58, 447.8790, 460.1011
[1]59, 433.6050, 445.3789
[1]60, 423.7914, 431.1206
[1]61, 448.6455, 417.5447
[1]62, 430.1156, 405.2380
[1]63, 397.5959, 393.6553
[1]64, 373.5107, 381.8943
[1]65, 365.4506, 370.3082
[1]66, 343.3322, 358.8962
[1]67, 334.5097, 347.7608
[1]68, 331.2968, 336.8813
[1]69, 310.3270, 326.3543
[1]70, 305.3128, 316.1862
[1]71, 283.1703, 306.4371
[1]72, 290.2031, 297.0357
[1]73, 266.5472, 287.9760
[1]74, 265.5136, 279.1943
[1]75, 278.8157, 270.7398
[1]76, 242.8069, 262.4004
[1]77, 251.2255, 254.5048
[1]78, 253.3748, 246.7597
[1]79, 228.4943, 239.2112
[1]80, 214.0471, 232.0526
[1]81, 227.5169, 225.1985
[1]82, 215.3811, 218.4958
[1]83, 187.9919, 212.0184
[1]84, 181.3256, 205.9746
[1]85, 192.8806, 200.1675
[1]86, 170.9724, 194.5646
[1]87, 168.1748, 189.2518
[1]88, 170.2929, 184.1707
[1]89, 176.5960, 179.2312
[1]90, 150.1652, 174.3923
[1]91, 176.7844, 169.7588
[1]92, 154.3965, 165.1368
[1]93, 211.7394, 160.7637
[1]94, 145.4976, 156.8319
[1]95, 150.8301, 152.9338
[1]96, 148.9080, 148.9906
[1]97, 137.3878, 145.1229
[1]98, 144.8230, 141.4218
[1]99, 136.5146, 137.7254
[1]100, 128.3734, 134.2211
[1]101, 128.7612, 130.8455
[1]102, 118.5137, 127.5695
[1]103, 130.4230, 124.4442
[1]104, 108.2735, 121.3896
[1]105, 107.5924, 118.5040
[1]106, 116.0639, 115.7980
[1]107, 108.5534, 113.1486
[1]108, 103.1691, 110.6450
[1]109, 103.2748, 108.2422
[1]110, 107.6731, 105.8796
[1]111, 99.9558, 103.5788
[1]112, 107.0683, 101.3723
[1]113, 103.7011, 99.1960
[1]114, 109.1380, 97.0779
[1]115, 97.6096, 94.9553
[1]116, 92.3422, 92.9076
[1]117, 87.0173, 91.0136
[1]118, 92.5192, 89.2565
[1]119, 90.6224, 87.5016
[1]120, 83.4160, 85.8481
[1]121, 93.6235, 84.2873
[1]122, 81.9637, 82.7333
[1]123, 83.6011, 81.2500
[1]124, 84.1621, 79.8449
[1]125, 75.1872, 78.4825
[1]126, 79.7382, 77.1664
[1]127, 77.1719, 75.9150
[1]128, 77.2978, 74.6964
[1]129, 70.5096, 73.5783
[1]130, 71.2612, 72.5254
[1]131, 87.6427, 71.5411
[1]132, 72.3388, 70.5107
[1]133, 73.2368, 69.5574
[1]134, 74.4665, 68.6216
[1]135, 72.1411, 67.7320
[1]136, 70.5972, 66.9020
[1]137, 68.8042, 66.0826
[1]138, 65.8047, 65.2809
[1]139, 68.5982, 64.5702
[1]140, 64.6389, 63.8299
[1]141, 69.2110, 63.1327
[1]142, 65.2322, 62.5102
[1]143, 63.5432, 61.9386
[1]144, 159.7064, 61.4398
[1]145, 62.7885, 61.0766
[1]146, 65.7489, 60.6976
[1]147, 64.7101, 60.2833
[1]148, 64.6463, 59.8217
[1]149, 63.0433, 59.3742
[1]150, 60.8772, 58.9346
[1]151, 63.0378, 58.5113
[1]152, 66.3288, 58.0571
[1]153, 66.6114, 57.5786
[1]154, 61.8948, 57.0989
[1]155, 59.1430, 56.6472
[1]156, 64.9107, 56.2557
[1]157, 62.3338, 55.8350
[1]158, 62.2560, 55.4500
[1]159, 68.5793, 55.0511
[1]160, 158.4704, 54.6798
[1]161, 63.3783, 54.4314
[1]162, 218.8192, 54.1824
[1]163, 217.2070, 54.0784
[1]164, 61.7199, 54.0727
[1]165, 58.4975, 54.0024
[1]166, 61.8214, 53.8488
[1]167, 65.2556, 53.6182
[1]168, 62.8048, 53.3142
[1]169, 59.2036, 53.0284
[1]170, 214.9407, 52.8465
[1]171, 58.7172, 52.8216
[1]172, 59.4094, 52.7617
[1]173, 59.9222, 52.6436
[1]174, 59.3741, 52.4486
[1]175, 57.1406, 52.2147
[1]176, 59.1183, 51.9816
[1]177, 60.0826, 51.7260
[1]178, 57.9334, 51.4691
[1]179, 58.4809, 51.2084
[1]180, 56.7328, 51.0035
[1]181, 59.4181, 50.8319
[1]182, 59.5238, 50.6778
[1]183, 60.0277, 50.5378
[1]184, 58.3116, 50.3674
[1]185, 58.2406, 50.2199
[1]186, 61.0385, 50.1244
[1]187, 57.2218, 49.9763
[1]188, 55.9534, 49.8514
[1]189, 55.6991, 49.8264
[1]190, 57.6497, 49.8216
[1]191, 58.7188, 49.8001
[1]192, 56.2129, 49.6985
[1]193, 57.5677, 49.6138
[1]194, 55.9090, 49.4916
[1]195, 55.8231, 49.3922
[1]196, 61.7762, 49.2890
[1]197, 54.6897, 49.1900
[1]198, 57.3834, 49.0943
[1]199, 58.7753, 49.0156
[1]200, 219.6932, 48.9096
[1]201, 60.1498, 48.8652
[1]202, 56.5879, 48.8256
[1]203, 59.0149, 48.8153
[1]204, 60.4663, 48.8144
[1]205, 58.5171, 48.8171
[1]206, 60.1307, 48.8024
[1]207, 57.0143, 48.7619
[1]208, 158.4647, 48.7632
[1]209, 55.0037, 48.8327
[1]210, 59.9428, 48.7812
[1]211, 56.7527, 48.7407
[1]212, 59.4910, 48.7152
[1]213, 61.7697, 48.7010
[1]214, 58.0240, 48.6423
[1]215, 56.8931, 48.6481
[1]216, 56.2916, 48.6473
[1]217, 57.8059, 48.5611
[1]218, 57.6216, 48.4629
[1]219, 56.4722, 48.3708
[1]220, 59.7451, 48.2831
[1]221, 57.8227, 48.2548
[1]222, 57.0817, 48.2560
[1]223, 59.5861, 48.2645
[1]224, 57.9109, 48.2616
[1]225, 57.7665, 48.2868
[1]226, 56.6876, 48.3155
[1]227, 60.5673, 48.2932
[1]228, 54.9774, 48.1999
[1]229, 58.6783, 48.1133
[1]230, 57.2461, 48.0422
[1]231, 56.2791, 48.0163
[1]232, 59.6888, 47.9776
[1]233, 56.7841, 47.9206
[1]234, 55.2027, 47.8744
[1]235, 58.1098, 47.8338
[1]236, 55.4279, 47.7653
[1]237, 55.6848, 47.7133
[1]238, 56.2823, 47.6871
[1]239, 157.6866, 47.6863
[1]240, 56.6401, 47.7467
[1]241, 56.4464, 47.7565
[1]242, 56.8708, 47.7697
[1]243, 58.1150, 47.7647
[1]244, 57.6431, 47.7309
[1]245, 56.5397, 47.6790
[1]246, 56.4897, 47.5685
[1]247, 57.7749, 47.4663
[1]248, 159.6893, 47.4355
[1]249, 57.3681, 47.5445
[1]250, 56.3069, 47.5933
[1]251, 58.3004, 47.5897
[1]252, 57.2871, 47.5791
[1]253, 56.8655, 47.5658
[1]254, 59.5194, 47.5036
[1]255, 55.9756, 47.5060
[1]256, 56.7107, 47.5248
[1]257, 55.0078, 47.5686
[1]258, 57.5022, 47.6043
[1]259, 59.9610, 47.6602
[1]260, 218.0374, 47.7269
[1]261, 58.9986, 47.8788
[1]262, 57.4128, 47.9723
[1]263, 57.3245, 48.0463
[1]264, 56.6329, 48.0917
[1]265, 57.1649, 48.1011
[1]266, 58.5404, 48.0961
[1]267, 54.8225, 48.0545
[1]268, 60.3180, 47.9942
[2]1, 217.5681, 47.4327
[2]2, 56.8346, 47.4443
[2]3, 56.8429, 47.4357
[2]4, 57.6975, 47.4316
[2]5, 56.1677, 47.4286
[2]6, 56.5373, 47.4267
[2]7, 57.2247, 47.4264
[2]8, 57.0134, 47.4268
[2]9, 56.9135, 47.4267
[2]10, 57.2699, 47.4262
[2]11, 56.5053, 47.4262
[2]12, 55.2918, 47.4264
[2]13, 218.3706, 47.4266
[2]14, 56.9596, 47.4266
[2]15, 55.0248, 47.4264
[2]16, 56.6470, 47.4263
[2]17, 55.8887, 47.4260
[2]18, 58.5290, 47.4260
[2]19, 58.0221, 47.4257
[2]20, 57.3086, 47.4255
[2]21, 57.2574, 47.4256
[2]22, 57.2428, 47.4255
[2]23, 54.7778, 47.4252
[2]24, 55.2306, 47.4252
[2]25, 56.9446, 47.4254
[2]26, 58.3022, 47.4256
[2]27, 57.4588, 47.4256
[2]28, 57.5993, 47.4253
[2]29, 55.6602, 47.4252
[2]30, 58.6845, 47.4247
[2]31, 56.0873, 47.4244
[2]32, 55.2942, 47.4243
[2]33, 57.3581, 47.4241
[2]34, 58.4537, 47.4240
[2]35, 57.1435, 47.4237
[2]36, 56.5441, 47.4236
[2]37, 58.8651, 47.4232
[2]38, 57.8047, 47.4230
[2]39, 60.0560, 47.4230
[2]40, 58.2093, 47.4224
[2]41, 55.5440, 47.4226
[2]42, 57.9720, 47.4224
[2]43, 57.8626, 47.4220
[2]44, 57.6156, 47.4220
[2]45, 54.7393, 47.4218
[2]46, 56.2266, 47.4219
[2]47, 57.1798, 47.4215
[2]48, 55.9985, 47.4215
[2]49, 160.0496, 47.4213
[2]50, 56.8292, 47.4212
[2]51, 58.2869, 47.4209
[2]52, 57.6397, 47.4207
[2]53, 58.2012, 47.4206
[2]54, 56.4835, 47.4205
[2]55, 57.2032, 47.4203
[2]56, 57.6389, 47.4202
[2]57, 56.3643, 47.4203
[2]58, 63.1645, 47.4200
[2]59, 57.6152, 47.4198
[2]60, 57.6173, 47.4196
[2]61, 59.2967, 47.4193
[2]62, 57.3960, 47.4191
[2]63, 57.3264, 47.4187
[2]64, 158.1551, 47.4187
[2]65, 55.5423, 47.4184
[2]66, 58.7458, 47.4181
[2]67, 58.6056, 47.4178
[2]68, 56.1886, 47.4176
[2]69, 158.5800, 47.4173
[2]70, 56.9183, 47.4165
[2]71, 58.2747, 47.4160
[2]72, 157.3855, 47.4140
[2]73, 56.7507, 47.4116
[2]74, 57.4379, 47.4110
[2]75, 56.3748, 47.4104
[2]76, 55.2164, 47.4097
[2]77, 55.4048, 47.4093
[2]78, 54.5861, 47.4089
[2]79, 56.4041, 47.4085
[2]80, 57.7017, 47.4085
[2]81, 56.5391, 47.4081
[2]82, 55.9583, 47.4063
[2]83, 57.5689, 47.4061
[2]84, 55.5780, 47.4056
[2]85, 56.8652, 47.4043
[2]86, 58.1630, 47.4044
[2]87, 58.2436, 47.4028
[2]88, 56.4771, 47.4009
[2]89, 158.5574, 47.3994
[2]90, 57.8274, 47.3981
[2]91, 57.1300, 47.3952
[2]92, 58.2455, 47.3928
[2]93, 57.1347, 47.3934
[2]94, 57.2029, 47.3915
[2]95, 58.3794, 47.3876
[2]96, 55.2704, 47.3794
[2]97, 57.8023, 47.3594
[2]98, 54.2258, 47.3465
[2]99, 57.4080, 47.3272
[2]100, 55.2047, 47.3057
[2]101, 57.6554, 47.2638
[2]102, 57.3232, 47.1803
[2]103, 55.7816, 46.9307
[2]104, 57.5383, 46.6303
[2]105, 57.3824, 46.2340
[2]106, 56.2863, 46.4677
[2]107, 54.7472, 46.5132
[2]108, 54.4423, 46.4468
[2]109, 53.0271, 46.7370
[2]110, 54.6664, 46.9412
[2]111, 52.8319, 46.2545
[2]112, 50.6888, 46.2835
[2]113, 55.3862, 46.4799
[2]114, 51.5397, 46.4395
[2]115, 52.6003, 46.0258
[2]116, 51.4561, 46.4006
[2]117, 201.7612, 45.9811
[2]118, 55.3822, 46.0345
[2]119, 51.8665, 45.8827
[2]120, 52.5321, 46.2369
[2]121, 51.9313, 46.2380
[2]122, 52.3513, 46.2196
[2]123, 197.3143, 46.3479
[2]124, 51.5357, 46.1182
[2]125, 53.3041, 45.9616
[2]126, 52.7901, 46.0803
[2]127, 49.2344, 46.3787
[2]128, 55.6315, 46.2174
[2]129, 52.0198, 46.1192
[2]130, 51.4318, 46.1946
[2]131, 51.5159, 46.0867
[2]132, 51.3676, 45.9947
[2]133, 50.9334, 45.9789
[2]134, 196.9450, 46.0092
[2]135, 50.0708, 46.0180
[2]136, 51.4405, 45.9849
[2]137, 50.1663, 45.9755
[2]138, 51.8683, 46.0578
[2]139, 144.0692, 46.0737
