Epoch, Train Loss, Validation Loss
[1]1, 3028.7721, 3140.6007
[1]2, 3058.8382, 3107.9991
[1]3, 3018.2558, 3050.2037
[1]4, 2907.3160, 2965.6287
[1]5, 2901.4265, 2867.6547
[1]6, 2785.0101, 2761.7383
[1]7, 2653.5704, 2654.6345
[1]8, 2487.3317, 2550.5052
[1]9, 2447.6743, 2450.9845
[1]10, 2318.7332, 2356.2189
[1]11, 2228.5598, 2266.3970
[1]12, 2155.9200, 2181.2829
[1]13, 2063.7231, 2100.4226
[1]14, 1971.3600, 2023.5198
[1]15, 1973.7060, 1950.1334
[1]16, 1813.2936, 1880.0031
[1]17, 1725.3505, 1813.0004
[1]18, 1662.0697, 1749.1182
[1]19, 1618.1137, 1688.0677
[1]20, 1596.1131, 1629.5464
[1]21, 1512.7982, 1573.0544
[1]22, 1494.6904, 1518.9176
[1]23, 1454.1382, 1466.6218
[1]24, 1385.7751, 1416.3665
[1]25, 1312.3034, 1367.9821
[1]26, 1269.8920, 1321.6207
[1]27, 1238.1171, 1276.9697
[1]28, 1172.4703, 1233.9514
[1]29, 1155.9859, 1192.4445
[1]30, 1113.1155, 1152.4951
[1]31, 1125.1094, 1113.8829
[1]32, 1064.0951, 1076.4424
[1]33, 1003.6572, 1040.3223
[1]34, 990.8857, 1005.5680
[1]35, 903.0929, 972.0374
[1]36, 918.5607, 939.8448
[1]37, 895.5288, 908.6913
[1]38, 861.5800, 878.5924
[1]39, 830.1236, 849.5095
[1]40, 811.7649, 821.3753
[1]41, 804.5148, 794.0887
[1]42, 720.0553, 767.7862
[1]43, 693.5238, 742.6438
[1]44, 723.8424, 718.3633
[1]45, 659.7659, 694.7946
[1]46, 649.7072, 672.1024
[1]47, 632.5329, 650.1310
[1]48, 625.5601, 628.9646
[1]49, 590.5849, 608.3706
[1]50, 603.1825, 588.3979
[1]51, 570.3132, 569.0902
[1]52, 537.1395, 550.4018
[1]53, 504.5358, 532.4256
[1]54, 496.7414, 515.1888
[1]55, 485.8149, 498.5723
[1]56, 444.1931, 482.4909
[1]57, 436.7781, 467.0909
[1]58, 417.1801, 452.3433
[1]59, 383.1342, 438.2355
[1]60, 395.8441, 424.6984
[1]61, 374.8771, 411.5261
[1]62, 374.8718, 398.7967
[1]63, 371.2520, 386.4245
[1]64, 370.6434, 374.3718
[1]65, 351.0523, 362.6411
[1]66, 336.7221, 351.2485
[1]67, 396.6458, 340.3839
[1]68, 302.0416, 330.3397
[1]69, 297.2175, 320.5513
[1]70, 287.9917, 311.0136
[1]71, 308.2543, 301.8916
[1]72, 276.8651, 293.3263
[1]73, 273.9495, 284.8520
[1]74, 260.2756, 276.5134
[1]75, 248.1705, 268.2780
[1]76, 254.7646, 260.3394
[1]77, 252.6948, 252.5035
[1]78, 234.3812, 244.8848
[1]79, 219.0639, 237.5212
[1]80, 218.2972, 230.4105
[1]81, 208.5102, 223.6015
[1]82, 206.7393, 217.0358
[1]83, 208.3824, 210.6846
[1]84, 190.8317, 204.5585
[1]85, 182.7063, 198.6626
[1]86, 282.3827, 193.1607
[1]87, 185.7675, 188.1730
[1]88, 225.0677, 183.2337
[1]89, 176.6852, 178.6915
[1]90, 164.8725, 174.0115
[1]91, 175.1171, 169.3527
[1]92, 146.8609, 164.6947
[1]93, 143.3021, 160.3110
[1]94, 156.3947, 156.1270
[1]95, 137.7353, 152.0369
[1]96, 142.6467, 148.1496
[1]97, 144.6574, 144.3068
[1]98, 138.7027, 140.5437
[1]99, 135.3124, 136.8639
[1]100, 121.9803, 133.3319
[1]101, 124.5913, 129.9880
[1]102, 115.0085, 126.7409
[1]103, 119.3228, 123.7250
[1]104, 122.2200, 120.7904
[1]105, 117.1644, 117.8651
[1]106, 115.7836, 115.0487
[1]107, 103.4632, 112.3336
[1]108, 184.7291, 109.7973
[1]109, 111.0802, 107.4789
[1]110, 109.8512, 105.1963
[1]111, 99.1772, 102.9442
[1]112, 104.0217, 100.7723
[1]113, 93.5179, 98.6864
[1]114, 89.6805, 96.7124
[1]115, 87.5842, 94.8699
[1]116, 87.3464, 93.0933
[1]117, 94.7179, 91.3636
[1]118, 89.9671, 89.6589
[1]119, 87.7730, 87.9726
[1]120, 92.3152, 86.3364
[1]121, 84.4954, 84.7484
[1]122, 85.5567, 83.2315
[1]123, 91.5842, 81.6981
[1]124, 77.0777, 80.2266
[1]125, 79.0940, 78.8426
[1]126, 79.6004, 77.5022
[1]127, 71.6664, 76.2486
[1]128, 78.3756, 75.1148
[1]129, 79.5538, 73.9391
[1]130, 73.2890, 72.8395
[1]131, 79.6806, 71.7494
[1]132, 78.2597, 70.6890
[1]133, 66.5157, 69.6888
[1]134, 67.5319, 68.7958
[1]135, 70.9610, 67.9913
[1]136, 70.0657, 67.1986
[1]137, 68.4604, 66.4354
[1]138, 213.4567, 65.7602
[1]139, 67.8702, 65.2742
[1]140, 65.5263, 64.7232
[1]141, 64.4083, 64.1785
[1]142, 68.1071, 63.6107
[1]143, 63.1273, 63.0082
[1]144, 69.2300, 62.4326
[1]145, 66.8394, 61.7838
[1]146, 66.1568, 61.1567
[1]147, 64.8350, 60.5795
[1]148, 65.1517, 60.0254
[1]149, 63.3597, 59.4817
[1]150, 63.9894, 59.0000
[1]151, 60.2774, 58.5873
[1]152, 59.8412, 58.2149
[1]153, 65.5456, 57.8376
[1]154, 59.3778, 57.4579
[1]155, 59.7370, 57.0544
[1]156, 66.2215, 56.6882
[1]157, 62.0389, 56.3224
[1]158, 59.1709, 55.9462
[1]159, 60.7040, 55.5722
[1]160, 65.2365, 55.1866
[1]161, 63.5049, 54.8237
[1]162, 61.4807, 54.4777
[1]163, 62.0180, 54.1620
[1]164, 61.2173, 53.8580
[1]165, 59.9240, 53.5837
[1]166, 56.8048, 53.3239
[1]167, 59.5608, 53.0634
[1]168, 59.6886, 52.7843
[1]169, 59.0147, 52.4843
[1]170, 59.6926, 52.1968
[1]171, 57.6328, 51.9584
[1]172, 57.5835, 51.7315
[1]173, 58.0355, 51.5281
[1]174, 57.6095, 51.3232
[1]175, 57.5565, 51.0924
[1]176, 61.6648, 50.8388
[1]177, 215.6642, 50.6574
[1]178, 60.1640, 50.6032
[1]179, 58.0699, 50.5407
[1]180, 60.1936, 50.4869
[1]181, 57.6464, 50.4375
[1]182, 156.2806, 50.3842
[1]183, 61.5746, 50.4483
[1]184, 58.7191, 50.4563
[1]185, 58.2929, 50.4255
[1]186, 57.6272, 50.3799
[1]187, 61.5185, 50.2754
[1]188, 60.0123, 50.1463
[1]189, 56.8327, 50.0212
[1]190, 59.7499, 49.9072
[1]191, 55.9391, 49.7448
[1]192, 59.7084, 49.6135
[1]193, 63.0023, 49.4721
[1]194, 56.9018, 49.3160
[1]195, 59.1103, 49.2146
[1]196, 57.3201, 49.1229
[1]197, 56.4800, 49.0590
[1]198, 215.6223, 49.0757
[1]199, 57.0789, 49.1770
[1]200, 215.2608, 49.2260
[1]201, 59.0423, 49.3835
[1]202, 57.2979, 49.4186
[1]203, 57.9556, 49.3539
[2]1, 56.6546, 49.4056
[2]2, 58.1313, 49.3974
[2]3, 59.1300, 49.3490
[2]4, 56.0194, 49.3163
[2]5, 58.6093, 49.3180
[2]6, 57.1119, 49.3185
[2]7, 57.4097, 49.3109
[2]8, 55.9110, 49.3133
[2]9, 56.3449, 49.2930
[2]10, 57.3387, 49.2797
[2]11, 55.8106, 49.2760
[2]12, 214.3888, 49.2722
[2]13, 56.5736, 49.2458
[2]14, 58.4746, 49.2093
[2]15, 57.4471, 49.2357
[2]16, 58.9589, 49.1573
[2]17, 55.7023, 49.1630
[2]18, 58.0505, 49.1773
[2]19, 56.8910, 49.0241
[2]20, 57.6548, 48.9550
[2]21, 54.4662, 49.0501
[2]22, 56.0213, 49.0155
[2]23, 59.2135, 48.9494
[2]24, 56.3210, 48.9743
[2]25, 54.2997, 48.9751
[2]26, 58.2696, 48.9788
[2]27, 153.5553, 48.9145
[2]28, 55.8179, 48.7860
[2]29, 55.2166, 48.9393
[2]30, 57.3695, 48.8508
[2]31, 53.7488, 48.9600
[2]32, 56.9942, 48.6591
[2]33, 55.8997, 48.5963
[2]34, 56.6124, 48.7098
[2]35, 54.2644, 48.8307
[2]36, 53.7205, 48.8103
[2]37, 53.3673, 48.8858
[2]38, 51.3001, 48.8984
[2]39, 55.7223, 48.9689
[3]1, 551.5700, 49.3772
[3]2, 551.1495, 49.7209
[3]3, 543.4425, 55.7061
[3]4, 517.8056, 64.2266
[3]5, 509.4199, 72.2967
[3]6, 503.0098, 76.5561
[3]7, 500.6565, 79.3259
