Lr = 0.1,Test Loss: 43.5005 RMSE: 6.4516 MAE: 1.2366 MAPE: 1.0126
Lr = 0.05,Test Loss: 42.4469 RMSE: 6.3801 MAE: 1.1588 MAPE: 1.0399
Lr = 0.045,Test Loss: 38.6921 RMSE: 6.0058 MAE: 1.0759 MAPE: 0.9056
Lr = 0.04,Test Loss: 41.0125 RMSE: 6.2465 MAE: 1.1214 MAPE: 0.9305
Lr = 0.035,Test Loss: 39.9755 RMSE: 6.1319 MAE: 1.1827 MAPE: 0.9418
Lr = 0.03,Test Loss: 43.2056 RMSE: 6.4308 MAE: 1.1620 MAPE: 0.9519
Lr = 0.025,Test Loss: 38.0187 RMSE: 5.9111 MAE: 1.1090 MAPE: 0.9571
Lr = 0.02,Test Loss: 40.0661 RMSE: 6.1037 MAE: 1.1398 MAPE: 0.8946
Lr = 0.015,Test Loss: 37.9030 RMSE: 5.9174 MAE: 1.0382 MAPE: 0.9139
Lr = 0.01,Test Loss: 37.5320 RMSE: 5.8478 MAE: 1.0736 MAPE: 0.9030
Lr = 0.005,Test Loss: 37.4027 RMSE: 5.8944 MAE: 1.0410 MAPE: 0.8984
Lr = 0.0045,Test Loss: 37.5543 RMSE: 5.9074 MAE: 1.0710 MAPE: 0.9101
Lr = 0.004,Test Loss: 39.6188 RMSE: 6.1075 MAE: 1.1113 MAPE: 0.9443
Lr = 0.0035,Test Loss: 38.1471 RMSE: 5.9580 MAE: 1.0534 MAPE: 0.9306
Lr = 0.003,Test Loss: 37.7320 RMSE: 5.9304 MAE: 1.0869 MAPE: 0.9324
Lr = 0.0025,Test Loss: 38.9586 RMSE: 6.0420 MAE: 1.0673 MAPE: 0.9624
Lr = 0.002,Test Loss: 40.3557 RMSE: 6.1661 MAE: 1.0666 MAPE: 0.9299
Lr = 0.0015,Test Loss: 39.7821 RMSE: 6.1368 MAE: 1.0697 MAPE: 0.9732
Lr = 0.001,Test Loss: 37.4422 RMSE: 5.8704 MAE: 0.9883 MAPE: 0.8304
Lr = 0.0008,Test Loss: 41.0498 RMSE: 6.2594 MAE: 1.0662 MAPE: 0.9452
Lr = 0.0005,Test Loss: 44.5022 RMSE: 6.5605 MAE: 1.0933 MAPE: 0.9791
Lr = 0.0004,Test Loss: 54.7478 RMSE: 7.3550 MAE: 1.1167 MAPE: 0.9714
Lr = 0.0003,Test Loss: 52.0719 RMSE: 7.1116 MAE: 1.0887 MAPE: 0.9490
Lr = 0.0002,Test Loss: 54.7464 RMSE: 7.3390 MAE: 1.0935 MAPE: 0.9793
Lr = 0.0001,Test Loss: 54.4366 RMSE: 7.2609 MAE: 1.1148 MAPE: 1.0150
Lr = 0.001,Test Loss: 38.0679 RMSE: 5.9210 MAE: 0.9855 MAPE: 0.9020
Lr = 0.002,Test Loss: 40.8349 RMSE: 6.2127 MAE: 1.0833 MAPE: 0.9553
Lr = 0.0015,Test Loss: 38.1580 RMSE: 5.9311 MAE: 0.9976 MAPE: 0.8362
Lr = 0.001,Test Loss: 38.0679 RMSE: 5.9210 MAE: 0.9855 MAPE: 0.9020
Lr = 0.0005,Test Loss: 52.9968 RMSE: 7.2127 MAE: 1.1190 MAPE: 0.9745
-----------4.22FFT------------
Lr = 0.1,Test Loss: 47.6153 RMSE: 6.8213 MAE: 1.1259 MAPE: 0.9813
Lr = 0.05,Test Loss: 40.8840 RMSE: 6.2444 MAE: 1.1449 MAPE: 0.9289
Lr = 0.045,Test Loss: 42.0039 RMSE: 6.3082 MAE: 1.1427 MAPE: 0.9656
Lr = 0.04,Test Loss: 40.7040 RMSE: 6.1905 MAE: 1.1380 MAPE: 0.9626
Lr = 0.035,Test Loss: 38.0430 RMSE: 5.9026 MAE: 0.9785 MAPE: 0.8093
Lr = 0.03,Test Loss: 41.3733 RMSE: 6.2469 MAE: 1.1378 MAPE: 0.9523
Lr = 0.025,Test Loss: 39.2359 RMSE: 6.0704 MAE: 1.2083 MAPE: 0.9635
Lr = 0.02,Test Loss: 39.2374 RMSE: 6.0439 MAE: 1.0351 MAPE: 0.8753
Lr = 0.015,Test Loss: 38.1029 RMSE: 6.0016 MAE: 1.0983 MAPE: 0.9429
Lr = 0.01,Test Loss: 44.2399 RMSE: 6.5163 MAE: 1.2397 MAPE: 1.0536
Lr = 0.005,Test Loss: 40.5452 RMSE: 6.1990 MAE: 1.1197 MAPE: 0.9982
Lr = 0.0045,Test Loss: 38.9449 RMSE: 6.0372 MAE: 1.1101 MAPE: 0.9414
Lr = 0.004,Test Loss: 40.8881 RMSE: 6.2319 MAE: 1.1776 MAPE: 0.9815
Lr = 0.0035,Test Loss: 38.8017 RMSE: 6.0253 MAE: 1.0828 MAPE: 0.9605
Lr = 0.003,Test Loss: 37.2188 RMSE: 5.8812 MAE: 1.0195 MAPE: 0.9238
Lr = 0.0025,Test Loss: 37.7640 RMSE: 5.9149 MAE: 1.0785 MAPE: 0.9112
Lr = 0.002,Test Loss: 40.0180 RMSE: 6.1473 MAE: 1.0945 MAPE: 1.0023
Lr = 0.001,Test Loss: 39.6358 RMSE: 6.1428 MAE: 1.0534 MAPE: 0.9433
Lr = 0.0008,Test Loss: 39.8906 RMSE: 6.1626 MAE: 1.0488 MAPE: 0.9668
Lr = 0.0005,Test Loss: 48.8010 RMSE: 6.8683 MAE: 1.0560 MAPE: 0.9150
Lr = 0.0004,Test Loss: 60.3384 RMSE: 7.7502 MAE: 1.1732 MAPE: 1.0610
Lr = 0.0003,Test Loss: 51.0699 RMSE: 7.0237 MAE: 1.0622 MAPE: 0.9279
Lr = 0.0002,Test Loss: 58.5294 RMSE: 7.6182 MAE: 1.1521 MAPE: 1.0354
Lr = 0.0001,Test Loss: 56.0075 RMSE: 7.4050 MAE: 1.1006 MAPE: 0.9881
---------------4.22WT----------------
Lr = 0.1,Test Loss: 49.1342 RMSE: 6.9420 MAE: 1.1257 MAPE: 0.9534
Lr = 0.05,Test Loss: 42.5001 RMSE: 6.3509 MAE: 1.1114 MAPE: 0.9691
Lr = 0.045,Test Loss: 38.9950 RMSE: 6.0536 MAE: 1.0916 MAPE: 0.9359
Lr = 0.035,Test Loss: 39.4053 RMSE: 6.1030 MAE: 1.1437 MAPE: 0.9497
Lr = 0.03,Test Loss: 39.2885 RMSE: 6.0549 MAE: 1.0637 MAPE: 0.8914
Lr = 0.025,Test Loss: 40.9010 RMSE: 6.2117 MAE: 1.2509 MAPE: 1.0760
Lr = 0.02,Test Loss: 40.5714 RMSE: 6.2126 MAE: 1.1399 MAPE: 1.0008
Lr = 0.015,Test Loss: 39.8716 RMSE: 6.1193 MAE: 1.0966 MAPE: 0.9330
Lr = 0.01,Test Loss: 37.8011 RMSE: 5.9548 MAE: 1.0911 MAPE: 0.9451
Lr = 0.005,Test Loss: 38.0106 RMSE: 5.9555 MAE: 1.0621 MAPE: 0.9141
Lr = 0.0045,Test Loss: 40.7675 RMSE: 6.2193 MAE: 1.1553 MAPE: 1.0067
Lr = 0.004,Test Loss: 40.6688 RMSE: 6.1990 MAE: 1.1475 MAPE: 1.0231
Lr = 0.003,Test Loss: 37.3673 RMSE: 5.8781 MAE: 1.0450 MAPE: 0.9224
Lr = 0.0025,Test Loss: 38.8264 RMSE: 6.0367 MAE: 1.0454 MAPE: 0.9440
Lr = 0.002,Test Loss: 40.1270 RMSE: 6.1557 MAE: 1.0789 MAPE: 0.9586
Lr = 0.0015,Test Loss: 43.7933 RMSE: 6.4978 MAE: 1.0746 MAPE: 0.9462
Lr = 0.001,Test Loss: 38.9684 RMSE: 6.0255 MAE: 1.0063 MAPE: 0.9011
Lr = 0.0008,Test Loss: 41.6448 RMSE: 6.2853 MAE: 1.0561 MAPE: 0.9455
Lr = 0.0005,Test Loss: 50.6387 RMSE: 7.0423 MAE: 1.1401 MAPE: 1.0037
Lr = 0.0004,Test Loss: 52.2415 RMSE: 7.1690 MAE: 1.0890 MAPE: 0.9622
Lr = 0.0003,Test Loss: 56.6037 RMSE: 7.4838 MAE: 1.1760 MAPE: 1.0676
Lr = 0.0002,Test Loss: 45.5336 RMSE: 6.6294 MAE: 1.0386 MAPE: 0.9055
Lr = 0.0001,Test Loss: 59.2347 RMSE: 7.6644 MAE: 1.1455 MAPE: 1.0384
------Greedy J-------
Lr = 0.001,Test Loss: 38.0679 RMSE: 5.8704 MAE: 0.9883 MAPE: 0.8304
------Top J-------
Lr = 0.1,Test Loss: 48.1623 RMSE: 6.8591 MAE: 1.2233 MAPE: 0.9988
Lr = 0.05,Test Loss: 41.7566 RMSE: 6.3623 MAE: 1.0686 MAPE: 0.8582
Lr = 0.045,Test Loss: 44.5307 RMSE: 6.6159 MAE: 1.1057 MAPE: 0.9359
Lr = 0.04,Test Loss: 42.8414 RMSE: 6.3889 MAE: 1.2418 MAPE: 1.1003
Lr = 0.035,Test Loss: 46.0205 RMSE: 6.7052 MAE: 1.3449 MAPE: 1.0315
Lr = 0.03,Test Loss: 39.2861 RMSE: 6.0880 MAE: 1.1724 MAPE: 1.0037
Lr = 0.025,Test Loss: 39.6356 RMSE: 6.0800 MAE: 1.1468 MAPE: 0.9354
Lr = 0.02,Test Loss: 39.8450 RMSE: 6.1250 MAE: 1.2203 MAPE: 1.0158
Lr = 0.015,Test Loss: 38.9888 RMSE: 6.0818 MAE: 1.1213 MAPE: 0.9499
Lr = 0.01,Test Loss: 41.3957 RMSE: 6.1878 MAE: 1.1610 MAPE: 0.9561
Lr = 0.004,Test Loss: 39.6303 RMSE: 6.1602 MAE: 1.1569 MAPE: 0.9194
Lr = 0.0035,Test Loss: 38.4109 RMSE: 5.9792 MAE: 1.0622 MAPE: 0.9473
Lr = 0.003,Test Loss: 37.7362 RMSE: 5.9080 MAE: 1.0128 MAPE: 0.8748
Lr = 0.0025,Test Loss: 38.6551 RMSE: 5.9954 MAE: 1.1353 MAPE: 0.9164
Lr = 0.002,Test Loss: 39.8298 RMSE: 6.1111 MAE: 1.0826 MAPE: 0.9301
Lr = 0.0015,Test Loss: 39.7944 RMSE: 6.0523 MAE: 1.0094 MAPE: 0.8408
Lr = 0.001,Test Loss: 37.7788 RMSE: 5.8940 MAE: 1.0067 MAPE: 0.9264
Lr = 0.0008,Test Loss: 40.8389 RMSE: 6.2462 MAE: 1.0659 MAPE: 0.9663
Lr = 0.0005,Test Loss: 48.2718 RMSE: 6.8311 MAE: 1.0898 MAPE: 0.9533
Lr = 0.0004,Test Loss: 40.8979 RMSE: 6.2522 MAE: 1.0622 MAPE: 0.9570
Lr = 0.0003,Test Loss: 51.6594 RMSE: 7.0700 MAE: 1.0695 MAPE: 0.9333
Lr = 0.0002,Test Loss: 54.8903 RMSE: 7.3460 MAE: 1.1098 MAPE: 0.9954
Lr = 0.0001,Test Loss: 55.1822 RMSE: 7.3162 MAE: 1.1244 MAPE: 1.0446
------Greedy J-------
Lr = 0.1,Test Loss: 41.4111 RMSE: 6.3221 MAE: 1.0331 MAPE: 0.8777
Lr = 0.05,Test Loss: 39.7442 RMSE: 6.1324 MAE: 1.1902 MAPE: 0.9872
Lr = 0.045,Test Loss: 46.6519 RMSE: 6.7258 MAE: 1.0261 MAPE: 0.8959
Lr = 0.04,Test Loss: 37.0919 RMSE: 5.8985 MAE: 1.1771 MAPE: 0.8972
Lr = 0.035,Test Loss: 38.9611 RMSE: 6.0090 MAE: 1.1903 MAPE: 0.8697
Lr = 0.03,Test Loss: 38.9636 RMSE: 6.0484 MAE: 1.0795 MAPE: 0.9065
Lr = 0.025,Test Loss: 41.0569 RMSE: 6.2243 MAE: 1.2094 MAPE: 1.0150
Lr = 0.02,Test Loss: 40.2639 RMSE: 6.1143 MAE: 1.1081 MAPE: 0.8860
Lr = 0.015,Test Loss: 37.2951 RMSE: 5.8542 MAE: 1.0409 MAPE: 0.8478
Lr = 0.01,Test Loss: 36.9080 RMSE: 5.8201 MAE: 1.0481 MAPE: 0.8342
Lr = 0.005,Test Loss: 38.0802 RMSE: 5.9512 MAE: 1.0687 MAPE: 0.9353
Lr = 0.0045,Test Loss: 40.4343 RMSE: 6.1977 MAE: 1.1122 MAPE: 0.9957
Lr = 0.004,Test Loss: 39.5502 RMSE: 6.1155 MAE: 1.0853 MAPE: 0.9750
Lr = 0.0035,Test Loss: 39.6834 RMSE: 6.1294 MAE: 1.1831 MAPE: 0.9911
Lr = 0.003,Test Loss: 39.8684 RMSE: 6.1205 MAE: 1.1098 MAPE: 0.9373
Lr = 0.0025,Test Loss: 38.6512 RMSE: 6.0132 MAE: 1.0546 MAPE: 0.9565
Lr = 0.002,Test Loss: 40.8349 RMSE: 6.2127 MAE: 1.0833 MAPE: 0.9553
Lr = 0.0015,Test Loss: 38.1580 RMSE: 5.9311 MAE: 0.9976 MAPE: 0.8362
Lr = 0.001,Test Loss: 38.0679 RMSE: 5.9210 MAE: 0.9855 MAPE: 0.9020
Lr = 0.0008,Test Loss: 39.5688 RMSE: 6.0878 MAE: 1.0068 MAPE: 0.9123
Lr = 0.0005,Test Loss: 52.9968 RMSE: 7.2127 MAE: 1.1190 MAPE: 0.9745
Lr = 0.0004,Test Loss: 54.3019 RMSE: 7.3211 MAE: 1.1387 MAPE: 1.0320
Lr = 0.0003,Test Loss: 51.6853 RMSE: 7.0722 MAE: 1.0754 MAPE: 0.9498
Lr = 0.0002,Test Loss: 55.0178 RMSE: 7.3612 MAE: 1.1362 MAPE: 1.0229
Lr = 0.0001,Test Loss: 54.6185 RMSE: 7.2705 MAE: 1.1114 MAPE: 1.0162
------Random J-------
Lr = 0.1,Test Loss: 37.4219 RMSE: 5.9096 MAE: 1.0040 MAPE: 0.9180
Lr = 0.05,Test Loss: 40.1077 RMSE: 6.1343 MAE: 1.1570 MAPE: 0.9772
Lr = 0.045,Test Loss: 39.9254 RMSE: 6.1180 MAE: 1.1783 MAPE: 0.9456
Lr = 0.04,Test Loss: 39.8370 RMSE: 6.1168 MAE: 1.1333 MAPE: 0.9432
Lr = 0.035,Test Loss: 39.9057 RMSE: 6.1649 MAE: 1.1615 MAPE: 0.9814
Lr = 0.03,Test Loss: 39.0326 RMSE: 6.0662 MAE: 1.2400 MAPE: 0.9715
Lr = 0.025,Test Loss: 41.9022 RMSE: 6.2661 MAE: 1.2066 MAPE: 1.0803
Lr = 0.02,Test Loss: 39.8289 RMSE: 6.1001 MAE: 1.0492 MAPE: 0.9025
Lr = 0.015,Test Loss: 38.6275 RMSE: 5.9605 MAE: 1.0162 MAPE: 0.8575
Lr = 0.01,Test Loss: 44.4036 RMSE: 6.5265 MAE: 1.3871 MAPE: 1.0302
Lr = 0.005,Test Loss: 38.3749 RMSE: 6.0105 MAE: 1.0973 MAPE: 0.9403
Lr = 0.0045,Test Loss: 39.2092 RMSE: 6.0724 MAE: 1.1041 MAPE: 0.9412
Lr = 0.004,Test Loss: 38.9174 RMSE: 6.0736 MAE: 1.1080 MAPE: 0.9423
Lr = 0.0035,Test Loss: 38.0809 RMSE: 5.9401 MAE: 1.0471 MAPE: 0.8966
Lr = 0.003,Test Loss: 39.3959 RMSE: 6.0579 MAE: 1.0984 MAPE: 0.9085
Lr = 0.0025,Test Loss: 38.1457 RMSE: 5.9391 MAE: 1.0841 MAPE: 0.9464
Lr = 0.002,Test Loss: 38.6240 RMSE: 5.9686 MAE: 1.0250 MAPE: 0.9162
Lr = 0.0015,Test Loss: 38.1799 RMSE: 5.9334 MAE: 1.0231 MAPE: 0.9148
Lr = 0.001,Test Loss: 50.5706 RMSE: 7.0827 MAE: 1.0764 MAPE: 0.9581
Lr = 0.0008,Test Loss: 38.6052 RMSE: 6.0387 MAE: 1.0692 MAPE: 0.9679
Lr = 0.0005,Test Loss: 47.4467 RMSE: 6.8207 MAE: 1.0945 MAPE: 0.9816
Lr = 0.0004,Test Loss: 53.9442 RMSE: 7.2734 MAE: 1.1548 MAPE: 1.0281
Lr = 0.0003,Test Loss: 55.6920 RMSE: 7.4068 MAE: 1.1684 MAPE: 1.0518
Lr = 0.0002,Test Loss: 53.7379 RMSE: 7.2511 MAE: 1.1022 MAPE: 0.9550
Lr = 0.0001,Test Loss: 58.3784 RMSE: 7.5858 MAE: 1.1557 MAPE: 1.0665
