Epoch, Train Loss, Validation Loss
1, 684.3380, 221.0681
2, 160.2567, 220.7170
3, 153.3368, 220.6139
4, 176.6542, 220.5074
5, 167.7812, 220.3964
6, 185.2902, 220.2828
7, 141.9401, 220.1685
8, 160.2391, 220.0576
9, 181.6875, 219.9458
10, 164.8439, 219.8312
11, 179.1944, 219.7169
12, 181.5921, 219.6003
13, 187.0062, 219.4824
14, 207.0938, 219.3629
15, 203.3352, 219.2414
16, 167.7270, 219.1201
17, 184.9370, 219.0015
18, 197.1425, 218.8820
19, 145.5162, 218.7637
20, 153.5619, 218.6516
21, 159.8395, 218.5414
22, 201.2290, 218.4295
23, 183.6675, 218.3133
24, 190.7498, 218.1956
25, 149.6628, 218.0779
26, 149.5775, 217.9648
27, 175.0000, 217.8561
28, 167.4507, 217.7471
29, 183.3300, 217.6373
30, 180.7316, 217.5227
31, 206.3095, 217.4058
32, 172.4922, 217.2882
33, 161.3750, 217.1728
34, 189.5641, 217.0590
35, 193.1900, 216.9450
36, 165.2446, 216.8301
37, 135.5121, 216.7192
38, 145.8111, 216.6151
39, 177.9373, 216.5126
40, 239.2741, 216.4058
41, 178.7632, 216.2928
42, 172.8596, 216.1794
43, 165.5037, 216.0673
44, 184.7209, 215.9554
45, 183.6769, 215.8422
46, 165.0459, 215.7297
47, 189.1819, 215.6182
48, 190.4080, 215.5058
49, 155.6199, 215.3919
50, 151.6438, 215.2836
51, 202.1880, 215.1774
52, 147.8979, 215.0689
53, 161.5210, 214.9646
54, 160.4196, 214.8603
55, 143.5236, 214.7571
56, 151.1838, 214.6571
57, 174.4687, 214.5568
58, 180.5917, 214.4523
59, 217.1570, 214.3436
60, 189.1191, 214.2314
61, 178.3275, 214.1205
62, 173.2686, 214.0120
63, 169.4374, 213.9059
64, 166.7549, 213.7991
65, 183.4767, 213.6925
66, 156.6271, 213.5853
67, 147.7285, 213.4818
68, 156.2921, 213.3816
69, 154.4432, 213.2832
70, 149.6708, 213.1858
71, 161.3166, 213.0891
72, 191.4912, 212.9910
73, 167.1569, 212.8873
74, 162.5591, 212.7836
75, 158.9493, 212.6806
76, 169.4929, 212.5796
77, 206.4215, 212.4787
78, 163.7936, 212.3751
79, 167.5948, 212.2727
80, 161.6671, 212.1706
81, 186.6711, 212.0694
82, 163.0896, 211.9660
83, 167.6701, 211.8638
84, 174.0350, 211.7616
85, 203.0681, 211.6589
86, 187.7883, 211.5523
87, 169.7869, 211.4461
88, 168.1021, 211.3434
89, 194.2466, 211.2416
90, 160.9339, 211.1365
91, 178.6090, 211.0343
92, 194.3810, 210.9311
93, 156.4135, 210.8269
94, 176.9081, 210.7271
95, 182.2444, 210.6263
96, 164.2173, 210.5259
97, 152.5353, 210.4300
98, 165.2177, 210.3355
99, 174.1118, 210.2412
100, 155.5628, 210.1445
101, 158.7248, 210.0488
102, 175.5317, 209.9547
103, 170.4929, 209.8608
104, 172.8292, 209.7644
105, 151.2016, 209.6691
106, 160.9087, 209.5768
107, 180.8381, 209.4834
108, 152.4411, 209.3894
109, 146.8977, 209.2975
110, 156.1086, 209.2066
111, 165.1534, 209.1158
112, 152.1536, 209.0257
113, 156.4617, 208.9361
114, 177.2621, 208.8451
115, 150.8926, 208.7525
116, 167.9691, 208.6620
117, 167.7251, 208.5691
118, 141.1690, 208.4790
119, 176.0076, 208.3903
120, 144.4335, 208.2999
121, 157.9398, 208.2122
122, 159.4548, 208.1240
123, 204.6514, 208.0342
124, 199.7967, 207.9386
125, 162.5274, 207.8403
126, 177.5893, 207.7440
127, 161.9724, 207.6483
128, 178.0367, 207.5529
129, 159.2861, 207.4581
130, 178.8737, 207.3656
131, 147.8667, 207.2726
132, 188.8469, 207.1817
133, 152.6443, 207.0887
134, 160.8861, 206.9983
135, 172.5118, 206.9077
136, 148.6613, 206.8167
137, 131.0369, 206.7296
138, 141.6295, 206.6469
139, 168.3433, 206.5657
140, 187.7524, 206.4819
141, 177.3407, 206.3915
142, 175.7007, 206.3011
143, 164.8219, 206.2108
144, 149.7537, 206.1205
145, 177.2239, 206.0328
146, 179.8682, 205.9428
147, 179.1046, 205.8507
148, 176.2635, 205.7579
149, 156.9447, 205.6656
150, 163.6593, 205.5763
151, 153.0610, 205.4888
152, 160.6282, 205.4022
153, 138.2926, 205.3163
154, 167.5299, 205.2323
155, 151.1462, 205.1458
156, 174.7128, 205.0596
157, 148.7021, 204.9709
158, 195.3603, 204.8845
159, 173.6008, 204.7932
160, 180.1038, 204.7016
161, 184.7977, 204.6094
162, 170.2518, 204.5177
163, 185.1669, 204.4270
164, 154.7834, 204.3344
165, 155.0022, 204.2465
166, 149.7108, 204.1600
167, 137.6952, 204.0768
168, 154.5562, 203.9964
169, 151.7901, 203.9165
170, 175.2254, 203.8354
171, 161.9895, 203.7517
172, 142.0414, 203.6680
173, 151.0086, 203.5878
174, 153.0821, 203.5075
175, 154.5516, 203.4269
176, 162.4436, 203.3467
177, 147.3810, 203.2651
178, 154.5516, 203.1841
179, 136.0419, 203.1058
180, 149.2551, 203.0294
181, 154.8255, 202.9511
182, 141.7943, 202.8730
183, 129.2962, 202.7963
184, 184.9157, 202.7207
185, 179.0964, 202.6413
186, 166.7952, 202.5573
187, 162.5127, 202.4747
188, 164.3231, 202.3905
189, 168.9702, 202.3049
190, 167.5100, 202.2200
191, 183.1805, 202.1332
192, 173.5968, 202.0461
193, 155.5595, 201.9588
194, 136.5692, 201.8747
195, 179.3536, 201.7942
196, 177.2527, 201.7125
197, 147.4785, 201.6299
198, 167.1241, 201.5498
199, 159.5731, 201.4683
200, 150.6936, 201.3861
201, 149.3773, 201.3056
202, 166.2262, 201.2257
203, 163.0751, 201.1444
204, 149.5323, 201.0635
205, 157.1959, 200.9834
206, 141.2399, 200.9034
207, 164.5917, 200.8248
208, 172.1830, 200.7456
209, 171.9296, 200.6646
210, 175.0069, 200.5814
211, 148.1594, 200.4970
212, 139.3042, 200.4158
213, 135.3978, 200.3387
214, 165.1023, 200.2631
215, 147.5246, 200.1856
216, 152.2374, 200.1104
217, 143.2024, 200.0366
218, 126.6314, 199.9636
219, 150.9045, 199.8940
220, 191.8349, 199.8193
221, 132.4920, 199.7402
222, 157.2496, 199.6645
223, 134.3386, 199.5886
224, 159.5436, 199.5148
225, 178.6078, 199.4402
226, 137.7752, 199.3639
227, 133.5406, 199.2916
228, 155.4083, 199.2204
229, 160.3195, 199.1481
230, 140.0818, 199.0746
231, 145.7074, 199.0031
232, 155.7421, 198.9304
233, 153.5473, 198.8567
234, 151.0481, 198.7817
235, 166.1799, 198.7063
236, 188.3257, 198.6286
237, 149.2709, 198.5486
238, 158.2555, 198.4701
239, 138.8293, 198.3940
240, 162.9714, 198.3189
241, 164.2287, 198.2423
242, 150.5415, 198.1644
243, 155.2437, 198.0879
244, 161.7309, 198.0104
245, 163.3637, 197.9322
246, 138.4073, 197.8540
247, 158.5221, 197.7778
248, 138.0241, 197.7024
249, 177.3054, 197.6291
250, 139.7592, 197.5517
251, 156.8708, 197.4758
252, 189.0311, 197.3987
253, 155.8135, 197.3173
254, 170.0876, 197.2370
255, 150.2348, 197.1578
256, 150.2553, 197.0802
257, 145.0025, 197.0034
258, 164.7749, 196.9274
259, 177.3253, 196.8496
260, 152.2536, 196.7704
261, 193.6183, 196.6903
262, 187.8087, 196.6070
263, 164.7717, 196.5224
264, 175.3145, 196.4391
265, 148.8281, 196.3567
266, 169.4489, 196.2777
267, 168.8735, 196.1992
268, 171.3543, 196.1206
269, 164.6861, 196.0425
270, 159.9476, 195.9639
271, 171.9244, 195.8875
272, 143.1494, 195.8117
273, 174.3141, 195.7375
274, 162.1270, 195.6610
275, 149.4471, 195.5859
276, 168.5394, 195.5109
277, 155.2429, 195.4345
278, 149.3277, 195.3606
279, 161.7961, 195.2867
280, 170.1937, 195.2110
281, 129.9592, 195.1363
282, 145.1360, 195.0658
283, 176.4178, 194.9943
284, 137.3538, 194.9201
285, 140.1315, 194.8497
286, 164.9424, 194.7786
287, 167.5395, 194.7055
288, 164.1590, 194.6301
289, 149.6513, 194.5539
290, 143.0382, 194.4803
291, 181.9928, 194.4080
292, 129.7718, 194.3334
293, 149.7341, 194.2625
294, 162.6828, 194.1921
295, 158.1780, 194.1194
296, 156.1393, 194.0450
297, 151.3950, 193.9705
298, 155.3786, 193.8967
299, 171.8817, 193.8227
300, 185.6401, 193.7474
301, 162.9292, 193.6697
302, 189.1992, 193.5926
303, 155.7056, 193.5146
304, 137.6735, 193.4389
305, 142.6834, 193.3680
306, 165.0412, 193.2973
307, 160.7322, 193.2249
308, 145.3788, 193.1541
309, 143.4240, 193.0858
310, 141.3941, 193.0185
311, 121.4923, 192.9533
312, 138.5682, 192.8921
313, 147.4094, 192.8294
314, 156.7572, 192.7647
315, 136.3262, 192.6975
316, 151.3516, 192.6320
317, 156.9580, 192.5640
318, 157.4509, 192.4956
319, 170.9456, 192.4272
320, 171.9027, 192.3534
321, 149.6504, 192.2792
322, 135.0327, 192.2097
323, 157.7696, 192.1423
324, 146.7223, 192.0752
325, 146.5188, 192.0084
326, 156.9724, 191.9395
327, 155.0165, 191.8704
328, 133.6627, 191.8024
329, 135.6464, 191.7374
330, 150.3801, 191.6730
331, 160.9097, 191.6043
332, 163.5775, 191.5324
333, 145.6203, 191.4606
334, 168.7130, 191.3913
335, 137.3769, 191.3204
336, 138.4630, 191.2532
337, 139.4787, 191.1878
338, 165.7668, 191.1233
339, 154.6606, 191.0551
340, 154.1363, 190.9861
341, 134.9759, 190.9181
342, 130.6463, 190.8524
343, 156.0228, 190.7887
344, 141.1890, 190.7237
345, 129.0105, 190.6590
346, 157.5030, 190.5962
347, 126.0540, 190.5323
348, 144.9477, 190.4710
349, 129.1208, 190.4086
350, 139.5946, 190.3486
351, 151.7418, 190.2874
352, 139.0693, 190.2238
353, 148.6639, 190.1611
354, 143.3927, 190.0970
355, 159.3773, 190.0330
356, 130.0634, 189.9685
357, 146.2407, 189.9057
358, 198.7999, 189.8406
359, 189.3822, 189.7689
360, 175.9524, 189.6934
361, 179.9498, 189.6165
362, 130.1664, 189.5414
363, 155.4190, 189.4722
364, 179.6171, 189.4022
365, 169.6158, 189.3291
366, 153.8808, 189.2570
367, 143.5425, 189.1864
368, 159.7858, 189.1180
369, 170.8312, 189.0495
370, 141.5749, 188.9794
371, 158.4036, 188.9110
372, 157.1216, 188.8431
373, 185.8191, 188.7747
374, 149.7324, 188.7027
375, 181.8409, 188.6325
376, 165.7464, 188.5593
377, 163.3317, 188.4867
378, 128.5366, 188.4166
379, 144.0375, 188.3512
380, 130.2590, 188.2871
381, 133.6781, 188.2253
382, 152.8031, 188.1656
383, 168.4595, 188.1038
384, 140.0001, 188.0385
385, 143.6045, 187.9755
386, 136.9328, 187.9125
387, 154.0625, 187.8504
388, 176.3978, 187.7849
389, 156.2354, 187.7160
390, 151.6696, 187.6470
391, 154.9300, 187.5801
392, 156.2074, 187.5141
393, 156.6082, 187.4467
394, 172.3592, 187.3784
395, 164.7231, 187.3077
396, 131.4322, 187.2372
397, 151.1274, 187.1717
398, 148.4931, 187.1052
399, 143.9434, 187.0409
400, 129.5324, 186.9768
401, 180.2236, 186.9151
402, 151.0441, 186.8494
403, 163.1736, 186.7827
404, 162.4196, 186.7139
405, 150.0969, 186.6458
406, 136.2224, 186.5807
407, 168.2708, 186.5166
408, 154.3724, 186.4518
409, 160.2164, 186.3854
410, 137.7314, 186.3197
411, 176.8013, 186.2545
412, 148.5225, 186.1875
413, 159.4512, 186.1199
414, 130.9184, 186.0526
415, 160.9299, 185.9892
416, 170.1944, 185.9245
417, 172.2717, 185.8583
418, 170.5122, 185.7893
419, 157.6323, 185.7179
420, 133.7490, 185.6493
421, 151.6687, 185.5850
422, 140.4381, 185.5216
423, 140.9651, 185.4599
424, 158.6862, 185.3991
425, 161.4805, 185.3364
426, 156.9043, 185.2732
427, 139.5353, 185.2119
428, 137.9527, 185.1522
429, 118.1720, 185.0948
430, 140.7844, 185.0395
431, 166.7499, 184.9819
432, 140.7326, 184.9216
433, 158.1183, 184.8620
434, 119.8601, 184.8024
435, 159.8849, 184.7453
436, 176.3751, 184.6824
437, 132.8791, 184.6169
438, 144.2132, 184.5550
439, 159.9754, 184.4940
440, 150.5734, 184.4329
441, 154.1530, 184.3720
442, 126.9066, 184.3113
443, 129.6881, 184.2536
444, 137.6389, 184.1985
445, 122.6673, 184.1430
446, 138.5155, 184.0893
447, 154.2683, 184.0341
448, 136.9870, 183.9759
449, 134.7977, 183.9172
450, 160.3045, 183.8595
451, 138.7047, 183.7976
452, 134.9500, 183.7370
453, 132.1119, 183.6779
454, 125.9876, 183.6215
455, 159.8205, 183.5651
456, 169.7323, 183.5051
457, 159.0822, 183.4406
458, 161.7243, 183.3760
459, 138.6055, 183.3107
460, 130.4231, 183.2499
461, 142.5085, 183.1909
462, 138.6602, 183.1318
463, 139.9581, 183.0735
464, 141.1336, 183.0147
465, 150.2550, 182.9561
466, 142.6014, 182.8951
467, 123.1068, 182.8354
468, 152.2873, 182.7789
469, 138.5333, 182.7208
470, 140.8505, 182.6640
471, 127.9267, 182.6073
472, 148.9356, 182.5505
473, 167.6260, 182.4907
474, 128.4600, 182.4291
475, 120.1808, 182.3714
476, 131.4585, 182.3180
477, 137.3749, 182.2638
478, 138.0051, 182.2087
479, 166.3841, 182.1513
480, 139.3255, 182.0905
481, 138.2276, 182.0290
482, 159.1601, 181.9685
483, 142.3880, 181.9080
484, 141.9467, 181.8487
485, 146.5720, 181.7902
486, 127.0730, 181.7329
487, 158.5594, 181.6770
488, 121.0538, 181.6197
489, 158.5368, 181.5639
490, 127.1087, 181.5039
491, 148.7113, 181.4462
492, 161.2062, 181.3853
493, 149.9633, 181.3232
494, 145.5403, 181.2616
495, 139.8505, 181.1988
496, 146.3764, 181.1370
497, 143.3085, 181.0749
498, 152.3559, 181.0143
499, 146.4944, 180.9550
500, 138.5579, 180.8961
501, 142.2538, 180.8367
502, 146.9838, 180.7774
503, 159.1133, 180.7161
504, 160.2596, 180.6518
505, 182.2432, 180.5877
506, 143.7416, 180.5230
507, 157.4927, 180.4587
508, 126.0178, 180.3951
509, 125.1423, 180.3377
510, 131.8259, 180.2830
511, 133.3173, 180.2293
512, 144.5261, 180.1756
513, 147.6588, 180.1217
514, 158.2202, 180.0661
515, 126.1535, 180.0084
516, 130.6254, 179.9525
517, 157.2012, 179.8980
518, 160.9344, 179.8394
519, 129.8107, 179.7791
520, 138.2708, 179.7212
521, 142.6898, 179.6642
522, 130.8091, 179.6070
523, 129.6601, 179.5507
524, 137.9245, 179.4956
525, 114.1322, 179.4410
526, 177.7491, 179.3891
527, 138.7708, 179.3311
528, 142.9034, 179.2740
529, 157.1770, 179.2156
530, 142.9643, 179.1557
531, 140.2170, 179.0957
532, 139.2191, 179.0360
533, 162.7971, 178.9775
534, 159.5125, 178.9166
535, 130.6797, 178.8557
536, 152.5072, 178.7963
537, 170.8593, 178.7350
538, 139.5579, 178.6721
539, 149.1549, 178.6127
540, 145.0384, 178.5529
541, 136.3682, 178.4944
542, 145.0411, 178.4377
543, 144.3973, 178.3796
544, 154.0009, 178.3227
545, 147.6187, 178.2641
546, 145.7365, 178.2058
547, 114.4189, 178.1501
548, 149.6286, 178.0990
549, 128.8867, 178.0459
550, 126.1483, 177.9946
551, 157.6064, 177.9429
552, 164.2051, 177.8860
553, 170.7205, 177.8274
554, 167.5877, 177.7675
555, 133.3236, 177.7079
556, 144.1888, 177.6500
557, 137.1001, 177.5903
558, 150.3637, 177.5319
559, 149.6968, 177.4730
560, 142.0958, 177.4133
561, 141.5437, 177.3546
562, 134.7814, 177.2966
563, 160.3315, 177.2410
564, 142.0134, 177.1831
565, 140.9258, 177.1268
566, 133.0907, 177.0712
567, 157.1761, 177.0164
568, 166.4010, 176.9574
569, 149.7261, 176.8974
570, 138.3677, 176.8375
571, 134.6165, 176.7813
572, 138.3665, 176.7270
573, 166.3586, 176.6716
574, 133.7363, 176.6141
575, 142.9027, 176.5580
576, 157.8568, 176.5004
577, 134.2887, 176.4407
578, 130.6600, 176.3836
579, 129.9915, 176.3288
580, 133.8014, 176.2752
581, 123.6522, 176.2222
582, 140.0469, 176.1719
583, 153.3981, 176.1203
584, 122.5508, 176.0665
585, 155.3642, 176.0138
586, 147.7023, 175.9574
587, 149.2554, 175.9014
588, 142.1825, 175.8437
589, 161.4977, 175.7853
590, 121.5749, 175.7279
591, 133.4138, 175.6730
592, 141.1762, 175.6185
593, 141.9705, 175.5649
594, 148.1151, 175.5112
595, 140.3344, 175.4550
596, 122.6089, 175.3993
597, 128.9726, 175.3468
598, 139.7474, 175.2948
599, 127.9194, 175.2429
600, 151.6491, 175.1914
601, 153.1263, 175.1367
602, 156.2724, 175.0800
603, 166.9209, 175.0227
604, 136.5055, 174.9626
605, 165.3192, 174.9061
606, 158.6688, 174.8471
607, 137.6787, 174.7870
608, 175.1800, 174.7275
609, 141.9291, 174.6670
610, 142.6883, 174.6096
611, 154.7268, 174.5527
612, 141.4086, 174.4958
613, 158.2658, 174.4381
614, 136.3186, 174.3796
615, 119.3336, 174.3239
616, 159.2009, 174.2718
617, 140.1098, 174.2168
618, 130.4454, 174.1616
619, 141.0201, 174.1083
620, 132.5495, 174.0544
621, 140.7671, 174.0006
622, 123.2580, 173.9474
623, 124.1414, 173.8968
624, 131.1098, 173.8475
625, 121.2398, 173.7993
626, 170.6730, 173.7518
627, 144.0138, 173.6995
628, 149.0911, 173.6460
629, 164.3375, 173.5905
630, 135.9295, 173.5331
631, 132.1685, 173.4770
632, 131.4141, 173.4259
633, 128.4533, 173.3774
634, 124.8390, 173.3279
635, 147.2756, 173.2794
636, 136.5414, 173.2285
637, 164.9397, 173.1769
638, 151.1361, 173.1220
639, 123.1775, 173.0669
640, 143.3108, 173.0141
641, 138.0227, 172.9607
642, 135.9660, 172.9078
643, 135.2533, 172.8566
644, 160.7071, 172.8031
645, 149.9123, 172.7474
646, 141.0716, 172.6916
647, 142.2666, 172.6376
648, 128.3058, 172.5831
649, 141.3576, 172.5309
650, 145.1632, 172.4786
651, 139.8211, 172.4268
652, 149.8033, 172.3755
653, 123.8835, 172.3225
654, 137.1175, 172.2702
655, 118.1863, 172.2185
656, 147.4498, 172.1696
657, 132.6389, 172.1180
658, 122.6794, 172.0673
659, 141.1252, 172.0191
660, 144.3026, 171.9677
661, 155.6560, 171.9146
662, 141.7712, 171.8587
663, 151.7190, 171.8026
664, 129.0054, 171.7476
665, 126.0661, 171.6952
666, 148.8328, 171.6439
667, 153.0360, 171.5908
668, 123.4051, 171.5369
669, 123.1285, 171.4870
670, 150.7965, 171.4384
671, 146.0192, 171.3863
672, 155.8848, 171.3325
673, 172.3490, 171.2763
674, 134.7703, 171.2179
675, 139.2219, 171.1619
676, 117.8962, 171.1065
677, 126.7743, 171.0566
678, 139.8399, 171.0079
679, 142.6959, 170.9587
680, 126.2581, 170.9075
681, 148.5210, 170.8579
682, 146.2319, 170.8068
683, 143.4612, 170.7546
684, 122.7741, 170.7029
685, 126.8673, 170.6546
686, 147.5340, 170.6069
687, 131.0848, 170.5581
688, 114.2667, 170.5097
689, 138.6412, 170.4646
690, 117.7986, 170.4196
691, 128.8798, 170.3748
692, 130.7489, 170.3298
693, 151.2188, 170.2822
694, 132.5704, 170.2327
695, 148.9054, 170.1820
696, 131.4995, 170.1289
697, 114.8118, 170.0773
698, 137.2794, 170.0291
699, 141.5367, 169.9789
700, 120.8743, 169.9279
701, 131.6873, 169.8793
702, 128.2680, 169.8314
703, 127.0631, 169.7842
704, 135.3296, 169.7387
705, 129.3909, 169.6906
706, 109.5141, 169.6432
707, 153.3439, 169.5989
708, 164.3194, 169.5488
709, 124.4846, 169.4943
710, 125.3259, 169.4435
711, 123.0367, 169.3957
712, 134.2734, 169.3488
713, 184.9537, 169.2983
714, 118.0468, 169.2434
715, 127.6986, 169.1929
716, 135.7437, 169.1437
717, 117.7882, 169.0948
718, 112.6650, 169.0496
719, 158.1351, 169.0064
720, 144.4835, 168.9577
721, 123.4609, 168.9083
722, 135.7859, 168.8600
723, 117.7461, 168.8133
724, 147.0150, 168.7681
725, 158.1363, 168.7186
726, 186.3729, 168.6648
727, 166.2615, 168.6071
728, 116.1557, 168.5507
729, 137.3613, 168.4995
730, 129.6760, 168.4482
731, 127.7783, 168.3987
732, 108.3404, 168.3513
733, 144.0729, 168.3080
734, 133.5948, 168.2620
735, 125.4373, 168.2160
736, 133.5288, 168.1708
737, 145.1211, 168.1230
738, 147.8577, 168.0724
739, 140.7449, 168.0214
740, 116.2684, 167.9714
741, 121.7528, 167.9257
742, 168.1987, 167.8799
743, 144.4418, 167.8297
744, 124.5931, 167.7801
745, 131.1899, 167.7315
746, 136.8383, 167.6826
747, 133.4586, 167.6323
748, 137.1361, 167.5841
749, 119.9499, 167.5370
750, 132.7118, 167.4920
751, 125.7230, 167.4456
752, 122.8672, 167.4023
753, 129.4937, 167.3571
754, 167.9690, 167.3082
755, 131.6053, 167.2551
756, 141.6791, 167.2015
757, 128.4102, 167.1499
758, 129.2963, 167.1014
759, 153.4317, 167.0538
760, 139.8013, 167.0024
761, 110.3723, 166.9521
762, 125.4679, 166.9065
763, 143.8014, 166.8598
764, 136.6955, 166.8133
765, 149.6931, 166.7661
766, 138.8509, 166.7163
767, 115.7981, 166.6664
768, 139.1115, 166.6198
769, 153.6465, 166.5707
770, 131.4556, 166.5182
771, 158.1638, 166.4660
772, 128.8701, 166.4133
773, 137.3168, 166.3622
774, 158.6945, 166.3108
775, 134.1015, 166.2569
776, 113.5242, 166.2046
777, 147.1517, 166.1570
778, 142.8722, 166.1068
779, 150.5061, 166.0589
780, 137.7469, 166.0102
781, 141.1598, 165.9612
782, 123.7644, 165.9109
783, 130.9739, 165.8625
784, 157.3268, 165.8133
785, 163.6835, 165.7615
786, 118.7850, 165.7093
787, 128.7019, 165.6608
788, 129.5712, 165.6132
789, 142.4090, 165.5659
790, 131.4386, 165.5181
791, 133.5375, 165.4705
792, 136.3004, 165.4238
793, 146.7776, 165.3777
794, 126.8691, 165.3285
795, 121.2369, 165.2808
796, 142.0523, 165.2353
797, 147.2345, 165.1884
798, 126.6360, 165.1400
799, 125.3324, 165.0927
800, 116.1017, 165.0469
801, 129.7584, 165.0043
802, 134.3706, 164.9592
803, 134.1350, 164.9139
804, 155.2692, 164.8688
805, 150.4350, 164.8204
806, 165.4232, 164.7691
807, 150.3693, 164.7146
808, 143.9022, 164.6599
809, 136.6547, 164.6082
810, 149.7815, 164.5566
811, 117.8237, 164.5052
812, 155.2438, 164.4585
813, 144.8214, 164.4093
814, 128.8040, 164.3603
815, 110.6247, 164.3134
816, 120.5066, 164.2704
817, 140.3055, 164.2277
818, 144.9494, 164.1826
819, 145.3718, 164.1346
820, 131.2742, 164.0860
821, 135.5691, 164.0384
822, 118.9191, 163.9918
823, 173.4723, 163.9449
824, 158.2428, 163.8932
825, 146.1202, 163.8411
826, 115.0303, 163.7901
827, 141.3514, 163.7439
828, 128.9837, 163.6964
829, 118.2772, 163.6496
830, 130.8308, 163.6052
831, 133.3481, 163.5620
832, 137.5684, 163.5160
833, 148.9121, 163.4708
834, 132.8456, 163.4238
835, 133.8548, 163.3772
836, 123.1742, 163.3308
837, 168.9563, 163.2839
838, 120.1363, 163.2336
839, 135.5479, 163.1862
840, 171.2727, 163.1376
841, 150.3476, 163.0848
842, 124.8622, 163.0325
843, 137.9020, 162.9825
844, 117.5247, 162.9341
845, 125.0258, 162.8892
846, 132.8562, 162.8476
847, 154.0499, 162.8024
848, 111.9928, 162.7558
849, 136.5613, 162.7123
850, 153.3166, 162.6671
851, 118.3681, 162.6197
852, 111.0175, 162.5748
853, 118.0591, 162.5348
854, 115.1190, 162.4957
855, 116.5278, 162.4580
856, 146.5254, 162.4209
857, 148.0223, 162.3789
858, 137.8503, 162.3327
859, 125.8989, 162.2859
860, 117.9608, 162.2403
861, 120.4378, 162.1975
862, 117.7569, 162.1554
863, 131.4695, 162.1148
864, 157.4534, 162.0719
865, 130.0396, 162.0242
866, 115.7171, 161.9790
867, 118.4993, 161.9358
868, 120.1045, 161.8942
869, 106.2158, 161.8543
870, 124.8303, 161.8178
871, 143.7163, 161.7775
872, 123.3009, 161.7332
873, 120.9385, 161.6897
874, 129.3889, 161.6470
875, 142.7014, 161.6037
876, 130.8403, 161.5575
877, 119.6448, 161.5119
878, 132.7965, 161.4683
879, 126.2413, 161.4234
880, 117.6321, 161.3799
881, 117.4336, 161.3383
882, 126.4865, 161.2965
883, 151.7085, 161.2521
884, 127.5998, 161.2052
885, 111.7951, 161.1617
886, 124.5260, 161.1212
887, 125.7779, 161.0811
888, 130.9217, 161.0408
889, 113.3938, 161.0005
890, 121.6560, 160.9622
891, 119.2416, 160.9217
892, 117.8988, 160.8816
893, 133.7899, 160.8421
894, 149.5049, 160.7999
895, 136.2201, 160.7548
896, 116.2481, 160.7104
897, 125.8775, 160.6685
898, 143.4853, 160.6243
899, 130.3914, 160.5789
900, 129.7792, 160.5336
901, 149.2501, 160.4874
902, 111.5633, 160.4396
903, 121.2505, 160.3969
904, 130.5875, 160.3555
905, 114.4662, 160.3145
906, 127.0209, 160.2743
907, 116.3900, 160.2338
908, 122.7301, 160.1958
909, 144.7021, 160.1552
910, 137.4560, 160.1100
911, 107.8428, 160.0657
912, 128.4309, 160.0259
913, 125.8394, 159.9853
914, 147.3311, 159.9440
915, 146.4734, 159.8998
916, 110.3333, 159.8540
917, 120.1485, 159.8119
918, 135.9440, 159.7704
919, 115.0091, 159.7261
920, 156.8142, 159.6830
921, 129.6116, 159.6359
922, 138.1621, 159.5884
923, 128.6124, 159.5402
924, 113.9528, 159.4939
925, 132.4875, 159.4515
926, 136.7396, 159.4098
927, 167.8405, 159.3668
928, 120.8414, 159.3192
929, 135.9230, 159.2729
930, 134.0358, 159.2267
931, 120.4646, 159.1806
932, 118.8120, 159.1361
933, 119.5612, 159.0933
934, 106.0386, 159.0541
935, 150.1834, 159.0164
936, 129.1641, 158.9761
937, 125.4326, 158.9351
938, 127.5255, 158.8955
939, 124.3340, 158.8565
940, 126.8525, 158.8165
941, 136.3218, 158.7743
942, 135.3687, 158.7299
943, 114.2819, 158.6870
944, 124.6454, 158.6462
945, 116.3231, 158.6052
946, 160.6297, 158.5646
947, 145.2542, 158.5179
948, 121.1159, 158.4693
949, 129.6416, 158.4224
950, 110.7195, 158.3775
951, 125.2106, 158.3356
952, 148.2516, 158.2924
953, 131.7491, 158.2469
954, 124.0077, 158.2029
955, 145.8876, 158.1575
956, 114.8116, 158.1140
957, 127.4378, 158.0722
958, 120.7785, 158.0300
959, 128.4158, 157.9889
960, 133.4665, 157.9466
961, 120.1301, 157.9035
962, 117.0480, 157.8620
963, 121.9878, 157.8206
964, 108.5449, 157.7819
965, 125.5396, 157.7447
966, 137.1483, 157.7052
967, 143.8399, 157.6636
968, 121.8535, 157.6195
969, 150.6930, 157.5754
970, 118.4425, 157.5305
971, 138.4628, 157.4869
972, 145.7263, 157.4412
973, 133.5377, 157.3939
974, 138.8029, 157.3485
975, 128.2900, 157.3011
976, 123.0294, 157.2548
977, 128.4125, 157.2103
978, 109.9231, 157.1666
979, 144.9619, 157.1265
980, 113.9565, 157.0832
981, 141.7313, 157.0414
982, 119.1460, 156.9969
983, 119.4955, 156.9551
984, 145.6615, 156.9145
985, 128.4526, 156.8710
986, 120.0014, 156.8276
987, 146.5768, 156.7843
988, 143.7019, 156.7402
989, 128.1846, 156.6957
990, 122.9466, 156.6526
991, 115.2259, 156.6113
992, 155.2204, 156.5703
993, 136.6479, 156.5248
994, 119.2986, 156.4804
995, 158.4434, 156.4379
996, 125.3763, 156.3929
997, 158.6169, 156.3474
998, 142.6133, 156.2991
999, 121.8612, 156.2525
1000, 122.6763, 156.2096
1001, 113.6361, 156.1686
1002, 115.3402, 156.1296
1003, 140.2365, 156.0913
1004, 122.7063, 156.0511
1005, 116.7899, 156.0108
1006, 132.0025, 155.9714
1007, 111.7336, 155.9298
1008, 127.6038, 155.8912
1009, 120.6130, 155.8528
1010, 133.6395, 155.8142
1011, 152.7576, 155.7715
1012, 138.0040, 155.7255
1013, 126.5085, 155.6794
1014, 133.3479, 155.6354
1015, 114.9321, 155.5935
1016, 143.4091, 155.5533
1017, 116.4854, 155.5126
1018, 110.7400, 155.4751
1019, 117.4870, 155.4400
1020, 144.0016, 155.4036
1021, 114.0396, 155.3654
1022, 131.7198, 155.3273
1023, 135.3579, 155.2869
1024, 124.0850, 155.2457
1025, 101.8945, 155.2056
1026, 145.1602, 155.1706
1027, 132.5766, 155.1322
1028, 176.0346, 155.0894
1029, 123.2067, 155.0423
1030, 119.3231, 154.9968
1031, 112.0429, 154.9556
1032, 107.5128, 154.9183
1033, 111.9340, 154.8840
1034, 138.0233, 154.8506
1035, 121.7430, 154.8122
1036, 124.8930, 154.7740
1037, 150.1882, 154.7344
1038, 111.4738, 154.6908
1039, 128.8099, 154.6496
1040, 118.4192, 154.6079
1041, 147.7255, 154.5660
1042, 121.5910, 154.5201
1043, 143.4824, 154.4748
1044, 122.5472, 154.4287
1045, 128.7505, 154.3858
1046, 120.7052, 154.3449
1047, 116.0148, 154.3049
1048, 105.2599, 154.2679
1049, 110.0029, 154.2354
1050, 103.9150, 154.2045
1051, 132.6239, 154.1725
1052, 117.0558, 154.1358
1053, 129.3023, 154.0986
1054, 117.7582, 154.0608
1055, 110.2301, 154.0240
1056, 115.0263, 153.9901
1057, 116.9556, 153.9561
1058, 117.0880, 153.9218
1059, 138.2263, 153.8862
1060, 113.5290, 153.8484
1061, 142.7139, 153.8113
1062, 139.6103, 153.7712
1063, 121.3913, 153.7278
1064, 128.9505, 153.6863
1065, 125.7493, 153.6437
1066, 120.7161, 153.6033
1067, 123.0418, 153.5633
1068, 119.1224, 153.5243
1069, 106.5570, 153.4860
1070, 109.8831, 153.4501
1071, 119.1921, 153.4163
1072, 129.1360, 153.3800
1073, 118.5524, 153.3413
1074, 111.0910, 153.3026
1075, 116.3606, 153.2661
1076, 134.8797, 153.2277
1077, 143.1124, 153.1866
1078, 117.2623, 153.1447
1079, 118.4813, 153.1049
1080, 109.4759, 153.0662
1081, 101.0490, 153.0324
1082, 141.8847, 153.0016
1083, 132.7039, 152.9654
1084, 111.6690, 152.9283
1085, 136.1634, 152.8917
1086, 118.4203, 152.8529
1087, 123.0178, 152.8142
1088, 127.2203, 152.7769
1089, 119.7115, 152.7365
1090, 125.9331, 152.6974
1091, 118.5654, 152.6586
1092, 122.2722, 152.6194
1093, 125.1309, 152.5782
1094, 121.8157, 152.5372
1095, 129.2662, 152.4949
1096, 133.7307, 152.4510
1097, 131.1753, 152.4079
1098, 110.6957, 152.3660
1099, 104.7290, 152.3277
1100, 111.3177, 152.2925
1101, 128.7357, 152.2588
1102, 124.8801, 152.2221
1103, 124.1117, 152.1847
1104, 125.9017, 152.1451
1105, 129.8020, 152.1045
1106, 135.3196, 152.0642
1107, 125.4784, 152.0229
1108, 135.0904, 151.9824
1109, 107.9094, 151.9417
1110, 121.8844, 151.9032
1111, 139.4085, 151.8639
1112, 120.4571, 151.8238
1113, 131.6867, 151.7838
1114, 120.8881, 151.7422
1115, 118.6861, 151.7004
1116, 120.7727, 151.6594
1117, 153.6045, 151.6172
1118, 106.8519, 151.5725
1119, 128.6126, 151.5330
1120, 116.9260, 151.4932
1121, 120.2710, 151.4545
1122, 114.6090, 151.4156
1123, 133.0613, 151.3771
1124, 123.9534, 151.3381
1125, 131.8130, 151.2977
1126, 108.7643, 151.2581
1127, 120.4507, 151.2223
1128, 119.0198, 151.1869
1129, 114.8473, 151.1525
1130, 163.2001, 151.1157
1131, 131.8761, 151.0728
1132, 127.8675, 151.0315
1133, 125.1170, 150.9917
1134, 125.8014, 150.9529
1135, 124.5880, 150.9132
1136, 112.7921, 150.8742
1137, 119.3410, 150.8375
1138, 121.3896, 150.8006
1139, 126.1376, 150.7632
1140, 129.2456, 150.7240
1141, 118.1150, 150.6850
1142, 124.1929, 150.6473
1143, 148.4434, 150.6082
1144, 102.6794, 150.5676
1145, 136.2426, 150.5317
1146, 105.5475, 150.4937
1147, 111.4700, 150.4585
1148, 120.5725, 150.4228
1149, 132.5411, 150.3863
1150, 120.3905, 150.3493
1151, 111.8358, 150.3157
1152, 128.0750, 150.2816
1153, 130.1705, 150.2435
1154, 124.2850, 150.2040
1155, 119.4282, 150.1637
1156, 117.8782, 150.1245
1157, 112.4890, 150.0867
1158, 110.2965, 150.0513
1159, 104.9896, 150.0184
1160, 109.1777, 149.9868
1161, 130.2928, 149.9559
1162, 132.5294, 149.9209
1163, 122.1409, 149.8829
1164, 121.0084, 149.8436
1165, 136.8351, 149.8021
1166, 154.1986, 149.7587
1167, 108.8440, 149.7138
1168, 147.5422, 149.6729
1169, 108.2664, 149.6310
1170, 106.1804, 149.5931
1171, 109.3411, 149.5592
1172, 135.6446, 149.5260
1173, 120.8409, 149.4883
1174, 112.5214, 149.4511
1175, 113.9606, 149.4153
1176, 110.2012, 149.3805
1177, 117.5462, 149.3451
1178, 122.4549, 149.3094
1179, 118.4347, 149.2710
1180, 118.8230, 149.2323
1181, 114.2121, 149.1942
1182, 101.0144, 149.1575
1183, 116.4516, 149.1243
1184, 119.6951, 149.0904
1185, 104.3107, 149.0573
1186, 108.9467, 149.0258
1187, 114.3792, 148.9945
1188, 100.2549, 148.9631
1189, 116.0632, 148.9345
1190, 118.5726, 148.9022
1191, 116.7127, 148.8688
1192, 137.8292, 148.8342
1193, 130.9275, 148.7959
1194, 129.2818, 148.7569
1195, 126.9037, 148.7157
1196, 110.1506, 148.6747
1197, 123.7114, 148.6366
1198, 109.4372, 148.6008
1199, 127.9967, 148.5676
1200, 112.0986, 148.5317
1201, 117.1053, 148.4967
1202, 120.4807, 148.4614
1203, 154.3720, 148.4256
1204, 105.7803, 148.3867
1205, 129.8413, 148.3504
1206, 120.1257, 148.3113
1207, 112.9284, 148.2736
1208, 113.5245, 148.2376
1209, 135.1357, 148.2030
1210, 138.7819, 148.1656
1211, 123.0957, 148.1274
1212, 109.9829, 148.0915
1213, 115.1156, 148.0572
1214, 101.8475, 148.0240
1215, 111.3614, 147.9939
1216, 124.3763, 147.9631
1217, 137.8025, 147.9269
1218, 122.7953, 147.8866
1219, 102.9448, 147.8460
1220, 130.7739, 147.8094
1221, 137.8006, 147.7678
1222, 143.0967, 147.7235
1223, 114.9711, 147.6788
1224, 123.9854, 147.6371
1225, 112.5683, 147.5977
1226, 98.1442, 147.5620
1227, 103.6831, 147.5329
1228, 132.3115, 147.5032
1229, 118.3678, 147.4692
1230, 110.5968, 147.4355
1231, 116.6477, 147.4027
1232, 129.4981, 147.3684
1233, 114.6161, 147.3317
1234, 126.8307, 147.2952
1235, 117.3808, 147.2567
1236, 122.7398, 147.2199
1237, 118.9310, 147.1809
1238, 128.9584, 147.1415
1239, 115.4846, 147.1020
1240, 129.9769, 147.0619
1241, 129.0616, 147.0218
1242, 156.5302, 146.9810
1243, 130.3938, 146.9367
1244, 114.0673, 146.8932
1245, 131.7605, 146.8519
1246, 129.5025, 146.8102
1247, 117.0037, 146.7689
1248, 125.6583, 146.7296
1249, 122.6815, 146.6894
1250, 138.9659, 146.6493
1251, 139.8088, 146.6059
1252, 135.6399, 146.5611
1253, 113.3406, 146.5187
1254, 120.1241, 146.4806
1255, 107.6430, 146.4450
1256, 104.2568, 146.4127
1257, 115.8193, 146.3831
1258, 108.9314, 146.3522
1259, 97.6645, 146.3225
1260, 114.5865, 146.2962
1261, 122.1004, 146.2664
1262, 103.8399, 146.2354
1263, 105.7880, 146.2069
1264, 127.9198, 146.1776
1265, 112.1561, 146.1463
1266, 105.6712, 146.1156
1267, 119.2579, 146.0846
1268, 102.6581, 146.0518
1269, 121.1054, 146.0223
1270, 141.1737, 145.9911
1271, 120.8904, 145.9539
1272, 129.6484, 145.9151
1273, 130.6712, 145.8739
1274, 105.6168, 145.8327
1275, 114.0022, 145.7965
1276, 117.7981, 145.7609
1277, 106.2247, 145.7251
1278, 114.2525, 145.6915
1279, 101.5344, 145.6594
1280, 123.0495, 145.6291
1281, 113.9582, 145.5967
1282, 119.3364, 145.5636
1283, 121.9391, 145.5291
1284, 114.2758, 145.4941
1285, 97.7212, 145.4615
1286, 119.2253, 145.4330
1287, 124.9597, 145.4008
1288, 115.8250, 145.3671
1289, 124.6699, 145.3321
1290, 120.2807, 145.2969
1291, 149.9679, 145.2605
1292, 116.9653, 145.2197
1293, 153.4194, 145.1815
1294, 116.6151, 145.1413
1295, 109.5249, 145.1033
1296, 128.3474, 145.0656
1297, 141.8838, 145.0273
1298, 110.4322, 144.9894
1299, 137.0206, 144.9539
1300, 137.0487, 144.9154
1301, 110.2590, 144.8743
1302, 126.0639, 144.8368
1303, 107.8761, 144.8013
1304, 160.2596, 144.7658
1305, 110.7092, 144.7267
1306, 136.5848, 144.6892
1307, 123.6186, 144.6505
1308, 131.0111, 144.6125
1309, 116.9049, 144.5732
1310, 110.7422, 144.5362
1311, 126.4739, 144.5005
1312, 124.7125, 144.4641
1313, 115.2318, 144.4267
1314, 118.4941, 144.3906
1315, 106.5950, 144.3539
1316, 128.2887, 144.3194
1317, 113.4491, 144.2821
1318, 107.8276, 144.2460
1319, 123.5475, 144.2131
1320, 105.1205, 144.1783
1321, 134.0196, 144.1467
1322, 115.5575, 144.1132
1323, 121.3136, 144.0779
1324, 121.6425, 144.0405
1325, 108.2618, 144.0053
1326, 125.9947, 143.9732
1327, 130.8780, 143.9378
1328, 106.0520, 143.9011
1329, 128.4634, 143.8681
1330, 134.4666, 143.8331
1331, 122.8639, 143.7967
1332, 111.0090, 143.7613
1333, 132.7178, 143.7265
1334, 116.5746, 143.6910
1335, 122.6801, 143.6575
1336, 103.5183, 143.6229
1337, 105.8713, 143.5923
1338, 101.5303, 143.5631
1339, 113.3571, 143.5356
1340, 109.7292, 143.5059
1341, 113.3842, 143.4751
1342, 127.4807, 143.4425
1343, 107.9454, 143.4099
1344, 105.3776, 143.3783
1345, 123.1537, 143.3484
1346, 149.3915, 143.3126
1347, 128.7362, 143.2744
1348, 132.3820, 143.2377
1349, 104.2839, 143.2000
1350, 126.4024, 143.1666
1351, 123.4997, 143.1330
1352, 141.8284, 143.0983
1353, 123.4232, 143.0612
1354, 117.1355, 143.0248
1355, 104.6013, 142.9903
1356, 152.8833, 142.9580
1357, 114.5759, 142.9207
1358, 112.3248, 142.8850
1359, 112.0859, 142.8496
1360, 102.9617, 142.8163
1361, 113.3319, 142.7870
1362, 104.1878, 142.7567
1363, 133.6112, 142.7283
1364, 111.9884, 142.6974
1365, 108.4688, 142.6659
1366, 114.2900, 142.6345
1367, 138.9184, 142.6015
1368, 130.6235, 142.5668
1369, 105.3811, 142.5340
1370, 105.0976, 142.5051
1371, 111.8298, 142.4772
1372, 103.5553, 142.4478
1373, 115.9679, 142.4203
1374, 112.7847, 142.3906
1375, 130.2686, 142.3585
1376, 123.8142, 142.3241
1377, 125.4281, 142.2902
1378, 122.5579, 142.2542
1379, 107.9667, 142.2182
1380, 127.3484, 142.1840
1381, 125.8571, 142.1462
1382, 99.1839, 142.1100
1383, 122.0223, 142.0775
1384, 101.5619, 142.0446
1385, 109.7347, 142.0146
1386, 116.3888, 141.9841
1387, 111.8888, 141.9528
1388, 100.0183, 141.9230
1389, 99.4976, 141.8961
1390, 118.7244, 141.8696
1391, 142.6859, 141.8390
1392, 107.0306, 141.8057
1393, 123.4059, 141.7737
1394, 112.3441, 141.7392
1395, 124.6504, 141.7086
1396, 109.9218, 141.6758
1397, 137.3474, 141.6434
1398, 117.5254, 141.6084
1399, 134.0787, 141.5752
1400, 114.5646, 141.5389
1401, 136.8712, 141.5011
1402, 112.6533, 141.4619
1403, 115.6628, 141.4256
1404, 110.3290, 141.3900
1405, 111.7792, 141.3556
1406, 121.9513, 141.3215
1407, 99.0267, 141.2872
1408, 127.2013, 141.2571
1409, 118.4884, 141.2251
1410, 116.9996, 141.1913
1411, 122.9878, 141.1560
1412, 117.4510, 141.1207
1413, 118.5608, 141.0870
1414, 112.3771, 141.0537
1415, 120.1223, 141.0200
1416, 116.7753, 140.9860
1417, 144.0652, 140.9514
1418, 120.6707, 140.9137
1419, 118.9610, 140.8767
1420, 125.4690, 140.8411
1421, 119.3221, 140.8065
1422, 104.2588, 140.7732
1423, 131.9453, 140.7420
1424, 123.5968, 140.7076
1425, 116.8445, 140.6718
1426, 102.1888, 140.6382
1427, 116.4994, 140.6059
1428, 109.6835, 140.5743
1429, 108.9770, 140.5453
1430, 102.0695, 140.5162
1431, 99.9365, 140.4895
1432, 115.4461, 140.4628
1433, 107.2999, 140.4338
1434, 108.0467, 140.4055
1435, 117.2019, 140.3770
1436, 102.9711, 140.3488
1437, 101.1016, 140.3230
1438, 111.9548, 140.2973
1439, 94.5639, 140.2693
1440, 94.7115, 140.2452
1441, 114.7201, 140.2226
1442, 110.7677, 140.1978
1443, 108.6776, 140.1706
1444, 105.0866, 140.1437
1445, 115.5147, 140.1165
1446, 104.3805, 140.0869
1447, 115.9078, 140.0591
1448, 111.5110, 140.0295
1449, 115.8933, 139.9977
1450, 104.9905, 139.9654
1451, 111.5167, 139.9345
1452, 117.0871, 139.9027
1453, 112.8916, 139.8674
1454, 120.0727, 139.8344
1455, 108.4363, 139.8029
1456, 104.4706, 139.7732
1457, 124.0206, 139.7441
1458, 99.5246, 139.7137
1459, 125.2206, 139.6839
1460, 115.5614, 139.6508
1461, 141.0544, 139.6169
1462, 113.9736, 139.5804
1463, 113.0619, 139.5456
1464, 99.0111, 139.5124
1465, 131.2046, 139.4830
1466, 107.4933, 139.4525
1467, 118.5596, 139.4211
1468, 134.0558, 139.3878
1469, 115.5433, 139.3539
1470, 109.8953, 139.3216
1471, 130.6679, 139.2883
1472, 122.7142, 139.2510
1473, 102.4585, 139.2146
1474, 106.5921, 139.1820
1475, 120.9173, 139.1509
1476, 105.0989, 139.1197
1477, 128.1695, 139.0899
1478, 100.2320, 139.0561
1479, 117.3836, 139.0267
1480, 100.3730, 138.9986
1481, 136.7868, 138.9717
1482, 117.6723, 138.9403
1483, 117.6740, 138.9054
1484, 114.7193, 138.8681
1485, 114.4533, 138.8320
1486, 105.6349, 138.7962
1487, 117.2300, 138.7640
1488, 107.0285, 138.7322
1489, 97.6342, 138.7014
1490, 105.7439, 138.6730
1491, 94.2500, 138.6465
1492, 104.2883, 138.6235
1493, 101.2573, 138.5991
1494, 132.7068, 138.5741
1495, 105.4513, 138.5451
1496, 118.2927, 138.5149
1497, 107.9190, 138.4829
1498, 137.2453, 138.4511
1499, 117.8306, 138.4158
1500, 146.7261, 138.3809
1501, 104.6655, 138.3431
1502, 106.3483, 138.3092
1503, 127.5423, 138.2760
1504, 97.0617, 138.2423
1505, 99.8177, 138.2130
1506, 132.2233, 138.1862
1507, 127.6891, 138.1537
1508, 115.6095, 138.1198
1509, 101.9057, 138.0859
1510, 114.0390, 138.0532
1511, 148.9881, 138.0185
1512, 99.5296, 137.9824
1513, 109.1356, 137.9508
1514, 117.9948, 137.9196
1515, 131.0048, 137.8867
1516, 115.1896, 137.8499
1517, 122.9861, 137.8158
1518, 106.3587, 137.7830
1519, 121.7735, 137.7505
1520, 140.1428, 137.7161
1521, 102.9301, 137.6802
1522, 115.7125, 137.6493
1523, 105.3868, 137.6178
1524, 135.8706, 137.5865
1525, 116.7935, 137.5519
1526, 112.7610, 137.5168
1527, 103.7320, 137.4854
1528, 123.6856, 137.4555
1529, 126.5914, 137.4255
1530, 107.2695, 137.3928
1531, 101.2849, 137.3624
1532, 118.3356, 137.3349
1533, 106.2400, 137.3049
1534, 111.8970, 137.2768
1535, 100.7280, 137.2478
1536, 131.7381, 137.2203
1537, 109.0426, 137.1893
1538, 107.8000, 137.1588
1539, 104.7783, 137.1288
1540, 123.8780, 137.0996
1541, 121.9568, 137.0686
1542, 123.3496, 137.0359
1543, 103.4273, 137.0050
1544, 112.5786, 136.9764
1545, 112.5868, 136.9491
1546, 117.9736, 136.9211
1547, 129.1128, 136.8882
1548, 130.8510, 136.8537
1549, 110.6572, 136.8189
1550, 93.2101, 136.7873
1551, 105.8175, 136.7621
1552, 114.9614, 136.7367
1553, 121.2459, 136.7090
1554, 113.6763, 136.6769
1555, 152.2156, 136.6431
1556, 105.0245, 136.6078
1557, 99.5676, 136.5767
1558, 101.9889, 136.5487
1559, 107.2869, 136.5236
1560, 114.0408, 136.4981
1561, 116.4729, 136.4684
1562, 128.1834, 136.4346
1563, 101.4656, 136.3987
1564, 115.0651, 136.3682
1565, 126.8931, 136.3354
1566, 118.3428, 136.3022
1567, 137.6405, 136.2674
1568, 131.3080, 136.2290
1569, 113.4320, 136.1899
1570, 121.1074, 136.1535
1571, 103.8534, 136.1174
1572, 138.9935, 136.0837
1573, 126.4357, 136.0468
1574, 124.9290, 136.0105
1575, 110.7015, 135.9735
1576, 102.1756, 135.9384
1577, 109.7409, 135.9053
1578, 103.1223, 135.8736
1579, 118.2779, 135.8453
1580, 111.2806, 135.8174
1581, 102.0627, 135.7916
1582, 117.7384, 135.7665
1583, 111.0360, 135.7407
1584, 132.2411, 135.7114
1585, 107.3282, 135.6789
1586, 113.0459, 135.6480
1587, 93.8401, 135.6190
1588, 105.4139, 135.5942
1589, 106.9207, 135.5685
1590, 117.4864, 135.5397
1591, 106.2603, 135.5095
1592, 114.2860, 135.4805
1593, 113.1789, 135.4495
1594, 115.9856, 135.4166
1595, 98.2702, 135.3869
1596, 119.5469, 135.3617
1597, 115.0173, 135.3339
1598, 111.7474, 135.3048
1599, 118.4264, 135.2728
1600, 134.5884, 135.2395
1601, 139.0982, 135.2041
1602, 125.8885, 135.1655
1603, 111.9456, 135.1293
1604, 109.8679, 135.0978
1605, 117.2306, 135.0653
1606, 122.3739, 135.0317
1607, 103.6766, 134.9977
1608, 116.1847, 134.9668
1609, 110.8139, 134.9372
1610, 99.1467, 134.9078
1611, 105.4324, 134.8800
1612, 104.9150, 134.8536
1613, 101.4554, 134.8282
1614, 105.4403, 134.8035
1615, 111.4276, 134.7789
1616, 95.5071, 134.7536
1617, 93.6271, 134.7307
1618, 100.6887, 134.7102
1619, 92.2324, 134.6896
1620, 112.5675, 134.6712
1621, 98.1762, 134.6499
1622, 101.3756, 134.6294
1623, 101.5835, 134.6084
1624, 115.1205, 134.5868
1625, 103.9424, 134.5621
1626, 110.1580, 134.5366
1627, 127.4460, 134.5108
1628, 96.9115, 134.4812
1629, 106.2088, 134.4551
1630, 127.8432, 134.4278
1631, 109.6172, 134.3956
1632, 129.2164, 134.3634
1633, 111.5321, 134.3310
1634, 125.0673, 134.2982
1635, 119.7132, 134.2636
1636, 102.0119, 134.2294
1637, 111.7162, 134.1984
1638, 107.4099, 134.1676
1639, 99.4754, 134.1380
1640, 91.7969, 134.1120
1641, 99.7880, 134.0898
1642, 108.6905, 134.0669
1643, 101.5057, 134.0438
1644, 127.8077, 134.0194
1645, 100.7113, 133.9910
1646, 104.8488, 133.9647
1647, 119.2597, 133.9380
1648, 101.4878, 133.9114
1649, 108.1333, 133.8843
1650, 143.5915, 133.8546
1651, 120.5578, 133.8198
1652, 122.7064, 133.7849
1653, 118.7683, 133.7473
1654, 119.4102, 133.7113
1655, 120.2380, 133.6743
1656, 119.6476, 133.6371
1657, 121.5565, 133.6012
1658, 121.2006, 133.5669
1659, 105.0087, 133.5338
1660, 154.1472, 133.5018
1661, 121.0333, 133.4641
1662, 136.8170, 133.4271
1663, 99.4435, 133.3901
1664, 109.0721, 133.3576
1665, 122.9647, 133.3272
1666, 107.1327, 133.2973
1667, 116.8033, 133.2689
1668, 108.6016, 133.2383
1669, 123.8778, 133.2086
1670, 105.7375, 133.1801
1671, 115.1540, 133.1524
1672, 112.8172, 133.1249
1673, 131.9465, 133.0939
1674, 112.4827, 133.0590
1675, 112.0728, 133.0246
1676, 105.2798, 132.9915
1677, 97.1674, 132.9614
1678, 98.2382, 132.9347
1679, 127.8928, 132.9079
1680, 137.6332, 132.8784
1681, 119.1282, 132.8456
1682, 105.9178, 132.8144
1683, 124.3777, 132.7862
1684, 123.9523, 132.7562
1685, 118.4955, 132.7236
1686, 104.0333, 132.6912
1687, 104.6182, 132.6616
1688, 124.5314, 132.6326
1689, 99.8498, 132.6040
1690, 104.1029, 132.5785
1691, 101.4247, 132.5536
1692, 110.0781, 132.5295
1693, 96.0857, 132.5059
1694, 120.2023, 132.4845
1695, 108.9017, 132.4603
1696, 125.3650, 132.4355
1697, 118.2261, 132.4058
1698, 105.1279, 132.3752
1699, 101.5252, 132.3471
1700, 126.1404, 132.3193
1701, 102.0141, 132.2882
1702, 126.8500, 132.2586
1703, 111.7860, 132.2292
1704, 108.6058, 132.2010
1705, 116.9216, 132.1745
1706, 105.1854, 132.1469
1707, 114.0364, 132.1197
1708, 120.6459, 132.0914
1709, 106.5662, 132.0618
1710, 131.7561, 132.0331
1711, 108.4097, 132.0026
1712, 96.8081, 131.9739
1713, 124.0025, 131.9473
1714, 106.0282, 131.9172
1715, 104.0997, 131.8882
1716, 97.6768, 131.8605
1717, 95.4998, 131.8359
1718, 101.8965, 131.8135
1719, 103.3122, 131.7922
1720, 120.1591, 131.7687
1721, 116.8041, 131.7412
1722, 111.3298, 131.7136
1723, 105.4133, 131.6858
1724, 97.9512, 131.6585
1725, 100.3995, 131.6342
1726, 118.6671, 131.6091
1727, 92.2535, 131.5837
1728, 104.0241, 131.5625
1729, 126.1776, 131.5373
1730, 113.8957, 131.5090
1731, 111.5505, 131.4809
1732, 98.5878, 131.4540
1733, 100.9634, 131.4291
1734, 108.9251, 131.4046
1735, 111.7976, 131.3778
1736, 101.4551, 131.3524
1737, 108.0604, 131.3266
1738, 102.0558, 131.3022
1739, 114.2006, 131.2786
1740, 103.8533, 131.2526
1741, 101.0265, 131.2257
1742, 95.8673, 131.2012
1743, 100.1973, 131.1795
1744, 113.0460, 131.1579
1745, 114.3182, 131.1347
1746, 107.4031, 131.1092
1747, 94.8051, 131.0826
1748, 99.7372, 131.0597
1749, 97.9634, 131.0378
1750, 92.9954, 131.0167
1751, 99.7857, 130.9981
1752, 102.5973, 130.9773
1753, 117.2187, 130.9549
1754, 106.7855, 130.9292
1755, 105.6213, 130.9028
1756, 101.5861, 130.8778
1757, 108.1959, 130.8532
1758, 115.1816, 130.8250
1759, 90.7773, 130.7975
1760, 118.9796, 130.7748
1761, 113.9873, 130.7484
1762, 109.1471, 130.7171
1763, 112.1200, 130.6859
1764, 120.2826, 130.6539
1765, 100.6228, 130.6215
1766, 103.3959, 130.5937
1767, 105.0674, 130.5658
1768, 105.0608, 130.5367
1769, 94.7564, 130.5100
1770, 97.9838, 130.4871
1771, 116.6469, 130.4641
1772, 103.3854, 130.4399
1773, 125.1649, 130.4144
1774, 114.6274, 130.3838
1775, 110.3321, 130.3542
1776, 101.7984, 130.3242
1777, 112.2078, 130.2957
1778, 102.2000, 130.2684
1779, 114.6595, 130.2422
1780, 110.2220, 130.2146
1781, 90.1810, 130.1883
1782, 117.6019, 130.1661
1783, 104.0054, 130.1407
1784, 99.2131, 130.1160
1785, 93.3839, 130.0942
1786, 127.6465, 130.0717
1787, 112.2779, 130.0420
1788, 131.3740, 130.0109
1789, 101.2686, 129.9775
1790, 116.8792, 129.9464
1791, 105.7347, 129.9141
1792, 121.6443, 129.8834
1793, 96.7143, 129.8525
1794, 126.6521, 129.8256
1795, 100.0371, 129.7954
1796, 106.9667, 129.7664
1797, 97.0739, 129.7379
1798, 114.8219, 129.7123
1799, 97.1206, 129.6853
1800, 119.3882, 129.6585
1801, 141.2942, 129.6269
1802, 115.1555, 129.5921
1803, 100.9730, 129.5580
1804, 102.1994, 129.5278
1805, 114.5549, 129.4984
1806, 97.6551, 129.4692
1807, 111.5899, 129.4434
1808, 100.9677, 129.4182
1809, 136.1146, 129.3927
1810, 114.3089, 129.3636
1811, 103.8934, 129.3335
1812, 113.2232, 129.3039
1813, 107.5645, 129.2733
1814, 110.2675, 129.2465
1815, 97.5550, 129.2196
1816, 119.1261, 129.1935
1817, 118.7835, 129.1649
1818, 108.6154, 129.1336
1819, 111.9527, 129.1024
1820, 110.4868, 129.0727
1821, 117.1080, 129.0420
1822, 105.3975, 129.0116
1823, 97.8197, 128.9851
1824, 110.9216, 128.9611
1825, 107.0606, 128.9369
1826, 95.7277, 128.9133
1827, 110.6645, 128.8904
1828, 91.2997, 128.8664
1829, 108.0984, 128.8446
1830, 97.3541, 128.8216
1831, 118.3889, 128.7987
1832, 116.1833, 128.7717
1833, 111.2367, 128.7444
1834, 100.7251, 128.7171
1835, 89.2518, 128.6918
1836, 118.9341, 128.6707
1837, 115.2750, 128.6467
1838, 96.4186, 128.6218
1839, 122.7426, 128.5961
1840, 146.1911, 128.5692
1841, 107.0977, 128.5371
1842, 120.8609, 128.5053
1843, 115.9247, 128.4719
1844, 108.4397, 128.4392
1845, 118.5533, 128.4073
1846, 112.0235, 128.3754
1847, 90.1372, 128.3458
1848, 116.2731, 128.3215
1849, 111.2308, 128.2972
1850, 105.6639, 128.2698
1851, 101.0544, 128.2422
1852, 112.5354, 128.2165
1853, 132.6501, 128.1888
1854, 107.3329, 128.1580
1855, 103.3383, 128.1304
1856, 98.5825, 128.1056
1857, 107.2770, 128.0815
1858, 91.1456, 128.0576
1859, 110.0521, 128.0366
1860, 97.4638, 128.0150
1861, 114.6422, 127.9940
1862, 112.3343, 127.9685
1863, 139.3237, 127.9409
1864, 109.0636, 127.9086
1865, 93.7662, 127.8806
1866, 112.7381, 127.8571
1867, 104.9342, 127.8321
1868, 110.9397, 127.8089
1869, 95.5536, 127.7846
1870, 88.8211, 127.7651
1871, 88.5362, 127.7487
1872, 111.4472, 127.7330
1873, 107.7664, 127.7130
1874, 104.5247, 127.6897
1875, 107.3624, 127.6652
1876, 113.4228, 127.6405
1877, 110.9268, 127.6138
1878, 115.3787, 127.5855
1879, 99.7269, 127.5569
1880, 101.9795, 127.5290
1881, 115.8184, 127.5015
1882, 94.6131, 127.4727
1883, 90.9330, 127.4488
1884, 98.4016, 127.4279
1885, 103.6756, 127.4074
1886, 113.3257, 127.3851
1887, 102.7137, 127.3595
1888, 119.8504, 127.3336
1889, 107.3209, 127.3053
1890, 105.3275, 127.2799
1891, 94.3685, 127.2536
1892, 98.9473, 127.2313
1893, 101.6296, 127.2105
1894, 112.8170, 127.1881
1895, 97.6950, 127.1622
1896, 99.5344, 127.1400
1897, 105.9520, 127.1172
1898, 100.9376, 127.0922
1899, 114.1421, 127.0686
1900, 144.8463, 127.0406
1901, 113.1613, 127.0076
1902, 110.4151, 126.9766
1903, 97.9552, 126.9457
1904, 94.8872, 126.9205
1905, 102.7203, 126.8981
1906, 103.7473, 126.8752
1907, 96.7583, 126.8537
1908, 104.7332, 126.8320
1909, 112.9880, 126.8082
1910, 114.2418, 126.7834
1911, 123.9384, 126.7548
1912, 99.1395, 126.7227
1913, 118.7347, 126.6927
1914, 125.1784, 126.6606
1915, 119.5042, 126.6274
1916, 125.7734, 126.5948
1917, 94.8590, 126.5629
1918, 118.5021, 126.5352
1919, 107.3164, 126.5059
1920, 114.0195, 126.4795
1921, 109.2395, 126.4520
1922, 94.4690, 126.4231
1923, 91.9642, 126.3996
1924, 94.0421, 126.3799
1925, 96.2646, 126.3607
1926, 88.3643, 126.3451
1927, 104.9686, 126.3306
1928, 90.6195, 126.3128
1929, 95.9954, 126.2962
1930, 95.8724, 126.2791
1931, 111.5221, 126.2622
1932, 117.8083, 126.2414
1933, 118.6186, 126.2127
1934, 96.6642, 126.1843
1935, 121.9281, 126.1591
1936, 109.4343, 126.1328
1937, 88.8134, 126.1077
1938, 96.4955, 126.0866
1939, 106.5998, 126.0658
1940, 100.4506, 126.0424
1941, 102.3349, 126.0183
1942, 96.3150, 125.9937
1943, 102.4046, 125.9699
1944, 95.3486, 125.9470
1945, 115.3516, 125.9258
1946, 104.4345, 125.9010
1947, 105.9419, 125.8744
1948, 102.7466, 125.8458
1949, 101.5800, 125.8165
1950, 94.4814, 125.7890
1951, 113.0105, 125.7658
1952, 133.6400, 125.7410
1953, 102.9266, 125.7116
1954, 119.8566, 125.6821
1955, 96.7507, 125.6507
1956, 123.1314, 125.6208
1957, 102.7994, 125.5893
1958, 100.2070, 125.5597
1959, 105.6660, 125.5310
1960, 120.4706, 125.5044
1961, 124.8321, 125.4775
1962, 109.7616, 125.4464
1963, 103.2950, 125.4151
1964, 101.5291, 125.3865
1965, 117.6223, 125.3588
1966, 105.3850, 125.3341
1967, 112.0804, 125.3113
1968, 98.0185, 125.2869
1969, 90.1790, 125.2643
1970, 101.6575, 125.2442
1971, 112.5497, 125.2240
1972, 113.9876, 125.1999
1973, 143.8438, 125.1723
1974, 109.9859, 125.1413
1975, 104.5581, 125.1125
1976, 89.1000, 125.0848
1977, 109.7168, 125.0596
1978, 101.6477, 125.0325
1979, 93.9374, 125.0054
1980, 114.9555, 124.9812
1981, 104.6555, 124.9551
1982, 112.1851, 124.9286
1983, 113.1546, 124.9024
1984, 110.6660, 124.8756
1985, 107.4457, 124.8481
1986, 100.1700, 124.8244
1987, 91.4872, 124.7996
1988, 103.7562, 124.7783
1989, 113.1697, 124.7550
1990, 113.2343, 124.7305
1991, 89.7550, 124.7032
1992, 113.5764, 124.6796
1993, 94.7076, 124.6562
1994, 108.6900, 124.6343
1995, 115.2851, 124.6122
1996, 108.6586, 124.5871
1997, 99.7633, 124.5628
1998, 117.3771, 124.5358
1999, 100.4883, 124.5068
2000, 107.1584, 124.4794
Test RMSE: 9.7368, MAE: 1.2023
