Epoch, Train Loss, Validation Loss
1, 188.0960, 220.8155
2, 187.9661, 220.6875
3, 187.7910, 220.4234
4, 187.5781, 219.6224
5, 186.3580, 216.0036
6, 178.9432, 193.0518
7, 144.3065, 111.5988
8, 97.2262, 67.6965
9, 83.7068, 62.4001
10, 82.2300, 58.8330
11, 81.7096, 58.5339
12, 81.6875, 60.8073
13, 81.4944, 61.3159
14, 81.4115, 60.4493
15, 81.0893, 61.2903
16, 81.0204, 65.0053
17, 81.1129, 57.0195
18, 80.9021, 59.8037
19, 80.6457, 55.1743
20, 80.8377, 57.3719
21, 80.3488, 66.0119
22, 80.6662, 57.4284
23, 79.8812, 57.4984
24, 79.8169, 63.2690
25, 79.9095, 61.3868
26, 79.6287, 59.3721
27, 79.2367, 58.2866
28, 79.1698, 59.7287
29, 79.2173, 55.6756
30, 78.8462, 59.0222
31, 78.5639, 59.9267
32, 78.4465, 60.5486
33, 78.0342, 61.4351
34, 77.9043, 56.2641
35, 77.4338, 58.3142
36, 77.0533, 59.6704
37, 76.9332, 54.3026
38, 76.6368, 54.1612
39, 76.0157, 56.2011
40, 75.8394, 57.3767
41, 75.2104, 49.3351
42, 75.0512, 55.1079
43, 74.9704, 50.5060
44, 74.2335, 48.0566
45, 74.3151, 48.7233
46, 73.9326, 47.9250
47, 72.8009, 51.7502
48, 72.6613, 46.1373
49, 72.6781, 57.4867
50, 73.5082, 51.7857
51, 72.5722, 46.6265
52, 73.6705, 57.2300
53, 71.2925, 44.9500
54, 72.7168, 50.2270
55, 72.5237, 46.1962
56, 71.4729, 53.4847
57, 70.7985, 44.4920
58, 70.6888, 53.2994
59, 70.9343, 57.0750
60, 74.1756, 50.3131
61, 70.0743, 49.8299
62, 70.5836, 48.0993
63, 72.7305, 50.5231
64, 72.8573, 62.3956
65, 69.3499, 60.1325
66, 71.0342, 46.5970
67, 70.3738, 54.6684
68, 73.3014, 50.1389
69, 70.2740, 49.3335
70, 71.0389, 46.0560
71, 71.9440, 52.6608
72, 69.5838, 66.4793
73, 70.1681, 48.4131
74, 71.2931, 55.0301
75, 69.5315, 54.0586
76, 68.8506, 59.1066
77, 71.1758, 49.4583
78, 70.1222, 44.0150
79, 68.7283, 42.7611
80, 68.6184, 47.8639
81, 68.7705, 45.5508
82, 69.8202, 52.6867
83, 68.2369, 44.2885
84, 68.7654, 42.3414
85, 67.8664, 46.9406
86, 69.8299, 64.8511
87, 69.5652, 44.1093
88, 68.2730, 43.4895
89, 68.2556, 47.5288
90, 69.7049, 43.7466
91, 70.3158, 59.2101
92, 68.5426, 67.6388
93, 68.7964, 42.0949
94, 67.1015, 59.9495
95, 67.3352, 48.8901
96, 71.4278, 49.3872
97, 69.2610, 49.4359
98, 69.3377, 45.0024
99, 66.8215, 41.3866
100, 69.3031, 42.7896
101, 69.2796, 49.3155
102, 69.6136, 48.4297
103, 68.9355, 66.3894
104, 68.1422, 55.3724
105, 69.0064, 42.5555
106, 68.4792, 42.1203
107, 67.4972, 42.6329
108, 67.2940, 42.3666
109, 66.4812, 41.7614
110, 68.5674, 41.0942
111, 67.7480, 50.7904
112, 66.7348, 43.2369
113, 69.5883, 41.5632
114, 67.6488, 96.0258
115, 69.3284, 59.6686
116, 67.7366, 44.2193
117, 67.1208, 41.9813
118, 66.8220, 63.6951
119, 68.3646, 42.0539
120, 67.4101, 46.3051
121, 68.2460, 45.1978
122, 67.2836, 42.3435
123, 68.0088, 49.5194
124, 68.1575, 63.1095
125, 67.7966, 69.4726
126, 67.3172, 41.8147
127, 67.8073, 46.1619
128, 67.4571, 41.4692
129, 66.0002, 45.9674
130, 66.7992, 44.4656
131, 70.6082, 41.3002
132, 68.9050, 43.6295
133, 65.9864, 46.4742
134, 67.9840, 41.7162
135, 66.3280, 71.5576
136, 67.1782, 41.8340
137, 66.8906, 47.9912
138, 67.7934, 55.9823
139, 69.2427, 51.1227
140, 66.2165, 43.2573
141, 66.7283, 42.7868
142, 66.2205, 45.0943
143, 67.5568, 41.9513
144, 66.7723, 43.6799
145, 66.3319, 53.7960
146, 67.1963, 53.3613
147, 65.8706, 50.5431
148, 66.9099, 69.5703
149, 65.6634, 41.2306
150, 66.6354, 57.6685
151, 66.8375, 40.9644
152, 65.5279, 42.8947
153, 68.5864, 42.8797
154, 66.2910, 43.9710
155, 68.2769, 52.5269
156, 67.6833, 46.8623
157, 67.0125, 51.6487
158, 66.1356, 49.1636
159, 65.7081, 42.7543
160, 67.2972, 43.9284
161, 66.7146, 45.9344
162, 68.5894, 54.3776
163, 68.2383, 45.2961
164, 65.8223, 41.4785
165, 65.0465, 50.2432
166, 67.0174, 56.1498
167, 65.6376, 43.4849
168, 66.2876, 41.3620
169, 66.7237, 42.7603
170, 66.0088, 52.4078
171, 66.8629, 50.8648
172, 66.3324, 54.5945
173, 66.3166, 42.8150
174, 65.3672, 44.7723
175, 66.9137, 62.5946
176, 66.7296, 48.0810
177, 66.2293, 41.1101
178, 66.1913, 42.6928
179, 65.8384, 40.8639
180, 65.1764, 43.8687
181, 65.3583, 43.8996
182, 65.9098, 58.3965
183, 66.2444, 40.7980
184, 66.5644, 42.1067
185, 68.6682, 44.8680
186, 67.0818, 42.5532
187, 66.0182, 45.0960
188, 66.8617, 45.6938
189, 65.5079, 43.4551
190, 68.6911, 40.9782
191, 66.0704, 45.8582
192, 65.0754, 42.1148
193, 67.2496, 40.9269
194, 64.4705, 46.5139
195, 65.7883, 45.6823
196, 65.2554, 50.4611
197, 65.8761, 45.3330
198, 64.8778, 40.5438
199, 67.2048, 50.2838
200, 66.9701, 42.2459
201, 66.6585, 40.7808
202, 64.5631, 40.9407
203, 64.9557, 53.9478
204, 64.3361, 47.7653
205, 64.9463, 41.0196
206, 66.8284, 40.5140
207, 64.6633, 51.0839
208, 67.8955, 41.7359
209, 65.0857, 56.9247
210, 65.3053, 41.5701
211, 66.7653, 44.3536
212, 64.3087, 40.4266
213, 65.4638, 41.4128
214, 66.2475, 51.1724
215, 65.6060, 47.2384
216, 64.9874, 45.6603
217, 65.1085, 41.5286
218, 65.3223, 46.5516
219, 63.8469, 45.0516
220, 65.4589, 65.6495
221, 64.3647, 47.2049
222, 65.1372, 43.8794
223, 66.5247, 40.6717
224, 65.7077, 64.8259
225, 65.6070, 41.0650
226, 65.0009, 44.4598
227, 66.1801, 40.6959
228, 64.2074, 40.4296
229, 64.9557, 46.7293
230, 65.7065, 46.2725
231, 65.0733, 49.2408
232, 66.1538, 40.1098
233, 66.0860, 62.5396
234, 66.0885, 43.8235
235, 65.8321, 42.8325
236, 64.4619, 40.3981
237, 65.8063, 40.5766
238, 64.2613, 43.8993
239, 63.9969, 41.0640
240, 66.1023, 41.0003
241, 64.2958, 53.0351
242, 64.8760, 40.0396
243, 64.9235, 41.4352
244, 65.8195, 46.9326
245, 64.4984, 40.1581
246, 64.4425, 57.8311
247, 64.7480, 40.2674
248, 65.3050, 41.2289
249, 64.7336, 47.3960
250, 65.7424, 52.3101
251, 65.3692, 51.3052
252, 64.0415, 41.7377
253, 64.3066, 41.6346
254, 63.9520, 40.5504
255, 63.6579, 43.9163
256, 64.5215, 39.7914
257, 65.3719, 50.0937
258, 65.5200, 39.7485
259, 63.9185, 51.2490
260, 64.5089, 40.5810
261, 63.9920, 43.0685
262, 63.3957, 46.7023
263, 63.7896, 43.3981
264, 63.3999, 53.4212
265, 66.3550, 40.0548
266, 65.6356, 39.8308
267, 62.8665, 43.3246
268, 65.2315, 40.7007
269, 63.6213, 42.2848
270, 62.7041, 59.3866
271, 63.1097, 40.3653
272, 64.9151, 42.9185
273, 64.8985, 39.6255
274, 65.7097, 39.8961
275, 64.3688, 39.5716
276, 64.2459, 46.7789
277, 64.2079, 42.5642
278, 64.2932, 46.1678
279, 65.8772, 40.9233
280, 63.6830, 39.5986
281, 63.0107, 64.9938
282, 63.4321, 39.3519
283, 65.3168, 39.2017
284, 64.4726, 41.8489
285, 63.2220, 39.2556
286, 65.3456, 39.2027
287, 64.2205, 41.1092
288, 64.7043, 40.7485
289, 64.4633, 47.0772
290, 63.4267, 39.1916
291, 63.3403, 49.5137
292, 62.4729, 40.4039
293, 63.6498, 56.3299
294, 64.0424, 40.4442
295, 62.3167, 47.7555
296, 62.6993, 46.2547
297, 64.1256, 38.9966
298, 64.3684, 41.2903
299, 63.1386, 53.5826
300, 64.5751, 53.6579
301, 62.6268, 56.1488
302, 62.8511, 39.4054
303, 61.6757, 55.3801
304, 62.8650, 44.1143
305, 64.5895, 38.5292
306, 63.0191, 40.6173
307, 61.1665, 47.5524
308, 64.3944, 39.8698
309, 63.4979, 69.0584
310, 62.2192, 54.8242
311, 61.4491, 50.2935
312, 61.0878, 38.9933
313, 62.9064, 49.5408
314, 63.3444, 42.4014
315, 62.2289, 60.4691
316, 62.8809, 38.7084
317, 64.7512, 43.1902
318, 62.1206, 53.2651
319, 63.8083, 45.0061
320, 62.8014, 38.4557
321, 64.7609, 41.7037
322, 62.7093, 55.5657
323, 63.6681, 59.2921
324, 61.8804, 38.7225
325, 63.3932, 39.0571
326, 62.2524, 48.2059
327, 62.3532, 39.0256
328, 62.3330, 52.2125
329, 62.5112, 41.2248
330, 62.0663, 39.5840
331, 61.1445, 39.0448
332, 62.9410, 39.3506
333, 62.8546, 41.8999
334, 62.6403, 43.3107
335, 61.1178, 38.7597
336, 61.3949, 39.4735
337, 62.8481, 43.2217
338, 62.8862, 42.3717
339, 62.0763, 38.0863
340, 62.3038, 39.6115
341, 60.8225, 37.7226
342, 62.4262, 97.6269
343, 66.0168, 39.0405
344, 62.7652, 43.4138
345, 59.7467, 39.6545
346, 64.5683, 39.3166
347, 61.7915, 37.0979
348, 61.9446, 40.1129
349, 61.1878, 64.8735
350, 60.8033, 44.3440
351, 60.8493, 79.9510
352, 63.5715, 40.6114
353, 62.4627, 44.0248
354, 61.4624, 42.6797
355, 60.7209, 44.7372
356, 61.3947, 37.6174
357, 62.2375, 46.5886
358, 62.0153, 51.1926
359, 62.6561, 42.9606
360, 63.4869, 38.8843
361, 61.7105, 41.6420
362, 60.7087, 38.1785
363, 63.1694, 53.3641
364, 60.6124, 50.8423
365, 61.9612, 38.1523
366, 60.8227, 43.9076
367, 62.5224, 39.1581
368, 60.0995, 37.6662
369, 61.4158, 52.8236
370, 60.6325, 37.7805
371, 62.2932, 45.2249
372, 60.5507, 39.3094
373, 58.9720, 48.3349
374, 61.3819, 37.3950
375, 62.8507, 36.4044
376, 60.2708, 40.9331
377, 62.9940, 38.4030
378, 61.5358, 43.0937
379, 62.2194, 60.8752
380, 59.2298, 49.4360
381, 60.5415, 40.0012
382, 60.5729, 36.6396
383, 59.0670, 36.2328
384, 62.0722, 48.3494
385, 59.9183, 39.2156
386, 59.8900, 37.0643
387, 62.0672, 37.7533
388, 61.5770, 37.7582
389, 61.3053, 48.1002
390, 60.5747, 41.3420
391, 60.9300, 40.8482
392, 59.1557, 35.8641
393, 61.8267, 43.7098
394, 58.4475, 76.7641
395, 61.8749, 65.4800
396, 60.6137, 43.7858
397, 59.4904, 38.9296
398, 60.5189, 43.1669
399, 60.7998, 42.1088
400, 58.9987, 77.1688
401, 64.2105, 39.0619
402, 60.5595, 37.0754
403, 62.4276, 37.2874
404, 61.0755, 45.6529
405, 58.4778, 43.2500
406, 58.9048, 37.4840
407, 59.7336, 40.6373
408, 60.3967, 38.4971
409, 59.8546, 38.0314
410, 59.6565, 37.5270
411, 57.7856, 50.5102
412, 60.7993, 43.9445
413, 59.8899, 40.7975
414, 60.7687, 59.2051
415, 59.2550, 36.8393
416, 59.8733, 37.8346
417, 57.8386, 37.8110
418, 58.3761, 37.4046
419, 59.9556, 37.3723
420, 60.6362, 52.2931
421, 60.6972, 35.8064
422, 60.7871, 49.3317
423, 59.7586, 35.6294
424, 58.4034, 36.8240
425, 59.3056, 36.2060
426, 60.3082, 36.6770
427, 58.3670, 39.1127
428, 61.3581, 36.6978
429, 64.9619, 41.1745
430, 58.4138, 40.4049
431, 57.4990, 35.9680
432, 59.1451, 39.8828
433, 58.3045, 39.6096
434, 59.7758, 39.0740
435, 58.4486, 36.5129
436, 59.6888, 36.2472
437, 60.3224, 37.5337
438, 58.6906, 38.7938
439, 58.4773, 50.6699
440, 57.1050, 37.4327
441, 59.7124, 37.5883
442, 58.9208, 37.8752
443, 58.9649, 35.7610
444, 59.7939, 37.6869
445, 59.3831, 38.5555
446, 59.4232, 38.6987
447, 59.0684, 36.8382
448, 59.0793, 35.6923
449, 56.7189, 42.4089
450, 58.3876, 40.1510
451, 62.0382, 37.6726
452, 56.6740, 34.9258
453, 58.4228, 47.5102
454, 59.6493, 37.1126
455, 57.3447, 39.8756
456, 59.1075, 45.7591
457, 58.7675, 34.9466
458, 60.6235, 37.3382
459, 57.4455, 36.5766
460, 59.1762, 40.0475
461, 58.8928, 43.6750
462, 58.4111, 45.6004
463, 60.1359, 36.8433
464, 58.3685, 45.5931
465, 57.9579, 39.6474
466, 57.8731, 47.8414
467, 59.0106, 41.1132
468, 56.9622, 44.7621
469, 59.5104, 39.0250
470, 58.8341, 40.6971
471, 56.6223, 37.7531
472, 57.7510, 37.8882
473, 57.7962, 36.6325
474, 57.5704, 35.1019
475, 56.9011, 36.8475
476, 57.3159, 41.6009
477, 56.8704, 36.8778
478, 59.8441, 36.6592
479, 59.0819, 38.0976
480, 59.1235, 36.5214
481, 60.0176, 40.3962
482, 56.0048, 36.6548
483, 60.2130, 35.7086
484, 57.8144, 36.1086
485, 58.1060, 60.6552
486, 56.3824, 35.8765
487, 55.8626, 37.0409
488, 56.1034, 35.0905
489, 59.5656, 36.1307
490, 56.5285, 37.0789
491, 59.0133, 49.3912
492, 56.5259, 41.4933
493, 57.8196, 34.9468
494, 59.4476, 36.9972
495, 55.0968, 37.7286
496, 58.3436, 34.9988
497, 57.8599, 38.2867
498, 57.8519, 35.1096
499, 58.7856, 35.9770
500, 57.4666, 38.0199
501, 56.6771, 47.3495
502, 58.4780, 50.9278
503, 56.3112, 42.3588
504, 56.7446, 46.2175
505, 56.4946, 36.7095
506, 57.7093, 35.3145
507, 56.8829, 38.4720
508, 58.2288, 44.7881
509, 57.1321, 36.1047
510, 54.9253, 36.2443
511, 56.7540, 35.3552
512, 58.2289, 40.2019
513, 54.7171, 35.3509
514, 57.4017, 39.8616
515, 55.0751, 38.8799
516, 56.0456, 35.7277
517, 57.9656, 36.6812
518, 55.9518, 37.6172
519, 56.8915, 41.1772
520, 57.3754, 40.2017
521, 57.0156, 35.7983
522, 57.8959, 37.5768
523, 56.4581, 36.3106
524, 53.3859, 56.3201
525, 58.2748, 42.1953
526, 54.3058, 39.2016
527, 60.3772, 39.8402
528, 56.1111, 38.2866
529, 54.3969, 37.6592
530, 56.4107, 37.3257
531, 57.4045, 44.2369
532, 57.0787, 36.5871
533, 55.9563, 38.4717
534, 56.4709, 45.5745
535, 59.6492, 36.0895
536, 54.9934, 37.5075
537, 57.1150, 36.9351
538, 57.5398, 35.5293
539, 56.2502, 39.6744
540, 54.1301, 39.8653
541, 55.9469, 36.0078
542, 53.8980, 48.4888
543, 54.7046, 36.7395
544, 55.9377, 35.6362
545, 55.7607, 36.3940
546, 54.6008, 38.6224
547, 53.9612, 36.1092
548, 54.7539, 43.1704
549, 56.2931, 37.0317
550, 54.1362, 35.6578
551, 54.5993, 42.3089
552, 56.4414, 35.3256
553, 54.6680, 36.4895
554, 54.7641, 36.9878
555, 55.9409, 36.3476
556, 53.9758, 34.7996
557, 56.5303, 49.9541
558, 52.4965, 60.0969
559, 56.0498, 36.0359
560, 53.8285, 36.1269
561, 54.0462, 35.0292
562, 53.2167, 37.7758
563, 55.0092, 38.9688
564, 57.1133, 61.2148
565, 56.6706, 36.1501
566, 56.2630, 36.1955
567, 52.9477, 36.0167
568, 53.9354, 51.1155
569, 53.9336, 38.8540
570, 54.5923, 39.8997
571, 53.9008, 54.9910
572, 56.1884, 39.4211
573, 55.7333, 42.5518
574, 52.3759, 36.5172
575, 54.8180, 37.6599
576, 55.9917, 38.0185
577, 52.7455, 161.1409
578, 56.1595, 37.0105
579, 54.4115, 36.8502
580, 54.6420, 37.7200
581, 53.7301, 36.0311
582, 55.1779, 36.3732
583, 52.8010, 39.9425
584, 53.1119, 36.1481
585, 55.3905, 38.3006
586, 53.9482, 39.6909
587, 54.5727, 35.6829
588, 54.9166, 37.2449
589, 53.1201, 39.1714
590, 51.7463, 40.4403
591, 53.5569, 42.4963
592, 55.0798, 36.9797
593, 52.0617, 65.9034
594, 52.7211, 35.8860
595, 55.4152, 35.5806
596, 53.3881, 43.1754
597, 52.2736, 38.1608
598, 52.4781, 37.2505
599, 54.3448, 36.2273
600, 56.0075, 37.1442
601, 53.6863, 37.0668
602, 53.4140, 51.8799
603, 53.2090, 39.4071
604, 52.8295, 35.5598
605, 53.8318, 35.4545
606, 53.3644, 44.1494
607, 52.2027, 36.7306
608, 53.4708, 37.6911
609, 54.2560, 36.6790
610, 54.4699, 36.8716
611, 52.3829, 38.0605
612, 53.2663, 38.5350
613, 53.2876, 38.1956
614, 54.0143, 49.8973
615, 53.5232, 36.3279
616, 53.5815, 47.4428
617, 56.2985, 38.9870
618, 52.0970, 36.9851
619, 53.6503, 37.2840
620, 50.9020, 36.1755
621, 53.1887, 37.8676
622, 51.2321, 34.9859
623, 52.3927, 37.0094
624, 52.5759, 35.9572
625, 53.2542, 41.8377
626, 53.7429, 42.8055
627, 53.3737, 37.5071
628, 51.3053, 39.6682
629, 55.4350, 36.8641
630, 53.7700, 37.8963
631, 52.0106, 60.8298
632, 54.1446, 48.5750
633, 55.5088, 49.3086
634, 52.9616, 37.7021
635, 51.6782, 35.6602
636, 53.8768, 63.7438
637, 51.4012, 36.0257
638, 51.8154, 39.9704
639, 51.5039, 37.0945
640, 53.2358, 38.6018
641, 52.4609, 39.6295
642, 51.7198, 38.5369
643, 53.3054, 44.0206
644, 53.4892, 36.6579
645, 52.4139, 39.9330
646, 51.7011, 37.7815
647, 53.4928, 38.0279
648, 51.4462, 42.9910
649, 52.3091, 36.9073
650, 52.2013, 38.9944
651, 52.6255, 35.8115
652, 50.6593, 36.4723
653, 53.7643, 60.4906
654, 52.8135, 42.4454
655, 52.4178, 39.2328
656, 50.9738, 42.6361
657, 51.4262, 35.4288
658, 55.3826, 36.3880
659, 50.5873, 38.9493
660, 53.6724, 38.3978
661, 52.1163, 41.6367
662, 53.8906, 35.9255
663, 50.8597, 36.6089
664, 52.4587, 38.6519
665, 53.6501, 61.5208
666, 53.2853, 39.3662
667, 51.1709, 52.1251
668, 51.7741, 43.4888
669, 53.4255, 40.6500
670, 53.4628, 40.9220
671, 51.5382, 36.7369
672, 51.5909, 37.3963
673, 51.9575, 44.4081
674, 54.3208, 44.8036
675, 54.3205, 37.3444
676, 52.4027, 38.4900
677, 51.5854, 35.9442
678, 51.3388, 40.5970
679, 51.5255, 38.9592
680, 52.0377, 37.7229
681, 55.3649, 41.4268
682, 52.1614, 39.3481
683, 52.9328, 40.5912
684, 51.3182, 38.4767
685, 52.1114, 36.4777
686, 50.8501, 36.9264
687, 52.0631, 39.0785
688, 53.0289, 49.7489
689, 51.1177, 47.7072
690, 52.5552, 41.2374
691, 52.7857, 36.8358
692, 52.0549, 38.3845
693, 52.9874, 40.2194
694, 51.4416, 37.3508
695, 51.2917, 50.5198
696, 50.7563, 45.1553
697, 52.4824, 41.1514
698, 51.7158, 39.0503
699, 49.6572, 38.6408
700, 51.1477, 35.3355
701, 53.4159, 39.9421
702, 52.2471, 44.3792
703, 52.9706, 38.1609
704, 52.1576, 37.8856
705, 53.2432, 41.5488
706, 51.4922, 38.3927
707, 50.0767, 41.7929
708, 54.3961, 44.7670
709, 53.5821, 37.9169
710, 51.0558, 113.4867
711, 53.6227, 38.4665
712, 50.5763, 40.4268
713, 53.8020, 38.9596
714, 52.3834, 42.8469
715, 50.4447, 39.2687
716, 53.2489, 38.0069
717, 52.4653, 38.7121
718, 49.8694, 37.1058
719, 49.7887, 39.8411
720, 51.2570, 38.0044
721, 54.0656, 37.2757
722, 52.5850, 37.2343
723, 50.6529, 40.1785
724, 56.1643, 39.0212
725, 51.4018, 45.2440
726, 50.7380, 52.8673
727, 52.4427, 39.7224
728, 50.2851, 42.0100
729, 51.5605, 38.1217
730, 49.5579, 38.7498
731, 49.7626, 36.9708
732, 50.5366, 41.1931
733, 50.6364, 37.4538
734, 49.5780, 88.0219
735, 53.9994, 39.0214
736, 51.6506, 52.5442
737, 53.1307, 37.5051
738, 48.4173, 37.0213
739, 50.6323, 38.7403
740, 53.0042, 67.0972
741, 51.2912, 37.8898
742, 49.8404, 41.6081
743, 50.0093, 42.6033
744, 54.9022, 41.4268
745, 51.4270, 39.7448
746, 49.2042, 38.6208
747, 50.0003, 42.5214
748, 50.6011, 39.5835
749, 48.9079, 53.8573
750, 50.0162, 49.7344
751, 49.8863, 36.2630
752, 53.5391, 42.6142
753, 50.2254, 43.9726
754, 53.2811, 42.0650
755, 49.7490, 41.5533
756, 50.4359, 38.0188
757, 51.5478, 37.9354
758, 49.7830, 52.7712
759, 52.0314, 38.0285
760, 50.3342, 36.0562
761, 51.1576, 39.7155
762, 49.3514, 38.6203
763, 50.0252, 38.8336
764, 52.0533, 37.4871
765, 49.8759, 39.6922
766, 48.5444, 37.9321
767, 50.1521, 40.0522
768, 49.7791, 55.9778
769, 52.3821, 39.4812
770, 50.1768, 42.2434
771, 48.6108, 40.5973
772, 50.6190, 38.6335
773, 50.0025, 37.4122
774, 50.8295, 42.0776
775, 49.5752, 37.3196
776, 51.9698, 47.3987
777, 50.8341, 43.1828
778, 51.4928, 41.7045
779, 50.2701, 43.2093
780, 50.2822, 40.5452
781, 50.0776, 38.9951
782, 49.6180, 42.8128
783, 48.7896, 40.3601
784, 48.7040, 36.8277
785, 50.1923, 56.1093
786, 51.4503, 40.7424
787, 49.3412, 41.3210
788, 51.0218, 60.6529
789, 50.3277, 39.4120
790, 51.6735, 38.7355
791, 50.1148, 42.3244
792, 50.1143, 35.4181
793, 49.0151, 40.5181
794, 51.3399, 37.8111
795, 49.2431, 38.8531
796, 49.3177, 38.5368
797, 51.5380, 39.7764
798, 48.9258, 36.7242
799, 49.2089, 38.5912
800, 48.9413, 36.7340
801, 52.1748, 42.3331
802, 48.7364, 38.0433
803, 49.4769, 56.1363
804, 53.6714, 37.7603
805, 48.7562, 38.3577
806, 50.2715, 39.5886
807, 49.0268, 40.3250
808, 49.7013, 40.6696
809, 48.5361, 42.8522
810, 47.9572, 38.8875
811, 51.8897, 42.1273
812, 52.4720, 38.8878
813, 48.3502, 38.1951
814, 50.2935, 40.7868
815, 50.0730, 44.2634
816, 49.3286, 41.6578
817, 49.3938, 39.4673
818, 49.8079, 40.5632
819, 52.6209, 40.1953
820, 49.5625, 40.1242
821, 49.9474, 37.5052
822, 49.1318, 39.8820
823, 49.2295, 40.2567
824, 48.6851, 38.4583
825, 50.5757, 37.9227
826, 50.5166, 36.7275
827, 51.2875, 38.7391
828, 49.5002, 39.1496
829, 50.0652, 35.9832
830, 50.0080, 38.8685
831, 50.7005, 43.2614
832, 49.5364, 46.1371
833, 49.5299, 37.9321
834, 50.1483, 41.2499
835, 50.5960, 44.3611
836, 50.7231, 46.7560
837, 50.1154, 38.7241
838, 48.7604, 37.2856
839, 48.3708, 40.8787
840, 50.5708, 39.9439
841, 49.0021, 37.1849
842, 48.9066, 39.7630
843, 49.8580, 44.0416
844, 49.8058, 37.0910
845, 47.8083, 43.4682
846, 48.3094, 42.1817
847, 49.3408, 41.9902
848, 50.2345, 52.9292
849, 50.7410, 41.2499
850, 48.6666, 47.4495
851, 54.4544, 48.7496
852, 49.1307, 44.1028
853, 49.2332, 35.1551
854, 48.0232, 41.2590
855, 50.4883, 44.0789
856, 48.9546, 43.4713
857, 48.8667, 37.3805
858, 50.4133, 35.5123
859, 50.5128, 44.9043
860, 50.3105, 39.6697
861, 48.2101, 48.7859
862, 49.2240, 41.4393
863, 51.4209, 39.3021
864, 48.9460, 43.7826
865, 48.6885, 39.5455
866, 47.9458, 37.9251
867, 50.2053, 39.3848
868, 49.6008, 37.7217
869, 48.9316, 48.4038
870, 48.5398, 39.7851
871, 48.0901, 41.4965
872, 51.2269, 37.8796
873, 49.2598, 38.6419
874, 50.1136, 39.0049
875, 48.7624, 48.0907
876, 50.2303, 44.9388
877, 50.4133, 41.6794
878, 48.8618, 44.9217
879, 49.8451, 37.0621
880, 48.1735, 39.3871
881, 47.8898, 43.2317
882, 48.2039, 39.8953
883, 50.0174, 41.1573
884, 46.2172, 36.3047
885, 49.2781, 41.3025
886, 49.3298, 38.9445
887, 49.6011, 36.9619
888, 49.9028, 39.0812
889, 48.0184, 39.0632
890, 50.1455, 74.0499
891, 50.4071, 40.7477
892, 48.5973, 41.0959
893, 49.6170, 46.3583
894, 47.1712, 36.2073
895, 50.2697, 40.1126
896, 49.2314, 39.1379
897, 50.3179, 37.0162
898, 47.2362, 48.1587
899, 47.6966, 37.6307
900, 48.5879, 41.4981
901, 49.9598, 38.4068
902, 47.0328, 41.0297
903, 48.8263, 40.7352
904, 49.2731, 37.4505
905, 48.8117, 39.6557
906, 49.9286, 38.4224
907, 49.9289, 37.6513
908, 47.2090, 39.4671
909, 52.3094, 40.1760
910, 49.0213, 40.8035
911, 50.5743, 40.5128
912, 49.4280, 36.6452
913, 51.6740, 44.5542
914, 48.8528, 38.8849
915, 47.8878, 42.5857
916, 47.8252, 42.2968
917, 49.6418, 39.2114
918, 49.1061, 51.3543
919, 49.7609, 37.4891
920, 48.5684, 38.5156
921, 48.3252, 42.2345
922, 50.3552, 39.5361
923, 47.8900, 42.3142
924, 47.2977, 44.0456
925, 47.5784, 40.6458
926, 48.8894, 78.8622
927, 49.0964, 40.9024
928, 50.8147, 37.7962
929, 48.9420, 39.6529
930, 48.0298, 50.3841
931, 48.0524, 38.3884
932, 49.5402, 40.4716
933, 48.4022, 38.0397
934, 48.6070, 38.1806
935, 46.5278, 38.8622
936, 47.4287, 43.2223
937, 49.2787, 38.2338
938, 48.5095, 39.5526
939, 47.0820, 43.1372
940, 48.4567, 38.4285
941, 47.5218, 41.0785
942, 47.4115, 39.5228
943, 49.5409, 43.3565
944, 47.8816, 37.7781
945, 49.2083, 39.1636
946, 48.9451, 40.7797
947, 48.9695, 39.1616
948, 47.8245, 44.8166
949, 47.0089, 39.5041
950, 49.6763, 42.8877
951, 48.9587, 39.8707
952, 48.0463, 40.7301
953, 48.0863, 40.4420
954, 48.0865, 53.3297
955, 47.9111, 39.5702
956, 48.1239, 38.3787
957, 47.6855, 40.0277
958, 50.3099, 49.2677
959, 48.3508, 39.1200
960, 47.7549, 37.2590
961, 51.5133, 38.7402
962, 47.7698, 39.6262
963, 47.5476, 40.4603
964, 47.3071, 41.6297
965, 50.0179, 39.2323
966, 49.5525, 38.8039
967, 49.0807, 39.1138
968, 47.0367, 41.0986
969, 48.9532, 41.3504
970, 48.5040, 44.0289
971, 47.0967, 37.7228
972, 49.1734, 36.4818
973, 49.0230, 39.3242
974, 47.1776, 37.8102
975, 46.6463, 38.4031
976, 49.0541, 57.9441
977, 48.9869, 38.6926
978, 47.1465, 39.7558
979, 48.0828, 38.4471
980, 51.4624, 42.8288
981, 47.6500, 39.5359
982, 45.7969, 44.0147
983, 49.6057, 46.5420
984, 49.6703, 39.2584
985, 47.2925, 38.9645
986, 47.3221, 41.8145
987, 47.3819, 37.9020
988, 48.5843, 40.1928
989, 47.3319, 39.2590
990, 45.8055, 41.0868
991, 46.4992, 39.6524
992, 46.1905, 46.0120
993, 46.9753, 44.9150
994, 46.4989, 38.6916
995, 47.9598, 41.6173
996, 47.1548, 40.1261
997, 47.3890, 39.4626
998, 47.4744, 40.0376
999, 47.8901, 40.9002
1000, 46.3128, 41.2151
1001, 47.9533, 38.0907
1002, 46.8273, 38.8888
1003, 49.0090, 36.7331
1004, 46.6141, 41.4312
1005, 47.3072, 43.4900
1006, 47.9381, 41.9376
1007, 46.7031, 42.3485
1008, 48.2812, 41.4726
1009, 48.8648, 38.3863
1010, 47.2089, 40.8716
1011, 48.1602, 39.7186
1012, 50.3786, 38.3574
1013, 48.3403, 39.3355
1014, 47.4643, 47.1711
1015, 47.0630, 40.9717
1016, 45.9857, 43.3212
1017, 47.5857, 44.2860
1018, 49.0165, 43.1428
1019, 47.2983, 36.3822
1020, 47.6324, 41.7297
1021, 47.0867, 56.9779
1022, 48.0367, 43.8680
1023, 47.8900, 38.6986
1024, 46.6502, 50.1276
1025, 46.7867, 37.6198
1026, 48.3958, 40.4664
1027, 48.5768, 37.4696
1028, 47.0094, 38.3211
1029, 46.4865, 40.7997
1030, 46.6709, 40.6202
1031, 47.5200, 40.6892
1032, 46.8737, 40.0106
1033, 46.1053, 40.0477
1034, 47.4521, 45.4036
1035, 47.1874, 40.4267
1036, 46.4765, 37.4190
1037, 45.6081, 41.1374
1038, 46.8856, 41.3151
1039, 46.3643, 41.1278
1040, 48.6060, 37.5196
1041, 46.7658, 40.0878
1042, 47.0958, 36.0000
1043, 47.5393, 40.1102
1044, 48.0748, 36.9858
1045, 45.9370, 37.2063
1046, 46.2608, 38.4565
1047, 46.0020, 40.6927
1048, 46.5724, 41.5529
1049, 48.1581, 45.1568
1050, 51.5278, 41.4344
1051, 45.6594, 37.9739
1052, 45.5931, 42.4602
1053, 47.0782, 39.8540
1054, 48.2802, 40.7644
1055, 47.7835, 40.4624
1056, 46.1386, 42.6688
1057, 46.0451, 42.0813
1058, 45.2536, 42.8098
1059, 47.4847, 42.5972
1060, 46.4177, 36.6400
1061, 47.1220, 44.8633
1062, 46.1828, 42.3755
1063, 46.8064, 39.7986
1064, 47.0767, 40.2736
1065, 47.0661, 37.9265
1066, 48.2318, 37.1626
1067, 47.4452, 37.5194
1068, 45.1354, 41.5501
1069, 45.5969, 40.4541
1070, 48.1585, 36.9567
1071, 45.2020, 37.9229
1072, 46.7699, 36.9599
1073, 47.6780, 38.6123
1074, 46.3596, 38.2522
1075, 47.4971, 40.6030
1076, 48.0513, 40.7962
1077, 47.1816, 42.1146
1078, 46.2569, 40.0254
1079, 45.1972, 35.9203
1080, 46.4112, 36.0167
1081, 49.7765, 49.4771
1082, 46.7948, 40.1232
1083, 47.0384, 39.7884
1084, 45.8968, 43.4268
1085, 45.9239, 37.3266
1086, 46.3698, 39.8883
1087, 45.3040, 41.9365
1088, 44.5757, 41.0150
1089, 46.6398, 38.8303
1090, 45.3621, 42.7662
1091, 48.0723, 38.4869
1092, 46.7039, 40.0333
1093, 47.0759, 35.0335
1094, 46.0137, 41.6590
1095, 48.5430, 41.0748
1096, 46.4534, 38.7575
1097, 47.0075, 37.5198
1098, 47.8466, 38.0114
1099, 45.3573, 47.9431
1100, 47.9324, 44.2286
1101, 46.4206, 38.8112
1102, 44.7472, 45.3211
1103, 46.2678, 41.4729
1104, 46.5259, 41.8423
1105, 45.1811, 43.6507
1106, 45.8470, 44.4544
1107, 45.5208, 40.4026
1108, 47.8384, 38.4146
1109, 46.1593, 40.3011
1110, 46.1233, 42.3416
1111, 49.1763, 39.0163
1112, 46.0284, 47.2265
1113, 45.7628, 41.6946
1114, 48.6991, 40.7454
1115, 46.5213, 35.1358
1116, 46.0415, 42.8650
1117, 46.0458, 47.6637
1118, 45.9436, 46.8449
1119, 45.6024, 41.0650
1120, 45.1951, 37.2497
1121, 45.8119, 37.6114
1122, 46.3394, 41.2712
1123, 45.3078, 38.3651
1124, 45.6676, 41.4670
1125, 48.3842, 47.0062
1126, 46.3513, 40.4608
1127, 47.1409, 41.3524
1128, 47.8558, 42.6487
1129, 45.8098, 41.7297
1130, 46.5344, 65.7556
1131, 47.5856, 40.8355
1132, 45.0177, 55.2588
1133, 49.4600, 39.8472
1134, 46.1042, 41.3616
1135, 45.6168, 37.4660
1136, 46.7275, 39.0114
1137, 46.5466, 39.2834
1138, 46.8918, 40.6284
1139, 46.4291, 43.1162
1140, 45.8527, 36.8610
1141, 46.4442, 41.2804
1142, 44.6891, 40.0397
1143, 45.8410, 38.4427
1144, 46.0762, 42.1354
1145, 45.2745, 40.5856
1146, 47.0397, 39.5020
1147, 44.4038, 41.8084
1148, 46.8617, 41.2419
1149, 44.6258, 42.3079
1150, 47.2573, 36.2386
1151, 46.2451, 40.1992
1152, 45.7389, 43.7912
1153, 47.2333, 41.8849
1154, 45.6233, 41.0666
1155, 46.3251, 58.3694
1156, 45.9430, 37.9668
1157, 45.5906, 37.7508
1158, 46.4302, 39.8987
1159, 45.1995, 36.9914
1160, 45.4414, 40.2963
1161, 45.5476, 43.0149
1162, 45.0016, 36.2434
1163, 46.6535, 40.1265
1164, 46.8754, 38.2026
1165, 44.6665, 37.4505
1166, 44.5576, 40.5327
1167, 46.9922, 41.1172
1168, 46.2672, 41.2464
1169, 44.8787, 37.9901
1170, 43.9041, 35.7820
1171, 44.7805, 39.4165
1172, 44.5360, 40.2102
1173, 46.2928, 40.0565
1174, 46.4879, 44.4881
1175, 46.3203, 47.8454
1176, 46.2149, 41.3008
1177, 44.8590, 41.7163
1178, 45.3539, 37.4093
1179, 47.0266, 38.6006
1180, 45.4439, 38.0596
1181, 45.4804, 41.9822
1182, 44.2674, 39.1876
1183, 44.0597, 37.9953
1184, 45.3888, 40.1345
1185, 44.5089, 38.9566
1186, 45.9448, 38.1370
1187, 46.1992, 41.8010
1188, 45.1156, 37.5852
1189, 45.7375, 36.4805
1190, 47.8593, 38.1602
1191, 45.4856, 38.2273
1192, 45.2014, 44.4068
1193, 45.2378, 39.7464
1194, 46.2191, 39.2598
1195, 46.2032, 37.9830
1196, 47.0805, 43.9958
1197, 44.3071, 39.0824
1198, 47.0256, 40.7222
1199, 44.3074, 40.9650
1200, 45.1121, 37.4378
1201, 44.6469, 45.1358
1202, 44.3186, 42.8235
1203, 45.7823, 45.3238
1204, 44.4983, 36.8663
1205, 45.1597, 36.5387
1206, 45.7164, 38.7876
1207, 45.3034, 40.5668
1208, 44.1853, 38.0853
1209, 44.4279, 39.5730
1210, 45.2077, 38.7407
1211, 45.1564, 38.3334
1212, 45.0125, 42.1417
1213, 44.8337, 40.1897
1214, 44.2024, 45.8945
1215, 46.6939, 49.2744
1216, 45.6965, 42.9977
1217, 46.0183, 40.6919
1218, 44.7260, 38.7054
1219, 45.3752, 37.3385
1220, 45.8519, 40.6551
1221, 45.0128, 39.0537
1222, 44.5674, 39.8149
1223, 44.7566, 40.2118
1224, 45.4433, 37.6644
1225, 48.8962, 42.3798
1226, 45.1643, 34.1908
1227, 45.4708, 40.6159
1228, 46.9606, 42.7021
1229, 44.9707, 40.0027
1230, 44.7602, 35.8638
1231, 45.9589, 46.9285
1232, 45.0324, 41.1646
1233, 43.1763, 39.7375
1234, 43.9998, 37.3254
1235, 44.0774, 36.2791
1236, 46.4143, 41.0339
1237, 45.1104, 42.8075
1238, 46.7750, 36.6365
1239, 45.4765, 44.0283
1240, 44.3575, 41.9898
1241, 46.5491, 39.7642
1242, 45.2665, 38.5538
1243, 46.7301, 36.8319
1244, 44.4165, 38.6932
1245, 43.8240, 38.2845
1246, 43.9064, 41.9351
1247, 44.3946, 40.7856
1248, 46.3497, 40.5119
1249, 45.1727, 39.0065
1250, 43.8104, 40.3805
1251, 43.1156, 39.3473
1252, 46.6424, 38.8899
1253, 45.0196, 37.1130
1254, 44.1338, 37.5390
1255, 45.3586, 38.0428
1256, 43.7346, 38.8759
1257, 43.5477, 35.9510
1258, 45.7783, 39.6309
1259, 46.3655, 40.5074
1260, 44.7396, 39.5267
1261, 44.3576, 36.2480
1262, 45.2110, 36.9031
1263, 44.4699, 38.5974
1264, 44.4980, 35.0952
1265, 45.1336, 37.3736
1266, 43.6018, 42.4117
1267, 44.1738, 36.6070
1268, 43.2185, 37.5764
1269, 44.9911, 39.2358
1270, 44.2686, 38.4318
1271, 45.2480, 40.0301
1272, 44.6478, 42.5761
1273, 45.8654, 37.0226
1274, 44.2596, 38.8925
1275, 43.6847, 36.5183
1276, 43.1118, 41.8642
1277, 44.2751, 41.7372
1278, 43.3935, 35.1696
1279, 46.3006, 37.8972
1280, 44.4613, 43.5295
1281, 43.7051, 38.6693
1282, 44.1072, 40.1656
1283, 44.1231, 34.3375
1284, 45.0043, 38.2250
1285, 44.4807, 40.9137
1286, 45.0338, 43.0506
1287, 43.7156, 35.8456
1288, 44.0236, 42.3134
1289, 44.2918, 42.1148
1290, 45.4051, 36.8817
1291, 47.2842, 41.8931
1292, 43.8283, 41.2379
1293, 43.8966, 40.2976
1294, 44.5770, 50.0324
1295, 44.9200, 44.2411
1296, 44.6973, 54.2895
1297, 44.7119, 47.6279
1298, 46.6194, 40.9564
1299, 43.4564, 37.4993
1300, 42.1752, 36.6769
1301, 43.2513, 38.7171
1302, 43.9195, 40.4988
1303, 46.1428, 38.2006
1304, 43.1706, 38.9730
1305, 45.4379, 37.9277
1306, 43.6832, 43.6013
1307, 43.2343, 40.3281
1308, 43.8244, 42.6585
1309, 43.6179, 39.8000
1310, 44.6513, 38.5330
1311, 44.8032, 40.6626
1312, 42.0692, 37.6928
1313, 43.3674, 35.6109
1314, 43.9892, 38.6804
1315, 43.9315, 38.0435
1316, 47.8532, 42.2082
1317, 44.3107, 39.3572
1318, 45.3742, 41.8787
1319, 43.1069, 38.3581
1320, 45.2981, 38.2086
1321, 44.0160, 39.0389
1322, 46.1771, 40.4680
1323, 42.0753, 37.4839
1324, 44.0157, 37.8120
1325, 43.0027, 36.9500
1326, 42.6494, 43.2130
1327, 44.5525, 36.6687
1328, 45.0733, 38.3555
1329, 46.4899, 33.4028
1330, 45.9421, 45.5268
1331, 42.9180, 42.2130
1332, 43.1568, 39.1200
1333, 43.4575, 41.4696
1334, 43.4502, 38.0249
1335, 43.7862, 35.4937
1336, 44.6727, 34.5366
1337, 46.0858, 45.0921
1338, 45.7280, 39.0616
1339, 43.1077, 39.6867
1340, 43.4264, 42.0402
1341, 43.9678, 38.8860
1342, 44.1973, 42.7671
1343, 43.9178, 36.4101
1344, 42.5064, 38.8649
1345, 43.6972, 37.7240
1346, 45.5104, 45.2782
1347, 44.8472, 38.4893
1348, 43.1742, 40.2584
1349, 44.9536, 51.7636
1350, 46.1886, 37.0212
1351, 42.4189, 42.5358
1352, 45.7521, 34.2205
1353, 43.6894, 39.8853
1354, 43.0766, 41.5248
1355, 45.9011, 34.0579
1356, 44.6755, 39.7763
1357, 45.0407, 38.0242
1358, 45.0766, 38.8559
1359, 43.7177, 38.3860
1360, 47.8991, 37.8168
1361, 42.6942, 39.6784
1362, 43.4766, 38.6966
1363, 43.2233, 34.7071
1364, 43.3022, 38.4309
1365, 42.9311, 39.4890
1366, 42.6476, 36.2868
1367, 43.7801, 39.7962
1368, 42.6981, 36.0238
1369, 44.0963, 47.2088
1370, 44.5478, 36.0315
1371, 43.7943, 38.5519
1372, 42.6258, 41.6531
1373, 44.0552, 36.8649
1374, 43.4675, 40.2253
1375, 43.3407, 35.6097
1376, 43.6273, 35.6134
1377, 43.0584, 40.7256
1378, 43.9151, 35.5912
1379, 42.1338, 38.5366
1380, 44.2512, 35.7220
1381, 43.0364, 45.4246
1382, 42.6012, 48.9326
1383, 42.8782, 51.9830
1384, 46.0882, 42.0499
1385, 42.5142, 39.2734
1386, 42.4758, 37.3197
1387, 45.2327, 41.3884
1388, 43.0432, 35.1602
1389, 42.9007, 117.0383
1390, 45.7346, 33.1980
1391, 43.9823, 35.2817
1392, 41.9609, 36.3639
1393, 44.6216, 41.1872
1394, 42.5090, 40.7787
1395, 42.7436, 34.0759
1396, 43.6023, 37.7147
1397, 42.9327, 41.2790
1398, 41.4384, 37.7806
1399, 43.1172, 40.1291
1400, 43.0893, 38.4885
1401, 42.3250, 36.9174
1402, 43.8621, 41.7048
1403, 43.0469, 36.0720
1404, 44.4050, 36.1705
1405, 43.1541, 38.3549
1406, 43.6454, 40.7657
1407, 44.5763, 38.6313
1408, 41.6364, 36.9340
1409, 42.7314, 34.9630
1410, 43.6726, 37.5035
1411, 42.1939, 35.1577
1412, 43.2640, 35.2453
1413, 41.6563, 37.6376
1414, 45.5640, 35.1252
1415, 42.1455, 36.8207
1416, 43.5807, 42.0247
1417, 41.9213, 35.0386
1418, 41.0871, 41.9610
1419, 45.3393, 36.6818
1420, 43.7523, 46.7156
1421, 42.7163, 51.0843
1422, 42.3382, 34.3295
1423, 43.8657, 38.8110
1424, 43.1605, 32.5201
1425, 44.4950, 39.2836
1426, 43.2090, 34.3532
1427, 45.1222, 36.3401
1428, 42.0982, 39.9358
1429, 41.9053, 38.7023
1430, 42.5758, 42.2617
1431, 44.3614, 39.9075
1432, 42.9542, 39.5455
1433, 41.6651, 37.4134
1434, 42.1335, 40.1191
1435, 41.5781, 40.0245
1436, 43.3205, 34.8075
1437, 41.1920, 38.0630
1438, 42.6325, 70.3675
1439, 41.9257, 36.6006
1440, 41.8108, 41.8011
1441, 42.3185, 67.6569
1442, 43.7504, 36.9445
1443, 44.4650, 39.1863
1444, 42.4485, 40.4240
1445, 41.9475, 36.9548
1446, 42.1366, 36.6018
1447, 46.4725, 36.9798
1448, 41.9815, 34.4450
1449, 44.3870, 38.7619
1450, 42.5113, 35.7558
1451, 41.4994, 41.4901
1452, 45.4886, 39.0185
1453, 43.1190, 39.9966
1454, 41.7142, 36.4313
1455, 42.4402, 42.3867
1456, 42.2085, 42.0224
1457, 42.2074, 55.4062
1458, 43.1118, 41.9041
1459, 42.8071, 40.1746
1460, 42.2177, 39.8726
1461, 41.3533, 35.2501
1462, 42.1543, 34.3904
1463, 42.6841, 38.0202
1464, 40.8006, 35.5740
1465, 42.3715, 33.6465
1466, 41.5703, 40.4083
1467, 41.3322, 35.7993
1468, 41.1583, 40.2036
1469, 42.0347, 38.1524
1470, 41.3323, 49.0348
1471, 41.5581, 36.3709
1472, 43.4150, 43.2746
1473, 40.4818, 40.4787
1474, 40.8540, 40.1471
1475, 41.5594, 41.1558
1476, 40.9348, 43.3731
1477, 42.6335, 37.2518
1478, 44.3539, 38.1661
1479, 42.6870, 40.0501
1480, 42.2639, 44.6152
1481, 44.0677, 48.6823
1482, 42.4262, 43.8798
1483, 41.7389, 35.8104
1484, 41.6288, 33.2532
1485, 42.4513, 33.9831
1486, 42.0550, 42.3144
1487, 42.2837, 41.5651
1488, 41.5256, 41.6603
1489, 41.2270, 40.9816
1490, 42.8495, 43.6416
1491, 42.4528, 37.1185
1492, 41.3885, 35.3455
1493, 41.5842, 34.7478
1494, 42.4084, 40.2752
1495, 42.4694, 35.8049
1496, 42.0389, 32.4711
1497, 41.6807, 35.8969
1498, 42.5342, 38.1713
1499, 42.5344, 37.5546
1500, 41.4488, 35.7053
1501, 42.4099, 38.4701
1502, 40.7517, 36.8055
1503, 43.5273, 37.9035
1504, 40.7393, 35.8893
1505, 42.5477, 36.5655
1506, 41.9399, 37.2329
1507, 42.9190, 41.6360
1508, 42.2368, 46.7285
1509, 42.2787, 40.2322
1510, 41.1570, 35.9938
1511, 40.7652, 42.0982
1512, 42.9480, 36.2734
1513, 42.1400, 36.3974
1514, 41.8657, 35.2476
1515, 42.6627, 38.4146
1516, 43.2556, 36.6288
1517, 41.5356, 36.9320
1518, 41.1879, 43.4381
1519, 41.8422, 39.8968
1520, 41.8475, 38.9221
1521, 41.6678, 37.8874
1522, 41.3377, 38.6856
1523, 43.0846, 38.4901
1524, 41.0592, 41.2664
1525, 41.1490, 37.1019
1526, 42.4755, 36.6500
1527, 41.2197, 38.9176
1528, 40.1177, 41.2219
1529, 42.0087, 38.6776
1530, 41.9315, 52.8949
1531, 42.0239, 35.4975
1532, 40.9805, 35.2747
1533, 41.2804, 43.4898
1534, 40.7065, 37.8772
1535, 42.9426, 41.4914
1536, 42.9312, 46.4975
1537, 45.2690, 35.9080
1538, 40.6751, 52.5243
1539, 41.5986, 46.7256
1540, 41.6103, 38.2762
1541, 41.6676, 44.7372
1542, 42.4132, 43.3597
1543, 41.3727, 37.6334
1544, 41.0153, 34.9916
1545, 42.1516, 38.5584
1546, 44.6479, 46.3091
1547, 42.7087, 35.6657
1548, 40.6675, 34.9410
1549, 42.6561, 34.0944
1550, 39.9146, 37.5045
1551, 40.4844, 35.8357
1552, 41.2380, 35.1800
1553, 40.3154, 41.0862
1554, 40.7923, 35.0943
1555, 41.4034, 43.3332
1556, 41.0449, 35.4772
1557, 40.8280, 38.6043
1558, 40.3889, 36.0883
1559, 40.5108, 42.4715
1560, 40.4925, 36.2386
1561, 41.6865, 40.6927
1562, 44.1473, 35.9599
1563, 42.7647, 34.6952
1564, 43.1358, 36.1655
1565, 41.1151, 46.7493
1566, 40.3472, 38.9937
1567, 46.1293, 38.5030
1568, 42.8957, 41.6953
1569, 41.1523, 44.1517
1570, 41.7601, 38.2596
1571, 41.2296, 38.6785
1572, 42.2257, 43.1051
1573, 42.2753, 35.2251
1574, 40.5796, 36.7705
1575, 44.5006, 37.3643
1576, 41.6882, 40.9302
1577, 40.2045, 35.3903
1578, 43.0879, 40.7004
1579, 40.7687, 37.2644
1580, 41.3519, 37.6173
1581, 41.3545, 39.7639
1582, 39.9741, 34.9242
1583, 40.8883, 35.0460
1584, 39.9771, 35.0812
1585, 41.1589, 38.8844
1586, 41.9462, 35.9260
1587, 39.6805, 37.9640
1588, 41.4328, 50.2658
1589, 40.0596, 35.0830
1590, 40.2717, 35.6734
1591, 40.1751, 35.4147
1592, 41.3965, 42.4583
1593, 42.0736, 34.0511
1594, 39.9608, 44.1111
1595, 42.2935, 38.6980
1596, 42.0322, 41.3451
1597, 41.5929, 38.1873
1598, 40.1999, 35.5316
1599, 40.0543, 39.2102
1600, 40.7990, 52.9806
1601, 43.2484, 35.8052
1602, 42.0691, 35.9597
1603, 41.0337, 39.1965
1604, 40.6189, 39.0459
1605, 41.5580, 33.3931
1606, 41.2456, 38.0225
1607, 43.4226, 41.6786
1608, 39.8612, 40.1436
1609, 43.0396, 35.5206
1610, 39.7942, 35.8498
1611, 42.9799, 33.1865
1612, 39.5322, 40.0732
1613, 42.5632, 35.0238
1614, 39.8997, 33.6517
1615, 42.4068, 40.4683
1616, 39.6032, 36.0349
1617, 42.0313, 39.3142
1618, 41.3665, 38.4287
1619, 40.9632, 41.1921
1620, 43.7007, 36.1438
1621, 40.2191, 36.3335
1622, 40.2653, 34.3298
1623, 41.2895, 41.6868
1624, 40.9645, 42.1022
1625, 43.5746, 35.5770
1626, 40.0410, 37.6923
1627, 41.5297, 35.9234
1628, 40.9343, 36.3164
1629, 42.3866, 37.2872
1630, 40.4092, 36.0665
1631, 39.2468, 43.1274
1632, 39.8170, 39.8496
1633, 42.1381, 43.9073
1634, 40.3135, 38.9152
1635, 40.8210, 40.9759
1636, 39.3933, 35.2563
1637, 38.9139, 35.8572
1638, 39.3396, 38.6323
1639, 39.8112, 36.0928
1640, 40.8320, 33.6789
1641, 41.8191, 36.3953
1642, 38.9551, 45.4521
1643, 40.5336, 36.4605
1644, 41.3304, 38.1743
1645, 41.5882, 40.6087
1646, 40.3976, 39.0546
1647, 40.5114, 36.4115
1648, 40.3390, 50.2154
1649, 40.2212, 37.6355
1650, 39.7851, 41.3652
1651, 40.0352, 46.5656
1652, 39.9873, 39.9345
1653, 40.8650, 36.9503
1654, 40.5385, 39.1937
1655, 39.8971, 43.0009
1656, 39.5697, 38.8734
1657, 40.2264, 37.0869
1658, 41.4787, 34.7423
1659, 42.9212, 36.9715
1660, 39.4859, 38.7471
1661, 40.8493, 41.6731
1662, 40.3613, 37.9030
1663, 42.6254, 44.0718
1664, 42.1965, 33.4838
1665, 41.2021, 36.1149
1666, 38.8837, 42.2121
1667, 41.0083, 38.2531
1668, 41.7596, 43.2494
1669, 41.0099, 36.2007
1670, 42.0038, 36.3855
1671, 41.4833, 35.6576
1672, 41.4741, 42.2821
1673, 40.1740, 36.3758
1674, 40.7653, 37.7606
1675, 41.6144, 36.3232
1676, 39.4626, 36.5196
1677, 40.5815, 70.0332
1678, 42.2532, 55.5551
1679, 41.2714, 34.2089
1680, 40.0143, 35.1430
1681, 40.3654, 37.9842
1682, 41.0197, 37.6532
1683, 39.3035, 35.6992
1684, 40.1479, 36.8238
1685, 38.7251, 33.1497
1686, 39.7058, 34.3351
1687, 38.7998, 40.5309
1688, 39.4967, 38.4991
1689, 40.5757, 43.4845
1690, 39.6221, 36.6356
1691, 40.1056, 38.6734
1692, 40.1314, 37.4916
1693, 41.2425, 39.4887
1694, 39.8367, 36.3632
1695, 38.7670, 37.6053
1696, 40.8466, 36.5789
1697, 39.5681, 35.9908
1698, 41.6988, 42.3763
1699, 39.6111, 36.1881
1700, 43.2055, 35.5603
1701, 40.4459, 34.1950
1702, 40.1966, 37.3841
1703, 40.8236, 42.7792
1704, 41.5110, 39.8125
1705, 44.6573, 41.1897
1706, 41.6813, 41.8320
1707, 38.7695, 36.5586
1708, 41.9008, 33.2767
1709, 40.2393, 36.6553
1710, 40.3807, 42.8033
1711, 40.0779, 37.9871
1712, 41.1009, 34.7821
1713, 39.1931, 39.2043
1714, 40.3950, 34.3740
1715, 39.3028, 40.8721
1716, 40.6596, 40.1792
1717, 40.3278, 40.7337
1718, 40.3829, 41.1830
1719, 39.2601, 37.7558
1720, 39.3937, 35.5961
1721, 40.5431, 34.6324
1722, 40.0559, 39.9383
1723, 40.0974, 37.2821
1724, 39.8092, 37.6167
1725, 39.3802, 40.0174
1726, 41.4207, 39.4467
1727, 39.6091, 38.1286
1728, 40.4172, 39.3871
1729, 40.7310, 53.7136
1730, 40.8759, 39.2137
1731, 38.5085, 36.0457
1732, 42.6656, 36.2798
1733, 40.0461, 40.7752
1734, 39.0611, 35.7449
1735, 40.1482, 39.2120
1736, 39.9940, 37.8866
1737, 39.2893, 36.0239
1738, 39.8621, 38.2996
1739, 40.5458, 39.2100
1740, 40.8010, 34.4749
1741, 39.4912, 34.2379
1742, 38.5413, 43.4911
1743, 41.0953, 43.8118
1744, 38.9814, 37.3975
1745, 39.4983, 38.9408
1746, 41.3837, 34.2783
1747, 40.1795, 38.6129
1748, 39.9592, 36.0952
1749, 40.8904, 37.1302
1750, 41.6459, 43.8640
1751, 39.8715, 34.9064
1752, 39.5049, 37.9689
1753, 39.6381, 37.6747
1754, 39.0291, 48.9286
1755, 41.8509, 37.5349
1756, 40.1229, 57.3082
1757, 43.4476, 67.2251
1758, 40.8063, 39.4794
1759, 38.5406, 36.9700
1760, 40.1416, 40.4803
1761, 40.5845, 35.3431
1762, 41.4366, 42.9967
1763, 39.8557, 40.4952
1764, 38.4673, 36.8447
1765, 40.1536, 36.5314
1766, 39.4678, 31.8963
1767, 39.0965, 36.5216
1768, 38.3935, 36.1202
1769, 39.3454, 38.9444
1770, 38.8643, 40.4322
1771, 39.9117, 35.0854
1772, 39.8386, 37.9921
1773, 41.0386, 39.0093
1774, 41.0511, 36.3365
1775, 40.0864, 38.8192
1776, 42.3713, 33.1712
1777, 40.4354, 42.3109
1778, 38.7087, 36.5193
1779, 38.4698, 44.5708
1780, 40.5347, 33.9866
1781, 40.8920, 39.8208
1782, 38.8750, 34.5773
1783, 40.2025, 33.1230
1784, 38.7550, 38.6056
1785, 40.7573, 38.2350
1786, 39.3724, 34.5148
1787, 40.7077, 35.6604
1788, 38.9950, 37.1803
1789, 38.6025, 38.7413
1790, 39.2215, 36.2023
1791, 39.4871, 35.6526
1792, 38.9664, 34.8171
1793, 38.9951, 36.7428
1794, 41.8166, 38.5248
1795, 38.5198, 36.5725
1796, 40.9943, 37.4932
1797, 38.9790, 39.1447
1798, 40.2599, 37.4147
1799, 38.2397, 39.4902
1800, 43.0122, 34.8806
1801, 40.8810, 47.9794
1802, 40.2053, 39.5024
1803, 39.1653, 39.3855
1804, 38.4938, 40.1810
1805, 39.2380, 37.9487
1806, 39.8317, 40.9736
1807, 40.5215, 35.5969
1808, 38.0776, 46.9049
1809, 40.9754, 35.0559
1810, 38.9028, 36.2522
1811, 39.6092, 42.0286
1812, 40.7479, 36.4624
1813, 38.1374, 38.7436
1814, 38.2683, 39.2753
1815, 38.1308, 46.3452
1816, 38.3108, 36.0087
1817, 39.4591, 36.1269
1818, 39.3530, 37.3407
1819, 37.9723, 56.5192
1820, 41.2546, 41.2589
1821, 38.4578, 35.7425
1822, 39.6094, 43.4688
1823, 40.5204, 43.3540
1824, 40.2227, 36.0038
1825, 40.4230, 37.5404
1826, 39.5864, 37.3812
1827, 41.6227, 37.8040
1828, 37.9386, 36.6059
1829, 39.3899, 35.2028
1830, 38.9500, 34.5990
1831, 43.5053, 31.6743
1832, 39.3285, 35.1969
1833, 38.3012, 40.0069
1834, 38.6236, 38.9393
1835, 38.5077, 37.2105
1836, 39.5903, 33.9245
1837, 38.3589, 38.9788
1838, 41.5859, 39.9572
1839, 38.9423, 37.1283
1840, 39.7611, 36.6621
1841, 37.7954, 34.8955
1842, 40.7310, 42.0524
1843, 41.0770, 37.3648
1844, 38.6400, 41.3601
1845, 38.1338, 35.3808
1846, 38.6415, 35.9680
1847, 39.3967, 34.9926
1848, 38.7221, 35.7824
1849, 39.3009, 33.4413
1850, 39.7518, 41.5693
1851, 38.9886, 37.9736
1852, 39.6070, 38.0763
1853, 38.0838, 37.0836
1854, 39.7781, 58.1429
1855, 39.8466, 37.5671
1856, 40.8964, 36.4653
1857, 40.1013, 38.5316
1858, 39.8945, 36.1279
1859, 43.5719, 33.7988
1860, 37.5429, 35.7243
1861, 38.2829, 37.5697
1862, 37.8556, 39.4842
1863, 38.6010, 37.9171
1864, 40.1410, 38.2347
1865, 37.9014, 34.0726
1866, 40.6416, 37.1959
1867, 39.6465, 37.9899
1868, 38.9313, 37.0907
1869, 37.9193, 34.7100
1870, 37.8279, 34.0736
1871, 38.5595, 37.1865
1872, 37.5390, 54.4808
1873, 39.5821, 34.1750
1874, 37.9729, 42.0018
1875, 40.4475, 36.7294
1876, 38.0772, 36.6295
1877, 38.2256, 36.3829
1878, 37.7290, 35.8056
1879, 38.3977, 37.3344
1880, 39.6342, 39.6096
1881, 38.6854, 45.1281
1882, 39.1089, 40.8856
1883, 37.7324, 37.3212
1884, 38.6176, 38.0304
1885, 38.0606, 37.5685
1886, 40.8757, 37.3113
1887, 37.2647, 44.9404
1888, 37.8233, 37.3231
1889, 41.5419, 41.7286
1890, 38.0275, 41.6859
1891, 40.2227, 34.8239
1892, 41.0760, 38.6888
1893, 39.7607, 44.4078
1894, 37.4745, 35.9727
1895, 39.2621, 37.6728
1896, 37.0145, 37.6363
1897, 42.8618, 33.7484
1898, 40.7758, 35.1163
1899, 38.0775, 40.9315
1900, 39.0229, 37.1164
1901, 38.5084, 36.3782
1902, 39.2299, 43.1448
1903, 37.0481, 33.1327
1904, 38.1408, 36.3977
1905, 39.0704, 36.7843
1906, 38.7990, 37.1316
1907, 38.9782, 37.5500
1908, 36.9762, 48.0986
1909, 38.5845, 36.1025
1910, 38.4531, 35.7409
1911, 37.1800, 36.9354
1912, 36.7336, 40.8689
1913, 38.1905, 34.5098
1914, 38.7611, 38.4513
1915, 37.6278, 35.7126
1916, 38.3994, 34.2749
1917, 39.1115, 60.6281
1918, 38.9621, 34.3163
1919, 38.9271, 40.6661
1920, 38.5899, 33.4432
1921, 37.2398, 51.6453
1922, 38.8306, 41.9885
1923, 39.2899, 40.1692
1924, 39.1002, 40.7826
1925, 40.6116, 36.4405
1926, 36.8264, 35.7956
1927, 38.3077, 35.5474
1928, 41.3464, 37.3678
1929, 40.0293, 36.4953
1930, 37.9522, 34.4345
1931, 40.3317, 38.2183
1932, 38.7833, 36.8579
1933, 38.3442, 38.2121
1934, 37.5331, 36.8646
1935, 40.2410, 33.8375
1936, 39.6012, 38.3265
1937, 38.4822, 38.5815
1938, 39.6526, 36.5329
1939, 37.4259, 38.1031
1940, 38.3897, 34.5233
1941, 39.7494, 33.7881
1942, 38.2322, 36.8629
1943, 38.1811, 36.6020
1944, 39.3087, 38.1870
1945, 38.7692, 38.6974
1946, 38.8060, 35.1032
1947, 37.8738, 39.2433
1948, 39.4113, 41.6527
1949, 37.7858, 36.6087
1950, 39.8584, 35.0731
1951, 37.8924, 37.3261
1952, 37.1818, 37.5081
1953, 36.5986, 40.6158
1954, 40.8534, 41.7733
1955, 41.9754, 42.0991
1956, 38.6781, 38.8752
1957, 38.3646, 34.5274
1958, 38.5511, 37.4753
1959, 38.5644, 40.0201
1960, 39.1500, 36.7843
1961, 39.3731, 46.2026
1962, 39.7245, 35.4731
1963, 37.0100, 40.6537
1964, 39.1611, 36.8739
1965, 37.6839, 39.5606
1966, 38.4833, 36.1632
1967, 37.0293, 34.7121
1968, 37.8250, 32.9719
1969, 37.7130, 35.1197
1970, 40.2098, 37.8884
1971, 37.1580, 35.3373
1972, 37.5648, 41.6818
1973, 40.0120, 36.0276
1974, 37.0239, 37.9933
1975, 36.7171, 35.4997
1976, 37.7182, 35.6235
1977, 39.2587, 36.0549
1978, 37.1548, 40.0602
1979, 36.8116, 36.1961
1980, 40.0838, 36.3973
1981, 38.3147, 39.3884
1982, 38.0301, 34.2169
1983, 38.4948, 35.5871
1984, 39.4835, 33.5465
1985, 37.7545, 33.4751
1986, 37.2198, 36.7809
1987, 38.7142, 37.5607
1988, 37.5374, 40.7333
1989, 37.5427, 34.0442
1990, 38.6944, 34.9919
1991, 37.7764, 37.4971
1992, 36.4185, 34.7119
1993, 37.8930, 38.2056
1994, 38.2976, 45.9175
1995, 41.7984, 37.3318
1996, 37.0293, 39.0393
1997, 37.7597, 36.9784
1998, 37.6419, 35.7286
1999, 38.5469, 37.5376
2000, 38.8766, 37.0343
Test RMSE: 6.7871, MAE: 1.1324
