Epoch, Train Loss, Validation Loss
1, 19992343901.2852, 15713882624.0000
2, 15583358751.1056, 5473214720.0000
3, 1552186309.7316, 224.1263
4, 179.1898, 222.0787
5, 169.9113, 229.1725
6, 215.9387, 289.1693
7, 176071269.9843, 60583290.0000
8, 15156352.9911, 646.1199
9, 628.8567, 688.8853
10, 652.6458, 720.4827
11, 691.7596, 736.8373
12, 719.4932, 776.1512
13, 756.6711, 796.2874
14, 789.5495, 799.9426
1, 385.5957, 206.5955
2, 161.9115, 216.5496
3, 186.2767, 217.8058
4, 195.9506, 207.6798
5, 139.3681, 190.9429
6, 134.5325, 172.4402
7, 125.3180, 154.8939
8, 142.4863, 140.7581
9, 121.1475, 128.7194
10, 117.6187, 115.7638
11, 90.5139, 104.1213
12, 89.1873, 97.5560
13, 93.1242, 92.0977
14, 85.8425, 87.0673
15, 79.9851, 82.3447
16, 76.3254, 76.2311
17, 90.8557, 71.4196
18, 75.2373, 68.4198
19, 74.0522, 67.6015
20, 77.9441, 67.9535
21, 80.6060, 67.7178
22, 73.4634, 66.6115
23, 75.0425, 67.4569
24, 67.1452, 71.3668
25, 78.3764, 73.8694
26, 99.2728, 71.5009
27, 78.2221, 66.2504
28, 70.0267, 63.4964
29, 68.1630, 62.8486
30, 76.8846, 62.9853
31, 75.9765, 63.3386
32, 66.6163, 63.7673
33, 75.6118, 64.3093
34, 71.5191, 63.4301
35, 70.4635, 62.2142
36, 70.3279, 64.2693
37, 83.2344, 66.5196
38, 68.8621, 65.8215
39, 66.6085, 66.8032
40, 68.9288, 66.6969
41, 67.4313, 66.6856
42, 67.2408, 68.3145
43, 66.5842, 68.6629
44, 73.1046, 66.1929
45, 84.1505, 62.6859
1, 82.1828, 66.9072
2, 77.9145, 62.3839
3, 78.4568, 62.1849
4, 65.2343, 64.2074
5, 68.0125, 64.1182
6, 73.3055, 63.8292
7, 69.3940, 63.2809
8, 65.8461, 65.4909
9, 69.5809, 68.7680
10, 68.9541, 70.9073
11, 67.5423, 70.6531
12, 72.3005, 69.3148
13, 72.0746, 66.4311
1, 67.0220, 63.6594
2, 67.4846, 62.7516
3, 67.6583, 63.5936
4, 77.0485, 65.8659
5, 88.4829, 66.4286
6, 69.9372, 64.4278
7, 64.6590, 63.0823
8, 75.8403, 62.3826
9, 77.4491, 62.7525
10, 67.1873, 62.5200
11, 66.9278, 62.7543
12, 68.8430, 62.7269
13, 81.9466, 62.3049
14, 68.3947, 60.9249
15, 78.7124, 60.0950
16, 69.2105, 60.7502
17, 74.0598, 61.6128
18, 68.3494, 61.5728
19, 65.7156, 62.0648
20, 75.5046, 61.9291
21, 71.8052, 61.5086
22, 73.7360, 62.3227
23, 68.6651, 62.6506
24, 74.7736, 62.6804
25, 69.5595, 63.7886
1, 69.6384, 62.9319
2, 67.6348, 63.8076
3, 66.4001, 63.6380
4, 71.0752, 63.9808
5, 75.4130, 64.6320
6, 65.4985, 64.9336
7, 75.0439, 64.3878
8, 70.2291, 64.0264
9, 72.1562, 64.4536
10, 75.5774, 64.6427
11, 69.4631, 64.5960
1, 61.3953, 64.2465
2, 67.9475, 64.5598
3, 72.2641, 64.7996
4, 71.0144, 65.0329
5, 66.4929, 65.2854
6, 76.0414, 65.3734
7, 66.8385, 65.2836
8, 65.6552, 65.3444
9, 76.6216, 65.1473
10, 66.6287, 65.1398
11, 75.6298, 65.2888
1, 69.6873, 65.5064
2, 72.8088, 65.7420
3, 66.3824, 65.8760
4, 88.9188, 65.8877
5, 79.4339, 65.5790
6, 69.2745, 65.1762
7, 73.5469, 64.8567
8, 68.7898, 64.5793
9, 73.1227, 64.3236
10, 66.8743, 64.1041
11, 77.1285, 63.9880
12, 65.0146, 63.8523
13, 73.8595, 63.8210
14, 67.5349, 63.6951
15, 69.7316, 63.7069
16, 65.6578, 63.6954
17, 69.6129, 63.6723
18, 70.7888, 63.8171
19, 68.6056, 64.1399
20, 76.3699, 64.5089
21, 77.3004, 64.7402
22, 74.3276, 64.6802
23, 75.2882, 64.5689
24, 65.6449, 64.4208
25, 70.6024, 64.2861
26, 74.5258, 64.2759
27, 68.2760, 64.1555
1, 75.7531, 64.2992
2, 74.3131, 64.1067
3, 68.0392, 63.9553
4, 74.4721, 63.9293
5, 67.1618, 63.9499
6, 66.8242, 64.0058
7, 69.1624, 64.0654
8, 69.1024, 64.2043
9, 64.5545, 64.2518
10, 67.0591, 64.2946
11, 66.4457, 64.2217
12, 75.3043, 64.2218
13, 72.6786, 64.0382
14, 74.9453, 63.8574
15, 77.6649, 63.6557
16, 72.5657, 63.4737
17, 73.1363, 63.3246
18, 74.8231, 63.1436
19, 64.7099, 63.1226
20, 67.1741, 63.1350
21, 68.6286, 63.2398
22, 71.5390, 63.4233
23, 62.8760, 63.6236
24, 76.6734, 63.7740
25, 69.6469, 63.8465
26, 73.7006, 63.9093
27, 65.9081, 64.0800
28, 68.3337, 64.2365
29, 81.2452, 64.3708
1, 64.1585, 64.1906
2, 65.2040, 64.1579
3, 76.1829, 64.1662
4, 68.2777, 64.2427
5, 65.0811, 64.3522
6, 65.7033, 64.4286
7, 67.3779, 64.5050
8, 69.9139, 64.5927
9, 78.5018, 64.6845
10, 73.9716, 64.7188
11, 77.0686, 64.6878
12, 63.3968, 64.6639
1, 66.5246, 64.6689
2, 74.5700, 64.6066
3, 65.7034, 64.5687
4, 80.5090, 64.5097
5, 71.8307, 64.4545
6, 67.0904, 64.3993
7, 70.9533, 64.3719
8, 77.3567, 64.3766
9, 80.0850, 64.3683
10, 68.4929, 64.3508
11, 72.4210, 64.3511
12, 65.1091, 64.3410
13, 67.5231, 64.3276
14, 66.2485, 64.3265
15, 75.1161, 64.3289
16, 73.0055, 64.3238
17, 67.3708, 64.3215
18, 69.1269, 64.3235
19, 61.4264, 64.3257
20, 74.7508, 64.3353
21, 75.2496, 64.3382
22, 73.9174, 64.3282
23, 71.2930, 64.2992
24, 66.1062, 64.2625
25, 68.5959, 64.2488
26, 67.9605, 64.2657
27, 66.1716, 64.2951
28, 75.9095, 64.3093
29, 81.7261, 64.3411
30, 68.3199, 64.3841
31, 71.5128, 64.4294
32, 65.0717, 64.4944
33, 75.9114, 64.5241
34, 66.4530, 64.5213
35, 65.8921, 64.5392
1, 70.9665, 64.5464
2, 70.9152, 64.5720
3, 79.6133, 64.5879
4, 71.3060, 64.5904
5, 71.5635, 64.6124
6, 71.5434, 64.6387
7, 75.7785, 64.6605
8, 72.2058, 64.6761
9, 66.9814, 64.7013
10, 70.6084, 64.7213
11, 67.4672, 64.7350
1, 71.4759, 64.7388
2, 74.7701, 64.7417
3, 82.5915, 64.7325
4, 65.9506, 64.7120
5, 73.2814, 64.6990
6, 68.1253, 64.6971
7, 74.4166, 64.6995
8, 67.9809, 64.6971
9, 67.8240, 64.6880
10, 67.6953, 64.6849
11, 71.3717, 64.6773
12, 70.2437, 64.6660
13, 64.5013, 64.6552
14, 73.8872, 64.6528
15, 71.2870, 64.6538
16, 71.6546, 64.6641
17, 64.8568, 64.6574
18, 68.8742, 64.6562
19, 76.6429, 64.6495
20, 68.5009, 64.6263
21, 72.3168, 64.6071
22, 63.8040, 64.5893
23, 66.9027, 64.5771
24, 67.5933, 64.5685
25, 66.3794, 64.5633
26, 77.3114, 64.5502
27, 66.0099, 64.5318
28, 78.3660, 64.5119
29, 80.3638, 64.4810
30, 69.1520, 64.4456
31, 77.2290, 64.4148
32, 67.5556, 64.3859
33, 74.5605, 64.3678
34, 75.2228, 64.3508
35, 75.2283, 64.3318
36, 70.4312, 64.3135
37, 74.0913, 64.2940
38, 80.5570, 64.2810
39, 70.1005, 64.2706
40, 71.0734, 64.2660
41, 78.2834, 64.2542
42, 65.0448, 64.2456
43, 68.1496, 64.2373
44, 74.9316, 64.2238
45, 67.2945, 64.2180
46, 65.1917, 64.2129
47, 73.4225, 64.1996
48, 68.0347, 64.1890
49, 68.1908, 64.1954
50, 71.5351, 64.1988
51, 66.9639, 64.1916
52, 66.2657, 64.1975
53, 66.8518, 64.2015
54, 77.0549, 64.1991
55, 66.8442, 64.1877
56, 71.5635, 64.1735
57, 68.9629, 64.1685
58, 76.6317, 64.1671
59, 67.6028, 64.1578
60, 71.2637, 64.1614
61, 70.1423, 64.1658
62, 69.6045, 64.1636
63, 64.8373, 64.1548
64, 71.3714, 64.1457
65, 64.9694, 64.1387
66, 75.9458, 64.1295
67, 80.9331, 64.1147
68, 69.7929, 64.0911
69, 84.7541, 64.0682
70, 67.2869, 64.0417
71, 68.5546, 64.0238
72, 67.0451, 64.0226
73, 73.5760, 64.0224
74, 71.9599, 64.0164
75, 78.7043, 64.0147
76, 70.2901, 64.0219
77, 68.8998, 64.0325
78, 73.5604, 64.0500
79, 68.6757, 64.0812
80, 67.6844, 64.1078
81, 71.6023, 64.1273
82, 65.1681, 64.1371
83, 67.2703, 64.1521
84, 75.1536, 64.1587
85, 72.8893, 64.1638
1, 69.8002, 64.1727
2, 71.4075, 64.1595
3, 80.4547, 64.1480
4, 67.5880, 64.1466
5, 74.9324, 64.1489
6, 68.9810, 64.1518
7, 63.5084, 64.1552
8, 74.5428, 64.1555
9, 74.2498, 64.1557
10, 67.0578, 64.1572
11, 66.2165, 64.1645
12, 62.8816, 64.1729
13, 65.3190, 64.1735
14, 68.2392, 64.1681
1, 72.4118, 64.1702
2, 77.5392, 64.1740
3, 67.8580, 64.1733
4, 74.9996, 64.1755
5, 69.7759, 64.1786
6, 72.8315, 64.1820
7, 66.3502, 64.1824
8, 74.3511, 64.1820
9, 67.5239, 64.1824
10, 71.1078, 64.1843
11, 63.7335, 64.1875
1, 70.4370, 64.1909
2, 69.6253, 64.1921
3, 73.0714, 64.1940
4, 70.1961, 64.1953
5, 67.4989, 64.1974
6, 67.0934, 64.1990
7, 69.7024, 64.2013
8, 68.4089, 64.2033
9, 70.7145, 64.2045
10, 71.3930, 64.2061
11, 71.0020, 64.2072
1, 75.0208, 64.5760
2, 69.5305, 63.6326
3, 73.7616, 65.3535
4, 88.3547, 66.1406
5, 82.3831, 64.3410
6, 72.4881, 62.1883
7, 78.9451, 60.4885
8, 68.4901, 59.8083
9, 76.2661, 60.4965
10, 74.1667, 61.3018
11, 71.0828, 61.3331
12, 73.8940, 61.4170
13, 68.6478, 61.8701
14, 79.9078, 62.6819
15, 71.6188, 63.3046
16, 71.7692, 63.2821
17, 72.4528, 63.5611
18, 79.2793, 63.8688
Test RMSE: 7.4906, MAE: 1.1985
