Epoch, Train Loss, Validation Loss
1, 767.3732, 223.3559
2, 160.8000, 220.6301
3, 153.2625, 220.4794
4, 176.5280, 220.3234
5, 167.6187, 220.1606
6, 185.0765, 219.9938
7, 141.7347, 219.8259
8, 159.9696, 219.6630
9, 181.3461, 219.4988
10, 164.4870, 219.3306
11, 178.7702, 219.1629
12, 181.1251, 218.9918
13, 186.4737, 218.8190
14, 206.4930, 218.6438
15, 202.6960, 218.4659
16, 167.1280, 218.2884
17, 184.2175, 218.1149
18, 196.3750, 217.9404
19, 144.8585, 217.7677
20, 152.8497, 217.6045
21, 159.0344, 217.4440
22, 200.2368, 217.2813
23, 182.6792, 217.1124
24, 189.7123, 216.9415
25, 148.7552, 216.7706
26, 148.6726, 216.6067
27, 173.9362, 216.4494
28, 166.3933, 216.2918
29, 182.0770, 216.1332
30, 179.4457, 215.9676
31, 204.9451, 215.7989
32, 171.2052, 215.6292
33, 160.1184, 215.4629
34, 188.1372, 215.2992
35, 191.7264, 215.1353
36, 163.8568, 214.9701
37, 134.3433, 214.8112
38, 144.4726, 214.6622
39, 176.4080, 214.5158
40, 237.3496, 214.3631
41, 177.1168, 214.2015
42, 171.1568, 214.0396
43, 163.8337, 213.8796
44, 182.8706, 213.7201
45, 181.8546, 213.5588
46, 163.2533, 213.3988
47, 187.2489, 213.2403
48, 188.3009, 213.0804
49, 153.8391, 212.9187
50, 149.8859, 212.7651
51, 200.0083, 212.6149
52, 146.1185, 212.4614
53, 159.5277, 212.3141
54, 158.4226, 212.1668
55, 141.6754, 212.0213
56, 149.2196, 211.8806
57, 172.1125, 211.7395
58, 178.2549, 211.5924
59, 214.4529, 211.4394
60, 186.7830, 211.2814
61, 175.9858, 211.1254
62, 170.9986, 210.9729
63, 166.9840, 210.8240
64, 164.3316, 210.6741
65, 180.8152, 210.5247
66, 154.2726, 210.3745
67, 145.4723, 210.2299
68, 153.9064, 210.0900
69, 152.0794, 209.9530
70, 147.3100, 209.8174
71, 158.8341, 209.6828
72, 188.4359, 209.5464
73, 164.4256, 209.4019
74, 159.8739, 209.2576
75, 156.2920, 209.1142
76, 166.8588, 208.9739
77, 203.2458, 208.8339
78, 161.0257, 208.6898
79, 164.6657, 208.5477
80, 158.9050, 208.4061
81, 183.4849, 208.2659
82, 160.1365, 208.1226
83, 164.6438, 207.9811
84, 170.9430, 207.8396
85, 199.5864, 207.6974
86, 184.3691, 207.5498
87, 166.7167, 207.4027
88, 164.9940, 207.2610
89, 190.5445, 207.1204
90, 157.8452, 206.9754
91, 175.1168, 206.8345
92, 190.7020, 206.6921
93, 153.3284, 206.5484
94, 173.4585, 206.4112
95, 178.6514, 206.2725
96, 161.0450, 206.1345
97, 149.4088, 206.0030
98, 161.8526, 205.8735
99, 170.4227, 205.7445
100, 152.1711, 205.6120
101, 155.3675, 205.4811
102, 171.9922, 205.3525
103, 166.7792, 205.2242
104, 169.2660, 205.0924
105, 147.8930, 204.9622
106, 157.4087, 204.8363
107, 176.9840, 204.7089
108, 149.0178, 204.5806
109, 143.4271, 204.4554
110, 152.5137, 204.3318
111, 161.5226, 204.2083
112, 148.6649, 204.0859
113, 152.7909, 203.9642
114, 173.2322, 203.8407
115, 147.3291, 203.7148
116, 163.9347, 203.5919
117, 163.9845, 203.4658
118, 137.7345, 203.3435
119, 171.8319, 203.2234
120, 140.9700, 203.1010
121, 154.1664, 202.9823
122, 155.4881, 202.8631
123, 199.9868, 202.7417
124, 195.0221, 202.6120
125, 158.4947, 202.4784
126, 173.2000, 202.3479
127, 157.8580, 202.2181
128, 173.6099, 202.0888
129, 155.1623, 201.9606
130, 174.4905, 201.8355
131, 143.9559, 201.7097
132, 184.0855, 201.5869
133, 148.5526, 201.4612
134, 156.6874, 201.3393
135, 167.8257, 201.2170
136, 144.7051, 201.0943
137, 127.5485, 200.9771
138, 137.8312, 200.8663
139, 164.0396, 200.7577
140, 182.6522, 200.6453
141, 172.6615, 200.5237
142, 171.1500, 200.4019
143, 160.1490, 200.2803
144, 145.6304, 200.1589
145, 172.4344, 200.0411
146, 174.7581, 199.9201
147, 174.2558, 199.7961
148, 171.2780, 199.6710
149, 152.4525, 199.5469
150, 159.1645, 199.4272
151, 148.5855, 199.3098
152, 155.9002, 199.1940
153, 134.2350, 199.0789
154, 162.5078, 198.9668
155, 146.5240, 198.8512
156, 169.4475, 198.7359
157, 144.2312, 198.6172
158, 189.6913, 198.5016
159, 168.3954, 198.3791
160, 174.8595, 198.2563
161, 179.3903, 198.1326
162, 165.2295, 198.0097
163, 179.4551, 197.8883
164, 150.1272, 197.7643
165, 150.0483, 197.6470
166, 145.0561, 197.5317
167, 133.4010, 197.4211
168, 149.7437, 197.3145
169, 146.8777, 197.2085
170, 169.7719, 197.1009
171, 156.7964, 196.9897
172, 137.6350, 196.8785
173, 146.0122, 196.7724
174, 148.0766, 196.6661
175, 149.8675, 196.5593
176, 157.0096, 196.4532
177, 142.4591, 196.3452
178, 149.8047, 196.2378
179, 131.5288, 196.1344
180, 144.2014, 196.0336
181, 149.5969, 195.9303
182, 137.0447, 195.8272
183, 125.0871, 195.7261
184, 178.9839, 195.6266
185, 173.0933, 195.5218
186, 161.5689, 195.4105
187, 156.8024, 195.3012
188, 158.6049, 195.1895
189, 163.3088, 195.0759
190, 161.6725, 194.9632
191, 177.1967, 194.8479
192, 167.7077, 194.7323
193, 150.0107, 194.6163
194, 131.9317, 194.5048
195, 173.4173, 194.3986
196, 171.5019, 194.2906
197, 142.2660, 194.1814
198, 161.3693, 194.0756
199, 153.6676, 193.9680
200, 145.2286, 193.8594
201, 143.9860, 193.7533
202, 160.3554, 193.6480
203, 157.2285, 193.5410
204, 144.0333, 193.4344
205, 151.4702, 193.3291
206, 135.8762, 193.2239
207, 158.8235, 193.1207
208, 165.9821, 193.0167
209, 165.7752, 192.9101
210, 168.4151, 192.8003
211, 142.6046, 192.6889
212, 134.0980, 192.5822
213, 130.3016, 192.4811
214, 158.7169, 192.3823
215, 142.2078, 192.2809
216, 146.9034, 192.1828
217, 137.7355, 192.0868
218, 121.9753, 191.9918
219, 144.9708, 191.9016
220, 184.5858, 191.8042
221, 127.3680, 191.7004
222, 151.1014, 191.6016
223, 129.2608, 191.5025
224, 153.5403, 191.4064
225, 172.1140, 191.3092
226, 132.5995, 191.2096
227, 128.4861, 191.1155
228, 149.4128, 191.0232
229, 154.2684, 190.9292
230, 134.7673, 190.8335
231, 139.8162, 190.7408
232, 149.7525, 190.6463
233, 147.3667, 190.5504
234, 145.1358, 190.4527
235, 159.6524, 190.3542
236, 181.3972, 190.2526
237, 143.1424, 190.1477
238, 152.1000, 190.0449
239, 133.2943, 189.9457
240, 156.4838, 189.8479
241, 157.5459, 189.7479
242, 144.3230, 189.6460
243, 148.8158, 189.5463
244, 155.1750, 189.4451
245, 156.5927, 189.3429
246, 132.4817, 189.2410
247, 152.1119, 189.1418
248, 132.3855, 189.0438
249, 169.9093, 188.9487
250, 133.7149, 188.8480
251, 150.2687, 188.7493
252, 181.3150, 188.6489
253, 149.1488, 188.5424
254, 163.1741, 188.4375
255, 143.6189, 188.3340
256, 143.7661, 188.2330
257, 138.6969, 188.1331
258, 157.5736, 188.0343
259, 170.0520, 187.9329
260, 145.4287, 187.8296
261, 185.5050, 187.7251
262, 180.0520, 187.6161
263, 157.4082, 187.5053
264, 168.0407, 187.3962
265, 142.2748, 187.2886
266, 162.3032, 187.1858
267, 161.6944, 187.0837
268, 164.1547, 186.9814
269, 157.3324, 186.8798
270, 153.2315, 186.7776
271, 164.7439, 186.6786
272, 136.9028, 186.5805
273, 166.4407, 186.4847
274, 155.3403, 186.3857
275, 142.5671, 186.2885
276, 160.8897, 186.1915
277, 148.6357, 186.0926
278, 142.4193, 185.9970
279, 154.3723, 185.9015
280, 162.7047, 185.8036
281, 124.0250, 185.7070
282, 138.4067, 185.6165
283, 168.3885, 185.5247
284, 131.0776, 185.4289
285, 133.5614, 185.3386
286, 157.0484, 185.2473
287, 160.0272, 185.1533
288, 156.4286, 185.0558
289, 142.7659, 184.9573
290, 136.4419, 184.8624
291, 173.6833, 184.7694
292, 123.6774, 184.6732
293, 142.8830, 184.5823
294, 154.8733, 184.4920
295, 150.6224, 184.3986
296, 148.4544, 184.3027
297, 144.2788, 184.2068
298, 147.7323, 184.1119
299, 164.0205, 184.0165
300, 177.1887, 183.9195
301, 155.1865, 183.8190
302, 180.8527, 183.7194
303, 148.0223, 183.6185
304, 131.1428, 183.5209
305, 135.6648, 183.4303
306, 157.1449, 183.3399
307, 153.1223, 183.2471
308, 138.8095, 183.1566
309, 136.5487, 183.0696
310, 134.5902, 182.9841
311, 115.9502, 182.9015
312, 131.7568, 182.8247
313, 140.0693, 182.7458
314, 149.1714, 182.6640
315, 129.5035, 182.5786
316, 143.7520, 182.4957
317, 149.4075, 182.4092
318, 149.9689, 182.3222
319, 162.1951, 182.2351
320, 163.5023, 182.1404
321, 142.8817, 182.0448
322, 128.2853, 181.9563
323, 150.2598, 181.8705
324, 139.4171, 181.7853
325, 138.7960, 181.7005
326, 149.2468, 181.6127
327, 147.5197, 181.5247
328, 126.8649, 181.4382
329, 128.6475, 181.3560
330, 142.3038, 181.2749
331, 152.3788, 181.1874
332, 155.1774, 181.0954
333, 138.4065, 181.0037
334, 160.2316, 180.9155
335, 130.4080, 180.8251
336, 131.6880, 180.7400
337, 132.4299, 180.6573
338, 157.2486, 180.5760
339, 146.5022, 180.4894
340, 146.3191, 180.4018
341, 127.9740, 180.3156
342, 124.0640, 180.2327
343, 147.5848, 180.1526
344, 133.8749, 180.0707
345, 122.3933, 179.9892
346, 149.4729, 179.9104
347, 119.6379, 179.8301
348, 137.3051, 179.7535
349, 122.3756, 179.6753
350, 132.2819, 179.6005
351, 143.6756, 179.5240
352, 131.8556, 179.4442
353, 140.8850, 179.3656
354, 135.9957, 179.2849
355, 151.1754, 179.2044
356, 123.1580, 179.1233
357, 138.6318, 179.0445
358, 188.7541, 178.9623
359, 179.6665, 178.8709
360, 166.6307, 178.7737
361, 170.7112, 178.6747
362, 123.1939, 178.5784
363, 147.0892, 178.4904
364, 170.1187, 178.4015
365, 160.6509, 178.3081
366, 145.6572, 178.2160
367, 135.7337, 178.1263
368, 151.7275, 178.0395
369, 161.4237, 177.9528
370, 133.9895, 177.8637
371, 149.6776, 177.7772
372, 149.1019, 177.6915
373, 175.8294, 177.6049
374, 141.7462, 177.5132
375, 171.8090, 177.4241
376, 156.9869, 177.3307
377, 154.4720, 177.2382
378, 121.3158, 177.1493
379, 136.0113, 177.0671
380, 122.8507, 176.9870
381, 126.5173, 176.9100
382, 144.6919, 176.8360
383, 159.1277, 176.7591
384, 132.1861, 176.6772
385, 135.7835, 176.5984
386, 129.0016, 176.5198
387, 145.1124, 176.4423
388, 166.5862, 176.3600
389, 147.3695, 176.2729
390, 143.4160, 176.1856
391, 146.5366, 176.1014
392, 146.9958, 176.0185
393, 147.7803, 175.9335
394, 162.6406, 175.8471
395, 155.1203, 175.7574
396, 124.2731, 175.6679
397, 142.3661, 175.5856
398, 140.1171, 175.5021
399, 135.4430, 175.4216
400, 122.1524, 175.3414
401, 170.3051, 175.2646
402, 142.1492, 175.1823
403, 153.7439, 175.0983
404, 153.3951, 175.0115
405, 141.6756, 174.9256
406, 128.0180, 174.8441
407, 159.4275, 174.7641
408, 145.0670, 174.6830
409, 151.0145, 174.5996
410, 129.5457, 174.5174
411, 166.9720, 174.4358
412, 139.4846, 174.3518
413, 149.7582, 174.2668
414, 123.3586, 174.1822
415, 151.8166, 174.1033
416, 160.5013, 174.0226
417, 162.2197, 173.9395
418, 160.2037, 173.8526
419, 148.2480, 173.7622
420, 126.0879, 173.6760
421, 142.8712, 173.5958
422, 132.2523, 173.5170
423, 132.5144, 173.4407
424, 149.7306, 173.3656
425, 151.9931, 173.2876
426, 148.2557, 173.2090
427, 131.6697, 173.1330
428, 129.7675, 173.0594
429, 111.3942, 172.9892
430, 132.2686, 172.9219
431, 157.1167, 172.8514
432, 132.4535, 172.7769
433, 148.7491, 172.7035
434, 112.7721, 172.6301
435, 149.8914, 172.5602
436, 165.8151, 172.4821
437, 124.7523, 172.4004
438, 135.7914, 172.3236
439, 150.5385, 172.2481
440, 141.9110, 172.1725
441, 145.2195, 172.0973
442, 119.0854, 172.0222
443, 122.0608, 171.9517
444, 129.4436, 171.8848
445, 115.1396, 171.8174
446, 129.8328, 171.7524
447, 144.7534, 171.6854
448, 128.4138, 171.6141
449, 126.6531, 171.5419
450, 150.1828, 171.4711
451, 129.7239, 171.3945
452, 126.6546, 171.3196
453, 123.9141, 171.2469
454, 118.3603, 171.1781
455, 150.0431, 171.1093
456, 158.9272, 171.0352
457, 149.2934, 170.9547
458, 151.8596, 170.8739
459, 129.8372, 170.7923
460, 122.5233, 170.7173
461, 133.4297, 170.6448
462, 130.1205, 170.5721
463, 131.1575, 170.5005
464, 131.9814, 170.4283
465, 140.5074, 170.3565
466, 133.5318, 170.2811
467, 115.6690, 170.2076
468, 142.9819, 170.1388
469, 130.0578, 170.0677
470, 131.7167, 169.9984
471, 120.0414, 169.9292
472, 138.9788, 169.8599
473, 156.9149, 169.7863
474, 120.6890, 169.7100
475, 112.7947, 169.6396
476, 123.0266, 169.5753
477, 128.3642, 169.5097
478, 129.3210, 169.4428
479, 155.4604, 169.3727
480, 130.0695, 169.2976
481, 129.0101, 169.2216
482, 149.2530, 169.1470
483, 133.5877, 169.0725
484, 132.9699, 168.9997
485, 137.2225, 168.9282
486, 119.0670, 168.8582
487, 148.6151, 168.7904
488, 113.3259, 168.7206
489, 147.6682, 168.6528
490, 118.7781, 168.5790
491, 138.6658, 168.5084
492, 150.8832, 168.4334
493, 140.3052, 168.3565
494, 135.5704, 168.2804
495, 130.5060, 168.2025
496, 136.3830, 168.1262
497, 134.1063, 168.0494
498, 142.4421, 167.9749
499, 137.1530, 167.9022
500, 129.3419, 167.8302
501, 132.5835, 167.7574
502, 137.0832, 167.6847
503, 148.3794, 167.6091
504, 149.8628, 167.5293
505, 171.0433, 167.4496
506, 133.8578, 167.3693
507, 146.8130, 167.2894
508, 117.9283, 167.2106
509, 117.2775, 167.1410
510, 123.2469, 167.0750
511, 124.2762, 167.0105
512, 135.5005, 166.9461
513, 138.2098, 166.8812
514, 147.4995, 166.8141
515, 117.7296, 166.7437
516, 122.0766, 166.6762
517, 146.5856, 166.6104
518, 150.2743, 166.5389
519, 120.8011, 166.4647
520, 129.1746, 166.3941
521, 132.7151, 166.3249
522, 122.0251, 166.2554
523, 120.6467, 166.1872
524, 128.4733, 166.1207
525, 107.0517, 166.0549
526, 165.6776, 165.9930
527, 129.3005, 165.9223
528, 133.0617, 165.8530
529, 146.3784, 165.7819
530, 132.9591, 165.7085
531, 130.1586, 165.6351
532, 129.6586, 165.5618
533, 152.1070, 165.4905
534, 148.8398, 165.4158
535, 121.6976, 165.3411
536, 141.5790, 165.2684
537, 159.1476, 165.1931
538, 130.4447, 165.1154
539, 138.6433, 165.0429
540, 135.5546, 164.9697
541, 126.7499, 164.8986
542, 134.5766, 164.8298
543, 134.8619, 164.7592
544, 143.5668, 164.6903
545, 137.3931, 164.6190
546, 136.0690, 164.5479
547, 106.9987, 164.4808
548, 139.4615, 164.4203
549, 120.0620, 164.3570
550, 117.2686, 164.2962
551, 146.4735, 164.2348
552, 153.4018, 164.1660
553, 159.6067, 164.0947
554, 156.5403, 164.0214
555, 124.0958, 163.9486
556, 133.4924, 163.8783
557, 127.2767, 163.8053
558, 139.9399, 163.7341
559, 138.9727, 163.6623
560, 131.8633, 163.5894
561, 131.2857, 163.5179
562, 126.0403, 163.4475
563, 148.7912, 163.3805
564, 132.4926, 163.3101
565, 130.8351, 163.2422
566, 123.7301, 163.1753
567, 145.6499, 163.1096
568, 155.1806, 163.0378
569, 138.5929, 162.9646
570, 128.9114, 162.8916
571, 125.4812, 162.8241
572, 128.3947, 162.7590
573, 154.9285, 162.6925
574, 123.8687, 162.6229
575, 132.6271, 162.5553
576, 146.1017, 162.4856
577, 124.4218, 162.4127
578, 121.3581, 162.3437
579, 120.7372, 162.2780
580, 123.9779, 162.2141
581, 115.3066, 162.1510
582, 129.9192, 162.0918
583, 142.5788, 162.0307
584, 113.8622, 161.9664
585, 143.4269, 161.9036
586, 137.4157, 161.8355
587, 138.5034, 161.7680
588, 131.0662, 161.6979
589, 150.1585, 161.6270
590, 112.7465, 161.5575
591, 123.5095, 161.4917
592, 131.3377, 161.4265
593, 132.1899, 161.3624
594, 136.6922, 161.2984
595, 129.8866, 161.2305
596, 113.8357, 161.1635
597, 119.6479, 161.1012
598, 129.3085, 161.0394
599, 118.6024, 160.9779
600, 140.6472, 160.9170
601, 142.0413, 160.8514
602, 145.2556, 160.7830
603, 154.5302, 160.7137
604, 127.0979, 160.6404
605, 153.2472, 160.5723
606, 146.7842, 160.5006
607, 127.2005, 160.4273
608, 162.4527, 160.3547
609, 132.0783, 160.2809
610, 132.3453, 160.2114
611, 143.5810, 160.1429
612, 130.3343, 160.0742
613, 146.3862, 160.0043
614, 126.3215, 159.9333
615, 110.7651, 159.8666
616, 147.6493, 159.8048
617, 128.9832, 159.7389
618, 120.8653, 159.6728
619, 130.2022, 159.6093
620, 121.9659, 159.5450
621, 130.0629, 159.4809
622, 114.1265, 159.4178
623, 115.1597, 159.3583
624, 121.1738, 159.3008
625, 112.5525, 159.2447
626, 158.3223, 159.1899
627, 133.4960, 159.1279
628, 137.3714, 159.0641
629, 152.1394, 158.9974
630, 125.1024, 158.9281
631, 122.8695, 158.8607
632, 122.4971, 158.8005
633, 118.1410, 158.7440
634, 115.5109, 158.6861
635, 136.1490, 158.6298
636, 126.6371, 158.5699
637, 152.4983, 158.5088
638, 139.8898, 158.4431
639, 113.6797, 158.3770
640, 132.3002, 158.3143
641, 127.3458, 158.2507
642, 126.2027, 158.1878
643, 124.1909, 158.1275
644, 148.8939, 158.0639
645, 138.5754, 157.9969
646, 130.6367, 157.9299
647, 130.9606, 157.8655
648, 118.6322, 157.8003
649, 130.4842, 157.7383
650, 134.5281, 157.6765
651, 129.6976, 157.6152
652, 137.9487, 157.5549
653, 114.0387, 157.4919
654, 126.0590, 157.4299
655, 109.5963, 157.3688
656, 135.7712, 157.3118
657, 122.1326, 157.2508
658, 113.1640, 157.1913
659, 129.9532, 157.1352
660, 132.9895, 157.0745
661, 143.3993, 157.0115
662, 130.6082, 156.9443
663, 139.9941, 156.8768
664, 119.0260, 156.8109
665, 116.3253, 156.7490
666, 137.2443, 156.6884
667, 141.3473, 156.6254
668, 113.9644, 156.5611
669, 113.8805, 156.5026
670, 138.9663, 156.4461
671, 134.3546, 156.3845
672, 143.5729, 156.3204
673, 159.0718, 156.2527
674, 123.9471, 156.1821
675, 127.9535, 156.1148
676, 108.7469, 156.0486
677, 117.2066, 155.9901
678, 129.1045, 155.9336
679, 130.9199, 155.8763
680, 116.3125, 155.8160
681, 137.0553, 155.7582
682, 135.0242, 155.6980
683, 132.3353, 155.6363
684, 113.4834, 155.5751
685, 117.1320, 155.5191
686, 136.3312, 155.4640
687, 120.5940, 155.4070
688, 105.7625, 155.3508
689, 128.0480, 155.2993
690, 108.6518, 155.2480
691, 118.5770, 155.1970
692, 120.2284, 155.1457
693, 139.4833, 155.0907
694, 121.9206, 155.0327
695, 136.5262, 154.9731
696, 120.5972, 154.9098
697, 105.8340, 154.8489
698, 125.9031, 154.7928
699, 129.6958, 154.7339
700, 111.2730, 154.6739
701, 121.4806, 154.6172
702, 117.8660, 154.5617
703, 117.6720, 154.5071
704, 123.8788, 154.4549
705, 118.8192, 154.3990
706, 101.4165, 154.3442
707, 140.5177, 154.2938
708, 150.9759, 154.2350
709, 114.4057, 154.1696
710, 115.6438, 154.1098
711, 113.2690, 154.0544
712, 123.2270, 154.0002
713, 170.3069, 153.9407
714, 108.6044, 153.8749
715, 117.3136, 153.8155
716, 124.8867, 153.7579
717, 108.4478, 153.7009
718, 104.2687, 153.6493
719, 145.2162, 153.6006
720, 133.2532, 153.5438
721, 113.2194, 153.4860
722, 125.2680, 153.4299
723, 108.2503, 153.3761
724, 135.1327, 153.3244
725, 145.2696, 153.2666
726, 171.8180, 153.2025
727, 153.6703, 153.1328
728, 106.7870, 153.0649
729, 125.9420, 153.0046
730, 118.9515, 152.9440
731, 117.0405, 152.8861
732, 100.6087, 152.8312
733, 132.5821, 152.7823
734, 122.9850, 152.7295
735, 115.2325, 152.6767
736, 122.3572, 152.6249
737, 132.9174, 152.5694
738, 136.1359, 152.5095
739, 129.4605, 152.4493
740, 107.3842, 152.3906
741, 111.6377, 152.3381
742, 154.8450, 152.2856
743, 132.9535, 152.2266
744, 114.1158, 152.1685
745, 119.9699, 152.1119
746, 125.3644, 152.0548
747, 123.0017, 151.9958
748, 126.2235, 151.9397
749, 110.6547, 151.8852
750, 121.1304, 151.8339
751, 116.3599, 151.7805
752, 112.0053, 151.7315
753, 118.0032, 151.6800
754, 153.7551, 151.6229
755, 119.8121, 151.5597
756, 130.0156, 151.4958
757, 118.1305, 151.4350
758, 119.2027, 151.3784
759, 140.0510, 151.3233
760, 128.1928, 151.2626
761, 101.2380, 151.2034
762, 114.6918, 151.1513
763, 132.0878, 151.0976
764, 125.8017, 151.0440
765, 137.2103, 150.9895
766, 127.2605, 150.9310
767, 106.2310, 150.8726
768, 127.3861, 150.8187
769, 140.1249, 150.7613
770, 120.1730, 150.6990
771, 145.0059, 150.6372
772, 117.8821, 150.5747
773, 126.4028, 150.5144
774, 144.7436, 150.4538
775, 122.4445, 150.3895
776, 104.1980, 150.3275
777, 135.0274, 150.2724
778, 131.5218, 150.2135
779, 138.8241, 150.1579
780, 126.0318, 150.1014
781, 128.7559, 150.0442
782, 113.4970, 149.9852
783, 119.4640, 149.9290
784, 144.4866, 149.8715
785, 149.7179, 149.8103
786, 108.9169, 149.7487
787, 117.3771, 149.6925
788, 118.8575, 149.6375
789, 130.7269, 149.5830
790, 119.6543, 149.5276
791, 122.1485, 149.4727
792, 125.5948, 149.4191
793, 133.7040, 149.3662
794, 115.6733, 149.3090
795, 110.8683, 149.2538
796, 130.3172, 149.2020
797, 134.7522, 149.1480
798, 115.6232, 149.0918
799, 114.4171, 149.0372
800, 106.8685, 148.9847
801, 118.1246, 148.9369
802, 123.4827, 148.8854
803, 123.2652, 148.8337
804, 141.9565, 148.7824
805, 137.8173, 148.7261
806, 150.9541, 148.6658
807, 137.4917, 148.6007
808, 132.3379, 148.5353
809, 124.7566, 148.4742
810, 136.4365, 148.4133
811, 108.3219, 148.3528
812, 142.3283, 148.2991
813, 132.8245, 148.2417
814, 117.3180, 148.1846
815, 101.7041, 148.1306
816, 109.9033, 148.0822
817, 128.1650, 148.0343
818, 132.5012, 147.9829
819, 132.5952, 147.9274
820, 120.0097, 147.8710
821, 123.5964, 147.8160
822, 108.5690, 147.7625
823, 158.5468, 147.7085
824, 145.0745, 147.6474
825, 133.2674, 147.5859
826, 105.4668, 147.5262
827, 128.9057, 147.4732
828, 117.5843, 147.4184
829, 107.9252, 147.3644
830, 120.1778, 147.3141
831, 121.1635, 147.2655
832, 126.2981, 147.2125
833, 135.9695, 147.1610
834, 121.6227, 147.1069
835, 121.9095, 147.0532
836, 112.5145, 146.9998
837, 154.1243, 146.9457
838, 109.4431, 146.8867
839, 123.6887, 146.8319
840, 156.4018, 146.7755
841, 136.9507, 146.7129
842, 113.6423, 146.6509
843, 126.0198, 146.5924
844, 106.9843, 146.5361
845, 115.3611, 146.4849
846, 120.7125, 146.4386
847, 140.2868, 146.3870
848, 102.4581, 146.3334
849, 124.2983, 146.2845
850, 140.0321, 146.2330
851, 107.4843, 146.1782
852, 101.8158, 146.1272
853, 108.0415, 146.0832
854, 105.6697, 146.0406
855, 107.0561, 145.9999
856, 133.5955, 145.9602
857, 134.1281, 145.9133
858, 125.4549, 145.8602
859, 115.3383, 145.8062
860, 107.3383, 145.7539
861, 109.4630, 145.7057
862, 107.4366, 145.6584
863, 119.7446, 145.6134
864, 143.3227, 145.5651
865, 118.9872, 145.5096
866, 105.1222, 145.4579
867, 108.1016, 145.4092
868, 109.2600, 145.3628
869, 97.7352, 145.3189
870, 113.6168, 145.2799
871, 130.3718, 145.2353
872, 111.7693, 145.1848
873, 110.3361, 145.1356
874, 117.6796, 145.0874
875, 129.5628, 145.0385
876, 118.6648, 144.9853
877, 109.3159, 144.9330
878, 120.1314, 144.8837
879, 115.5383, 144.8324
880, 106.9843, 144.7831
881, 106.6600, 144.7365
882, 114.5951, 144.6898
883, 137.8272, 144.6390
884, 116.7353, 144.5849
885, 102.1982, 144.5356
886, 114.2122, 144.4908
887, 114.1445, 144.4464
888, 119.1473, 144.4018
889, 103.7971, 144.3572
890, 109.9188, 144.3155
891, 108.7561, 144.2706
892, 107.2627, 144.2261
893, 121.1926, 144.1827
894, 136.4130, 144.1352
895, 123.8069, 144.0834
896, 106.6224, 144.0328
897, 113.8994, 143.9856
898, 130.4133, 143.9352
899, 119.2979, 143.8828
900, 117.7623, 143.8307
901, 135.4846, 143.7771
902, 101.7212, 143.7215
903, 110.3173, 143.6731
904, 119.1874, 143.6269
905, 104.5462, 143.5811
906, 115.2628, 143.5365
907, 106.6425, 143.4915
908, 111.6075, 143.4502
909, 130.7360, 143.4050
910, 124.9250, 143.3532
911, 98.8151, 143.3027
912, 116.7434, 143.2586
913, 114.6565, 143.2136
914, 134.3969, 143.1674
915, 132.8045, 143.1169
916, 100.7622, 143.0640
917, 109.4716, 143.0167
918, 122.5554, 142.9700
919, 104.7794, 142.9194
920, 142.8995, 142.8704
921, 117.0217, 142.8157
922, 125.0221, 142.7604
923, 116.5637, 142.7041
924, 103.7842, 142.6506
925, 120.9755, 142.6027
926, 125.0660, 142.5560
927, 152.5011, 142.5075
928, 108.9663, 142.4522
929, 123.8150, 142.3988
930, 120.9545, 142.3456
931, 109.0094, 142.2924
932, 108.0772, 142.2417
933, 108.7442, 142.1934
934, 96.8640, 142.1503
935, 136.2981, 142.1096
936, 117.5714, 142.0649
937, 115.0141, 142.0194
938, 116.4146, 141.9759
939, 112.7224, 141.9332
940, 114.3953, 141.8891
941, 122.9418, 141.8417
942, 122.9070, 141.7910
943, 104.2054, 141.7424
944, 112.8496, 141.6971
945, 105.8325, 141.6512
946, 145.5870, 141.6060
947, 131.0296, 141.5517
948, 109.2683, 141.4947
949, 117.2131, 141.4403
950, 100.7189, 141.3888
951, 113.5902, 141.3418
952, 133.8834, 141.2927
953, 120.1151, 141.2403
954, 111.7448, 141.1901
955, 132.6444, 141.1379
956, 104.6018, 141.0884
957, 115.2771, 141.0414
958, 109.5759, 140.9939
959, 116.2487, 140.9479
960, 121.2197, 140.9003
961, 108.5512, 140.8515
962, 105.8122, 140.8050
963, 110.8874, 140.7588
964, 98.6805, 140.7165
965, 113.6829, 140.6764
966, 124.5705, 140.6330
967, 130.2733, 140.5864
968, 110.0565, 140.5361
969, 136.9605, 140.4859
970, 107.6752, 140.4345
971, 125.3930, 140.3850
972, 131.6835, 140.3324
973, 121.4120, 140.2775
974, 124.8080, 140.2253
975, 115.7564, 140.1702
976, 111.1075, 140.1167
977, 115.8537, 140.0660
978, 100.6442, 140.0163
979, 130.7733, 139.9718
980, 103.0544, 139.9228
981, 127.8526, 139.8759
982, 107.7653, 139.8252
983, 108.4821, 139.7783
984, 132.0005, 139.7333
985, 115.8661, 139.6840
986, 108.3830, 139.6349
987, 133.5429, 139.5859
988, 129.9096, 139.5357
989, 116.0450, 139.4848
990, 111.0360, 139.4361
991, 104.4875, 139.3902
992, 140.0412, 139.3444
993, 123.7414, 139.2924
994, 108.3967, 139.2417
995, 143.6217, 139.1938
996, 113.5255, 139.1423
997, 143.1631, 139.0900
998, 129.2611, 139.0336
999, 110.4682, 138.9798
1000, 111.0506, 138.9313
1001, 102.9140, 138.8858
1002, 104.4207, 138.8431
1003, 127.2006, 138.8012
1004, 110.7301, 138.7568
1005, 105.8667, 138.7122
1006, 118.3082, 138.6689
1007, 101.5712, 138.6222
1008, 115.5986, 138.5800
1009, 109.2835, 138.5382
1010, 120.0458, 138.4959
1011, 138.3334, 138.4477
1012, 124.3322, 138.3946
1013, 114.2139, 138.3415
1014, 121.4502, 138.2914
1015, 104.0905, 138.2442
1016, 130.9851, 138.1997
1017, 105.1031, 138.1545
1018, 101.0252, 138.1139
1019, 106.5662, 138.0768
1020, 130.3281, 138.0378
1021, 103.0430, 137.9962
1022, 118.7477, 137.9546
1023, 122.4932, 137.9098
1024, 112.1560, 137.8636
1025, 93.1530, 137.8190
1026, 132.5268, 137.7820
1027, 118.8499, 137.7398
1028, 159.5869, 137.6912
1029, 110.8363, 137.6363
1030, 108.0957, 137.5838
1031, 101.8678, 137.5374
1032, 98.1078, 137.4969
1033, 102.2035, 137.4607
1034, 123.7790, 137.4260
1035, 110.3175, 137.3839
1036, 112.6499, 137.3421
1037, 135.3290, 137.2983
1038, 100.4935, 137.2486
1039, 115.5879, 137.2025
1040, 106.2788, 137.1555
1041, 132.8297, 137.1082
1042, 109.2039, 137.0551
1043, 129.0446, 137.0030
1044, 111.0492, 136.9495
1045, 117.0495, 136.9008
1046, 108.4656, 136.8550
1047, 105.0795, 136.8107
1048, 95.9970, 136.7706
1049, 100.3299, 136.7372
1050, 93.9032, 136.7060
1051, 119.2115, 136.6734
1052, 105.3835, 136.6338
1053, 116.6897, 136.5934
1054, 106.5930, 136.5520
1055, 99.7727, 136.5123
1056, 104.1462, 136.4767
1057, 105.8348, 136.4409
1058, 105.7691, 136.4047
1059, 124.8059, 136.3666
1060, 102.8279, 136.3252
1061, 129.1773, 136.2847
1062, 125.3562, 136.2398
1063, 109.9382, 136.1899
1064, 116.3253, 136.1429
1065, 113.4050, 136.0944
1066, 109.2169, 136.0491
1067, 111.0758, 136.0045
1068, 107.2589, 135.9613
1069, 96.2507, 135.9192
1070, 100.1178, 135.8804
1071, 107.3986, 135.8449
1072, 115.6850, 135.8056
1073, 106.2403, 135.7627
1074, 100.1114, 135.7200
1075, 104.2984, 135.6806
1076, 121.1084, 135.6382
1077, 129.4419, 135.5919
1078, 105.4890, 135.5445
1079, 107.0275, 135.5002
1080, 99.5967, 135.4574
1081, 92.2804, 135.4219
1082, 128.3166, 135.3909
1083, 119.4737, 135.3517
1084, 101.0434, 135.3112
1085, 122.9001, 135.2717
1086, 106.5667, 135.2286
1087, 111.6640, 135.1859
1088, 114.1988, 135.1452
1089, 107.8342, 135.0999
1090, 113.8940, 135.0565
1091, 106.6235, 135.0137
1092, 109.0832, 134.9701
1093, 112.3553, 134.9236
1094, 108.7033, 134.8774
1095, 115.8072, 134.8294
1096, 120.5332, 134.7790
1097, 117.9077, 134.7300
1098, 99.9036, 134.6827
1099, 94.5179, 134.6406
1100, 100.8027, 134.6032
1101, 115.6492, 134.5680
1102, 112.1058, 134.5283
1103, 111.3934, 134.4875
1104, 112.5633, 134.4434
1105, 117.2863, 134.3980
1106, 122.0391, 134.3528
1107, 113.3066, 134.3063
1108, 121.2620, 134.2610
1109, 97.4534, 134.2153
1110, 109.4794, 134.1728
1111, 125.4841, 134.1292
1112, 108.7532, 134.0844
1113, 118.2059, 134.0397
1114, 107.9115, 133.9925
1115, 106.5859, 133.9452
1116, 107.8487, 133.8989
1117, 138.2604, 133.8511
1118, 96.4322, 133.7995
1119, 115.5435, 133.7558
1120, 104.9673, 133.7115
1121, 107.8198, 133.6688
1122, 103.1622, 133.6259
1123, 119.5818, 133.5835
1124, 110.8623, 133.5404
1125, 118.6746, 133.4952
1126, 98.3777, 133.4514
1127, 109.3594, 133.4129
1128, 107.1260, 133.3752
1129, 102.9357, 133.3390
1130, 146.6330, 133.2992
1131, 118.3085, 133.2504
1132, 115.8945, 133.2038
1133, 113.2136, 133.1595
1134, 112.7803, 133.1167
1135, 111.8597, 133.0726
1136, 101.6385, 133.0293
1137, 107.1789, 132.9897
1138, 109.0384, 132.9494
1139, 112.6457, 132.9087
1140, 116.6505, 132.8652
1141, 105.7862, 132.8220
1142, 111.4125, 132.7807
1143, 133.7432, 132.7374
1144, 93.3036, 132.6918
1145, 122.2375, 132.6533
1146, 94.8818, 132.6117
1147, 99.7119, 132.5741
1148, 108.0297, 132.5358
1149, 119.2396, 132.4962
1150, 109.6409, 132.4562
1151, 100.8878, 132.4210
1152, 113.9296, 132.3850
1153, 116.9079, 132.3431
1154, 110.7034, 132.2991
1155, 107.0686, 132.2540
1156, 105.3719, 132.2105
1157, 101.1657, 132.1690
1158, 99.5320, 132.1312
1159, 94.4904, 132.0970
1160, 99.2285, 132.0646
1161, 116.7571, 132.0333
1162, 118.8112, 131.9958
1163, 109.4360, 131.9538
1164, 107.5936, 131.9101
1165, 122.4165, 131.8629
1166, 138.1874, 131.8131
1167, 97.7385, 131.7610
1168, 132.7647, 131.7150
1169, 97.8183, 131.6674
1170, 96.0122, 131.6258
1171, 99.2254, 131.5899
1172, 121.0254, 131.5552
1173, 108.2953, 131.5140
1174, 101.1281, 131.4734
1175, 102.1270, 131.4348
1176, 98.8601, 131.3976
1177, 105.2168, 131.3596
1178, 109.6736, 131.3210
1179, 105.9052, 131.2786
1180, 106.1529, 131.2355
1181, 102.2450, 131.1934
1182, 90.9031, 131.1533
1183, 104.4238, 131.1185
1184, 107.7415, 131.0827
1185, 93.6250, 131.0481
1186, 98.1200, 131.0158
1187, 102.6919, 130.9840
1188, 90.9941, 130.9518
1189, 103.8226, 130.9239
1190, 105.5767, 130.8904
1191, 105.2724, 130.8553
1192, 123.1435, 130.8182
1193, 117.5441, 130.7757
1194, 116.0029, 130.7322
1195, 113.4588, 130.6852
1196, 99.1537, 130.6386
1197, 111.7511, 130.5963
1198, 98.6622, 130.5576
1199, 114.2467, 130.5228
1200, 101.0042, 130.4840
1201, 104.9316, 130.4464
1202, 108.7192, 130.4084
1203, 138.2921, 130.3695
1204, 95.8788, 130.3263
1205, 115.5275, 130.2868
1206, 107.6743, 130.2431
1207, 101.4150, 130.2015
1208, 102.2122, 130.1625
1209, 121.6223, 130.1255
1210, 124.5241, 130.0843
1211, 111.2514, 130.0421
1212, 99.0182, 130.0032
1213, 102.9302, 129.9667
1214, 92.2982, 129.9318
1215, 99.5740, 129.9015
1216, 110.7696, 129.8702
1217, 122.7228, 129.8309
1218, 109.0104, 129.7854
1219, 92.8631, 129.7396
1220, 115.8054, 129.6995
1221, 122.6174, 129.6522
1222, 127.6045, 129.6009
1223, 102.8318, 129.5488
1224, 111.5814, 129.5012
1225, 100.6508, 129.4571
1226, 89.8170, 129.4186
1227, 93.5575, 129.3897
1228, 118.5020, 129.3600
1229, 106.4943, 129.3240
1230, 99.5174, 129.2885
1231, 104.1667, 129.2541
1232, 115.5893, 129.2174
1233, 101.7979, 129.1774
1234, 113.4683, 129.1375
1235, 105.6542, 129.0947
1236, 108.9793, 129.0543
1237, 106.0583, 129.0108
1238, 114.7641, 128.9666
1239, 103.0001, 128.9223
1240, 116.1960, 128.8771
1241, 115.8407, 128.8319
1242, 139.7682, 128.7857
1243, 116.1883, 128.7345
1244, 102.2219, 128.6842
1245, 117.3408, 128.6375
1246, 115.5711, 128.5900
1247, 104.8959, 128.5432
1248, 111.8418, 128.4994
1249, 109.5522, 128.4542
1250, 123.4168, 128.4092
1251, 124.6675, 128.3592
1252, 121.7419, 128.3074
1253, 101.1650, 128.2591
1254, 108.0476, 128.2172
1255, 96.8930, 128.1789
1256, 93.9310, 128.1455
1257, 103.2812, 128.1161
1258, 97.9322, 128.0848
1259, 88.6196, 128.0552
1260, 102.6517, 128.0307
1261, 108.9696, 128.0009
1262, 94.0672, 127.9693
1263, 95.0295, 127.9412
1264, 114.4956, 127.9120
1265, 100.2396, 127.8798
1266, 94.3591, 127.8486
1267, 106.5483, 127.8169
1268, 92.4414, 127.7824
1269, 109.2137, 127.7528
1270, 125.7201, 127.7206
1271, 107.9844, 127.6794
1272, 115.3424, 127.6360
1273, 116.0025, 127.5888
1274, 94.9271, 127.5418
1275, 101.6124, 127.5022
1276, 105.0144, 127.4636
1277, 95.0187, 127.4247
1278, 101.8846, 127.3890
1279, 91.4284, 127.3555
1280, 110.5808, 127.3248
1281, 100.9150, 127.2909
1282, 106.9486, 127.2559
1283, 107.9694, 127.2188
1284, 103.3662, 127.1810
1285, 88.9889, 127.1467
1286, 105.8998, 127.1185
1287, 111.3290, 127.0848
1288, 103.2448, 127.0489
1289, 111.5692, 127.0110
1290, 107.8868, 126.9728
1291, 133.7326, 126.9327
1292, 104.9255, 126.8863
1293, 137.8719, 126.8438
1294, 104.7329, 126.7983
1295, 97.6119, 126.7560
1296, 114.4883, 126.7141
1297, 127.3671, 126.6715
1298, 99.0428, 126.6295
1299, 122.4986, 126.5910
1300, 121.5920, 126.5482
1301, 98.9882, 126.5015
1302, 113.3357, 126.4599
1303, 96.9519, 126.4214
1304, 143.4450, 126.3829
1305, 98.9302, 126.3390
1306, 121.6304, 126.2977
1307, 110.4138, 126.2545
1308, 117.2633, 126.2123
1309, 104.2331, 126.1683
1310, 98.2405, 126.1276
1311, 113.1377, 126.0889
1312, 111.1817, 126.0491
1313, 102.7371, 126.0080
1314, 105.5808, 125.9687
1315, 94.9349, 125.9283
1316, 113.5140, 125.8913
1317, 100.9248, 125.8502
1318, 96.9150, 125.8109
1319, 110.0646, 125.7763
1320, 94.8239, 125.7391
1321, 119.4435, 125.7064
1322, 102.3027, 125.6710
1323, 107.3590, 125.6329
1324, 109.2155, 125.5917
1325, 97.2453, 125.5539
1326, 112.1576, 125.5204
1327, 115.7991, 125.4821
1328, 95.6787, 125.4419
1329, 114.5817, 125.4073
1330, 119.9621, 125.3696
1331, 109.5436, 125.3298
1332, 98.5522, 125.2916
1333, 118.4235, 125.2543
1334, 104.7651, 125.2158
1335, 110.0646, 125.1802
1336, 92.8286, 125.1430
1337, 94.8308, 125.1119
1338, 91.4115, 125.0828
1339, 100.4404, 125.0561
1340, 97.9385, 125.0262
1341, 100.4982, 124.9944
1342, 113.6152, 124.9601
1343, 96.5940, 124.9258
1344, 94.7916, 124.8929
1345, 108.6586, 124.8625
1346, 133.2939, 124.8235
1347, 115.2893, 124.7808
1348, 117.4135, 124.7404
1349, 93.5751, 124.6985
1350, 113.0011, 124.6630
1351, 110.7045, 124.6272
1352, 126.0508, 124.5898
1353, 110.8358, 124.5488
1354, 104.3145, 124.5088
1355, 94.3505, 124.4716
1356, 135.9585, 124.4377
1357, 102.0137, 124.3963
1358, 99.5327, 124.3574
1359, 99.8061, 124.3190
1360, 93.0186, 124.2835
1361, 100.8012, 124.2540
1362, 94.0074, 124.2231
1363, 119.4631, 124.1949
1364, 99.5223, 124.1631
1365, 96.5729, 124.1303
1366, 101.7898, 124.0976
1367, 124.2497, 124.0626
1368, 117.5505, 124.0251
1369, 95.0307, 123.9905
1370, 94.5528, 123.9616
1371, 99.3217, 123.9342
1372, 93.0073, 123.9045
1373, 103.2785, 123.8776
1374, 100.2718, 123.8475
1375, 116.0167, 123.8138
1376, 110.4108, 123.7765
1377, 111.8365, 123.7402
1378, 109.0106, 123.7008
1379, 96.6607, 123.6612
1380, 112.3240, 123.6244
1381, 112.3928, 123.5821
1382, 88.8051, 123.5423
1383, 109.3433, 123.5079
1384, 89.8390, 123.4731
1385, 97.6092, 123.4427
1386, 103.4580, 123.4114
1387, 99.4089, 123.3790
1388, 89.5846, 123.3487
1389, 89.4323, 123.3229
1390, 104.5191, 123.2975
1391, 127.6844, 123.2659
1392, 95.8456, 123.2303
1393, 108.8321, 123.1966
1394, 101.5770, 123.1592
1395, 111.1323, 123.1275
1396, 98.0364, 123.0927
1397, 121.4789, 123.0583
1398, 106.3982, 123.0201
1399, 119.1175, 122.9845
1400, 100.9976, 122.9444
1401, 121.1133, 122.9020
1402, 100.8309, 122.8576
1403, 102.7496, 122.8176
1404, 97.8528, 122.7786
1405, 100.3424, 122.7413
1406, 107.5851, 122.7043
1407, 89.3984, 122.6672
1408, 113.3596, 122.6364
1409, 105.3230, 122.6028
1410, 103.2790, 122.5664
1411, 109.3631, 122.5279
1412, 104.5538, 122.4894
1413, 106.0545, 122.4533
1414, 99.6477, 122.4178
1415, 106.6330, 122.3817
1416, 103.5177, 122.3452
1417, 127.6526, 122.3078
1418, 106.6843, 122.2657
1419, 106.4641, 122.2248
1420, 111.4073, 122.1859
1421, 106.2582, 122.1485
1422, 92.7025, 122.1131
1423, 117.3222, 122.0808
1424, 108.8442, 122.0437
1425, 104.3963, 122.0045
1426, 90.8727, 121.9687
1427, 103.1568, 121.9347
1428, 98.8749, 121.9018
1429, 96.5149, 121.8726
1430, 91.9059, 121.8433
1431, 88.9090, 121.8174
1432, 101.9876, 121.7917
1433, 95.7876, 121.7625
1434, 96.4673, 121.7344
1435, 105.0667, 121.7059
1436, 92.1286, 121.6779
1437, 90.3553, 121.6535
1438, 99.1015, 121.6291
1439, 85.1726, 121.6014
1440, 85.3049, 121.5794
1441, 102.0238, 121.5596
1442, 98.2013, 121.5366
1443, 97.0757, 121.5100
1444, 93.4787, 121.4837
1445, 102.4713, 121.4569
1446, 93.1794, 121.4265
1447, 102.5453, 121.3989
1448, 98.7696, 121.3684
1449, 102.3641, 121.3348
1450, 93.7331, 121.3003
1451, 97.9687, 121.2679
1452, 102.5001, 121.2342
1453, 100.7053, 121.1953
1454, 107.1738, 121.1597
1455, 96.4426, 121.1266
1456, 92.9504, 121.0961
1457, 110.3876, 121.0664
1458, 88.3692, 121.0350
1459, 110.9296, 121.0042
1460, 102.3873, 120.9687
1461, 125.5120, 120.9318
1462, 101.9593, 120.8910
1463, 100.0542, 120.8530
1464, 88.8191, 120.8173
1465, 117.7886, 120.7872
1466, 94.6851, 120.7556
1467, 105.0711, 120.7225
1468, 119.5625, 120.6866
1469, 103.5492, 120.6499
1470, 97.5867, 120.6156
1471, 115.3238, 120.5797
1472, 108.2836, 120.5381
1473, 91.7706, 120.4977
1474, 94.7342, 120.4629
1475, 107.6597, 120.4304
1476, 93.6987, 120.3980
1477, 112.6505, 120.3673
1478, 90.0171, 120.3310
1479, 104.8518, 120.3010
1480, 89.9898, 120.2731
1481, 121.1574, 120.2468
1482, 103.3792, 120.2138
1483, 102.8958, 120.1756
1484, 101.3707, 120.1338
1485, 100.4783, 120.0939
1486, 94.3952, 120.0545
1487, 103.5555, 120.0205
1488, 94.6311, 119.9870
1489, 87.2976, 119.9550
1490, 93.5414, 119.9267
1491, 84.7986, 119.9012
1492, 92.3258, 119.8808
1493, 90.1657, 119.8583
1494, 117.7553, 119.8349
1495, 93.8803, 119.8054
1496, 104.6869, 119.7741
1497, 95.6717, 119.7401
1498, 120.8065, 119.7064
1499, 105.0908, 119.6673
1500, 129.7585, 119.6291
1501, 92.9292, 119.5864
1502, 94.2910, 119.5495
1503, 112.8892, 119.5137
1504, 86.7862, 119.4773
1505, 89.7302, 119.4474
1506, 116.4505, 119.4211
1507, 113.6357, 119.3863
1508, 101.6823, 119.3494
1509, 90.9500, 119.3125
1510, 99.9211, 119.2775
1511, 131.6858, 119.2394
1512, 89.4125, 119.1993
1513, 97.2840, 119.1660
1514, 104.2870, 119.1332
1515, 115.2504, 119.0978
1516, 102.7033, 119.0569
1517, 109.2675, 119.0200
1518, 94.0984, 118.9850
1519, 107.6547, 118.9502
1520, 124.4537, 118.9127
1521, 91.9576, 118.8730
1522, 102.3714, 118.8406
1523, 93.3345, 118.8075
1524, 120.1607, 118.7747
1525, 102.8908, 118.7370
1526, 100.7850, 118.6986
1527, 91.9906, 118.6655
1528, 110.7867, 118.6348
1529, 112.1806, 118.6040
1530, 95.0225, 118.5690
1531, 91.1139, 118.5374
1532, 104.7069, 118.5101
1533, 94.7836, 118.4792
1534, 98.1472, 118.4510
1535, 90.3718, 118.4215
1536, 116.7721, 118.3943
1537, 96.4489, 118.3618
1538, 95.4246, 118.3300
1539, 92.3783, 118.2990
1540, 109.7168, 118.2692
1541, 108.0977, 118.2367
1542, 110.3111, 118.2017
1543, 92.1309, 118.1692
1544, 100.5117, 118.1404
1545, 99.9915, 118.1134
1546, 103.2640, 118.0853
1547, 114.4650, 118.0499
1548, 115.4121, 118.0122
1549, 97.7451, 117.9740
1550, 84.8464, 117.9407
1551, 94.2515, 117.9167
1552, 102.1853, 117.8925
1553, 106.3189, 117.8650
1554, 100.6444, 117.8309
1555, 135.7594, 117.7940
1556, 93.4943, 117.7552
1557, 88.7745, 117.7225
1558, 91.2389, 117.6945
1559, 96.3867, 117.6709
1560, 99.9695, 117.6465
1561, 101.6192, 117.6158
1562, 112.5089, 117.5790
1563, 91.1257, 117.5390
1564, 101.6721, 117.5072
1565, 112.8390, 117.4718
1566, 104.7926, 117.4359
1567, 121.0100, 117.3976
1568, 115.2114, 117.3539
1569, 101.0743, 117.3093
1570, 106.0814, 117.2686
1571, 92.4009, 117.2285
1572, 122.3438, 117.1921
1573, 112.0091, 117.1509
1574, 110.6957, 117.1105
1575, 96.9141, 117.0692
1576, 90.7965, 117.0307
1577, 96.4328, 116.9952
1578, 91.9193, 116.9618
1579, 104.9813, 116.9335
1580, 99.2307, 116.9058
1581, 90.9527, 116.8811
1582, 105.3832, 116.8577
1583, 97.8729, 116.8331
1584, 116.2425, 116.8033
1585, 94.5148, 116.7688
1586, 100.5363, 116.7365
1587, 84.3342, 116.7071
1588, 93.2000, 116.6837
1589, 93.5069, 116.6590
1590, 104.2179, 116.6297
1591, 94.2366, 116.5984
1592, 99.8926, 116.5686
1593, 98.9121, 116.5361
1594, 103.4120, 116.5007
1595, 88.6218, 116.4699
1596, 106.3249, 116.4459
1597, 101.3482, 116.4182
1598, 98.5281, 116.3883
1599, 104.4467, 116.3542
1600, 119.5083, 116.3181
1601, 122.6003, 116.2790
1602, 110.6697, 116.2352
1603, 100.7850, 116.1951
1604, 95.8031, 116.1618
1605, 103.1615, 116.1270
1606, 107.8266, 116.0906
1607, 91.4879, 116.0538
1608, 103.1195, 116.0217
1609, 97.4661, 115.9913
1610, 87.6437, 115.9613
1611, 93.1018, 115.9337
1612, 92.9535, 115.9081
1613, 90.2136, 115.8840
1614, 92.4291, 115.8610
1615, 98.8629, 115.8380
1616, 85.5684, 115.8141
1617, 83.8176, 115.7935
1618, 89.6571, 115.7765
1619, 83.7207, 115.7594
1620, 99.2252, 115.7455
1621, 88.1311, 115.7272
1622, 89.6569, 115.7101
1623, 90.4015, 115.6923
1624, 101.0777, 115.6735
1625, 92.5267, 115.6499
1626, 98.0216, 115.6253
1627, 111.6688, 115.6000
1628, 86.8243, 115.5692
1629, 93.9320, 115.5436
1630, 112.1469, 115.5161
1631, 95.6210, 115.4814
1632, 115.6294, 115.4465
1633, 98.3219, 115.4115
1634, 110.5852, 115.3758
1635, 105.4817, 115.3375
1636, 90.3281, 115.2998
1637, 98.6030, 115.2669
1638, 94.1983, 115.2343
1639, 88.3496, 115.2036
1640, 82.9735, 115.1782
1641, 88.2329, 115.1586
1642, 96.7603, 115.1379
1643, 89.9794, 115.1169
1644, 111.9587, 115.0940
1645, 89.8490, 115.0651
1646, 92.3771, 115.0392
1647, 106.4526, 115.0127
1648, 89.5858, 114.9863
1649, 95.3080, 114.9593
1650, 126.4833, 114.9283
1651, 106.1497, 114.8896
1652, 107.1557, 114.8510
1653, 104.7736, 114.8082
1654, 104.5511, 114.7680
1655, 104.9510, 114.7263
1656, 105.3207, 114.6843
1657, 108.4241, 114.6443
1658, 107.3513, 114.6067
1659, 93.3047, 114.5710
1660, 135.6084, 114.5368
1661, 106.7800, 114.4943
1662, 120.0712, 114.4529
1663, 88.7171, 114.4115
1664, 95.7910, 114.3767
1665, 109.1588, 114.3451
1666, 95.2269, 114.3142
1667, 102.1847, 114.2855
1668, 95.7351, 114.2536
1669, 110.2417, 114.2231
1670, 93.7564, 114.1942
1671, 101.9484, 114.1665
1672, 98.7407, 114.1392
1673, 115.8580, 114.1065
1674, 98.4137, 114.0678
1675, 97.9269, 114.0300
1676, 92.8303, 113.9942
1677, 86.3159, 113.9629
1678, 86.8078, 113.9366
1679, 113.0989, 113.9103
1680, 120.4693, 113.8798
1681, 105.4541, 113.8446
1682, 94.6327, 113.8116
1683, 109.8510, 113.7832
1684, 108.4026, 113.7521
1685, 104.5573, 113.7169
1686, 92.1302, 113.6822
1687, 91.5418, 113.6514
1688, 111.1826, 113.6218
1689, 89.0933, 113.5927
1690, 92.4263, 113.5682
1691, 89.4077, 113.5446
1692, 98.2672, 113.5221
1693, 85.5685, 113.5005
1694, 106.7982, 113.4821
1695, 97.1098, 113.4596
1696, 110.0502, 113.4360
1697, 104.1545, 113.4052
1698, 93.4665, 113.3729
1699, 89.8476, 113.3443
1700, 110.5647, 113.3161
1701, 90.4628, 113.2830
1702, 112.4884, 113.2523
1703, 98.3837, 113.2218
1704, 96.4409, 113.1932
1705, 103.2397, 113.1671
1706, 92.7767, 113.1394
1707, 100.7914, 113.1122
1708, 106.1296, 113.0834
1709, 93.6635, 113.0527
1710, 116.5208, 113.0235
1711, 95.8318, 112.9914
1712, 86.0746, 112.9622
1713, 108.7515, 112.9359
1714, 93.3357, 112.9043
1715, 92.0739, 112.8743
1716, 87.1834, 112.8463
1717, 84.8763, 112.8229
1718, 90.7816, 112.8028
1719, 92.0055, 112.7844
1720, 104.7587, 112.7625
1721, 103.0987, 112.7348
1722, 98.5986, 112.7068
1723, 92.5252, 112.6786
1724, 87.7125, 112.6512
1725, 89.1132, 112.6281
1726, 105.0638, 112.6040
1727, 82.9944, 112.5793
1728, 91.5365, 112.5610
1729, 111.2014, 112.5367
1730, 99.7783, 112.5078
1731, 99.6017, 112.4790
1732, 86.9208, 112.4522
1733, 89.4872, 112.4284
1734, 95.6705, 112.4049
1735, 99.6239, 112.3782
1736, 89.4061, 112.3536
1737, 95.3482, 112.3285
1738, 91.4889, 112.3054
1739, 100.7054, 112.2834
1740, 91.0027, 112.2578
1741, 89.8026, 112.2307
1742, 85.8695, 112.2074
1743, 88.9296, 112.1883
1744, 100.2421, 112.1692
1745, 100.9720, 112.1478
1746, 93.8012, 112.1230
1747, 85.2748, 112.0964
1748, 88.6430, 112.0754
1749, 86.7616, 112.0558
1750, 83.6554, 112.0374
1751, 88.3640, 112.0228
1752, 90.1702, 112.0048
1753, 102.7927, 111.9844
1754, 93.7988, 111.9591
1755, 92.7529, 111.9328
1756, 90.5142, 111.9084
1757, 94.4509, 111.8847
1758, 101.3316, 111.8555
1759, 82.7135, 111.8273
1760, 104.4133, 111.8064
1761, 99.3050, 111.7799
1762, 95.8277, 111.7459
1763, 98.2436, 111.7123
1764, 105.7173, 111.6775
1765, 89.5006, 111.6419
1766, 90.6850, 111.6135
1767, 91.2828, 111.5850
1768, 93.1553, 111.5547
1769, 84.1247, 111.5278
1770, 87.2351, 111.5068
1771, 102.6699, 111.4856
1772, 91.0403, 111.4626
1773, 108.7526, 111.4377
1774, 100.9163, 111.4050
1775, 96.8826, 111.3740
1776, 89.2631, 111.3422
1777, 99.4137, 111.3129
1778, 89.9540, 111.2852
1779, 100.9766, 111.2593
1780, 96.6495, 111.2312
1781, 81.9954, 111.2050
1782, 103.1293, 111.1851
1783, 92.1359, 111.1601
1784, 87.9726, 111.1364
1785, 83.7869, 111.1169
1786, 111.2463, 111.0964
1787, 98.6712, 111.0651
1788, 114.5823, 111.0317
1789, 89.7192, 110.9948
1790, 102.7287, 110.9612
1791, 92.9042, 110.9261
1792, 107.1562, 110.8932
1793, 86.7054, 110.8602
1794, 110.5406, 110.8331
1795, 87.6519, 110.8013
1796, 93.3746, 110.7712
1797, 87.1740, 110.7419
1798, 100.2457, 110.7169
1799, 85.6437, 110.6897
1800, 104.2109, 110.6629
1801, 124.4675, 110.6289
1802, 100.7027, 110.5902
1803, 89.0300, 110.5525
1804, 89.7227, 110.5206
1805, 100.7596, 110.4900
1806, 86.8728, 110.4595
1807, 99.0313, 110.4343
1808, 89.4568, 110.4099
1809, 120.2090, 110.3850
1810, 100.2884, 110.3548
1811, 91.4417, 110.3232
1812, 98.1193, 110.2923
1813, 96.5698, 110.2599
1814, 96.9479, 110.2330
1815, 86.5979, 110.2061
1816, 104.5237, 110.1803
1817, 103.6645, 110.1508
1818, 95.5517, 110.1171
1819, 99.0729, 110.0837
1820, 96.6792, 110.0525
1821, 102.0157, 110.0200
1822, 93.7664, 109.9878
1823, 86.8035, 109.9615
1824, 98.3054, 109.9391
1825, 94.6646, 109.9161
1826, 84.9769, 109.8942
1827, 97.1172, 109.8733
1828, 80.7780, 109.8507
1829, 95.5310, 109.8314
1830, 86.7824, 109.8102
1831, 103.0192, 109.7891
1832, 102.7923, 109.7620
1833, 98.1687, 109.7344
1834, 88.4697, 109.7067
1835, 80.9557, 109.6822
1836, 104.9438, 109.6638
1837, 101.6796, 109.6411
1838, 84.7886, 109.6171
1839, 108.7291, 109.5918
1840, 127.6701, 109.5647
1841, 93.6897, 109.5298
1842, 105.4104, 109.4954
1843, 101.6310, 109.4586
1844, 95.1245, 109.4229
1845, 103.3921, 109.3883
1846, 97.9595, 109.3539
1847, 80.4331, 109.3228
1848, 103.1568, 109.2997
1849, 96.7497, 109.2765
1850, 92.5163, 109.2487
1851, 89.6189, 109.2208
1852, 99.4744, 109.1955
1853, 116.5369, 109.1672
1854, 94.6234, 109.1344
1855, 91.9283, 109.1063
1856, 86.7235, 109.0825
1857, 93.9352, 109.0598
1858, 81.1999, 109.0372
1859, 97.6345, 109.0190
1860, 87.4308, 108.9998
1861, 100.3429, 108.9816
1862, 97.5768, 108.9566
1863, 121.7117, 108.9285
1864, 96.2884, 108.8933
1865, 84.0048, 108.8647
1866, 99.1793, 108.8426
1867, 92.8919, 108.8185
1868, 98.2182, 108.7969
1869, 85.7231, 108.7737
1870, 78.9609, 108.7577
1871, 79.3693, 108.7462
1872, 98.7637, 108.7358
1873, 93.4575, 108.7189
1874, 91.9365, 108.6970
1875, 94.5460, 108.6733
1876, 99.3464, 108.6494
1877, 96.5097, 108.6224
1878, 101.4238, 108.5930
1879, 87.4436, 108.5632
1880, 89.3564, 108.5344
1881, 101.9534, 108.5063
1882, 84.1017, 108.4761
1883, 81.6263, 108.4535
1884, 86.6418, 108.4352
1885, 91.7698, 108.4175
1886, 99.5946, 108.3972
1887, 90.8592, 108.3718
1888, 104.2376, 108.3460
1889, 96.1924, 108.3166
1890, 92.2469, 108.2915
1891, 83.9151, 108.2651
1892, 87.7576, 108.2447
1893, 89.2096, 108.2266
1894, 99.0830, 108.2060
1895, 87.7589, 108.1802
1896, 87.3995, 108.1599
1897, 92.0781, 108.1387
1898, 89.8071, 108.1144
1899, 99.6300, 108.0920
1900, 127.0107, 108.0631
1901, 98.6727, 108.0267
1902, 96.6541, 107.9934
1903, 86.8748, 107.9602
1904, 84.5045, 107.9354
1905, 90.2804, 107.9149
1906, 92.4311, 107.8935
1907, 85.3812, 107.8743
1908, 91.5746, 107.8548
1909, 100.3953, 107.8322
1910, 100.0610, 107.8081
1911, 107.5864, 107.7782
1912, 87.6866, 107.7430
1913, 104.3327, 107.7109
1914, 108.7511, 107.6758
1915, 105.1774, 107.6390
1916, 110.6247, 107.6035
1917, 83.8737, 107.5689
1918, 104.3631, 107.5406
1919, 94.0709, 107.5098
1920, 99.6212, 107.4833
1921, 94.5793, 107.4552
1922, 83.8401, 107.4252
1923, 81.9985, 107.4032
1924, 83.3795, 107.3868
1925, 85.5979, 107.3711
1926, 79.8816, 107.3608
1927, 92.0266, 107.3521
1928, 80.7843, 107.3385
1929, 84.3144, 107.3265
1930, 85.7061, 107.3138
1931, 98.2355, 107.3013
1932, 102.0399, 107.2828
1933, 104.3421, 107.2527
1934, 85.6120, 107.2228
1935, 107.5918, 107.1978
1936, 96.3535, 107.1713
1937, 79.4580, 107.1466
1938, 84.7623, 107.1277
1939, 93.0592, 107.1094
1940, 87.9212, 107.0871
1941, 88.9846, 107.0640
1942, 84.8083, 107.0399
1943, 90.5398, 107.0172
1944, 84.2546, 106.9957
1945, 100.5632, 106.9767
1946, 90.6577, 106.9524
1947, 92.1313, 106.9253
1948, 89.3906, 106.8952
1949, 88.6504, 106.8640
1950, 84.5240, 106.8356
1951, 100.3111, 106.8135
1952, 116.3382, 106.7892
1953, 90.0130, 106.7579
1954, 103.7957, 106.7265
1955, 84.6793, 106.6924
1956, 106.7275, 106.6605
1957, 89.9322, 106.6263
1958, 87.7112, 106.5949
1959, 92.9870, 106.5650
1960, 106.8482, 106.5381
1961, 108.5185, 106.5109
1962, 94.8040, 106.4774
1963, 90.3645, 106.4437
1964, 89.2567, 106.4140
1965, 104.4597, 106.3856
1966, 94.5015, 106.3616
1967, 97.8181, 106.3405
1968, 85.8116, 106.3172
1969, 80.6216, 106.2963
1970, 89.8214, 106.2791
1971, 97.8177, 106.2619
1972, 99.0026, 106.2388
1973, 125.9963, 106.2105
1974, 97.0319, 106.1772
1975, 91.5246, 106.1471
1976, 78.4842, 106.1186
1977, 95.4152, 106.0938
1978, 87.8110, 106.0662
1979, 83.6553, 106.0386
1980, 100.5068, 106.0154
1981, 90.5551, 105.9892
1982, 99.4259, 105.9625
1983, 99.0157, 105.9362
1984, 96.8413, 105.9091
1985, 95.6005, 105.8809
1986, 86.9822, 105.8584
1987, 81.9754, 105.8342
1988, 90.6527, 105.8153
1989, 100.3432, 105.7934
1990, 97.7176, 105.7696
1991, 80.0394, 105.7416
1992, 99.7855, 105.7191
1993, 84.0324, 105.6971
1994, 96.4296, 105.6772
1995, 101.2322, 105.6571
1996, 96.2139, 105.6325
1997, 86.6696, 105.6090
1998, 102.2174, 105.5816
1999, 89.0579, 105.5511
2000, 92.6526, 105.5229
Test RMSE: 8.9668, MAE: 1.1671
