Lr = 0.1,Test Loss: 54.6400 RMSE: 7.3210 MAE: 1.2642 MAPE: 0.9870
Lr = 0.05,Test Loss: 39.8404 RMSE: 6.1654 MAE: 1.2738 MAPE: 1.0216
Lr = 0.045,Test Loss: 50.1507 RMSE: 7.0130 MAE: 1.1728 MAPE: 0.9645
Lr = 0.04,Test Loss: 39.0080 RMSE: 6.0821 MAE: 1.1963 MAPE: 0.9529
Lr = 0.035,Test Loss: 42.7453 RMSE: 6.4319 MAE: 1.5849 MAPE: 1.0181
Lr = 0.03,Test Loss: 44.1424 RMSE: 6.5342 MAE: 1.3162 MAPE: 1.0419
Lr = 0.025,Test Loss: 39.1305 RMSE: 6.0992 MAE: 1.1427 MAPE: 0.8965
Lr = 0.02,Test Loss: 47.6069 RMSE: 6.8032 MAE: 1.2537 MAPE: 0.9925
Lr = 0.015,Test Loss: 50.9767 RMSE: 7.0551 MAE: 1.2968 MAPE: 1.0384
Lr = 0.01,Test Loss: 60.1278 RMSE: 7.7356 MAE: 1.3875 MAPE: 1.2624
Lr = 0.005,Test Loss: 55.2423 RMSE: 7.1894 MAE: 1.2875 MAPE: 1.0361
Lr = 0.0045,Test Loss: 55.5801 RMSE: 7.2157 MAE: 1.3115 MAPE: 0.9569
Lr = 0.004,Test Loss: 55.2403 RMSE: 7.1856 MAE: 1.2929 MAPE: 0.9769
Lr = 0.0035,Test Loss: 55.6265 RMSE: 7.2194 MAE: 1.2538 MAPE: 0.9853
Lr = 0.003,Test Loss: 56.1595 RMSE: 7.2641 MAE: 1.2413 MAPE: 0.9844
Lr = 0.0025,Test Loss: 56.0679 RMSE: 7.2504 MAE: 1.2321 MAPE: 0.9524
Lr = 0.002,Test Loss: 56.4882 RMSE: 7.2823 MAE: 1.2078 MAPE: 0.9517
Lr = 0.0015,Test Loss: 55.2483 RMSE: 7.1788 MAE: 1.1676 MAPE: 0.9732
Lr = 0.001,Test Loss: 56.1339 RMSE: 7.2461 MAE: 1.1382 MAPE: 0.9747
Lr = 0.0008,Test Loss: 56.5121 RMSE: 7.2664 MAE: 1.1117 MAPE: 0.9246
Lr = 0.0005,Test Loss: 56.5942 RMSE: 7.2693 MAE: 1.1167 MAPE: 0.9161
Lr = 0.0004,Test Loss: 57.2969 RMSE: 7.3180 MAE: 1.1129 MAPE: 0.9157
Lr = 0.0003,Test Loss: 56.4083 RMSE: 7.2615 MAE: 1.1151 MAPE: 0.9148
Lr = 0.0002,Test Loss: 57.9828 RMSE: 7.3668 MAE: 1.1085 MAPE: 0.9149
Lr = 0.0001,Test Loss: 58.7082 RMSE: 7.4136 MAE: 1.0826 MAPE: 0.9126
Lr = 0.04,Test Loss: 39.0080 RMSE: 6.0821 MAE: 1.1963 MAPE: 0.9529
Lr = 0.01,Test Loss: 60.1278 RMSE: 7.7356 MAE: 1.3875 MAPE: 1.2624
Lr = 0.04,Test Loss: 39.0080 RMSE: 6.0821 MAE: 1.1963 MAPE: 0.9529
Lr = 0.01,Test Loss: 60.1278 RMSE: 7.7356 MAE: 1.3875 MAPE: 1.2624
Lr = 0.04,Test Loss: 39.0080 RMSE: 6.0821 MAE: 1.1963 MAPE: 0.9529
Lr = 0.01,Test Loss: 60.1278 RMSE: 7.7356 MAE: 1.3875 MAPE: 1.2624
Lr = 0.04,Test Loss: 39.0080 RMSE: 6.0821 MAE: 1.1963 MAPE: 0.9529
Lr = 0.04,Test Loss: 39.0080 RMSE: 6.0821 MAE: 1.1963 MAPE: 0.9529
Lr = 0.04,Test Loss: 39.0080 RMSE: 6.0821 MAE: 1.1963 MAPE: 0.9529
Lr = 0.04,Test Loss: 39.0080 RMSE: 6.0821 MAE: 1.1963 MAPE: 0.9529
Lr = 0.04,Test Loss: 39.0080 RMSE: 6.0821 MAE: 1.1963 MAPE: 0.9529
Lr = 0.04,Test Loss: 39.0080 RMSE: 6.0821 MAE: 1.1963 MAPE: 0.9529
Lr = 0.04,Test Loss: 39.0080 RMSE: 6.0821 MAE: 1.1963 MAPE: 0.9529
Lr = 0.04,Test Loss: 39.0080 RMSE: 6.0821 MAE: 1.1963 MAPE: 0.9529
Lr = 0.04,Test Loss: 39.0080 RMSE: 6.0821 MAE: 1.1963 MAPE: 0.9529
Lr = 0.04,Test Loss: 39.0080 RMSE: 6.0821 MAE: 1.1963 MAPE: 0.9529
Lr = 0.04,Test Loss: 44.5650 RMSE: 6.5791 MAE: 1.3628 MAPE: 0.9998
Lr = 0.04,Test Loss: 44.5650 RMSE: 6.5791 MAE: 1.3628 MAPE: 0.9998
------------------------4.22FFT-------------------------
Lr = 0.05,Test Loss: 43.0075 RMSE: 6.4641 MAE: 1.4700 MAPE: 0.9776
Lr = 0.045,Test Loss: 41.3397 RMSE: 6.2989 MAE: 1.4002 MAPE: 1.0901
Lr = 0.04,Test Loss: 44.5650 RMSE: 6.5791 MAE: 1.3628 MAPE: 0.9998
Lr = 0.035,Test Loss: 41.8266 RMSE: 6.3364 MAE: 1.5036 MAPE: 1.1371
Lr = 0.03,Test Loss: 39.8382 RMSE: 6.1187 MAE: 1.2307 MAPE: 0.9600
Lr = 0.025,Test Loss: 52.5937 RMSE: 7.2106 MAE: 1.4936 MAPE: 1.0441
Lr = 0.02,Test Loss: 50.2106 RMSE: 7.0023 MAE: 1.4200 MAPE: 1.0370
Lr = 0.015,Test Loss: 52.4887 RMSE: 7.1660 MAE: 1.3118 MAPE: 1.0357
Lr = 0.01,Test Loss: 47.4917 RMSE: 6.7736 MAE: 1.2243 MAPE: 0.9877
Lr = 0.005,Test Loss: 55.3691 RMSE: 7.2015 MAE: 1.2898 MAPE: 1.0376
Lr = 0.0045,Test Loss: 55.4895 RMSE: 7.2105 MAE: 1.3177 MAPE: 0.9662
Lr = 0.004,Test Loss: 56.0402 RMSE: 7.2587 MAE: 1.2950 MAPE: 0.9663
Lr = 0.0035,Test Loss: 56.5109 RMSE: 7.2988 MAE: 1.2745 MAPE: 0.9763
Lr = 0.003,Test Loss: 56.3487 RMSE: 7.2780 MAE: 1.2333 MAPE: 0.9452
Lr = 0.0025,Test Loss: 57.0346 RMSE: 7.3369 MAE: 1.2264 MAPE: 0.9479
Lr = 0.002,Test Loss: 57.1466 RMSE: 7.3409 MAE: 1.2080 MAPE: 0.9485
Lr = 0.0015,Test Loss: 56.0355 RMSE: 7.2517 MAE: 1.1935 MAPE: 0.9646
Lr = 0.001,Test Loss: 56.9549 RMSE: 7.3224 MAE: 1.1411 MAPE: 0.9690
Lr = 0.0008,Test Loss: 57.5133 RMSE: 7.3599 MAE: 1.1240 MAPE: 0.9194
Lr = 0.0005,Test Loss: 57.4288 RMSE: 7.3510 MAE: 1.1259 MAPE: 0.9155
Lr = 0.0004,Test Loss: 58.2340 RMSE: 7.4041 MAE: 1.1222 MAPE: 0.9160
Lr = 0.0003,Test Loss: 57.4443 RMSE: 7.3545 MAE: 1.1221 MAPE: 0.9140
Lr = 0.0002,Test Loss: 59.2561 RMSE: 7.4770 MAE: 1.1144 MAPE: 0.9155
Lr = 0.0001,Test Loss: 59.8363 RMSE: 7.5133 MAE: 1.0778 MAPE: 0.9148
-------------------------4.22WT--------------------
Lr = 0.1,Test Loss: 85.4803 RMSE: 9.2101 MAE: 3.3999 MAPE: 1.4845
Lr = 0.05,Test Loss: 39.6287 RMSE: 6.1385 MAE: 1.4713 MAPE: 0.8738
Lr = 0.045,Test Loss: 45.1737 RMSE: 6.6551 MAE: 1.1795 MAPE: 0.9153
Lr = 0.04,Test Loss: 46.0071 RMSE: 6.7244 MAE: 1.2325 MAPE: 0.9320
Lr = 0.035,Test Loss: 53.2820 RMSE: 7.2805 MAE: 1.6791 MAPE: 1.2371
Lr = 0.03,Test Loss: 45.7399 RMSE: 6.6994 MAE: 1.2180 MAPE: 0.9336
Lr = 0.025,Test Loss: 44.7626 RMSE: 6.5763 MAE: 1.2040 MAPE: 0.9694
Lr = 0.02,Test Loss: 47.3740 RMSE: 6.7890 MAE: 1.2462 MAPE: 0.9991
Lr = 0.015,Test Loss: 41.2217 RMSE: 6.2456 MAE: 1.1070 MAPE: 0.8982
Lr = 0.01,Test Loss: 47.7544 RMSE: 6.7957 MAE: 1.2788 MAPE: 0.9858
Lr = 0.005,Test Loss: 55.5476 RMSE: 7.2151 MAE: 1.2532 MAPE: 1.0316
Lr = 0.0045,Test Loss: 55.3581 RMSE: 7.1956 MAE: 1.3229 MAPE: 0.9632
Lr = 0.004,Test Loss: 55.5559 RMSE: 7.2145 MAE: 1.2956 MAPE: 0.9729
Lr = 0.0035,Test Loss: 55.5393 RMSE: 7.2119 MAE: 1.2701 MAPE: 0.9856
Lr = 0.003,Test Loss: 55.7107 RMSE: 7.2247 MAE: 1.2461 MAPE: 0.9889
Lr = 0.0025,Test Loss: 55.8601 RMSE: 7.2323 MAE: 1.2273 MAPE: 0.9548
Lr = 0.002,Test Loss: 55.9117 RMSE: 7.2301 MAE: 1.2130 MAPE: 0.9560
Lr = 0.0015,Test Loss: 55.1067 RMSE: 7.1662 MAE: 1.1828 MAPE: 0.9745
Lr = 0.001,Test Loss: 55.9098 RMSE: 7.2259 MAE: 1.1379 MAPE: 0.9754
Lr = 0.0008,Test Loss: 56.3267 RMSE: 7.2489 MAE: 1.1121 MAPE: 0.9244
Lr = 0.0005,Test Loss: 56.2826 RMSE: 7.2427 MAE: 1.1181 MAPE: 0.9169
Lr = 0.0004,Test Loss: 57.0940 RMSE: 7.2972 MAE: 1.1103 MAPE: 0.9167
Lr = 0.0003,Test Loss: 56.2243 RMSE: 7.2445 MAE: 1.1152 MAPE: 0.9154
Lr = 0.0002,Test Loss: 57.9104 RMSE: 7.3547 MAE: 1.1078 MAPE: 0.9157
Lr = 0.0001,Test Loss: 58.2697 RMSE: 7.3800 MAE: 1.0692 MAPE: 0.9133
----------Greedy J-------------------
Lr = 0.04,Test Loss: 39.0080 RMSE: 6.0821 MAE: 1.1963 MAPE: 0.9529
----------Top J-------------------
Lr = 0.1,Test Loss: 47.6036 RMSE: 6.8000 MAE: 1.4672 MAPE: 1.0747
Lr = 0.05,Test Loss: 45.2450 RMSE: 6.6694 MAE: 1.2992 MAPE: 0.9306
Lr = 0.045,Test Loss: 43.1092 RMSE: 6.4233 MAE: 1.3861 MAPE: 1.0709
Lr = 0.04,Test Loss: 40.0042 RMSE: 6.1882 MAE: 1.2773 MAPE: 0.9722
Lr = 0.035,Test Loss: 45.8777 RMSE: 6.7163 MAE: 1.1942 MAPE: 0.9782
Lr = 0.03,Test Loss: 46.0930 RMSE: 6.7280 MAE: 1.1649 MAPE: 0.9479
Lr = 0.025,Test Loss: 43.6333 RMSE: 6.4895 MAE: 1.3315 MAPE: 1.0044
Lr = 0.02,Test Loss: 50.8075 RMSE: 7.0718 MAE: 1.4241 MAPE: 1.1000
Lr = 0.015,Test Loss: 50.2747 RMSE: 6.9980 MAE: 1.2840 MAPE: 1.0107
Lr = 0.005,Test Loss: 55.3581 RMSE: 7.1998 MAE: 1.2864 MAPE: 1.0333
Lr = 0.0045,Test Loss: 55.7198 RMSE: 7.2287 MAE: 1.3103 MAPE: 0.9580
Lr = 0.004,Test Loss: 55.3997 RMSE: 7.1995 MAE: 1.2797 MAPE: 0.9718
Lr = 0.0035,Test Loss: 55.5739 RMSE: 7.2145 MAE: 1.2869 MAPE: 0.9875
Lr = 0.003,Test Loss: 56.1971 RMSE: 7.2675 MAE: 1.2364 MAPE: 0.9836
Lr = 0.0025,Test Loss: 56.0378 RMSE: 7.2478 MAE: 1.2320 MAPE: 0.9527
Lr = 0.002,Test Loss: 56.4416 RMSE: 7.2781 MAE: 1.2077 MAPE: 0.9520
Lr = 0.0015,Test Loss: 55.2030 RMSE: 7.1750 MAE: 1.1703 MAPE: 0.9725
Lr = 0.001,Test Loss: 56.1385 RMSE: 7.2460 MAE: 1.1397 MAPE: 0.9747
Lr = 0.0008,Test Loss: 56.4769 RMSE: 7.2629 MAE: 1.1099 MAPE: 0.9251
Lr = 0.0005,Test Loss: 56.5041 RMSE: 7.2648 MAE: 1.1152 MAPE: 0.9154
Lr = 0.0004,Test Loss: 57.3223 RMSE: 7.3178 MAE: 1.1141 MAPE: 0.9163
Lr = 0.0003,Test Loss: 56.4506 RMSE: 7.2655 MAE: 1.1168 MAPE: 0.9148
Lr = 0.0002,Test Loss: 57.9716 RMSE: 7.3664 MAE: 1.1086 MAPE: 0.9147
Lr = 0.0001,Test Loss: 58.5222 RMSE: 7.4016 MAE: 1.0827 MAPE: 0.9124
----------Random J-------------------
Lr = 0.1,Test Loss: 44.6644 RMSE: 6.6126 MAE: 1.1189 MAPE: 0.9206
Lr = 0.05,Test Loss: 38.8341 RMSE: 6.0282 MAE: 1.1352 MAPE: 0.8870
Lr = 0.045,Test Loss: 38.1278 RMSE: 6.0203 MAE: 1.2338 MAPE: 0.9599
Lr = 0.04,Test Loss: 44.5555 RMSE: 6.6213 MAE: 1.1925 MAPE: 0.9452
Lr = 0.035,Test Loss: 42.0206 RMSE: 6.3683 MAE: 1.4608 MAPE: 1.0113
Lr = 0.03,Test Loss: 45.0636 RMSE: 6.6581 MAE: 1.1431 MAPE: 0.9398
Lr = 0.025,Test Loss: 61.4283 RMSE: 7.8352 MAE: 1.6806 MAPE: 1.2390
Lr = 0.02,Test Loss: 48.9696 RMSE: 6.9247 MAE: 1.3050 MAPE: 0.9973
Lr = 0.015,Test Loss: 51.5319 RMSE: 7.0907 MAE: 1.2643 MAPE: 1.0150
Lr = 0.01,Test Loss: 42.6181 RMSE: 6.4427 MAE: 1.2193 MAPE: 1.0300
Lr = 0.005,Test Loss: 54.9854 RMSE: 7.1686 MAE: 1.2930 MAPE: 1.0447
Lr = 0.0045,Test Loss: 55.3330 RMSE: 7.1989 MAE: 1.3229 MAPE: 0.9688
Lr = 0.004,Test Loss: 55.6160 RMSE: 7.2245 MAE: 1.2892 MAPE: 0.9697
Lr = 0.0035,Test Loss: 56.2335 RMSE: 7.2774 MAE: 1.2629 MAPE: 0.9761
Lr = 0.003,Test Loss: 55.8544 RMSE: 7.2409 MAE: 1.2590 MAPE: 0.9879
Lr = 0.0025,Test Loss: 56.2507 RMSE: 7.2698 MAE: 1.2426 MAPE: 0.9529
Lr = 0.002,Test Loss: 54.8984 RMSE: 7.1515 MAE: 1.2060 MAPE: 0.9677
Lr = 0.0015,Test Loss: 55.5036 RMSE: 7.2027 MAE: 1.1907 MAPE: 0.9718
Lr = 0.001,Test Loss: 56.3739 RMSE: 7.2686 MAE: 1.1495 MAPE: 0.9743
Lr = 0.0008,Test Loss: 56.8306 RMSE: 7.2953 MAE: 1.1133 MAPE: 0.9236
Lr = 0.0005,Test Loss: 56.7341 RMSE: 7.2890 MAE: 1.1223 MAPE: 0.9168
Lr = 0.0004,Test Loss: 57.4125 RMSE: 7.3343 MAE: 1.1160 MAPE: 0.9159
Lr = 0.0003,Test Loss: 56.5128 RMSE: 7.2733 MAE: 1.1171 MAPE: 0.9154
Lr = 0.0002,Test Loss: 58.2297 RMSE: 7.3915 MAE: 1.1105 MAPE: 0.9145
Lr = 0.0001,Test Loss: 58.6915 RMSE: 7.4242 MAE: 1.0825 MAPE: 0.9129
Lr = 0.04,Test Loss: 40.4382 RMSE: 6.2104 MAE: 1.1751 MAPE: 1.0019
Lr = 0.1,Test Loss: 44.0671 RMSE: 6.5664 MAE: 1.0906 MAPE: 0.9162
Lr = 0.05,Test Loss: 38.3191 RMSE: 6.0278 MAE: 1.2500 MAPE: 0.9346
Lr = 0.045,Test Loss: 38.7735 RMSE: 6.0355 MAE: 1.2109 MAPE: 0.9233
Lr = 0.04,Test Loss: 46.2508 RMSE: 6.7540 MAE: 1.2258 MAPE: 0.9734
Lr = 0.035,Test Loss: 41.7708 RMSE: 6.3489 MAE: 1.4499 MAPE: 1.0067
Lr = 0.03,Test Loss: 45.7581 RMSE: 6.7126 MAE: 1.1684 MAPE: 0.9677
Lr = 0.025,Test Loss: 40.7447 RMSE: 6.2634 MAE: 1.2616 MAPE: 1.0114
Lr = 0.02,Test Loss: 47.9922 RMSE: 6.8165 MAE: 1.2947 MAPE: 0.9944
Lr = 0.015,Test Loss: 50.7139 RMSE: 7.0370 MAE: 1.2523 MAPE: 1.0029
Lr = 0.01,Test Loss: 41.1182 RMSE: 6.3060 MAE: 1.1856 MAPE: 0.9896
Lr = 0.005,Test Loss: 46.3536 RMSE: 6.7230 MAE: 1.1639 MAPE: 0.9908
Lr = 0.0045,Test Loss: 53.2346 RMSE: 7.0603 MAE: 1.2233 MAPE: 1.0453
Lr = 0.004,Test Loss: 52.9217 RMSE: 7.0245 MAE: 1.1954 MAPE: 1.0283
Lr = 0.0035,Test Loss: 53.1540 RMSE: 7.0332 MAE: 1.2015 MAPE: 0.9947
Lr = 0.003,Test Loss: 53.5551 RMSE: 7.0612 MAE: 1.1981 MAPE: 0.9999
Lr = 0.0025,Test Loss: 53.6246 RMSE: 7.0581 MAE: 1.1952 MAPE: 0.9989
Lr = 0.002,Test Loss: 53.8188 RMSE: 7.0659 MAE: 1.1826 MAPE: 0.9994
Lr = 0.0015,Test Loss: 54.1532 RMSE: 7.0892 MAE: 1.1747 MAPE: 0.9878
Lr = 0.001,Test Loss: 54.9048 RMSE: 7.1476 MAE: 1.1537 MAPE: 0.9703
Lr = 0.0008,Test Loss: 55.4746 RMSE: 7.1925 MAE: 1.1205 MAPE: 0.9576
Lr = 0.0005,Test Loss: 56.7229 RMSE: 7.2883 MAE: 1.1224 MAPE: 0.9167
Lr = 0.0004,Test Loss: 57.4058 RMSE: 7.3341 MAE: 1.1161 MAPE: 0.9159
Lr = 0.0003,Test Loss: 56.5065 RMSE: 7.2737 MAE: 1.1166 MAPE: 0.9148
Lr = 0.0002,Test Loss: 57.5632 RMSE: 7.3456 MAE: 1.0887 MAPE: 0.9128
Lr = 0.0001,Test Loss: 58.6989 RMSE: 7.4239 MAE: 1.0827 MAPE: 0.9133
Lr = 0.1,Test Loss: 44.6644 RMSE: 6.6126 MAE: 1.1189 MAPE: 0.9206
Lr = 0.05,Test Loss: 38.8341 RMSE: 6.0282 MAE: 1.1352 MAPE: 0.8870
Lr = 0.045,Test Loss: 38.1278 RMSE: 6.0103 MAE: 1.2338 MAPE: 0.9599
Lr = 0.04,Test Loss: 44.5555 RMSE: 6.6213 MAE: 1.1925 MAPE: 0.9452
Lr = 0.035,Test Loss: 42.0206 RMSE: 6.3683 MAE: 1.4608 MAPE: 1.0113
Lr = 0.03,Test Loss: 45.0636 RMSE: 6.6581 MAE: 1.1431 MAPE: 0.9398
Lr = 0.025,Test Loss: 61.4283 RMSE: 7.8352 MAE: 1.6806 MAPE: 1.2390
Lr = 0.02,Test Loss: 48.9696 RMSE: 6.9247 MAE: 1.3050 MAPE: 0.9973
Lr = 0.015,Test Loss: 51.5319 RMSE: 7.0907 MAE: 1.2643 MAPE: 1.0150
Lr = 0.01,Test Loss: 42.6181 RMSE: 6.4427 MAE: 1.2193 MAPE: 1.0300
Lr = 0.005,Test Loss: 54.9854 RMSE: 7.1686 MAE: 1.2930 MAPE: 1.0447
Lr = 0.0045,Test Loss: 55.3330 RMSE: 7.1989 MAE: 1.3229 MAPE: 0.9688
Lr = 0.004,Test Loss: 55.6160 RMSE: 7.2245 MAE: 1.2892 MAPE: 0.9697
Lr = 0.0035,Test Loss: 56.2335 RMSE: 7.2774 MAE: 1.2629 MAPE: 0.9761
Lr = 0.003,Test Loss: 55.8544 RMSE: 7.2409 MAE: 1.2590 MAPE: 0.9879
Lr = 0.0025,Test Loss: 56.2507 RMSE: 7.2698 MAE: 1.2426 MAPE: 0.9529
Lr = 0.002,Test Loss: 54.8984 RMSE: 7.1515 MAE: 1.2060 MAPE: 0.9677
Lr = 0.0015,Test Loss: 55.5036 RMSE: 7.2027 MAE: 1.1907 MAPE: 0.9718
Lr = 0.001,Test Loss: 56.3739 RMSE: 7.2686 MAE: 1.1495 MAPE: 0.9743
Lr = 0.0008,Test Loss: 56.8306 RMSE: 7.2953 MAE: 1.1133 MAPE: 0.9236
Lr = 0.0005,Test Loss: 56.7341 RMSE: 7.2890 MAE: 1.1223 MAPE: 0.9168
Lr = 0.0004,Test Loss: 57.4125 RMSE: 7.3343 MAE: 1.1160 MAPE: 0.9159
Lr = 0.0003,Test Loss: 56.5128 RMSE: 7.2733 MAE: 1.1171 MAPE: 0.9154
Lr = 0.0002,Test Loss: 58.2297 RMSE: 7.3915 MAE: 1.1105 MAPE: 0.9145
Lr = 0.0001,Test Loss: 58.6915 RMSE: 7.4242 MAE: 1.0825 MAPE: 0.9129
Lr = 0.04,Test Loss: 44.5555 RMSE: 6.6213 MAE: 1.1925 MAPE: 0.9452
Lr = 0.04,Test Loss: 39.0080 RMSE: 6.0821 MAE: 1.1963 MAPE: 0.9529
Lr = 0.1,Test Loss: 55.8593 RMSE: 7.4159 MAE: 1.2774 MAPE: 0.9950
Lr = 0.05,Test Loss: 39.6688 RMSE: 6.1272 MAE: 1.2552 MAPE: 1.0062
Lr = 0.045,Test Loss: 46.3131 RMSE: 6.7372 MAE: 1.1368 MAPE: 0.9132
Lr = 0.04,Test Loss: 39.4899 RMSE: 6.1089 MAE: 1.2205 MAPE: 0.9684
Lr = 0.035,Test Loss: 42.8071 RMSE: 6.4306 MAE: 1.6048 MAPE: 1.0397
Lr = 0.03,Test Loss: 39.2604 RMSE: 6.1065 MAE: 1.1477 MAPE: 0.9311
Lr = 0.025,Test Loss: 39.9361 RMSE: 6.1619 MAE: 1.1739 MAPE: 0.9262
Lr = 0.02,Test Loss: 47.7657 RMSE: 6.8156 MAE: 1.2727 MAPE: 1.0187
Lr = 0.015,Test Loss: 41.0723 RMSE: 6.2991 MAE: 1.2090 MAPE: 1.0302
Lr = 0.01,Test Loss: 43.9494 RMSE: 6.5127 MAE: 1.5099 MAPE: 0.9767
Lr = 0.005,Test Loss: 40.6009 RMSE: 6.2448 MAE: 1.0889 MAPE: 0.9287
Lr = 0.0045,Test Loss: 53.3751 RMSE: 7.0705 MAE: 1.2212 MAPE: 1.0476
Lr = 0.004,Test Loss: 53.1075 RMSE: 7.0332 MAE: 1.2026 MAPE: 1.0349
Lr = 0.0035,Test Loss: 53.1804 RMSE: 7.0314 MAE: 1.2002 MAPE: 1.0364
Lr = 0.003,Test Loss: 53.7383 RMSE: 7.0715 MAE: 1.1989 MAPE: 0.9961
Lr = 0.0025,Test Loss: 53.8704 RMSE: 7.0738 MAE: 1.1892 MAPE: 0.9989
Lr = 0.002,Test Loss: 55.3990 RMSE: 7.1964 MAE: 1.1851 MAPE: 0.9569
Lr = 0.0015,Test Loss: 54.1810 RMSE: 7.0847 MAE: 1.1604 MAPE: 0.9966
Lr = 0.001,Test Loss: 54.9984 RMSE: 7.1508 MAE: 1.1300 MAPE: 0.9690
Lr = 0.0008,Test Loss: 55.4869 RMSE: 7.1897 MAE: 1.1252 MAPE: 0.9572
Lr = 0.0005,Test Loss: 56.5370 RMSE: 7.2649 MAE: 1.1167 MAPE: 0.9165
Lr = 0.0004,Test Loss: 57.2418 RMSE: 7.3138 MAE: 1.1128 MAPE: 0.9161
Lr = 0.0003,Test Loss: 56.3645 RMSE: 7.2576 MAE: 1.1149 MAPE: 0.9148
Lr = 0.0002,Test Loss: 57.4068 RMSE: 7.3285 MAE: 1.0870 MAPE: 0.9110
Lr = 0.0001,Test Loss: 58.7510 RMSE: 7.4175 MAE: 1.0830 MAPE: 0.9128
Lr = 0.1,Test Loss: 50.4900 RMSE: 7.0149 MAE: 1.7421 MAPE: 1.0146
Lr = 0.05,Test Loss: 42.1352 RMSE: 6.3332 MAE: 1.1435 MAPE: 0.8925
Lr = 0.045,Test Loss: 45.3405 RMSE: 6.6607 MAE: 1.1719 MAPE: 0.9023
Lr = 0.04,Test Loss: 39.3144 RMSE: 6.1003 MAE: 1.1540 MAPE: 0.9603
Lr = 0.035,Test Loss: 45.0969 RMSE: 6.6316 MAE: 1.6764 MAPE: 1.1813
Lr = 0.03,Test Loss: 40.4956 RMSE: 6.2223 MAE: 1.2647 MAPE: 0.9824
Lr = 0.025,Test Loss: 38.4478 RMSE: 6.0478 MAE: 1.1431 MAPE: 0.9215
Lr = 0.02,Test Loss: 43.5345 RMSE: 6.4948 MAE: 1.3974 MAPE: 0.9615
Lr = 0.015,Test Loss: 37.8184 RMSE: 5.9925 MAE: 1.0660 MAPE: 0.8817
Lr = 0.01,Test Loss: 37.8229 RMSE: 5.9752 MAE: 1.0790 MAPE: 0.8828
Lr = 0.005,Test Loss: 62.4283 RMSE: 7.8964 MAE: 1.3179 MAPE: 1.2247
Lr = 0.0045,Test Loss: 53.3214 RMSE: 7.0666 MAE: 1.2177 MAPE: 1.0483
Lr = 0.004,Test Loss: 53.1874 RMSE: 7.0415 MAE: 1.1989 MAPE: 1.0369
Lr = 0.0035,Test Loss: 53.6753 RMSE: 7.0773 MAE: 1.2156 MAPE: 1.0385
Lr = 0.003,Test Loss: 53.7213 RMSE: 7.0714 MAE: 1.1998 MAPE: 0.9965
Lr = 0.1,Test Loss: 50.4900 RMSE: 7.0149 MAE: 1.7421 MAPE: 1.0146
Lr = 0.04,Test Loss: 39.4899 RMSE: 6.1089 MAE: 1.2205 MAPE: 0.9684
