nohup: ignoring input
6.15.3
--------------------------
Processing sample 1/35
真实OD:19785.00
初始ODE:13698.00
进入optimizer.optimize(flow[i])...
   Iteration     Total nfev        Cost      Cost reduction    Step norm     Optimality   
       0              1         1.3095e+02                                    3.28e+00    
       1              2         1.3095e+02      0.00e+00       0.00e+00       3.28e+00    
`xtol` termination condition is satisfied.
Function evaluations 2, initial cost 1.3095e+02, final cost 1.3095e+02, first-order optimality 3.28e+00.
结束optimizer.optimize(flow[i])
最终ODE:13698.00
真实OD:19785.00
样本0的RMSE:7.1640 MAE:1.1145 MAPE:0.8917
--------------------------
Processing sample 2/35
真实OD:19961.00
初始ODE:13698.00
进入optimizer.optimize(flow[i])...
   Iteration     Total nfev        Cost      Cost reduction    Step norm     Optimality   
       0              1         1.7453e+02                                    3.21e+00    
       1              2         1.7453e+02      0.00e+00       0.00e+00       3.21e+00    
`xtol` termination condition is satisfied.
Function evaluations 2, initial cost 1.7453e+02, final cost 1.7453e+02, first-order optimality 3.21e+00.
结束optimizer.optimize(flow[i])
最终ODE:13698.00
真实OD:19961.00
样本1的RMSE:7.8356 MAE:1.1591 MAPE:0.8898
--------------------------
Processing sample 3/35
真实OD:20047.00
初始ODE:13698.00
进入optimizer.optimize(flow[i])...
   Iteration     Total nfev        Cost      Cost reduction    Step norm     Optimality   
       0              1         1.7157e+02                                    2.19e+00    
       1              2         1.7157e+02      0.00e+00       0.00e+00       2.19e+00    
The maximum number of function evaluations is exceeded.
Function evaluations 2, initial cost 1.7157e+02, final cost 1.7157e+02, first-order optimality 2.19e+00.
结束optimizer.optimize(flow[i])
最终ODE:13698.00
真实OD:20047.00
样本2的RMSE:7.4499 MAE:1.2069 MAPE:0.9323
--------------------------
Processing sample 4/35
真实OD:22427.00
初始ODE:13698.00
进入optimizer.optimize(flow[i])...
   Iteration     Total nfev        Cost      Cost reduction    Step norm     Optimality   
       0              1         1.0029e+02                                    2.60e+00    
       1              2         1.0029e+02      0.00e+00       0.00e+00       2.60e+00    
`xtol` termination condition is satisfied.
Function evaluations 2, initial cost 1.0029e+02, final cost 1.0029e+02, first-order optimality 2.60e+00.
结束optimizer.optimize(flow[i])
最终ODE:13698.00
真实OD:22427.00
样本3的RMSE:8.1130 MAE:1.3090 MAPE:0.9074
--------------------------
Processing sample 5/35
真实OD:28656.00
初始ODE:13698.00
进入optimizer.optimize(flow[i])...
   Iteration     Total nfev        Cost      Cost reduction    Step norm     Optimality   
       0              1         1.5406e+02                                    2.24e+00    
       1              2         1.5406e+02      0.00e+00       0.00e+00       2.24e+00    
`xtol` termination condition is satisfied.
Function evaluations 2, initial cost 1.5406e+02, final cost 1.5406e+02, first-order optimality 2.24e+00.
结束optimizer.optimize(flow[i])
最终ODE:13698.00
真实OD:28656.00
样本4的RMSE:9.4997 MAE:1.6023 MAPE:0.8684
--------------------------
Processing sample 6/35
真实OD:31481.00
初始ODE:13698.00
进入optimizer.optimize(flow[i])...
   Iteration     Total nfev        Cost      Cost reduction    Step norm     Optimality   
       0              1         6.9580e+02                                    3.01e+00    
       1              2         6.9580e+02      0.00e+00       0.00e+00       3.01e+00    
`xtol` termination condition is satisfied.
Function evaluations 2, initial cost 6.9580e+02, final cost 6.9580e+02, first-order optimality 3.01e+00.
结束optimizer.optimize(flow[i])
最终ODE:13698.00
真实OD:31481.00
样本5的RMSE:13.3054 MAE:1.8031 MAPE:0.8687
--------------------------
Processing sample 7/35
真实OD:33395.00
初始ODE:13698.00
进入optimizer.optimize(flow[i])...
   Iteration     Total nfev        Cost      Cost reduction    Step norm     Optimality   
       0              1         1.5830e+02                                    1.97e+00    
       1              2         1.5830e+02      0.00e+00       0.00e+00       1.97e+00    
The maximum number of function evaluations is exceeded.
Function evaluations 2, initial cost 1.5830e+02, final cost 1.5830e+02, first-order optimality 1.97e+00.
结束optimizer.optimize(flow[i])
最终ODE:13698.00
真实OD:33395.00
样本6的RMSE:18.3486 MAE:1.9872 MAPE:0.8782
--------------------------
Processing sample 8/35
真实OD:28654.00
初始ODE:13698.00
进入optimizer.optimize(flow[i])...
   Iteration     Total nfev        Cost      Cost reduction    Step norm     Optimality   
       0              1         1.2032e+02                                    5.04e+00    
       1              2         1.1393e+02      6.39e+00       1.19e+01       1.80e+00    
The maximum number of function evaluations is exceeded.
Function evaluations 2, initial cost 1.2032e+02, final cost 1.1393e+02, first-order optimality 1.80e+00.
结束optimizer.optimize(flow[i])
最终ODE:13731.06
真实OD:28654.00
样本7的RMSE:13.9285 MAE:1.6250 MAPE:0.8834
--------------------------
Processing sample 9/35
真实OD:21309.00
初始ODE:13698.00
进入optimizer.optimize(flow[i])...
   Iteration     Total nfev        Cost      Cost reduction    Step norm     Optimality   
       0              1         4.0330e+02                                    3.53e+00    
       1              2         4.0330e+02      0.00e+00       0.00e+00       3.53e+00    
`xtol` termination condition is satisfied.
Function evaluations 2, initial cost 4.0330e+02, final cost 4.0330e+02, first-order optimality 3.53e+00.
结束optimizer.optimize(flow[i])
最终ODE:13698.00
真实OD:21309.00
样本8的RMSE:8.5149 MAE:1.1103 MAPE:0.8884
--------------------------
Processing sample 10/35
真实OD:18897.00
初始ODE:13698.00
进入optimizer.optimize(flow[i])...
   Iteration     Total nfev        Cost      Cost reduction    Step norm     Optimality   
       0              1         7.0871e+02                                    8.05e+00    
       1              2         7.0871e+02      0.00e+00       0.00e+00       8.05e+00    
`xtol` termination condition is satisfied.
Function evaluations 2, initial cost 7.0871e+02, final cost 7.0871e+02, first-order optimality 8.05e+00.
结束optimizer.optimize(flow[i])
最终ODE:13698.00
真实OD:18897.00
样本9的RMSE:12.4591 MAE:1.0768 MAPE:0.9041
--------------------------
Processing sample 11/35
真实OD:9150.00
初始ODE:13698.00
进入optimizer.optimize(flow[i])...
   Iteration     Total nfev        Cost      Cost reduction    Step norm     Optimality   
       0              1         9.1924e+03                                    7.24e+00    
       1              2         9.1924e+03      0.00e+00       0.00e+00       7.24e+00    
`xtol` termination condition is satisfied.
Function evaluations 2, initial cost 9.1924e+03, final cost 9.1924e+03, first-order optimality 7.24e+00.
结束optimizer.optimize(flow[i])
最终ODE:13698.00
真实OD:9150.00
样本10的RMSE:4.6779 MAE:0.7423 MAPE:1.2771
--------------------------
Processing sample 12/35
真实OD:2492.00
初始ODE:13698.00
进入optimizer.optimize(flow[i])...
   Iteration     Total nfev        Cost      Cost reduction    Step norm     Optimality   
       0              1         6.7154e+04                                    2.57e+02    
       1              2         6.7154e+04      0.00e+00       0.00e+00       2.57e+02    
`xtol` termination condition is satisfied.
Function evaluations 2, initial cost 6.7154e+04, final cost 6.7154e+04, first-order optimality 2.57e+02.
结束optimizer.optimize(flow[i])
最终ODE:13698.00
真实OD:2492.00
样本11的RMSE:8.2983 MAE:0.9952 MAPE:3.0942
--------------------------
Processing sample 13/35
真实OD:2302.00
初始ODE:13698.00
进入optimizer.optimize(flow[i])...
   Iteration     Total nfev        Cost      Cost reduction    Step norm     Optimality   
       0              1         6.8579e+04                                    4.80e+02    
       1              2         6.8579e+04      0.00e+00       0.00e+00       4.80e+02    
`xtol` termination condition is satisfied.
Function evaluations 2, initial cost 6.8579e+04, final cost 6.8579e+04, first-order optimality 4.80e+02.
结束optimizer.optimize(flow[i])
最终ODE:13698.00
真实OD:2302.00
样本12的RMSE:8.4711 MAE:1.0064 MAPE:3.3304
--------------------------
Processing sample 14/35
真实OD:1841.00
初始ODE:13698.00
进入optimizer.optimize(flow[i])...
   Iteration     Total nfev        Cost      Cost reduction    Step norm     Optimality   
       0              1         3.4827e+06                                    4.04e+02    
       1              2         3.4827e+06      0.00e+00       0.00e+00       4.04e+02    
`xtol` termination condition is satisfied.
Function evaluations 2, initial cost 3.4827e+06, final cost 3.4827e+06, first-order optimality 4.04e+02.
结束optimizer.optimize(flow[i])
最终ODE:13698.00
真实OD:1841.00
样本13的RMSE:8.9349 MAE:1.0480 MAPE:3.3868
--------------------------
Processing sample 15/35
真实OD:1618.00
初始ODE:13698.00
进入optimizer.optimize(flow[i])...
   Iteration     Total nfev        Cost      Cost reduction    Step norm     Optimality   
       0              1         2.2940e+05                                    6.03e+02    
       1              2         2.2940e+05      0.00e+00       0.00e+00       6.03e+02    
`xtol` termination condition is satisfied.
Function evaluations 2, initial cost 2.2940e+05, final cost 2.2940e+05, first-order optimality 6.03e+02.
结束optimizer.optimize(flow[i])
最终ODE:13698.00
真实OD:1618.00
样本14的RMSE:9.0576 MAE:1.0707 MAPE:4.4215
--------------------------
Processing sample 16/35
真实OD:1985.00
初始ODE:13698.00
进入optimizer.optimize(flow[i])...
   Iteration     Total nfev        Cost      Cost reduction    Step norm     Optimality   
       0              1         8.8311e+04                                    1.68e+02    
       1              2         8.8311e+04      0.00e+00       0.00e+00       1.68e+02    
`xtol` termination condition is satisfied.
Function evaluations 2, initial cost 8.8311e+04, final cost 8.8311e+04, first-order optimality 1.68e+02.
结束optimizer.optimize(flow[i])
最终ODE:13698.00
真实OD:1985.00
样本15的RMSE:8.9246 MAE:1.0460 MAPE:3.5643
--------------------------
Processing sample 17/35
真实OD:3421.00
初始ODE:13698.00
进入optimizer.optimize(flow[i])...
   Iteration     Total nfev        Cost      Cost reduction    Step norm     Optimality   
       0              1         1.0046e+05                                    1.02e+02    
       1              2         1.0046e+05      0.00e+00       0.00e+00       1.02e+02    
`xtol` termination condition is satisfied.
Function evaluations 2, initial cost 1.0046e+05, final cost 1.0046e+05, first-order optimality 1.02e+02.
结束optimizer.optimize(flow[i])
最终ODE:13698.00
真实OD:3421.00
样本16的RMSE:8.3123 MAE:0.9905 MAPE:2.7445
--------------------------
Processing sample 18/35
真实OD:9416.00
初始ODE:13698.00
进入optimizer.optimize(flow[i])...
   Iteration     Total nfev        Cost      Cost reduction    Step norm     Optimality   
       0              1         7.5151e+03                                    3.97e+00    
       1              2         7.5151e+03      0.00e+00       0.00e+00       3.97e+00    
`xtol` termination condition is satisfied.
Function evaluations 2, initial cost 7.5151e+03, final cost 7.5151e+03, first-order optimality 3.97e+00.
结束optimizer.optimize(flow[i])
最终ODE:13698.00
真实OD:9416.00
样本17的RMSE:6.5583 MAE:0.9058 MAPE:1.2766
--------------------------
Processing sample 19/35
真实OD:25568.00
初始ODE:13698.00
进入optimizer.optimize(flow[i])...
   Iteration     Total nfev        Cost      Cost reduction    Step norm     Optimality   
       0              1         1.3860e+02                                    3.74e+00    
       1              2         1.3408e+02      4.52e+00       1.14e+01       1.69e+00    
The maximum number of function evaluations is exceeded.
Function evaluations 2, initial cost 1.3860e+02, final cost 1.3408e+02, first-order optimality 1.69e+00.
结束optimizer.optimize(flow[i])
最终ODE:13737.41
真实OD:25568.00
样本18的RMSE:10.9187 MAE:1.6138 MAPE:0.9518
--------------------------
Processing sample 20/35
真实OD:44913.00
初始ODE:13698.00
进入optimizer.optimize(flow[i])...
   Iteration     Total nfev        Cost      Cost reduction    Step norm     Optimality   
       0              1         1.9333e+02                                    3.32e+00    
       1              2         1.8490e+02      8.44e+00       1.06e+01       2.20e+00    
`xtol` termination condition is satisfied.
Function evaluations 2, initial cost 1.9333e+02, final cost 1.8490e+02, first-order optimality 2.20e+00.
结束optimizer.optimize(flow[i])
最终ODE:13752.21
真实OD:44913.00
样本19的RMSE:17.1747 MAE:2.9389 MAPE:0.9104
--------------------------
Processing sample 21/35
真实OD:29255.00
初始ODE:13698.00
进入optimizer.optimize(flow[i])...
   Iteration     Total nfev        Cost      Cost reduction    Step norm     Optimality   
       0              1         1.4863e+02                                    2.83e+00    
       1              2         1.4863e+02      0.00e+00       0.00e+00       2.83e+00    
The maximum number of function evaluations is exceeded.
Function evaluations 2, initial cost 1.4863e+02, final cost 1.4863e+02, first-order optimality 2.83e+00.
结束optimizer.optimize(flow[i])
最终ODE:13698.00
真实OD:29255.00
样本20的RMSE:9.6457 MAE:1.7814 MAPE:0.8991
--------------------------
Processing sample 22/35
真实OD:24231.00
初始ODE:13698.00
进入optimizer.optimize(flow[i])...
   Iteration     Total nfev        Cost      Cost reduction    Step norm     Optimality   
       0              1         7.5201e+02                                    1.76e+00    
       1              2         7.4526e+02      6.75e+00       1.10e+01       1.99e+01    
`ftol` termination condition is satisfied.
Function evaluations 2, initial cost 7.5201e+02, final cost 7.4526e+02, first-order optimality 1.99e+01.
结束optimizer.optimize(flow[i])
最终ODE:13743.91
真实OD:24231.00
样本21的RMSE:8.2860 MAE:1.4743 MAPE:0.9151
--------------------------
Processing sample 23/35
真实OD:27079.00
初始ODE:13698.00
进入optimizer.optimize(flow[i])...
   Iteration     Total nfev        Cost      Cost reduction    Step norm     Optimality   
       0              1         3.0094e+02                                    1.77e+00    
       1              2         3.0094e+02      0.00e+00       0.00e+00       1.77e+00    
The maximum number of function evaluations is exceeded.
Function evaluations 2, initial cost 3.0094e+02, final cost 3.0094e+02, first-order optimality 1.77e+00.
结束optimizer.optimize(flow[i])
最终ODE:13698.00
真实OD:27079.00
样本22的RMSE:11.7804 MAE:1.6887 MAPE:0.9041
--------------------------
Processing sample 24/35
真实OD:25007.00
初始ODE:13698.00
进入optimizer.optimize(flow[i])...
   Iteration     Total nfev        Cost      Cost reduction    Step norm     Optimality   
       0              1         1.4323e+02                                    2.20e+00    
       1              2         1.4043e+02      2.80e+00       8.95e+00       7.57e+01    
`xtol` termination condition is satisfied.
Function evaluations 2, initial cost 1.4323e+02, final cost 1.4043e+02, first-order optimality 7.57e+01.
结束optimizer.optimize(flow[i])
最终ODE:13737.63
真实OD:25007.00
样本23的RMSE:10.5292 MAE:1.5153 MAPE:0.8962
--------------------------
Processing sample 25/35
真实OD:18157.00
初始ODE:13698.00
进入optimizer.optimize(flow[i])...
   Iteration     Total nfev        Cost      Cost reduction    Step norm     Optimality   
       0              1         2.3346e+03                                    2.61e+00    
       1              2         2.3337e+03      9.08e-01       1.13e+01       2.43e+01    
The maximum number of function evaluations is exceeded.
Function evaluations 2, initial cost 2.3346e+03, final cost 2.3337e+03, first-order optimality 2.43e+01.
结束optimizer.optimize(flow[i])
最终ODE:13735.35
真实OD:18157.00
样本24的RMSE:8.1080 MAE:1.1933 MAPE:0.9865
--------------------------
Processing sample 26/35
真实OD:18329.00
初始ODE:13698.00
进入optimizer.optimize(flow[i])...
   Iteration     Total nfev        Cost      Cost reduction    Step norm     Optimality   
       0              1         1.4205e+02                                    2.42e+00    
       1              2         1.4083e+02      1.22e+00       1.15e+01       2.87e+00    
The maximum number of function evaluations is exceeded.
Function evaluations 2, initial cost 1.4205e+02, final cost 1.4083e+02, first-order optimality 2.87e+00.
结束optimizer.optimize(flow[i])
最终ODE:13738.72
真实OD:18329.00
样本25的RMSE:7.0917 MAE:1.1766 MAPE:0.9697
--------------------------
Processing sample 27/35
真实OD:18431.00
初始ODE:13698.00
进入optimizer.optimize(flow[i])...
   Iteration     Total nfev        Cost      Cost reduction    Step norm     Optimality   
       0              1         1.0146e+03                                    3.09e+00    
       1              2         1.0146e+03      0.00e+00       0.00e+00       3.09e+00    
`xtol` termination condition is satisfied.
Function evaluations 2, initial cost 1.0146e+03, final cost 1.0146e+03, first-order optimality 3.09e+00.
结束optimizer.optimize(flow[i])
最终ODE:13698.00
真实OD:18431.00
样本26的RMSE:6.8555 MAE:1.1943 MAPE:0.9890
--------------------------
Processing sample 28/35
真实OD:20671.00
初始ODE:13698.00
进入optimizer.optimize(flow[i])...
   Iteration     Total nfev        Cost      Cost reduction    Step norm     Optimality   
       0              1         1.3825e+02                                    2.70e+00    
       1              2         1.3825e+02      0.00e+00       0.00e+00       2.70e+00    
`xtol` termination condition is satisfied.
Function evaluations 2, initial cost 1.3825e+02, final cost 1.3825e+02, first-order optimality 2.70e+00.
结束optimizer.optimize(flow[i])
最终ODE:13698.00
真实OD:20671.00
样本27的RMSE:7.0981 MAE:1.2503 MAPE:0.9311
--------------------------
Processing sample 29/35
真实OD:30579.00
初始ODE:13698.00
进入optimizer.optimize(flow[i])...
   Iteration     Total nfev        Cost      Cost reduction    Step norm     Optimality   
       0              1         1.5523e+02                                    2.16e+00    
       1              2         1.4822e+02      7.01e+00       1.04e+01       1.88e+00    
`xtol` termination condition is satisfied.
Function evaluations 2, initial cost 1.5523e+02, final cost 1.4822e+02, first-order optimality 1.88e+00.
结束optimizer.optimize(flow[i])
最终ODE:13740.72
真实OD:30579.00
样本28的RMSE:10.0265 MAE:1.8173 MAPE:0.9017
--------------------------
Processing sample 30/35
真实OD:36246.00
初始ODE:13698.00
进入optimizer.optimize(flow[i])...
   Iteration     Total nfev        Cost      Cost reduction    Step norm     Optimality   
       0              1         1.6601e+02                                    1.95e+00    
       1              2         1.6468e+02      1.33e+00       9.76e+00       8.87e+01    
`xtol` termination condition is satisfied.
Function evaluations 2, initial cost 1.6601e+02, final cost 1.6468e+02, first-order optimality 8.87e+01.
结束optimizer.optimize(flow[i])
最终ODE:13744.49
真实OD:36246.00
样本29的RMSE:12.0797 MAE:2.1290 MAPE:0.8741
--------------------------
Processing sample 31/35
真实OD:33496.00
初始ODE:13698.00
进入optimizer.optimize(flow[i])...
   Iteration     Total nfev        Cost      Cost reduction    Step norm     Optimality   
       0              1         1.5546e+02                                    1.87e+00    
       1              2         1.4947e+02      6.00e+00       1.31e+01       3.94e+00    
The maximum number of function evaluations is exceeded.
Function evaluations 2, initial cost 1.5546e+02, final cost 1.4947e+02, first-order optimality 3.94e+00.
结束optimizer.optimize(flow[i])
最终ODE:13764.91
真实OD:33496.00
样本30的RMSE:14.5624 MAE:1.9627 MAPE:0.8754
--------------------------
Processing sample 32/35
真实OD:29281.00
初始ODE:13698.00
进入optimizer.optimize(flow[i])...
   Iteration     Total nfev        Cost      Cost reduction    Step norm     Optimality   
       0              1         2.8180e+02                                    2.69e+00    
       1              2         2.8180e+02      0.00e+00       0.00e+00       2.69e+00    
`xtol` termination condition is satisfied.
Function evaluations 2, initial cost 2.8180e+02, final cost 2.8180e+02, first-order optimality 2.69e+00.
结束optimizer.optimize(flow[i])
最终ODE:13698.00
真实OD:29281.00
样本31的RMSE:14.0184 MAE:1.6274 MAPE:0.8567
--------------------------
Processing sample 33/35
真实OD:20831.00
初始ODE:13698.00
进入optimizer.optimize(flow[i])...
   Iteration     Total nfev        Cost      Cost reduction    Step norm     Optimality   
       0              1         9.3581e+02                                    3.04e+00    
       1              2         9.3581e+02      0.00e+00       0.00e+00       3.04e+00    
`xtol` termination condition is satisfied.
Function evaluations 2, initial cost 9.3581e+02, final cost 9.3581e+02, first-order optimality 3.04e+00.
结束optimizer.optimize(flow[i])
最终ODE:13698.00
真实OD:20831.00
样本32的RMSE:6.2405 MAE:0.9510 MAPE:0.8429
--------------------------
Processing sample 34/35
真实OD:13698.00
初始ODE:13698.00
进入optimizer.optimize(flow[i])...
   Iteration     Total nfev        Cost      Cost reduction    Step norm     Optimality   
       0              1         8.4140e-06                                    9.54e-05    
`gtol` termination condition is satisfied.
Function evaluations 1, initial cost 8.4140e-06, final cost 8.4140e-06, first-order optimality 9.54e-05.
结束optimizer.optimize(flow[i])
最终ODE:13698.00
真实OD:13698.00
样本33的RMSE:0.0000 MAE:0.0000 MAPE:0.0000
--------------------------
Processing sample 35/35
真实OD:8075.00
初始ODE:13698.00
进入optimizer.optimize(flow[i])...
   Iteration     Total nfev        Cost      Cost reduction    Step norm     Optimality   
       0              1         5.7707e+03                                    2.45e+01    
       1              2         5.7707e+03      0.00e+00       0.00e+00       2.45e+01    
`xtol` termination condition is satisfied.
Function evaluations 2, initial cost 5.7707e+03, final cost 5.7707e+03, first-order optimality 2.45e+01.
结束optimizer.optimize(flow[i])
最终ODE:13698.00
真实OD:8075.00
样本34的RMSE:4.8728 MAE:0.7231 MAPE:1.3368
所有预测OD矩阵已保存至: ../可视化/测试集TNN/Pred_SSM_LS_SUE_MSA_6.15.npy
保存的数组形状: (35, 110, 110)
Total Test RMSE: 9.4040, MAE: 1.3382, MAPE: 1.3442
耗时10710.23min
Traceback (most recent call last):
  File "/data/tyx/ODE/优化类/SSM-LS-SUE-6.17.py", line 273, in <module>
    log_file.write(
TypeError: TextIOWrapper.write() takes no keyword arguments
