Lr = 0.1,Test Loss: 58.9127 RMSE: 7.4801 MAE: 1.2113 MAPE: 1.0590
Lr = 0.05,Test Loss: 45.5286 RMSE: 6.6797 MAE: 1.0726 MAPE: 0.8966
Lr = 0.045,Test Loss: 54.4430 RMSE: 7.0568 MAE: 1.3120 MAPE: 0.9250
Lr = 0.04,Test Loss: 58.7822 RMSE: 7.4650 MAE: 1.2038 MAPE: 1.0557
Lr = 0.035,Test Loss: 40.1395 RMSE: 6.0548 MAE: 1.0628 MAPE: 0.9081
Lr = 0.03,Test Loss: 41.1078 RMSE: 6.1457 MAE: 1.0695 MAPE: 0.9108
Lr = 0.025,Test Loss: 44.0337 RMSE: 6.4029 MAE: 1.2154 MAPE: 0.9685
Lr = 0.02,Test Loss: 41.3616 RMSE: 6.2241 MAE: 1.1024 MAPE: 0.8746
Lr = 0.015,Test Loss: 40.4659 RMSE: 6.1469 MAE: 1.1658 MAPE: 0.9030
Lr = 0.01,Test Loss: 40.8352 RMSE: 6.1220 MAE: 1.2008 MAPE: 0.9514
Lr = 0.005,Test Loss: 48.2920 RMSE: 6.7769 MAE: 1.4174 MAPE: 1.0383
Lr = 0.0045,Test Loss: 42.5902 RMSE: 6.2784 MAE: 1.2168 MAPE: 0.9826
Lr = 0.004,Test Loss: 48.9262 RMSE: 6.8729 MAE: 1.2911 MAPE: 1.1473
Lr = 0.0035,Test Loss: 47.1274 RMSE: 6.7256 MAE: 1.2252 MAPE: 1.0737
Lr = 0.003,Test Loss: 46.8152 RMSE: 6.6072 MAE: 1.1764 MAPE: 1.0291
Lr = 0.0025,Test Loss: 66.2684 RMSE: 8.1384 MAE: 1.2944 MAPE: 1.1947
Lr = 0.002,Test Loss: 68.1491 RMSE: 8.2548 MAE: 1.3124 MAPE: 1.1967
Lr = 0.0015,Test Loss: 38.2583 RMSE: 5.9471 MAE: 1.0885 MAPE: 0.8931
Lr = 0.001,Test Loss: 63.5913 RMSE: 7.9674 MAE: 1.2657 MAPE: 1.1751
Lr = 0.0008,Test Loss: 54.3447 RMSE: 7.3030 MAE: 1.1740 MAPE: 1.0839
Lr = 0.0005,Test Loss: 56.9567 RMSE: 7.5002 MAE: 1.1373 MAPE: 1.0438
Lr = 0.0004,Test Loss: 61.6604 RMSE: 7.8362 MAE: 1.1443 MAPE: 1.0158
Lr = 0.0003,Test Loss: 59.7624 RMSE: 7.6936 MAE: 1.1751 MAPE: 1.0903
Lr = 0.0002,Test Loss: 54.4178 RMSE: 7.1019 MAE: 1.1104 MAPE: 0.9349
Lr = 0.0001,Test Loss: 54.5672 RMSE: 7.0874 MAE: 1.0775 MAPE: 0.9321
-----MLP初始化he------
Lr = 0.1,Test Loss: 47.6380 RMSE: 6.7986 MAE: 1.1719 MAPE: 0.9513
Lr = 0.05,Test Loss: 38.6186 RMSE: 5.9667 MAE: 1.0499 MAPE: 0.8974
Lr = 0.045,Test Loss: 39.7763 RMSE: 6.1168 MAE: 1.1447 MAPE: 0.9913
Lr = 0.04,Test Loss: 40.8178 RMSE: 6.1981 MAE: 1.1519 MAPE: 0.9404
Lr = 0.035,Test Loss: 38.6051 RMSE: 5.9540 MAE: 1.0411 MAPE: 0.8888
Lr = 0.03,Test Loss: 42.2848 RMSE: 6.2746 MAE: 1.1069 MAPE: 0.9019
Lr = 0.025,Test Loss: 41.4747 RMSE: 6.2414 MAE: 1.1362 MAPE: 0.9097
Lr = 0.02,Test Loss: 43.3602 RMSE: 6.3948 MAE: 1.1629 MAPE: 1.0159
Lr = 0.015,Test Loss: 40.7425 RMSE: 6.1534 MAE: 1.0942 MAPE: 0.9091
Lr = 0.01,Test Loss: 40.7482 RMSE: 6.2085 MAE: 1.0756 MAPE: 0.9358
Lr = 0.005,Test Loss: 41.4611 RMSE: 6.2867 MAE: 1.1613 MAPE: 0.9865
Lr = 0.0045,Test Loss: 51.3249 RMSE: 7.0755 MAE: 1.3202 MAPE: 1.0556
Lr = 0.004,Test Loss: 44.5646 RMSE: 6.4421 MAE: 1.1905 MAPE: 1.0609
Lr = 0.0035,Test Loss: 65.5408 RMSE: 8.0928 MAE: 1.3434 MAPE: 1.1747
Lr = 0.003,Test Loss: 41.6736 RMSE: 6.2974 MAE: 1.1418 MAPE: 0.9608
Lr = 0.0025,Test Loss: 65.3717 RMSE: 8.0830 MAE: 1.2674 MAPE: 1.1749
Lr = 0.002,Test Loss: 45.2290 RMSE: 6.5276 MAE: 1.1275 MAPE: 1.0011
Lr = 0.0015,Test Loss: 52.4359 RMSE: 7.1826 MAE: 1.1680 MAPE: 1.0788
Lr = 0.001,Test Loss: 41.5453 RMSE: 6.2805 MAE: 1.0653 MAPE: 0.9693
Lr = 0.0008,Test Loss: 50.2104 RMSE: 6.9638 MAE: 1.0966 MAPE: 0.9827
Lr = 0.0005,Test Loss: 54.3301 RMSE: 7.0979 MAE: 1.1345 MAPE: 0.9841
Lr = 0.0004,Test Loss: 54.3111 RMSE: 7.0853 MAE: 1.1312 MAPE: 0.9911
Lr = 0.0003,Test Loss: 54.4983 RMSE: 7.0874 MAE: 1.1102 MAPE: 0.9960
Lr = 0.0002,Test Loss: 55.0016 RMSE: 7.1439 MAE: 1.0942 MAPE: 0.9132
Lr = 0.0001,Test Loss: 56.3247 RMSE: 7.2766 MAE: 1.0978 MAPE: 0.9483
-----MLP初始化he40------
Lr = 0.1,Test Loss: 48.0859 RMSE: 6.8384 MAE: 1.1763 MAPE: 0.9525
Lr = 0.05,Test Loss: 39.0018 RMSE: 5.9862 MAE: 1.0490 MAPE: 0.8952
Lr = 0.045,Test Loss: 39.0344 RMSE: 6.0400 MAE: 1.1218 MAPE: 0.9631
Lr = 0.04,Test Loss: 40.7678 RMSE: 6.1895 MAE: 1.1632 MAPE: 0.9552
Lr = 0.035,Test Loss: 39.0493 RMSE: 5.9726 MAE: 1.0416 MAPE: 0.8874
Lr = 0.03,Test Loss: 40.9594 RMSE: 6.1359 MAE: 1.0997 MAPE: 0.9052
Lr = 0.025,Test Loss: 50.3622 RMSE: 7.0668 MAE: 1.0267 MAPE: 0.7904
Lr = 0.02,Test Loss: 38.1193 RMSE: 5.9519 MAE: 1.0067 MAPE: 0.8417
Lr = 0.015,Test Loss: 41.3322 RMSE: 6.1883 MAE: 1.0273 MAPE: 0.8852
Lr = 0.01,Test Loss: 40.6032 RMSE: 6.1970 MAE: 1.0649 MAPE: 0.9217
Lr = 0.005,Test Loss: 42.7320 RMSE: 6.4100 MAE: 1.1847 MAPE: 1.0125
Lr = 0.0045,Test Loss: 50.3347 RMSE: 6.9969 MAE: 1.2285 MAPE: 1.0974
Lr = 0.004,Test Loss: 46.4130 RMSE: 6.6040 MAE: 1.2695 MAPE: 1.1146
Lr = 0.0035,Test Loss: 45.6872 RMSE: 6.5666 MAE: 1.1380 MAPE: 0.9939
Lr = 0.003,Test Loss: 41.1187 RMSE: 6.2238 MAE: 1.1241 MAPE: 0.9343
Lr = 0.0025,Test Loss: 44.3939 RMSE: 6.4226 MAE: 1.2269 MAPE: 0.9878
Lr = 0.002,Test Loss: 45.3040 RMSE: 6.4947 MAE: 1.2207 MAPE: 0.9831
Lr = 0.0015,Test Loss: 50.2166 RMSE: 6.9939 MAE: 1.1565 MAPE: 1.0672
Lr = 0.001,Test Loss: 41.3523 RMSE: 6.2637 MAE: 1.0646 MAPE: 0.9675
Lr = 0.0008,Test Loss: 40.2513 RMSE: 6.0206 MAE: 1.0023 MAPE: 0.8614
Lr = 0.0005,Test Loss: 62.5340 RMSE: 7.8795 MAE: 1.2100 MAPE: 1.0850
Lr = 0.0004,Test Loss: 64.0758 RMSE: 7.9987 MAE: 1.2374 MAPE: 1.1393
Lr = 0.0003,Test Loss: 64.8860 RMSE: 8.0475 MAE: 1.2461 MAPE: 1.1429
Lr = 0.0002,Test Loss: 54.8519 RMSE: 7.2975 MAE: 1.1044 MAPE: 0.9796
Lr = 0.0001,Test Loss: 51.5735 RMSE: 6.9917 MAE: 1.0619 MAPE: 0.8764
--HE10---
Lr = 0.1,Test Loss: 47.8339 RMSE: 6.8185 MAE: 1.1784 MAPE: 0.9562
Lr = 0.05,Test Loss: 38.7717 RMSE: 5.9767 MAE: 1.0507 MAPE: 0.8974
Lr = 0.045,Test Loss: 39.5227 RMSE: 6.0813 MAE: 1.1346 MAPE: 0.9770
Lr = 0.04,Test Loss: 39.9450 RMSE: 6.1187 MAE: 1.0309 MAPE: 0.8323
Lr = 0.035,Test Loss: 43.9480 RMSE: 6.4214 MAE: 1.1786 MAPE: 0.9881
Lr = 0.03,Test Loss: 40.5592 RMSE: 6.1163 MAE: 1.0540 MAPE: 0.8911
Lr = 0.025,Test Loss: 41.3972 RMSE: 6.2456 MAE: 1.1388 MAPE: 0.9106
Lr = 0.02,Test Loss: 42.0854 RMSE: 6.3126 MAE: 1.1267 MAPE: 0.9795
Lr = 0.015,Test Loss: 40.2389 RMSE: 6.1057 MAE: 1.0836 MAPE: 0.8982
Lr = 0.01,Test Loss: 68.8128 RMSE: 8.2944 MAE: 1.3848 MAPE: 1.2364
Lr = 0.005,Test Loss: 49.6009 RMSE: 6.9324 MAE: 1.1625 MAPE: 0.9259
Lr = 0.0045,Test Loss: 67.7776 RMSE: 8.2303 MAE: 1.3088 MAPE: 1.2343
Lr = 0.004,Test Loss: 61.4688 RMSE: 7.8256 MAE: 1.3078 MAPE: 1.1574
Lr = 0.0035,Test Loss: 66.3596 RMSE: 8.1439 MAE: 1.3516 MAPE: 1.1783
Lr = 0.003,Test Loss: 42.5912 RMSE: 6.3657 MAE: 1.1701 MAPE: 0.9955
Lr = 0.0025,Test Loss: 65.8505 RMSE: 8.1130 MAE: 1.2699 MAPE: 1.1772
Lr = 0.002,Test Loss: 61.6889 RMSE: 7.8411 MAE: 1.2531 MAPE: 1.1401
Lr = 0.0015,Test Loss: 63.2409 RMSE: 7.9389 MAE: 1.2212 MAPE: 1.0796
Lr = 0.001,Test Loss: 55.0200 RMSE: 7.2392 MAE: 1.1209 MAPE: 0.9528
Lr = 0.0008,Test Loss: 54.5618 RMSE: 7.1436 MAE: 1.1250 MAPE: 0.9645
Lr = 0.0005,Test Loss: 54.3312 RMSE: 7.0985 MAE: 1.1345 MAPE: 0.9837
Lr = 0.0004,Test Loss: 54.3130 RMSE: 7.0859 MAE: 1.1312 MAPE: 0.9907
Lr = 0.0003,Test Loss: 54.5057 RMSE: 7.0885 MAE: 1.1103 MAPE: 0.9959
Lr = 0.0002,Test Loss: 54.6417 RMSE: 7.0952 MAE: 1.0872 MAPE: 0.9201
Lr = 0.0001,Test Loss: 54.8645 RMSE: 7.1005 MAE: 1.0844 MAPE: 0.9338
--1000-20-HE-----

Lr = 0.1,Test Loss: 47.6380 RMSE: 6.7986 MAE: 1.1719 MAPE: 0.9513
Lr = 0.05,Test Loss: 38.6186 RMSE: 5.9667 MAE: 1.0499 MAPE: 0.8974
Lr = 0.045,Test Loss: 39.7763 RMSE: 6.1168 MAE: 1.1447 MAPE: 0.9913
Lr = 0.04,Test Loss: 40.8178 RMSE: 6.1981 MAE: 1.1519 MAPE: 0.9404
Lr = 0.035,Test Loss: 38.6051 RMSE: 5.9540 MAE: 1.0411 MAPE: 0.8888
Lr = 0.03,Test Loss: 42.2848 RMSE: 6.2746 MAE: 1.1069 MAPE: 0.9019
Lr = 0.025,Test Loss: 41.4747 RMSE: 6.2414 MAE: 1.1362 MAPE: 0.9097
Lr = 0.02,Test Loss: 43.3602 RMSE: 6.3948 MAE: 1.1629 MAPE: 1.0159
Lr = 0.015,Test Loss: 40.7425 RMSE: 6.1534 MAE: 1.0942 MAPE: 0.9091
Lr = 0.01,Test Loss: 40.7482 RMSE: 6.2085 MAE: 1.0756 MAPE: 0.9358
Lr = 0.005,Test Loss: 41.4611 RMSE: 6.2867 MAE: 1.1613 MAPE: 0.9865
Lr = 0.0045,Test Loss: 51.3249 RMSE: 7.0755 MAE: 1.3202 MAPE: 1.0556
Lr = 0.004,Test Loss: 44.5646 RMSE: 6.4421 MAE: 1.1905 MAPE: 1.0609
Lr = 0.0035,Test Loss: 65.5408 RMSE: 8.0928 MAE: 1.3434 MAPE: 1.1747
Lr = 0.003,Test Loss: 41.6736 RMSE: 6.2974 MAE: 1.1418 MAPE: 0.9608
Lr = 0.0025,Test Loss: 65.3717 RMSE: 8.0830 MAE: 1.2674 MAPE: 1.1749
Lr = 0.002,Test Loss: 45.2290 RMSE: 6.5276 MAE: 1.1275 MAPE: 1.0011
Lr = 0.0015,Test Loss: 52.4359 RMSE: 7.1826 MAE: 1.1680 MAPE: 1.0788
Lr = 0.001,Test Loss: 41.5453 RMSE: 6.2805 MAE: 1.0653 MAPE: 0.9693
Lr = 0.0008,Test Loss: 50.2104 RMSE: 6.9638 MAE: 1.0966 MAPE: 0.9827
Lr = 0.0005,Test Loss: 54.3301 RMSE: 7.0979 MAE: 1.1345 MAPE: 0.9841
Lr = 0.0004,Test Loss: 54.3111 RMSE: 7.0853 MAE: 1.1312 MAPE: 0.9911
Lr = 0.0003,Test Loss: 54.4983 RMSE: 7.0874 MAE: 1.1102 MAPE: 0.9960
Lr = 0.0002,Test Loss: 55.0016 RMSE: 7.1439 MAE: 1.0942 MAPE: 0.9132
Lr = 0.0001,Test Loss: 56.3247 RMSE: 7.2766 MAE: 1.0978 MAPE: 0.9483
--30-
Lr = 0.1,Test Loss: 48.0428 RMSE: 6.8324 MAE: 1.1798 MAPE: 0.9572
Lr = 0.05,Test Loss: 38.9428 RMSE: 5.9833 MAE: 1.0484 MAPE: 0.8916
Lr = 0.045,Test Loss: 39.0027 RMSE: 6.0418 MAE: 1.1263 MAPE: 0.9687
Lr = 0.04,Test Loss: 40.5646 RMSE: 6.1761 MAE: 1.1602 MAPE: 0.9522
Lr = 0.035,Test Loss: 38.7215 RMSE: 5.9504 MAE: 1.0414 MAPE: 0.8901
Lr = 0.03,Test Loss: 41.4633 RMSE: 6.1818 MAE: 1.1025 MAPE: 0.9072
Lr = 0.025,Test Loss: 41.7138 RMSE: 6.2692 MAE: 1.1472 MAPE: 0.9201
Lr = 0.02,Test Loss: 36.5809 RMSE: 5.7807 MAE: 0.9949 MAPE: 0.8400
Lr = 0.015,Test Loss: 40.6031 RMSE: 6.1586 MAE: 1.0887 MAPE: 0.9005
Lr = 0.01,Test Loss: 40.7919 RMSE: 6.2006 MAE: 1.0788 MAPE: 0.9405
Lr = 0.005,Test Loss: 42.5927 RMSE: 6.3838 MAE: 1.1771 MAPE: 1.0047
Lr = 0.0045,Test Loss: 49.8734 RMSE: 6.9442 MAE: 1.2196 MAPE: 1.0860
Lr = 0.004,Test Loss: 45.7776 RMSE: 6.5549 MAE: 1.2652 MAPE: 1.1114
Lr = 0.0035,Test Loss: 46.9227 RMSE: 6.7070 MAE: 1.2627 MAPE: 1.0805
Lr = 0.003,Test Loss: 41.6688 RMSE: 6.2989 MAE: 1.1477 MAPE: 0.9690
Lr = 0.0025,Test Loss: 45.2288 RMSE: 6.5043 MAE: 1.2429 MAPE: 1.0094
Lr = 0.002,Test Loss: 46.4189 RMSE: 6.6014 MAE: 1.2437 MAPE: 1.0116
Lr = 0.0015,Test Loss: 50.0575 RMSE: 6.9705 MAE: 1.1562 MAPE: 1.0651
Lr = 0.001,Test Loss: 41.5079 RMSE: 6.2846 MAE: 1.0625 MAPE: 0.9647
Lr = 0.0008,Test Loss: 51.4648 RMSE: 7.0671 MAE: 1.1058 MAPE: 0.9865
Lr = 0.0005,Test Loss: 61.4156 RMSE: 7.8076 MAE: 1.2048 MAPE: 1.0838
Lr = 0.0004,Test Loss: 63.9770 RMSE: 7.9860 MAE: 1.2327 MAPE: 1.0929
Lr = 0.0003,Test Loss: 64.5863 RMSE: 8.0295 MAE: 1.2439 MAPE: 1.1420
Lr = 0.0002,Test Loss: 55.7390 RMSE: 7.3654 MAE: 1.1165 MAPE: 0.9948
Lr = 0.0001,Test Loss: 54.3376 RMSE: 7.1850 MAE: 1.0767 MAPE: 0.8933
Lr = 0.02,Test Loss: 36.5809 RMSE: 5.7807 MAE: 0.9949 MAPE: 0.8400
Lr = 0.02,Test Loss: 36.5809 RMSE: 5.7807 MAE: 0.9949 MAPE: 0.8400
Lr = 0.02,Test Loss: 36.5809 RMSE: 5.7807 MAE: 0.9949 MAPE: 0.8400
