nohup: ignoring input
进入样本1的初始点采样
进入样本0的初始点采样
进入样本2的初始点采样
进入样本4的初始点采样
进入样本3的初始点采样
进入样本6的初始点采样
进入样本5的初始点采样
进入样本9的初始点采样
进入样本7的初始点采样
进入样本8的初始点采样
P:(762, 12100),phi:(762,)
样本3的第0次迭代
采样次数:0
P:(762, 12100),phi:(762,)
样本8的第0次迭代
采样次数:0
P:(762, 12100),phi:(762,)
样本1的第0次迭代
采样次数:0
P:(762, 12100),phi:(762,)
样本4的第0次迭代
采样次数:0
P:(762, 12100),phi:(762,)
样本9的第0次迭代
采样次数:0
P:(762, 12100),phi:(762,)
样本2的第0次迭代
采样次数:0
P:(762, 12100),phi:(762,)
样本0的第0次迭代
采样次数:0
P:(762, 12100),phi:(762,)
样本7的第0次迭代
采样次数:0
P:(762, 12100),phi:(762,)
样本5的第0次迭代
采样次数:0
P:(762, 12100),phi:(762,)
样本6的第0次迭代
采样次数:0
Traceback (most recent call last):
  File "/data/tyx/ODE/SUE/BOA_0_初步并行.py", line 167, in <module>
    dynamic_OD_estimation()
  File "/data/tyx/ODE/SUE/BOA_0_初步并行.py", line 147, in dynamic_OD_estimation
    results = Parallel(n_jobs=-1)(
              ^^^^^^^^^^^^^^^^^^^^
  File "/home/tyx/.conda/envs/Risk/lib/python3.12/site-packages/joblib/parallel.py", line 2007, in __call__
    return output if self.return_generator else list(output)
                                                ^^^^^^^^^^^^
  File "/home/tyx/.conda/envs/Risk/lib/python3.12/site-packages/joblib/parallel.py", line 1650, in _get_outputs
    yield from self._retrieve()
  File "/home/tyx/.conda/envs/Risk/lib/python3.12/site-packages/joblib/parallel.py", line 1754, in _retrieve
    self._raise_error_fast()
  File "/home/tyx/.conda/envs/Risk/lib/python3.12/site-packages/joblib/parallel.py", line 1789, in _raise_error_fast
    error_job.get_result(self.timeout)
  File "/home/tyx/.conda/envs/Risk/lib/python3.12/site-packages/joblib/parallel.py", line 745, in get_result
    return self._return_or_raise()
           ^^^^^^^^^^^^^^^^^^^^^^^
  File "/home/tyx/.conda/envs/Risk/lib/python3.12/site-packages/joblib/parallel.py", line 763, in _return_or_raise
    raise self._result
joblib.externals.loky.process_executor.TerminatedWorkerError: A worker process managed by the executor was unexpectedly terminated. This could be caused by a segmentation fault while calling the function or by an excessive memory usage causing the Operating System to kill the worker.

The exit codes of the workers are {SIGTERM(-15), SIGTERM(-15)}
