nohup: ignoring input

Processing sample 1/35
Sample 0 - Best Loss: 1047.6976
RMSE: 7.2755, MAE: 1.1331, MAPE: 0.8976

Processing sample 2/35
Sample 1 - Best Loss: 582.4734
RMSE: 7.8974, MAE: 1.1642, MAPE: 0.8938

Processing sample 3/35
Sample 2 - Best Loss: 856.3538
RMSE: 7.5261, MAE: 1.2142, MAPE: 0.9348

Processing sample 4/35
Sample 3 - Best Loss: 457.0240
RMSE: 8.1210, MAE: 1.3170, MAPE: 0.9127

Processing sample 5/35
Sample 4 - Best Loss: 378.5176
RMSE: 9.5631, MAE: 1.6035, MAPE: 0.8720

Processing sample 6/35
Sample 5 - Best Loss: 590.1582
RMSE: 13.2850, MAE: 1.8049, MAPE: 0.8732

Processing sample 7/35
Sample 6 - Best Loss: 387.3263
RMSE: 18.3090, MAE: 1.9896, MAPE: 0.8853

Processing sample 8/35
Sample 7 - Best Loss: 720.7148
RMSE: 13.9750, MAE: 1.6280, MAPE: 0.8867

Processing sample 9/35
Sample 8 - Best Loss: 2059.2122
RMSE: 8.6283, MAE: 1.1209, MAPE: 0.8972

Processing sample 10/35
Sample 9 - Best Loss: 891.3776
RMSE: 12.5570, MAE: 1.0960, MAPE: 0.9199

Processing sample 11/35
Sample 10 - Best Loss: 13425.5859
RMSE: 4.8431, MAE: 0.7459, MAPE: 1.2873

Processing sample 12/35
Sample 11 - Best Loss: 37606.8008
RMSE: 8.4062, MAE: 0.9926, MAPE: 3.0140

Processing sample 13/35
Sample 12 - Best Loss: 66933.8594
RMSE: 8.5848, MAE: 1.0033, MAPE: 3.2760

Processing sample 14/35
Sample 13 - Best Loss: 130529.7969
RMSE: 9.0296, MAE: 1.0453, MAPE: 3.3402

Processing sample 15/35
Sample 14 - Best Loss: 183807.1094
RMSE: 9.1478, MAE: 1.0680, MAPE: 4.3543

Processing sample 16/35
Sample 15 - Best Loss: 86383.1016
RMSE: 9.0383, MAE: 1.0435, MAPE: 3.5599

Processing sample 17/35
Sample 16 - Best Loss: 28531.9219
RMSE: 8.4006, MAE: 0.9876, MAPE: 2.6728

Processing sample 18/35
Sample 17 - Best Loss: 8084.8950
RMSE: 6.5785, MAE: 0.9068, MAPE: 1.2740

Processing sample 19/35
Sample 18 - Best Loss: 1103.5315
RMSE: 10.8018, MAE: 1.6176, MAPE: 0.9570

Processing sample 20/35
Sample 19 - Best Loss: 483.9071
RMSE: 17.1471, MAE: 2.9364, MAPE: 0.9177

Processing sample 21/35
Sample 20 - Best Loss: 329.5922
RMSE: 9.6884, MAE: 1.7810, MAPE: 0.9017

Processing sample 22/35
Sample 21 - Best Loss: 389.7959
RMSE: 8.3610, MAE: 1.4784, MAPE: 0.9202

Processing sample 23/35
Sample 22 - Best Loss: 381.7455
RMSE: 11.8416, MAE: 1.7051, MAPE: 0.9060

Processing sample 24/35
Sample 23 - Best Loss: 465.6184
RMSE: 10.6246, MAE: 1.5328, MAPE: 0.9045

Processing sample 25/35
Sample 24 - Best Loss: 1438.0101
RMSE: 8.1608, MAE: 1.2035, MAPE: 0.9914

Processing sample 26/35
Sample 25 - Best Loss: 1617.4475
RMSE: 7.2185, MAE: 1.1861, MAPE: 0.9759

Processing sample 27/35
Sample 26 - Best Loss: 541.5924
RMSE: 6.9580, MAE: 1.1988, MAPE: 0.9928

Processing sample 28/35
Sample 27 - Best Loss: 381.6440
RMSE: 7.1837, MAE: 1.2633, MAPE: 0.9371

Processing sample 29/35
Sample 28 - Best Loss: 435.3022
RMSE: 10.1027, MAE: 1.8289, MAPE: 0.9066

Processing sample 30/35
Sample 29 - Best Loss: 370.7995
RMSE: 12.0668, MAE: 2.1359, MAPE: 0.8791

Processing sample 31/35
Sample 30 - Best Loss: 393.9977
RMSE: 14.5446, MAE: 1.9759, MAPE: 0.8828

Processing sample 32/35
Sample 31 - Best Loss: 550.8247
RMSE: 14.0080, MAE: 1.6340, MAPE: 0.8595

Processing sample 33/35
Sample 32 - Best Loss: 500.4079
RMSE: 6.3841, MAE: 0.9616, MAPE: 0.8476

Processing sample 34/35
Sample 33 - Best Loss: 3.4894
RMSE: 0.9999, MAE: 0.1037, MAPE: 0.0994

Processing sample 35/35
Sample 34 - Best Loss: 2853.2727
RMSE: 5.0633, MAE: 0.7265, MAPE: 1.3333

Final Results:
Average Test Loss: 16443.2832
RMSE: 9.4949, MAE: 1.3467, MAPE: 1.3418
Total time: 192.63 minutes
