nohup: ignoring input
--------------------------
Processing sample 1/35
真实OD:19785.00
初始ODE:13698.00
   Iteration     Total nfev        Cost      Cost reduction    Step norm     Optimality   
       0              1         6.1702e+02                                    2.17e+02    
       1              2         2.9203e+02      3.25e+02       3.97e+02       9.91e+01    
The maximum number of function evaluations is exceeded.
Function evaluations 2, initial cost 6.1702e+02, final cost 2.9203e+02, first-order optimality 9.91e+01.
最终ODE:17248.08
真实OD:19785.00
样本0的RMSE:6.0169 MAE:0.9352 MAPE:0.8355
--------------------------
Processing sample 2/35
真实OD:19961.00
初始ODE:13698.00
   Iteration     Total nfev        Cost      Cost reduction    Step norm     Optimality   
       0              1         3.4997e+02                                    7.05e+01    
       1              2         1.4473e+02      2.05e+02       4.12e+02       3.86e+01    
The maximum number of function evaluations is exceeded.
Function evaluations 2, initial cost 3.4997e+02, final cost 1.4473e+02, first-order optimality 3.86e+01.
最终ODE:17363.07
真实OD:19961.00
样本1的RMSE:6.6682 MAE:0.9716 MAPE:0.8273
--------------------------
Processing sample 3/35
真实OD:20047.00
初始ODE:13698.00
   Iteration     Total nfev        Cost      Cost reduction    Step norm     Optimality   
       0              1         5.5815e+02                                    2.07e+02    
       1              2         2.9936e+02      2.59e+02       4.24e+02       1.14e+02    
The maximum number of function evaluations is exceeded.
Function evaluations 2, initial cost 5.5815e+02, final cost 2.9936e+02, first-order optimality 1.14e+02.
最终ODE:17729.54
真实OD:20047.00
样本2的RMSE:6.0703 MAE:1.0138 MAPE:0.8577
--------------------------
Processing sample 4/35
真实OD:22427.00
初始ODE:13698.00
   Iteration     Total nfev        Cost      Cost reduction    Step norm     Optimality   
       0              1         2.4128e+02                                    2.17e+01    
       1              2         7.5930e+01      1.65e+02       4.61e+02       7.54e+00    
The maximum number of function evaluations is exceeded.
Function evaluations 2, initial cost 2.4128e+02, final cost 7.5930e+01, first-order optimality 7.54e+00.
最终ODE:18812.05
真实OD:22427.00
样本3的RMSE:6.7159 MAE:1.0948 MAPE:0.8672
--------------------------
Processing sample 5/35
真实OD:28656.00
初始ODE:13698.00
   Iteration     Total nfev        Cost      Cost reduction    Step norm     Optimality   
       0              1         2.0074e+02                                    1.48e+01    
       1              2         4.2413e+01      1.58e+02       7.38e+02       8.17e+00    
The maximum number of function evaluations is exceeded.
Function evaluations 2, initial cost 2.0074e+02, final cost 4.2413e+01, first-order optimality 8.17e+00.
最终ODE:23817.06
真实OD:28656.00
样本4的RMSE:6.0528 MAE:1.1821 MAPE:0.8387
--------------------------
Processing sample 6/35
真实OD:31481.00
初始ODE:13698.00
   Iteration     Total nfev        Cost      Cost reduction    Step norm     Optimality   
       0              1         3.3443e+02                                    7.55e+01    
       1              2         1.1818e+02      2.16e+02       1.06e+03       3.22e+01    
The maximum number of function evaluations is exceeded.
Function evaluations 2, initial cost 3.3443e+02, final cost 1.1818e+02, first-order optimality 3.22e+01.
最终ODE:25986.84
真实OD:31481.00
样本5的RMSE:7.1939 MAE:1.3228 MAPE:0.8537
--------------------------
Processing sample 7/35
真实OD:33395.00
初始ODE:13698.00
   Iteration     Total nfev        Cost      Cost reduction    Step norm     Optimality   
       0              1         2.0352e+02                                    1.45e+01    
       1              2         3.4045e+01      1.69e+02       1.64e+03       9.06e+00    
The maximum number of function evaluations is exceeded.
Function evaluations 2, initial cost 2.0352e+02, final cost 3.4045e+01, first-order optimality 9.06e+00.
最终ODE:28234.79
真实OD:33395.00
样本6的RMSE:8.5028 MAE:1.2490 MAPE:0.8507
--------------------------
Processing sample 8/35
真实OD:28654.00
初始ODE:13698.00
   Iteration     Total nfev        Cost      Cost reduction    Step norm     Optimality   
       0              1         4.5987e+02                                    5.94e+01    
       1              2         2.4313e+02      2.17e+02       1.22e+03       5.18e+01    
The maximum number of function evaluations is exceeded.
Function evaluations 2, initial cost 4.5987e+02, final cost 2.4313e+02, first-order optimality 5.18e+01.
最终ODE:24940.54
真实OD:28654.00
样本7的RMSE:7.0019 MAE:1.1075 MAPE:0.8734
--------------------------
Processing sample 9/35
真实OD:21309.00
初始ODE:13698.00
   Iteration     Total nfev        Cost      Cost reduction    Step norm     Optimality   
       0              1         1.3072e+03                                    4.06e+02    
       1              2         6.5042e+02      6.57e+02       6.71e+02       2.81e+02    
The maximum number of function evaluations is exceeded.
Function evaluations 2, initial cost 1.3072e+03, final cost 6.5042e+02, first-order optimality 2.81e+02.
最终ODE:19356.04
真实OD:21309.00
样本8的RMSE:4.9524 MAE:0.8540 MAPE:0.8480
--------------------------
Processing sample 10/35
真实OD:18897.00
初始ODE:13698.00
   Iteration     Total nfev        Cost      Cost reduction    Step norm     Optimality   
       0              1         5.1064e+02                                    8.32e+01    
       1              2         2.4703e+02      2.64e+02       1.44e+03       3.73e+01    
The maximum number of function evaluations is exceeded.
Function evaluations 2, initial cost 5.1064e+02, final cost 2.4703e+02, first-order optimality 3.73e+01.
最终ODE:18857.64
真实OD:18897.00
样本9的RMSE:3.8152 MAE:0.7874 MAPE:0.8504
--------------------------
Processing sample 11/35
真实OD:9150.00
初始ODE:13698.00
   Iteration     Total nfev        Cost      Cost reduction    Step norm     Optimality   
       0              1         8.7499e+03                                    7.91e+02    
       1              2         4.4033e+03      4.35e+03       2.59e+02       5.59e+02    
The maximum number of function evaluations is exceeded.
Function evaluations 2, initial cost 8.7499e+03, final cost 4.4033e+03, first-order optimality 5.59e+02.
最终ODE:11554.79
真实OD:9150.00
样本10的RMSE:3.9231 MAE:0.6948 MAPE:1.1392
--------------------------
Processing sample 12/35
真实OD:2492.00
初始ODE:13698.00
   Iteration     Total nfev        Cost      Cost reduction    Step norm     Optimality   
       0              1         1.9537e+04                                    3.90e+02    
       1              2         6.0368e+03      1.35e+04       5.09e+02       1.66e+02    
The maximum number of function evaluations is exceeded.
Function evaluations 2, initial cost 1.9537e+04, final cost 6.0368e+03, first-order optimality 1.66e+02.
最终ODE:6821.14
真实OD:2492.00
样本11的RMSE:6.3934 MAE:0.8596 MAPE:2.1269
--------------------------
Processing sample 13/35
真实OD:2302.00
初始ODE:13698.00
   Iteration     Total nfev        Cost      Cost reduction    Step norm     Optimality   
       0              1         3.5569e+04                                    6.06e+02    
       1              2         1.2492e+04      2.31e+04       5.33e+02       4.67e+02    
The maximum number of function evaluations is exceeded.
Function evaluations 2, initial cost 3.5569e+04, final cost 1.2492e+04, first-order optimality 4.67e+02.
最终ODE:6587.63
真实OD:2302.00
样本12的RMSE:6.3878 MAE:0.8707 MAPE:2.3810
--------------------------
Processing sample 14/35
真实OD:1841.00
初始ODE:13698.00
   Iteration     Total nfev        Cost      Cost reduction    Step norm     Optimality   
       0              1         7.0900e+04                                    1.64e+03    
       1              2         2.1225e+04      4.97e+04       5.22e+02       7.83e+02    
The maximum number of function evaluations is exceeded.
Function evaluations 2, initial cost 7.0900e+04, final cost 2.1225e+04, first-order optimality 7.83e+02.
最终ODE:6570.17
真实OD:1841.00
样本13的RMSE:6.9218 MAE:0.9199 MAPE:2.5258
--------------------------
Processing sample 15/35
真实OD:1618.00
初始ODE:13698.00
   Iteration     Total nfev        Cost      Cost reduction    Step norm     Optimality   
       0              1         9.8797e+04                                    1.65e+03    
       1              2         3.1748e+04      6.70e+04       5.32e+02       5.71e+02    
The maximum number of function evaluations is exceeded.
Function evaluations 2, initial cost 9.8797e+04, final cost 3.1748e+04, first-order optimality 5.71e+02.
最终ODE:6211.08
真实OD:1618.00
样本14的RMSE:7.1953 MAE:0.9839 MAPE:3.3632
--------------------------
Processing sample 16/35
真实OD:1985.00
初始ODE:13698.00
   Iteration     Total nfev        Cost      Cost reduction    Step norm     Optimality   
       0              1         4.5917e+04                                    9.91e+02    
       1              2         1.3812e+04      3.21e+04       5.20e+02       5.64e+02    
The maximum number of function evaluations is exceeded.
Function evaluations 2, initial cost 4.5917e+04, final cost 1.3812e+04, first-order optimality 5.64e+02.
最终ODE:6502.77
真实OD:1985.00
样本15的RMSE:7.2550 MAE:0.9655 MAPE:2.8433
--------------------------
Processing sample 17/35
真实OD:3421.00
初始ODE:13698.00
   Iteration     Total nfev        Cost      Cost reduction    Step norm     Optimality   
       0              1         1.5383e+04                                    3.27e+02    
       1              2         5.2373e+03      1.01e+04       4.93e+02       2.93e+02    
The maximum number of function evaluations is exceeded.
Function evaluations 2, initial cost 1.5383e+04, final cost 5.2373e+03, first-order optimality 2.93e+02.
最终ODE:7768.03
真实OD:3421.00
样本16的RMSE:6.8476 MAE:0.9067 MAPE:2.1451
--------------------------
Processing sample 18/35
真实OD:9416.00
初始ODE:13698.00
   Iteration     Total nfev        Cost      Cost reduction    Step norm     Optimality   
       0              1         4.5034e+03                                    7.14e+02    
       1              2         2.0633e+03      2.44e+03       3.77e+02       1.68e+02    
The maximum number of function evaluations is exceeded.
Function evaluations 2, initial cost 4.5034e+03, final cost 2.0633e+03, first-order optimality 1.68e+02.
最终ODE:11854.75
真实OD:9416.00
样本17的RMSE:5.4643 MAE:0.8236 MAPE:1.1573
--------------------------
Processing sample 19/35
真实OD:25568.00
初始ODE:13698.00
   Iteration     Total nfev        Cost      Cost reduction    Step norm     Optimality   
       0              1         6.8502e+02                                    1.80e+02    
       1              2         2.8342e+02      4.02e+02       1.03e+03       6.26e+01    
The maximum number of function evaluations is exceeded.
Function evaluations 2, initial cost 6.8502e+02, final cost 2.8342e+02, first-order optimality 6.26e+01.
最终ODE:22846.39
真实OD:25568.00
样本18的RMSE:5.0210 MAE:1.1699 MAPE:0.8766
--------------------------
Processing sample 20/35
真实OD:44913.00
初始ODE:13698.00
   Iteration     Total nfev        Cost      Cost reduction    Step norm     Optimality   
       0              1         2.7076e+02                                    7.76e+01    
       1              2         6.9971e+01      2.01e+02       1.55e+03       7.21e+01    
The maximum number of function evaluations is exceeded.
Function evaluations 2, initial cost 2.7076e+02, final cost 6.9971e+01, first-order optimality 7.21e+01.
最终ODE:34272.29
真实OD:44913.00
样本19的RMSE:8.4745 MAE:2.0435 MAPE:0.9300
--------------------------
Processing sample 21/35
真实OD:29255.00
初始ODE:13698.00
   Iteration     Total nfev        Cost      Cost reduction    Step norm     Optimality   
       0              1         1.6727e+02                                    4.40e+00    
       1              2         9.7193e+00      1.58e+02       7.35e+02       9.51e-01    
The maximum number of function evaluations is exceeded.
Function evaluations 2, initial cost 1.6727e+02, final cost 9.7193e+00, first-order optimality 9.51e-01.
最终ODE:24479.21
真实OD:29255.00
样本20的RMSE:6.2994 MAE:1.3524 MAPE:0.8910
--------------------------
Processing sample 22/35
真实OD:24231.00
初始ODE:13698.00
   Iteration     Total nfev        Cost      Cost reduction    Step norm     Optimality   
       0              1         2.0782e+02                                    1.06e+01    
       1              2         4.2932e+01      1.65e+02       6.28e+02       7.02e+00    
The maximum number of function evaluations is exceeded.
Function evaluations 2, initial cost 2.0782e+02, final cost 4.2932e+01, first-order optimality 7.02e+00.
最终ODE:21580.66
真实OD:24231.00
样本21的RMSE:5.4007 MAE:1.1516 MAPE:0.9189
--------------------------
Processing sample 23/35
真实OD:27079.00
初始ODE:13698.00
   Iteration     Total nfev        Cost      Cost reduction    Step norm     Optimality   
       0              1         2.1485e+02                                    5.16e+01    
       1              2         4.1650e+01      1.73e+02       9.16e+02       1.94e+01    
The maximum number of function evaluations is exceeded.
Function evaluations 2, initial cost 2.1485e+02, final cost 4.1650e+01, first-order optimality 1.94e+01.
最终ODE:24273.27
真实OD:27079.00
样本22的RMSE:7.1557 MAE:1.2541 MAPE:0.9383
--------------------------
Processing sample 24/35
真实OD:25007.00
初始ODE:13698.00
   Iteration     Total nfev        Cost      Cost reduction    Step norm     Optimality   
       0              1         2.6690e+02                                    6.57e+01    
       1              2         9.4649e+01      1.72e+02       7.40e+02       3.67e+01    
The maximum number of function evaluations is exceeded.
Function evaluations 2, initial cost 2.6690e+02, final cost 9.4649e+01, first-order optimality 3.67e+01.
最终ODE:22275.84
真实OD:25007.00
样本23的RMSE:7.2605 MAE:1.1770 MAPE:0.9067
--------------------------
Processing sample 25/35
真实OD:18157.00
初始ODE:13698.00
   Iteration     Total nfev        Cost      Cost reduction    Step norm     Optimality   
       0              1         8.9403e+02                                    2.08e+02    
       1              2         4.3404e+02      4.60e+02       6.07e+02       7.74e+01    
The maximum number of function evaluations is exceeded.
Function evaluations 2, initial cost 8.9403e+02, final cost 4.3404e+02, first-order optimality 7.74e+01.
最终ODE:17257.53
真实OD:18157.00
样本24的RMSE:5.5137 MAE:0.9705 MAPE:0.9540
--------------------------
Processing sample 26/35
真实OD:18329.00
初始ODE:13698.00
   Iteration     Total nfev        Cost      Cost reduction    Step norm     Optimality   
       0              1         1.0574e+03                                    1.58e+02    
       1              2         6.7861e+02      3.79e+02       5.48e+02       1.18e+02    
The maximum number of function evaluations is exceeded.
Function evaluations 2, initial cost 1.0574e+03, final cost 6.7861e+02, first-order optimality 1.18e+02.
最终ODE:17592.44
真实OD:18329.00
样本25的RMSE:4.5767 MAE:0.9427 MAPE:0.8992
--------------------------
Processing sample 27/35
真实OD:18431.00
初始ODE:13698.00
   Iteration     Total nfev        Cost      Cost reduction    Step norm     Optimality   
       0              1         3.0560e+02                                    8.40e+01    
       1              2         1.1808e+02      1.88e+02       4.97e+02       3.60e+01    
The maximum number of function evaluations is exceeded.
Function evaluations 2, initial cost 3.0560e+02, final cost 1.1808e+02, first-order optimality 3.60e+01.
最终ODE:17561.48
真实OD:18431.00
样本26的RMSE:4.7201 MAE:0.9912 MAPE:0.9443
--------------------------
Processing sample 28/35
真实OD:20671.00
初始ODE:13698.00
   Iteration     Total nfev        Cost      Cost reduction    Step norm     Optimality   
       0              1         2.0494e+02                                    1.92e+01    
       1              2         4.5038e+01      1.60e+02       5.40e+02       1.52e+01    
The maximum number of function evaluations is exceeded.
Function evaluations 2, initial cost 2.0494e+02, final cost 4.5038e+01, first-order optimality 1.52e+01.
最终ODE:19116.44
真实OD:20671.00
样本27的RMSE:4.7244 MAE:0.9860 MAPE:0.8584
--------------------------
Processing sample 29/35
真实OD:30579.00
初始ODE:13698.00
   Iteration     Total nfev        Cost      Cost reduction    Step norm     Optimality   
       0              1         2.3864e+02                                    5.16e+01    
       1              2         4.5146e+01      1.93e+02       8.34e+02       1.92e+01    
The maximum number of function evaluations is exceeded.
Function evaluations 2, initial cost 2.3864e+02, final cost 4.5146e+01, first-order optimality 1.92e+01.
最终ODE:25835.68
真实OD:30579.00
样本28的RMSE:5.6886 MAE:1.2739 MAPE:0.8629
--------------------------
Processing sample 30/35
真实OD:36246.00
初始ODE:13698.00
   Iteration     Total nfev        Cost      Cost reduction    Step norm     Optimality   
       0              1         1.8953e+02                                    1.26e+01    
       1              2         1.4827e+01      1.75e+02       9.66e+02       2.69e+00    
The maximum number of function evaluations is exceeded.
Function evaluations 2, initial cost 1.8953e+02, final cost 1.4827e+01, first-order optimality 2.69e+00.
最终ODE:28351.74
真实OD:36246.00
样本29的RMSE:7.4652 MAE:1.4973 MAPE:0.8350
--------------------------
Processing sample 31/35
真实OD:33496.00
初始ODE:13698.00
   Iteration     Total nfev        Cost      Cost reduction    Step norm     Optimality   
       0              1         2.0676e+02                                    1.64e+01    
       1              2         3.3023e+01      1.74e+02       1.34e+03       8.94e+00    
The maximum number of function evaluations is exceeded.
Function evaluations 2, initial cost 2.0676e+02, final cost 3.3023e+01, first-order optimality 8.94e+00.
最终ODE:27909.75
真实OD:33496.00
样本30的RMSE:7.0090 MAE:1.2683 MAPE:0.8355
--------------------------
Processing sample 32/35
真实OD:29281.00
初始ODE:13698.00
   Iteration     Total nfev        Cost      Cost reduction    Step norm     Optimality   
       0              1         2.9826e+02                                    3.41e+01    
       1              2         8.6951e+01      2.11e+02       1.35e+03       2.10e+01    
The maximum number of function evaluations is exceeded.
Function evaluations 2, initial cost 2.9826e+02, final cost 8.6951e+01, first-order optimality 2.10e+01.
最终ODE:25341.66
真实OD:29281.00
样本31的RMSE:5.8338 MAE:1.0372 MAPE:0.8457
--------------------------
Processing sample 33/35
真实OD:20831.00
初始ODE:13698.00
   Iteration     Total nfev        Cost      Cost reduction    Step norm     Optimality   
       0              1         2.9995e+02                                    9.55e+01    
       1              2         1.4836e+02      1.52e+02       5.39e+02       1.38e+01    
The maximum number of function evaluations is exceeded.
Function evaluations 2, initial cost 2.9995e+02, final cost 1.4836e+02, first-order optimality 1.38e+01.
最终ODE:18246.83
真实OD:20831.00
样本32的RMSE:3.4294 MAE:0.7557 MAPE:0.7770
--------------------------
Processing sample 34/35
真实OD:13698.00
初始ODE:13698.00
   Iteration     Total nfev        Cost      Cost reduction    Step norm     Optimality   
       0              1         1.6711e-13                                    4.38e-07    
`gtol` termination condition is satisfied.
Function evaluations 1, initial cost 1.6711e-13, final cost 1.6711e-13, first-order optimality 4.38e-07.
最终ODE:13698.00
真实OD:13698.00
样本33的RMSE:0.0000 MAE:0.0000 MAPE:0.0000
--------------------------
Processing sample 35/35
真实OD:8075.00
初始ODE:13698.00
   Iteration     Total nfev        Cost      Cost reduction    Step norm     Optimality   
       0              1         1.5990e+03                                    1.28e+02    
       1              2         6.5018e+02      9.49e+02       3.11e+02       8.67e+01    
The maximum number of function evaluations is exceeded.
Function evaluations 2, initial cost 1.5990e+03, final cost 6.5018e+02, first-order optimality 8.67e+01.
最终ODE:10641.11
真实OD:8075.00
样本34的RMSE:3.8494 MAE:0.6177 MAPE:1.0671
所有预测OD矩阵已保存至: ../可视化/测试集TNN/Pred_SSM_LS.npy
保存的数组形状: (35, 110, 110)
Total Test loss: 5826.3895, RMSE: 5.8800, MAE: 1.0295, MAPE: 1.1579
耗时2230.54min
Traceback (most recent call last):
  File "/data/tyx/ODE/SUE/SSM-LS-并行优化1.py", line 244, in <module>
    log_file.write(
TypeError: TextIOWrapper.write() takes no keyword arguments
