nohup: ignoring input
进入样本6的初始点采样
进入样本12的初始点采样
进入样本1的初始点采样
进入样本7的初始点采样
进入样本2的初始点采样
进入样本13的初始点采样
进入样本0的初始点采样
进入样本11的初始点采样
进入样本15的初始点采样
进入样本14的初始点采样
进入样本9的初始点采样
进入样本10的初始点采样
进入样本4的初始点采样
进入样本18的初始点采样
进入样本22的初始点采样
进入样本3的初始点采样
进入样本5的初始点采样
进入样本8的初始点采样
进入样本27的初始点采样
进入样本24的初始点采样
进入样本25的初始点采样
进入样本17的初始点采样
进入样本30的初始点采样
进入样本23的初始点采样
进入样本29的初始点采样
进入样本19的初始点采样
进入样本33的初始点采样
进入样本34的初始点采样
进入样本20的初始点采样
进入样本31的初始点采样
进入样本28的初始点采样
进入样本32的初始点采样
进入样本26的初始点采样
进入样本16的初始点采样
进入样本21的初始点采样
P:(762, 3500),phi:(762,)
样本21的第0次迭代
采样次数:0
P:(762, 3500),phi:(762,)
样本9的第0次迭代
采样次数:0
P:(762, 3500),phi:(762,)
样本27的第0次迭代
采样次数:0
P:(762, 3500),phi:(762,)
P:(762, 3500),phi:(762,)
样本0的第0次迭代
采样次数:0
样本31的第0次迭代
采样次数:0
P:(762, 3500),phi:(762,)
样本16的第0次迭代
P:(762, 3500),phi:(762,)
采样次数:0
样本10的第0次迭代
采样次数:0
P:(762, 3500),phi:(762,)
P:(762, 3500),phi:(762,)
样本14的第0次迭代
样本15的第0次迭代
采样次数:0
采样次数:0
P:(762, 3500),phi:(762,)
样本30的第0次迭代
采样次数:0
P:(762, 3500),phi:(762,)
P:(762, 3500),phi:(762,)
样本1的第0次迭代
样本26的第0次迭代
采样次数:0
P:(762, 3500),phi:(762,)
P:(762, 3500),phi:(762,)
样本7的第0次迭代
样本12的第0次迭代
P:(762, 3500),phi:(762,)
采样次数:0
采样次数:0
采样次数:0
样本32的第0次迭代
P:(762, 3500),phi:(762,)
样本2的第0次迭代
采样次数:0
采样次数:0
P:(762, 3500),phi:(762,)
P:(762, 3500),phi:(762,)
样本11的第0次迭代
P:(762, 3500),phi:(762,)
样本8的第0次迭代
样本29的第0次迭代
P:(762, 3500),phi:(762,)
P:(762, 3500),phi:(762,)
样本22的第0次迭代
样本20的第0次迭代
采样次数:0
采样次数:0
采样次数:0
采样次数:0
P:(762, 3500),phi:(762,)
P:(762, 3500),phi:(762,)
样本5的第0次迭代
采样次数:0
采样次数:0
样本13的第0次迭代
采样次数:0
P:(762, 3500),phi:(762,)
样本18的第0次迭代
P:(762, 3500),phi:(762,)
样本4的第0次迭代
采样次数:0
采样次数:0
P:(762, 3500),phi:(762,)
样本23的第0次迭代
P:(762, 3500),phi:(762,)
P:(762, 3500),phi:(762,)
采样次数:0
P:(762, 3500),phi:(762,)
样本6的第0次迭代
采样次数:0
样本3的第0次迭代
样本28的第0次迭代
P:(762, 3500),phi:(762,)
样本33的第0次迭代
采样次数:0
采样次数:0
采样次数:0
P:(762, 3500),phi:(762,)
P:(762, 3500),phi:(762,)
样本19的第0次迭代
样本17的第0次迭代
采样次数:0
采样次数:0
P:(762, 3500),phi:(762,)
样本25的第0次迭代
采样次数:0
P:(762, 3500),phi:(762,)
样本24的第0次迭代
采样次数:0
P:(762, 3500),phi:(762,)
样本34的第0次迭代
采样次数:0
采样次数:1
采样次数:1
P:(762, 3500),phi:(762,)
样本16的第1次迭代
采样次数:0
采样次数:1
采样次数:1
采样次数:1
采样次数:1
采样次数:1
采样次数:1
采样次数:1
采样次数:1
采样次数:1
采样次数:1
采样次数:1
采样次数:1
采样次数:1
P:(762, 3500),phi:(762,)
样本14的第1次迭代
采样次数:0
采样次数:1
样本4的第0次迭代采样失败
样本4 Epoch：0 RMSE:10.46143988593749 MAE:2.7123315776230736 MAPE:1.5175151311699082
采样次数:1
P:(762, 3500),phi:(762,)
样本13的第1次迭代
采样次数:0
采样次数:1
采样次数:1
P:(762, 3500),phi:(762,)
样本14的第2次迭代
采样次数:0
采样次数:1
样本1的第0次迭代采样失败
样本1 Epoch：0 RMSE:11.641669744858023 MAE:2.915038900767018 MAPE:2.15514324135296
P:(762, 3500),phi:(762,)
样本16的第2次迭代
采样次数:0
采样次数:1
P:(762, 3500),phi:(762,)
样本15的第1次迭代
采样次数:0
样本27的第0次迭代采样失败
样本27 Epoch：0 RMSE:15.274512263664695 MAE:2.9559702333151368 MAPE:1.9871779346431933
采样次数:1
样本30的第0次迭代采样失败
样本30 Epoch：0 RMSE:12.454176212056069 MAE:2.8649367355956836 MAPE:1.6113819775055434
P:(762, 3500),phi:(762,)
样本11的第1次迭代
采样次数:0
样本3的第0次迭代采样失败
样本3 Epoch：0 RMSE:18.275756316583458 MAE:3.0153163231810653 MAPE:2.0511097809685865
采样次数:1
采样次数:1
样本24的第0次迭代采样失败
样本24 Epoch：0 RMSE:17.099578610048567 MAE:2.9980412311735396 MAPE:2.198654155264078
样本17的第0次迭代采样失败
样本17 Epoch：0 RMSE:13.731862020813148 MAE:3.2435222166027886 MAPE:3.088583439891968
样本33的第0次迭代采样失败
样本33 Epoch：0 RMSE:20.146098014142087 MAE:3.402297191414203 MAPE:3.368436634949184
样本25的第0次迭代采样失败
样本25 Epoch：0 RMSE:16.080464655355726 MAE:3.03387917728822 MAPE:2.5946636710130333
样本26的第0次迭代采样失败
样本26 Epoch：0 RMSE:15.586304709904857 MAE:3.123915887276084 MAPE:1.8249203138719499
P:(762, 3500),phi:(762,)
样本12的第1次迭代
采样次数:0
采样次数:1
P:(762, 3500),phi:(762,)
样本14的第3次迭代
采样次数:0
P:(762, 3500),phi:(762,)
样本16的第3次迭代
采样次数:0
采样次数:1
P:(762, 3500),phi:(762,)
样本13的第2次迭代
采样次数:0
采样次数:1
样本20的第0次迭代采样失败
样本20 Epoch：0 RMSE:9.582373937050551 MAE:2.6157770534513194 MAPE:1.2937093860660696
采样次数:1
采样次数:1
P:(762, 3500),phi:(762,)
样本15的第2次迭代
采样次数:0
样本21的第0次迭代采样失败
样本21 Epoch：0 RMSE:13.712104427004304 MAE:2.8075001130142567 MAPE:2.098143201069812
P:(762, 3500),phi:(762,)
样本11的第2次迭代
采样次数:0
采样次数:1
采样次数:1
P:(762, 3500),phi:(762,)
样本14的第4次迭代
采样次数:0
P:(762, 3500),phi:(762,)
样本12的第2次迭代
采样次数:0
采样次数:1
P:(762, 3500),phi:(762,)
样本13的第3次迭代
采样次数:0
采样次数:1
样本2的第0次迭代采样失败
样本2 Epoch：0 RMSE:9.451990407006335 MAE:2.8990127933682217 MAPE:2.4351498203540975
P:(762, 3500),phi:(762,)
样本16的第4次迭代
采样次数:0
采样次数:1
采样次数:1
采样次数:1
采样次数:1
采样次数:1
P:(762, 3500),phi:(762,)
样本11的第3次迭代
采样次数:0
采样次数:1
P:(762, 3500),phi:(762,)
样本15的第3次迭代
采样次数:0
P:(762, 3500),phi:(762,)
样本12的第3次迭代
采样次数:0
P:(762, 3500),phi:(762,)
样本11的第4次迭代
采样次数:0
P:(762, 3500),phi:(762,)
样本14的第5次迭代
采样次数:0
P:(762, 3500),phi:(762,)
样本13的第4次迭代
采样次数:0
采样次数:1
P:(762, 3500),phi:(762,)
样本16的第5次迭代
采样次数:0
采样次数:1
采样次数:1
样本10的第0次迭代采样失败
样本10 Epoch：0 RMSE:11.039168880435957 MAE:3.0278728810828066 MAPE:4.624831349268221
采样次数:1
采样次数:1
采样次数:1
P:(762, 3500),phi:(762,)
样本15的第4次迭代
采样次数:0
P:(762, 3500),phi:(762,)
样本11的第5次迭代
采样次数:0
P:(762, 3500),phi:(762,)
样本12的第4次迭代
采样次数:0
P:(762, 3500),phi:(762,)
样本13的第5次迭代
采样次数:0
P:(762, 3500),phi:(762,)
样本14的第6次迭代
采样次数:0
采样次数:1
P:(762, 3500),phi:(762,)
样本16的第6次迭代
采样次数:0
采样次数:1
采样次数:1
采样次数:1
样本23的第0次迭代采样失败
样本23 Epoch：0 RMSE:9.867774497754683 MAE:2.7084949473656525 MAPE:1.9074310971298583
采样次数:1
采样次数:1
P:(762, 3500),phi:(762,)
样本11的第6次迭代
采样次数:0
P:(762, 3500),phi:(762,)
样本13的第6次迭代
采样次数:0
P:(762, 3500),phi:(762,)
样本12的第5次迭代
采样次数:0
采样次数:1
P:(762, 3500),phi:(762,)
样本15的第5次迭代
采样次数:0
P:(762, 3500),phi:(762,)
样本16的第7次迭代
采样次数:0
P:(762, 3500),phi:(762,)
样本14的第7次迭代
采样次数:0
采样次数:1
采样次数:1
采样次数:1
P:(762, 3500),phi:(762,)
样本11的第7次迭代
采样次数:0
采样次数:1
P:(762, 3500),phi:(762,)
样本12的第6次迭代
采样次数:0
采样次数:1
P:(762, 3500),phi:(762,)
样本16的第8次迭代
采样次数:0
采样次数:1
P:(762, 3500),phi:(762,)
样本13的第7次迭代
采样次数:0
采样次数:1
P:(762, 3500),phi:(762,)
样本11的第8次迭代
采样次数:0
P:(762, 3500),phi:(762,)
样本15的第6次迭代
采样次数:0
采样次数:1
P:(762, 3500),phi:(762,)
样本14的第8次迭代
采样次数:0
P:(762, 3500),phi:(762,)
样本16的第9次迭代
采样次数:0
采样次数:1
P:(762, 3500),phi:(762,)
样本12的第7次迭代
采样次数:0
采样次数:1
采样次数:1
采样次数:1
采样次数:1
P:(762, 3500),phi:(762,)
样本13的第8次迭代
采样次数:0
P:(762, 3500),phi:(762,)
样本14的第9次迭代
采样次数:0
采样次数:1
P:(762, 3500),phi:(762,)
样本15的第7次迭代
采样次数:0
P:(762, 3500),phi:(762,)
样本11的第9次迭代
采样次数:0
P:(762, 3500),phi:(762,)
样本16的第10次迭代
采样次数:0
采样次数:1
采样次数:1
采样次数:1
采样次数:1
采样次数:1
采样次数:1
P:(762, 3500),phi:(762,)
样本12的第8次迭代
采样次数:0
P:(762, 3500),phi:(762,)
样本15的第8次迭代
采样次数:0
P:(762, 3500),phi:(762,)
样本11的第10次迭代
采样次数:0
P:(762, 3500),phi:(762,)
样本13的第9次迭代
采样次数:0
P:(762, 3500),phi:(762,)
样本14的第10次迭代
采样次数:0
P:(762, 3500),phi:(762,)
样本16的第11次迭代
采样次数:0
采样次数:1
采样次数:1
采样次数:1
采样次数:1
采样次数:1
P:(762, 3500),phi:(762,)
样本12的第9次迭代
采样次数:0
P:(762, 3500),phi:(762,)
样本11的第11次迭代
采样次数:0
采样次数:1
采样次数:1
P:(762, 3500),phi:(762,)
样本15的第9次迭代
采样次数:0
P:(762, 3500),phi:(762,)
样本16的第12次迭代
采样次数:0
P:(762, 3500),phi:(762,)
样本14的第11次迭代
采样次数:0
采样次数:1
采样次数:1
采样次数:1
P:(762, 3500),phi:(762,)
样本13的第10次迭代
采样次数:0
采样次数:1
P:(762, 3500),phi:(762,)
样本16的第13次迭代
采样次数:0
P:(762, 3500),phi:(762,)
样本11的第12次迭代
采样次数:0
P:(762, 3500),phi:(762,)
样本15的第10次迭代
采样次数:0
采样次数:1
采样次数:1
采样次数:1
P:(762, 3500),phi:(762,)
样本12的第10次迭代
采样次数:0
采样次数:1
P:(762, 3500),phi:(762,)
样本14的第12次迭代
采样次数:0
采样次数:1
P:(762, 3500),phi:(762,)
样本16的第14次迭代
采样次数:0
P:(762, 3500),phi:(762,)
样本13的第11次迭代
采样次数:0
P:(762, 3500),phi:(762,)
样本15的第11次迭代
采样次数:0
采样次数:1
P:(762, 3500),phi:(762,)
样本11的第13次迭代
采样次数:0
P:(762, 3500),phi:(762,)
样本16的第15次迭代
采样次数:0
采样次数:1
采样次数:1
采样次数:1
采样次数:1
采样次数:1
采样次数:1
P:(762, 3500),phi:(762,)
样本11的第14次迭代
采样次数:0
采样次数:1
采样次数:1
P:(762, 3500),phi:(762,)
样本14的第13次迭代
采样次数:0
P:(762, 3500),phi:(762,)
样本12的第11次迭代
采样次数:0
采样次数:1
P:(762, 3500),phi:(762,)
样本13的第12次迭代
采样次数:0
采样次数:1
P:(762, 3500),phi:(762,)
样本15的第12次迭代
采样次数:0
P:(762, 3500),phi:(762,)
样本16的第16次迭代
采样次数:0
采样次数:1
采样次数:1
P:(762, 3500),phi:(762,)
样本11的第15次迭代
采样次数:0
采样次数:1
采样次数:1
P:(762, 3500),phi:(762,)
样本14的第14次迭代
采样次数:0
P:(762, 3500),phi:(762,)
样本12的第12次迭代
采样次数:0
采样次数:1
P:(762, 3500),phi:(762,)
样本15的第13次迭代
采样次数:0
采样次数:1
采样次数:1
P:(762, 3500),phi:(762,)
样本13的第13次迭代
采样次数:0
采样次数:1
采样次数:1
采样次数:1
P:(762, 3500),phi:(762,)
样本11的第16次迭代
采样次数:0
P:(762, 3500),phi:(762,)
样本16的第17次迭代
采样次数:0
采样次数:1
采样次数:1
采样次数:1
采样次数:1
P:(762, 3500),phi:(762,)
样本14的第15次迭代
采样次数:0
采样次数:1
采样次数:1
P:(762, 3500),phi:(762,)
样本15的第14次迭代
采样次数:0
P:(762, 3500),phi:(762,)
样本12的第13次迭代
采样次数:0
P:(762, 3500),phi:(762,)
样本13的第14次迭代
采样次数:0
采样次数:1
P:(762, 3500),phi:(762,)
样本16的第18次迭代
采样次数:0
采样次数:1
P:(762, 3500),phi:(762,)
样本11的第17次迭代
采样次数:0
采样次数:1
采样次数:1
采样次数:1
采样次数:1
采样次数:1
采样次数:1
P:(762, 3500),phi:(762,)
样本16的第19次迭代
采样次数:0
P:(762, 3500),phi:(762,)
样本12的第14次迭代
采样次数:0
P:(762, 3500),phi:(762,)
样本15的第15次迭代
采样次数:0
采样次数:1
P:(762, 3500),phi:(762,)
样本14的第16次迭代
采样次数:0
P:(762, 3500),phi:(762,)
样本13的第15次迭代
采样次数:0
采样次数:1
采样次数:1
P:(762, 3500),phi:(762,)
样本11的第18次迭代
采样次数:0
采样次数:1
采样次数:1
采样次数:1
P:(762, 3500),phi:(762,)
样本16的第20次迭代
采样次数:0
采样次数:1
P:(762, 3500),phi:(762,)
样本12的第15次迭代
采样次数:0
样本34的第0次迭代采样失败
样本34 Epoch：0 RMSE:16.361958520031767 MAE:3.4004029096105732 MAPE:4.809327936207095
采样次数:1
P:(762, 3500),phi:(762,)
样本13的第16次迭代
采样次数:0
P:(762, 3500),phi:(762,)
样本14的第17次迭代
采样次数:0
采样次数:1
P:(762, 3500),phi:(762,)
样本15的第16次迭代
采样次数:0
P:(762, 3500),phi:(762,)
样本11的第19次迭代
采样次数:0
P:(762, 3500),phi:(762,)
样本16的第21次迭代
采样次数:0
采样次数:1
P:(762, 3500),phi:(762,)
样本12的第16次迭代
采样次数:0
采样次数:1
采样次数:1
采样次数:1
采样次数:1
P:(762, 3500),phi:(762,)
样本13的第17次迭代
采样次数:0
采样次数:1
P:(762, 3500),phi:(762,)
样本11的第20次迭代
采样次数:0
P:(762, 3500),phi:(762,)
样本14的第18次迭代
采样次数:0
P:(762, 3500),phi:(762,)
样本16的第22次迭代
采样次数:0
P:(762, 3500),phi:(762,)
样本15的第17次迭代
采样次数:0
采样次数:1
P:(762, 3500),phi:(762,)
样本12的第17次迭代
采样次数:0
采样次数:1
采样次数:1
采样次数:1
采样次数:1
P:(762, 3500),phi:(762,)
样本13的第18次迭代
采样次数:0
采样次数:1
P:(762, 3500),phi:(762,)
样本11的第21次迭代
采样次数:0
采样次数:1
P:(762, 3500),phi:(762,)
样本16的第23次迭代
采样次数:0
P:(762, 3500),phi:(762,)
样本15的第18次迭代
采样次数:0
P:(762, 3500),phi:(762,)
样本14的第19次迭代
采样次数:0
采样次数:1
P:(762, 3500),phi:(762,)
样本12的第18次迭代
采样次数:0
采样次数:1
采样次数:1
采样次数:1
采样次数:1
采样次数:1
P:(762, 3500),phi:(762,)
样本11的第22次迭代
采样次数:0
采样次数:1
P:(762, 3500),phi:(762,)
样本16的第24次迭代
采样次数:0
P:(762, 3500),phi:(762,)
样本12的第19次迭代
采样次数:0
P:(762, 3500),phi:(762,)
样本13的第19次迭代
采样次数:0
采样次数:1
P:(762, 3500),phi:(762,)
样本14的第20次迭代
采样次数:0
采样次数:1
采样次数:1
样本8的第0次迭代采样失败
样本8 Epoch：0 RMSE:9.85398824772103 MAE:2.8302449641268703 MAPE:2.1622930363571746
采样次数:1
采样次数:1
P:(762, 3500),phi:(762,)
样本15的第19次迭代
采样次数:0
P:(762, 3500),phi:(762,)
样本16的第25次迭代
采样次数:0
P:(762, 3500),phi:(762,)
样本13的第20次迭代
采样次数:0
P:(762, 3500),phi:(762,)
样本11的第23次迭代
采样次数:0
P:(762, 3500),phi:(762,)
样本12的第20次迭代
采样次数:0
采样次数:1
采样次数:1
采样次数:1
采样次数:1
采样次数:1
P:(762, 3500),phi:(762,)
样本14的第21次迭代
采样次数:0
P:(762, 3500),phi:(762,)
样本16的第26次迭代
采样次数:0
P:(762, 3500),phi:(762,)
样本15的第20次迭代
采样次数:0
P:(762, 3500),phi:(762,)
样本12的第21次迭代
采样次数:0
P:(762, 3500),phi:(762,)
样本13的第21次迭代
采样次数:0
采样次数:1
P:(762, 3500),phi:(762,)
样本11的第24次迭代
采样次数:0
采样次数:1
采样次数:1
P:(762, 3500),phi:(762,)
样本16的第27次迭代
采样次数:0
采样次数:1
采样次数:1
采样次数:1
P:(762, 3500),phi:(762,)
样本14的第22次迭代
采样次数:0
采样次数:1
P:(762, 3500),phi:(762,)
样本11的第25次迭代
采样次数:0
P:(762, 3500),phi:(762,)
样本12的第22次迭代
采样次数:0
P:(762, 3500),phi:(762,)
样本13的第22次迭代
采样次数:0
P:(762, 3500),phi:(762,)
样本15的第21次迭代
采样次数:0
采样次数:1
采样次数:1
P:(762, 3500),phi:(762,)
样本16的第28次迭代
采样次数:0
采样次数:1
采样次数:1
P:(762, 3500),phi:(762,)
样本14的第23次迭代
采样次数:0
采样次数:1
采样次数:1
P:(762, 3500),phi:(762,)
样本11的第26次迭代
采样次数:0
采样次数:1
P:(762, 3500),phi:(762,)
样本12的第23次迭代
采样次数:0
P:(762, 3500),phi:(762,)
样本15的第22次迭代
采样次数:0
P:(762, 3500),phi:(762,)
样本13的第23次迭代
采样次数:0
采样次数:1
P:(762, 3500),phi:(762,)
样本16的第29次迭代
采样次数:0
P:(762, 3500),phi:(762,)
样本14的第24次迭代
采样次数:0
采样次数:1
采样次数:1
采样次数:1
采样次数:1
样本32的第0次迭代采样失败
样本32 Epoch：0 RMSE:17.269578739212093 MAE:3.1623713541660816 MAPE:2.70038883618444
P:(762, 3500),phi:(762,)
样本12的第24次迭代
采样次数:0
P:(762, 3500),phi:(762,)
样本11的第27次迭代
采样次数:0
P:(762, 3500),phi:(762,)
样本13的第24次迭代
采样次数:0
样本31的第0次迭代采样失败
样本31 Epoch：0 RMSE:16.010284314053468 MAE:2.9681841818338977 MAPE:2.2963426478663305
采样次数:1
P:(762, 3500),phi:(762,)
样本15的第23次迭代
采样次数:0
P:(762, 3500),phi:(762,)
样本16的第30次迭代
采样次数:0
采样次数:1
采样次数:1
采样次数:1
样本5的第0次迭代采样失败
样本5 Epoch：0 RMSE:15.770170340404103 MAE:2.937931217044292 MAPE:1.7429522795187222
P:(762, 3500),phi:(762,)
样本14的第25次迭代
采样次数:0
采样次数:1
P:(762, 3500),phi:(762,)
样本11的第28次迭代
采样次数:0
采样次数:1
样本9的第0次迭代采样失败
样本9 Epoch：0 RMSE:12.77547172123207 MAE:3.092759451921112 MAPE:2.778763920571362
P:(762, 3500),phi:(762,)
样本13的第25次迭代
采样次数:0
P:(762, 3500),phi:(762,)
样本12的第25次迭代
采样次数:0
P:(762, 3500),phi:(762,)
样本15的第24次迭代
采样次数:0
采样次数:1
采样次数:1
样本6的第0次迭代采样失败
样本6 Epoch：0 RMSE:13.801641346666274 MAE:2.9295750837609034 MAPE:2.062769444342941
采样次数:1
采样次数:1
P:(762, 3500),phi:(762,)
样本16的第31次迭代
采样次数:0
样本7的第0次迭代采样失败
样本7 Epoch：0 RMSE:15.320495774518601 MAE:3.0478879119127793 MAPE:2.023654959899672
P:(762, 3500),phi:(762,)
样本11的第29次迭代
采样次数:0
P:(762, 3500),phi:(762,)
样本14的第26次迭代
采样次数:0
样本29的第0次迭代采样失败
样本29 Epoch：0 RMSE:10.032983758639945 MAE:2.683223234157714 MAPE:1.4464486518126018
采样次数:1
P:(762, 3500),phi:(762,)
样本12的第26次迭代
采样次数:0
采样次数:1
P:(762, 3500),phi:(762,)
样本13的第26次迭代
采样次数:0
采样次数:1
P:(762, 3500),phi:(762,)
样本16的第32次迭代
采样次数:0
采样次数:1
采样次数:1
样本18的第0次迭代采样失败
样本18 Epoch：0 RMSE:10.351838514225115 MAE:2.5927825321860634 MAPE:1.47018703012166
P:(762, 3500),phi:(762,)
样本11的第30次迭代
采样次数:0
采样次数:1
P:(762, 3500),phi:(762,)
样本15的第25次迭代
采样次数:0
采样次数:1
P:(762, 3500),phi:(762,)
样本12的第27次迭代
采样次数:0
采样次数:1
P:(762, 3500),phi:(762,)
样本14的第27次迭代
采样次数:0
采样次数:1
P:(762, 3500),phi:(762,)
样本13的第27次迭代
采样次数:0
采样次数:1
P:(762, 3500),phi:(762,)
样本16的第33次迭代
采样次数:0
P:(762, 3500),phi:(762,)
样本15的第26次迭代
采样次数:0
采样次数:1
P:(762, 3500),phi:(762,)
样本11的第31次迭代
采样次数:0
采样次数:1
P:(762, 3500),phi:(762,)
样本12的第28次迭代
采样次数:0
样本0的第0次迭代采样失败
样本0 Epoch：0 RMSE:14.607811343356799 MAE:2.998083420456083 MAPE:2.360275768088289
采样次数:1
采样次数:1
P:(762, 3500),phi:(762,)
样本13的第28次迭代
采样次数:0
采样次数:1
P:(762, 3500),phi:(762,)
样本16的第34次迭代
采样次数:0
采样次数:1
样本28的第0次迭代采样失败
样本28 Epoch：0 RMSE:11.915867329846138 MAE:2.7466941468407473 MAPE:1.6094779076427153
P:(762, 3500),phi:(762,)
样本14的第28次迭代
采样次数:0
P:(762, 3500),phi:(762,)
样本15的第27次迭代
采样次数:0
采样次数:1
采样次数:1
P:(762, 3500),phi:(762,)
样本11的第32次迭代
采样次数:0
采样次数:1
采样次数:1
采样次数:1
P:(762, 3500),phi:(762,)
样本14的第29次迭代
采样次数:0
P:(762, 3500),phi:(762,)
样本12的第29次迭代
采样次数:0
P:(762, 3500),phi:(762,)
样本16的第35次迭代
采样次数:0
P:(762, 3500),phi:(762,)
样本15的第28次迭代
采样次数:0
P:(762, 3500),phi:(762,)
样本13的第29次迭代
采样次数:0
P:(762, 3500),phi:(762,)
样本11的第33次迭代
采样次数:0
采样次数:1
采样次数:1
采样次数:1
采样次数:1
采样次数:1
P:(762, 3500),phi:(762,)
样本16的第36次迭代
采样次数:0
采样次数:1
P:(762, 3500),phi:(762,)
样本12的第30次迭代
采样次数:0
P:(762, 3500),phi:(762,)
样本14的第30次迭代
采样次数:0
P:(762, 3500),phi:(762,)
样本11的第34次迭代
采样次数:0
P:(762, 3500),phi:(762,)
样本15的第29次迭代
采样次数:0
P:(762, 3500),phi:(762,)
样本13的第30次迭代
采样次数:0
采样次数:1
采样次数:1
采样次数:1
采样次数:1
采样次数:1
采样次数:1
P:(762, 3500),phi:(762,)
样本16的第37次迭代
采样次数:0
P:(762, 3500),phi:(762,)
样本12的第31次迭代
采样次数:0
P:(762, 3500),phi:(762,)
样本14的第31次迭代
采样次数:0
P:(762, 3500),phi:(762,)
样本15的第30次迭代
采样次数:0
采样次数:1
P:(762, 3500),phi:(762,)
样本11的第35次迭代
采样次数:0
采样次数:1
P:(762, 3500),phi:(762,)
样本13的第31次迭代
采样次数:0
采样次数:1
采样次数:1
P:(762, 3500),phi:(762,)
样本16的第38次迭代
采样次数:0
P:(762, 3500),phi:(762,)
样本12的第32次迭代
采样次数:0
采样次数:1
采样次数:1
P:(762, 3500),phi:(762,)
样本14的第32次迭代
采样次数:0
采样次数:1
P:(762, 3500),phi:(762,)
样本15的第31次迭代
采样次数:0
采样次数:1
P:(762, 3500),phi:(762,)
样本13的第32次迭代
采样次数:0
P:(762, 3500),phi:(762,)
样本11的第36次迭代
采样次数:0
采样次数:1
P:(762, 3500),phi:(762,)
样本12的第33次迭代
采样次数:0
采样次数:1
采样次数:1
P:(762, 3500),phi:(762,)
样本16的第39次迭代
采样次数:0
采样次数:1
采样次数:1
P:(762, 3500),phi:(762,)
样本15的第32次迭代
采样次数:0
P:(762, 3500),phi:(762,)
样本14的第33次迭代
采样次数:0
P:(762, 3500),phi:(762,)
样本12的第34次迭代
采样次数:0
P:(762, 3500),phi:(762,)
样本13的第33次迭代
采样次数:0
采样次数:1
采样次数:1
样本19的第0次迭代采样失败
样本19 Epoch：0 RMSE:10.830235940156024 MAE:2.6999849303249253 MAPE:1.10235119491127
采样次数:1
样本22的第0次迭代采样失败
样本22 Epoch：0 RMSE:10.077584938901799 MAE:2.760092969132371 MAPE:1.7373606464857807
P:(762, 3500),phi:(762,)
样本11的第37次迭代
采样次数:0
采样次数:1
采样次数:1
P:(762, 3500),phi:(762,)
样本16的第40次迭代
采样次数:0
P:(762, 3500),phi:(762,)
样本15的第33次迭代
采样次数:0
P:(762, 3500),phi:(762,)
样本12的第35次迭代
采样次数:0
P:(762, 3500),phi:(762,)
样本13的第34次迭代
采样次数:0
P:(762, 3500),phi:(762,)
样本14的第34次迭代
采样次数:0
采样次数:1
采样次数:1
采样次数:1
采样次数:1
采样次数:1
P:(762, 3500),phi:(762,)
样本16的第41次迭代
采样次数:0
P:(762, 3500),phi:(762,)
样本11的第38次迭代
采样次数:0
采样次数:1
采样次数:1
P:(762, 3500),phi:(762,)
样本12的第36次迭代
采样次数:0
P:(762, 3500),phi:(762,)
样本15的第34次迭代
采样次数:0
P:(762, 3500),phi:(762,)
样本13的第35次迭代
采样次数:0
P:(762, 3500),phi:(762,)
样本16的第42次迭代
采样次数:0
采样次数:1
采样次数:1
P:(762, 3500),phi:(762,)
样本14的第35次迭代
采样次数:0
采样次数:1
采样次数:1
P:(762, 3500),phi:(762,)
样本12的第37次迭代
采样次数:0
采样次数:1
P:(762, 3500),phi:(762,)
样本13的第36次迭代
采样次数:0
P:(762, 3500),phi:(762,)
样本11的第39次迭代
采样次数:0
采样次数:1
采样次数:1
P:(762, 3500),phi:(762,)
样本15的第35次迭代
采样次数:0
P:(762, 3500),phi:(762,)
样本16的第43次迭代
采样次数:0
采样次数:1
采样次数:1
P:(762, 3500),phi:(762,)
样本14的第36次迭代
采样次数:0
P:(762, 3500),phi:(762,)
样本12的第38次迭代
采样次数:0
采样次数:1
采样次数:1
P:(762, 3500),phi:(762,)
样本16的第44次迭代
采样次数:0
P:(762, 3500),phi:(762,)
样本13的第37次迭代
采样次数:0
采样次数:1
采样次数:1
P:(762, 3500),phi:(762,)
样本11的第40次迭代
采样次数:0
P:(762, 3500),phi:(762,)
样本15的第36次迭代
采样次数:0
采样次数:1
采样次数:1
P:(762, 3500),phi:(762,)
样本14的第37次迭代
采样次数:0
采样次数:1
采样次数:1
P:(762, 3500),phi:(762,)
样本12的第39次迭代
采样次数:0
P:(762, 3500),phi:(762,)
样本16的第45次迭代
采样次数:0
P:(762, 3500),phi:(762,)
样本13的第38次迭代
采样次数:0
P:(762, 3500),phi:(762,)
样本11的第41次迭代
采样次数:0
采样次数:1
采样次数:1
P:(762, 3500),phi:(762,)
样本15的第37次迭代
采样次数:0
采样次数:1
采样次数:1
P:(762, 3500),phi:(762,)
样本12的第40次迭代
采样次数:0
P:(762, 3500),phi:(762,)
样本14的第38次迭代
采样次数:0
采样次数:1
采样次数:1
P:(762, 3500),phi:(762,)
样本13的第39次迭代
采样次数:0
P:(762, 3500),phi:(762,)
样本16的第46次迭代
采样次数:0
采样次数:1
采样次数:1
P:(762, 3500),phi:(762,)
样本11的第42次迭代
采样次数:0
P:(762, 3500),phi:(762,)
样本15的第38次迭代
采样次数:0
采样次数:1
采样次数:1
P:(762, 3500),phi:(762,)
样本14的第39次迭代
采样次数:0
P:(762, 3500),phi:(762,)
样本12的第41次迭代
采样次数:0
采样次数:1
采样次数:1
P:(762, 3500),phi:(762,)
样本16的第47次迭代
采样次数:0
P:(762, 3500),phi:(762,)
样本13的第40次迭代
采样次数:0
采样次数:1
采样次数:1
采样次数:1
P:(762, 3500),phi:(762,)
样本11的第43次迭代
采样次数:0
P:(762, 3500),phi:(762,)
样本15的第39次迭代
采样次数:0
采样次数:1
P:(762, 3500),phi:(762,)
样本12的第42次迭代
采样次数:0
P:(762, 3500),phi:(762,)
样本13的第41次迭代
采样次数:0
采样次数:1
P:(762, 3500),phi:(762,)
样本14的第40次迭代
采样次数:0
P:(762, 3500),phi:(762,)
样本16的第48次迭代
采样次数:0
采样次数:1
采样次数:1
采样次数:1
采样次数:1
P:(762, 3500),phi:(762,)
样本11的第44次迭代
采样次数:0
采样次数:1
P:(762, 3500),phi:(762,)
样本13的第42次迭代
采样次数:0
P:(762, 3500),phi:(762,)
样本15的第40次迭代
采样次数:0
P:(762, 3500),phi:(762,)
样本14的第41次迭代
采样次数:0
P:(762, 3500),phi:(762,)
样本16的第49次迭代
采样次数:0
P:(762, 3500),phi:(762,)
样本12的第43次迭代
采样次数:0
采样次数:1
采样次数:1
采样次数:1
采样次数:1
采样次数:1
采样次数:1
P:(762, 3500),phi:(762,)
样本11的第45次迭代
采样次数:0
P:(762, 3500),phi:(762,)
样本13的第43次迭代
采样次数:0
P:(762, 3500),phi:(762,)
样本15的第41次迭代
采样次数:0
P:(762, 3500),phi:(762,)
样本14的第42次迭代
采样次数:0
P:(762, 3500),phi:(762,)
样本16的第50次迭代
采样次数:0
P:(762, 3500),phi:(762,)
样本12的第44次迭代
采样次数:0
采样次数:1
采样次数:1
采样次数:1
采样次数:1
P:(762, 3500),phi:(762,)
样本11的第46次迭代
采样次数:0
采样次数:1
P:(762, 3500),phi:(762,)
样本13的第44次迭代
采样次数:0
采样次数:1
P:(762, 3500),phi:(762,)
样本14的第43次迭代
采样次数:0
P:(762, 3500),phi:(762,)
样本15的第42次迭代
采样次数:0
P:(762, 3500),phi:(762,)
样本12的第45次迭代
采样次数:0
P:(762, 3500),phi:(762,)
样本16的第51次迭代
采样次数:0
采样次数:1
采样次数:1
采样次数:1
采样次数:1
采样次数:1
P:(762, 3500),phi:(762,)
样本13的第45次迭代
采样次数:0
采样次数:1
P:(762, 3500),phi:(762,)
样本12的第46次迭代
采样次数:0
P:(762, 3500),phi:(762,)
样本11的第47次迭代
采样次数:0
P:(762, 3500),phi:(762,)
样本15的第43次迭代
采样次数:0
P:(762, 3500),phi:(762,)
样本14的第44次迭代
采样次数:0
P:(762, 3500),phi:(762,)
样本16的第52次迭代
采样次数:0
采样次数:1
采样次数:1
采样次数:1
采样次数:1
采样次数:1
P:(762, 3500),phi:(762,)
样本12的第47次迭代
采样次数:0
P:(762, 3500),phi:(762,)
样本11的第48次迭代
采样次数:0
采样次数:1
P:(762, 3500),phi:(762,)
样本13的第46次迭代
采样次数:0
P:(762, 3500),phi:(762,)
样本16的第53次迭代
采样次数:0
P:(762, 3500),phi:(762,)
样本15的第44次迭代
采样次数:0
采样次数:1
采样次数:1
P:(762, 3500),phi:(762,)
样本14的第45次迭代
采样次数:0
采样次数:1
采样次数:1
P:(762, 3500),phi:(762,)
样本12的第48次迭代
采样次数:0
采样次数:1
采样次数:1
P:(762, 3500),phi:(762,)
样本16的第54次迭代
采样次数:0
P:(762, 3500),phi:(762,)
样本11的第49次迭代
采样次数:0
P:(762, 3500),phi:(762,)
样本13的第47次迭代
采样次数:0
采样次数:1
P:(762, 3500),phi:(762,)
样本15的第45次迭代
采样次数:0
采样次数:1
P:(762, 3500),phi:(762,)
样本14的第46次迭代
采样次数:0
采样次数:1
采样次数:1
P:(762, 3500),phi:(762,)
样本12的第49次迭代
采样次数:0
采样次数:1
P:(762, 3500),phi:(762,)
样本16的第55次迭代
采样次数:0
采样次数:1
P:(762, 3500),phi:(762,)
样本11的第50次迭代
采样次数:0
采样次数:1
P:(762, 3500),phi:(762,)
样本13的第48次迭代
采样次数:0
采样次数:1
P:(762, 3500),phi:(762,)
样本14的第47次迭代
采样次数:0
P:(762, 3500),phi:(762,)
样本15的第46次迭代
采样次数:0
P:(762, 3500),phi:(762,)
样本16的第56次迭代
采样次数:0
P:(762, 3500),phi:(762,)
样本12的第50次迭代
采样次数:0
采样次数:1
采样次数:1
采样次数:1
采样次数:1
采样次数:1
采样次数:1
P:(762, 3500),phi:(762,)
样本11的第51次迭代
采样次数:0
P:(762, 3500),phi:(762,)
样本15的第47次迭代
采样次数:0
P:(762, 3500),phi:(762,)
样本13的第49次迭代
采样次数:0
P:(762, 3500),phi:(762,)
样本16的第57次迭代
采样次数:0
P:(762, 3500),phi:(762,)
样本14的第48次迭代
采样次数:0
P:(762, 3500),phi:(762,)
样本12的第51次迭代
采样次数:0
采样次数:1
采样次数:1
采样次数:1
采样次数:1
采样次数:1
采样次数:1
P:(762, 3500),phi:(762,)
样本11的第52次迭代
采样次数:0
P:(762, 3500),phi:(762,)
样本15的第48次迭代
采样次数:0
P:(762, 3500),phi:(762,)
样本13的第50次迭代
采样次数:0
P:(762, 3500),phi:(762,)
样本16的第58次迭代
采样次数:0
采样次数:1
采样次数:1
P:(762, 3500),phi:(762,)
样本12的第52次迭代
采样次数:0
P:(762, 3500),phi:(762,)
样本14的第49次迭代
采样次数:0
采样次数:1
采样次数:1
P:(762, 3500),phi:(762,)
样本11的第53次迭代
采样次数:0
采样次数:1
P:(762, 3500),phi:(762,)
样本13的第51次迭代
采样次数:0
采样次数:1
P:(762, 3500),phi:(762,)
样本15的第49次迭代
采样次数:0
P:(762, 3500),phi:(762,)
样本16的第59次迭代
采样次数:0
采样次数:1
采样次数:1
采样次数:1
P:(762, 3500),phi:(762,)
样本14的第50次迭代
采样次数:0
采样次数:1
P:(762, 3500),phi:(762,)
样本12的第53次迭代
采样次数:0
P:(762, 3500),phi:(762,)
样本11的第54次迭代
采样次数:0
采样次数:1
P:(762, 3500),phi:(762,)
样本15的第50次迭代
采样次数:0
P:(762, 3500),phi:(762,)
样本16的第60次迭代
采样次数:0
P:(762, 3500),phi:(762,)
样本13的第52次迭代
采样次数:0
采样次数:1
采样次数:1
P:(762, 3500),phi:(762,)
样本14的第51次迭代
采样次数:0
采样次数:1
采样次数:1
采样次数:1
P:(762, 3500),phi:(762,)
样本15的第51次迭代
采样次数:0
P:(762, 3500),phi:(762,)
样本12的第54次迭代
采样次数:0
采样次数:1
P:(762, 3500),phi:(762,)
样本11的第55次迭代
采样次数:0
P:(762, 3500),phi:(762,)
样本13的第53次迭代
采样次数:0
P:(762, 3500),phi:(762,)
样本14的第52次迭代
采样次数:0
采样次数:1
P:(762, 3500),phi:(762,)
样本16的第61次迭代
采样次数:0
采样次数:1
采样次数:1
采样次数:1
采样次数:1
P:(762, 3500),phi:(762,)
样本13的第54次迭代
采样次数:0
P:(762, 3500),phi:(762,)
样本15的第52次迭代
采样次数:0
采样次数:1
P:(762, 3500),phi:(762,)
样本11的第56次迭代
采样次数:0
P:(762, 3500),phi:(762,)
样本12的第55次迭代
采样次数:0
采样次数:1
采样次数:1
P:(762, 3500),phi:(762,)
样本16的第62次迭代
采样次数:0
P:(762, 3500),phi:(762,)
样本14的第53次迭代
采样次数:0
采样次数:1
采样次数:1
P:(762, 3500),phi:(762,)
样本13的第55次迭代
采样次数:0
采样次数:1
采样次数:1
P:(762, 3500),phi:(762,)
样本15的第53次迭代
采样次数:0
P:(762, 3500),phi:(762,)
样本11的第57次迭代
采样次数:0
P:(762, 3500),phi:(762,)
样本12的第56次迭代
采样次数:0
采样次数:1
P:(762, 3500),phi:(762,)
样本16的第63次迭代
采样次数:0
采样次数:1
P:(762, 3500),phi:(762,)
样本14的第54次迭代
采样次数:0
采样次数:1
采样次数:1
P:(762, 3500),phi:(762,)
样本13的第56次迭代
采样次数:0
采样次数:1
P:(762, 3500),phi:(762,)
样本15的第54次迭代
采样次数:0
P:(762, 3500),phi:(762,)
样本11的第58次迭代
采样次数:0
采样次数:1
P:(762, 3500),phi:(762,)
样本12的第57次迭代
采样次数:0
采样次数:1
P:(762, 3500),phi:(762,)
样本16的第64次迭代
采样次数:0
采样次数:1
P:(762, 3500),phi:(762,)
样本14的第55次迭代
采样次数:0
采样次数:1
采样次数:1
P:(762, 3500),phi:(762,)
样本13的第57次迭代
采样次数:0
P:(762, 3500),phi:(762,)
样本15的第55次迭代
采样次数:0
采样次数:1
采样次数:1
P:(762, 3500),phi:(762,)
样本12的第58次迭代
采样次数:0
P:(762, 3500),phi:(762,)
样本11的第59次迭代
采样次数:0
采样次数:1
采样次数:1
采样次数:1
采样次数:1
P:(762, 3500),phi:(762,)
样本16的第65次迭代
采样次数:0
P:(762, 3500),phi:(762,)
样本14的第56次迭代
采样次数:0
P:(762, 3500),phi:(762,)
样本13的第58次迭代
采样次数:0
P:(762, 3500),phi:(762,)
样本15的第56次迭代
采样次数:0
P:(762, 3500),phi:(762,)
样本12的第59次迭代
采样次数:0
采样次数:1
P:(762, 3500),phi:(762,)
样本11的第60次迭代
采样次数:0
采样次数:1
采样次数:1
采样次数:1
P:(762, 3500),phi:(762,)
样本16的第66次迭代
采样次数:0
采样次数:1
P:(762, 3500),phi:(762,)
样本14的第57次迭代
采样次数:0
采样次数:1
采样次数:1
P:(762, 3500),phi:(762,)
样本15的第57次迭代
采样次数:0
P:(762, 3500),phi:(762,)
样本13的第59次迭代
采样次数:0
采样次数:1
P:(762, 3500),phi:(762,)
样本11的第61次迭代
采样次数:0
P:(762, 3500),phi:(762,)
样本12的第60次迭代
采样次数:0
P:(762, 3500),phi:(762,)
样本14的第58次迭代
采样次数:0
采样次数:1
P:(762, 3500),phi:(762,)
样本16的第67次迭代
采样次数:0
采样次数:1
采样次数:1
采样次数:1
采样次数:1
P:(762, 3500),phi:(762,)
样本13的第60次迭代
采样次数:0
采样次数:1
P:(762, 3500),phi:(762,)
样本11的第62次迭代
采样次数:0
P:(762, 3500),phi:(762,)
样本15的第58次迭代
采样次数:0
P:(762, 3500),phi:(762,)
样本12的第61次迭代
采样次数:0
P:(762, 3500),phi:(762,)
样本14的第59次迭代
采样次数:0
采样次数:1
P:(762, 3500),phi:(762,)
样本16的第68次迭代
采样次数:0
采样次数:1
采样次数:1
P:(762, 3500),phi:(762,)
样本11的第63次迭代
采样次数:0
采样次数:1
P:(762, 3500),phi:(762,)
样本13的第61次迭代
采样次数:0
采样次数:1
采样次数:1
P:(762, 3500),phi:(762,)
样本15的第59次迭代
采样次数:0
采样次数:1
P:(762, 3500),phi:(762,)
样本12的第62次迭代
采样次数:0
采样次数:1
P:(762, 3500),phi:(762,)
样本14的第60次迭代
采样次数:0
P:(762, 3500),phi:(762,)
样本16的第69次迭代
采样次数:0
采样次数:1
P:(762, 3500),phi:(762,)
样本11的第64次迭代
采样次数:0
采样次数:1
P:(762, 3500),phi:(762,)
样本13的第62次迭代
采样次数:0
采样次数:1
采样次数:1
采样次数:1
P:(762, 3500),phi:(762,)
样本12的第63次迭代
采样次数:0
P:(762, 3500),phi:(762,)
样本14的第61次迭代
采样次数:0
P:(762, 3500),phi:(762,)
样本15的第60次迭代
采样次数:0
P:(762, 3500),phi:(762,)
样本16的第70次迭代
采样次数:0
采样次数:1
P:(762, 3500),phi:(762,)
样本11的第65次迭代
采样次数:0
采样次数:1
采样次数:1
采样次数:1
采样次数:1
P:(762, 3500),phi:(762,)
样本13的第63次迭代
采样次数:0
P:(762, 3500),phi:(762,)
样本15的第61次迭代
采样次数:0
采样次数:1
P:(762, 3500),phi:(762,)
样本14的第62次迭代
采样次数:0
P:(762, 3500),phi:(762,)
样本12的第64次迭代
采样次数:0
P:(762, 3500),phi:(762,)
样本16的第71次迭代
采样次数:0
采样次数:1
P:(762, 3500),phi:(762,)
样本11的第66次迭代
采样次数:0
采样次数:1
采样次数:1
采样次数:1
采样次数:1
P:(762, 3500),phi:(762,)
样本13的第64次迭代
采样次数:0
P:(762, 3500),phi:(762,)
样本15的第62次迭代
采样次数:0
采样次数:1
P:(762, 3500),phi:(762,)
样本14的第63次迭代
采样次数:0
P:(762, 3500),phi:(762,)
样本12的第65次迭代
采样次数:0
采样次数:1
P:(762, 3500),phi:(762,)
样本11的第67次迭代
采样次数:0
P:(762, 3500),phi:(762,)
样本16的第72次迭代
采样次数:0
采样次数:1
采样次数:1
采样次数:1
P:(762, 3500),phi:(762,)
样本13的第65次迭代
采样次数:0
采样次数:1
P:(762, 3500),phi:(762,)
样本14的第64次迭代
采样次数:0
采样次数:1
P:(762, 3500),phi:(762,)
样本15的第63次迭代
采样次数:0
P:(762, 3500),phi:(762,)
样本16的第73次迭代
采样次数:0
P:(762, 3500),phi:(762,)
样本12的第66次迭代
采样次数:0
采样次数:1
采样次数:1
P:(762, 3500),phi:(762,)
样本11的第68次迭代
采样次数:0
采样次数:1
采样次数:1
采样次数:1
P:(762, 3500),phi:(762,)
样本16的第74次迭代
采样次数:0
P:(762, 3500),phi:(762,)
样本13的第66次迭代
采样次数:0
采样次数:1
P:(762, 3500),phi:(762,)
样本14的第65次迭代
采样次数:0
P:(762, 3500),phi:(762,)
样本15的第64次迭代
采样次数:0
采样次数:1
P:(762, 3500),phi:(762,)
样本12的第67次迭代
采样次数:0
采样次数:1
P:(762, 3500),phi:(762,)
样本11的第69次迭代
采样次数:0
采样次数:1
采样次数:1
采样次数:1
P:(762, 3500),phi:(762,)
样本16的第75次迭代
采样次数:0
P:(762, 3500),phi:(762,)
样本13的第67次迭代
采样次数:0
P:(762, 3500),phi:(762,)
样本14的第66次迭代
采样次数:0
采样次数:1
P:(762, 3500),phi:(762,)
样本15的第65次迭代
采样次数:0
P:(762, 3500),phi:(762,)
样本12的第68次迭代
采样次数:0
采样次数:1
采样次数:1
P:(762, 3500),phi:(762,)
样本16的第76次迭代
采样次数:0
采样次数:1
采样次数:1
P:(762, 3500),phi:(762,)
样本11的第70次迭代
采样次数:0
P:(762, 3500),phi:(762,)
样本14的第67次迭代
采样次数:0
采样次数:1
采样次数:1
P:(762, 3500),phi:(762,)
样本15的第66次迭代
采样次数:0
P:(762, 3500),phi:(762,)
样本13的第68次迭代
采样次数:0
采样次数:1
采样次数:1
采样次数:1
P:(762, 3500),phi:(762,)
样本16的第77次迭代
采样次数:0
采样次数:1
P:(762, 3500),phi:(762,)
样本12的第69次迭代
采样次数:0
P:(762, 3500),phi:(762,)
样本15的第67次迭代
采样次数:0
采样次数:1
P:(762, 3500),phi:(762,)
样本14的第68次迭代
采样次数:0
P:(762, 3500),phi:(762,)
样本11的第71次迭代
采样次数:0
P:(762, 3500),phi:(762,)
样本13的第69次迭代
采样次数:0
采样次数:1
采样次数:1
采样次数:1
P:(762, 3500),phi:(762,)
样本16的第78次迭代
采样次数:0
P:(762, 3500),phi:(762,)
样本15的第68次迭代
采样次数:0
采样次数:1
采样次数:1
P:(762, 3500),phi:(762,)
样本12的第70次迭代
采样次数:0
采样次数:1
P:(762, 3500),phi:(762,)
样本14的第69次迭代
采样次数:0
P:(762, 3500),phi:(762,)
样本11的第72次迭代
采样次数:0
采样次数:1
P:(762, 3500),phi:(762,)
样本13的第70次迭代
采样次数:0
采样次数:1
P:(762, 3500),phi:(762,)
样本16的第79次迭代
采样次数:0
采样次数:1
采样次数:1
P:(762, 3500),phi:(762,)
样本15的第69次迭代
采样次数:0
采样次数:1
P:(762, 3500),phi:(762,)
样本12的第71次迭代
采样次数:0
采样次数:1
P:(762, 3500),phi:(762,)
样本13的第71次迭代
采样次数:0
P:(762, 3500),phi:(762,)
样本14的第70次迭代
采样次数:0
采样次数:1
P:(762, 3500),phi:(762,)
样本11的第73次迭代
采样次数:0
P:(762, 3500),phi:(762,)
样本16的第80次迭代
采样次数:0
采样次数:1
采样次数:1
P:(762, 3500),phi:(762,)
样本15的第70次迭代
采样次数:0
采样次数:1
采样次数:1
采样次数:1
P:(762, 3500),phi:(762,)
样本12的第72次迭代
采样次数:0
P:(762, 3500),phi:(762,)
样本13的第72次迭代
采样次数:0
采样次数:1
P:(762, 3500),phi:(762,)
样本16的第81次迭代
采样次数:0
P:(762, 3500),phi:(762,)
样本14的第71次迭代
采样次数:0
P:(762, 3500),phi:(762,)
样本11的第74次迭代
采样次数:0
采样次数:1
P:(762, 3500),phi:(762,)
样本15的第71次迭代
采样次数:0
采样次数:1
采样次数:1
采样次数:1
采样次数:1
P:(762, 3500),phi:(762,)
样本12的第73次迭代
采样次数:0
P:(762, 3500),phi:(762,)
样本16的第82次迭代
采样次数:0
采样次数:1
P:(762, 3500),phi:(762,)
样本11的第75次迭代
采样次数:0
P:(762, 3500),phi:(762,)
样本14的第72次迭代
采样次数:0
P:(762, 3500),phi:(762,)
样本13的第73次迭代
采样次数:0
采样次数:1
P:(762, 3500),phi:(762,)
样本15的第72次迭代
采样次数:0
采样次数:1
采样次数:1
采样次数:1
采样次数:1
P:(762, 3500),phi:(762,)
样本16的第83次迭代
采样次数:0
采样次数:1
P:(762, 3500),phi:(762,)
样本11的第76次迭代
采样次数:0
P:(762, 3500),phi:(762,)
样本13的第74次迭代
采样次数:0
采样次数:1
P:(762, 3500),phi:(762,)
样本14的第73次迭代
采样次数:0
P:(762, 3500),phi:(762,)
样本12的第74次迭代
采样次数:0
采样次数:1
P:(762, 3500),phi:(762,)
样本15的第73次迭代
采样次数:0
采样次数:1
采样次数:1
采样次数:1
P:(762, 3500),phi:(762,)
样本16的第84次迭代
采样次数:0
P:(762, 3500),phi:(762,)
样本14的第74次迭代
采样次数:0
P:(762, 3500),phi:(762,)
样本13的第75次迭代
采样次数:0
采样次数:1
P:(762, 3500),phi:(762,)
样本11的第77次迭代
采样次数:0
P:(762, 3500),phi:(762,)
样本12的第75次迭代
采样次数:0
采样次数:1
采样次数:1
P:(762, 3500),phi:(762,)
样本16的第85次迭代
采样次数:0
P:(762, 3500),phi:(762,)
样本15的第74次迭代
采样次数:0
采样次数:1
采样次数:1
采样次数:1
P:(762, 3500),phi:(762,)
样本14的第75次迭代
采样次数:0
采样次数:1
P:(762, 3500),phi:(762,)
样本13的第76次迭代
采样次数:0
采样次数:1
采样次数:1
P:(762, 3500),phi:(762,)
样本12的第76次迭代
采样次数:0
P:(762, 3500),phi:(762,)
样本11的第78次迭代
采样次数:0
P:(762, 3500),phi:(762,)
样本16的第86次迭代
采样次数:0
采样次数:1
采样次数:1
P:(762, 3500),phi:(762,)
样本15的第75次迭代
采样次数:0
P:(762, 3500),phi:(762,)
样本14的第76次迭代
采样次数:0
采样次数:1
P:(762, 3500),phi:(762,)
样本13的第77次迭代
采样次数:0
P:(762, 3500),phi:(762,)
样本12的第77次迭代
采样次数:0
采样次数:1
采样次数:1
P:(762, 3500),phi:(762,)
样本11的第79次迭代
采样次数:0
采样次数:1
采样次数:1
P:(762, 3500),phi:(762,)
样本16的第87次迭代
采样次数:0
P:(762, 3500),phi:(762,)
样本15的第76次迭代
采样次数:0
采样次数:1
采样次数:1
P:(762, 3500),phi:(762,)
样本14的第77次迭代
采样次数:0
P:(762, 3500),phi:(762,)
样本13的第78次迭代
采样次数:0
采样次数:1
采样次数:1
采样次数:1
P:(762, 3500),phi:(762,)
样本11的第80次迭代
采样次数:0
P:(762, 3500),phi:(762,)
样本15的第77次迭代
采样次数:0
P:(762, 3500),phi:(762,)
样本12的第78次迭代
采样次数:0
采样次数:1
P:(762, 3500),phi:(762,)
样本16的第88次迭代
采样次数:0
采样次数:1
P:(762, 3500),phi:(762,)
样本14的第78次迭代
采样次数:0
采样次数:1
采样次数:1
采样次数:1
P:(762, 3500),phi:(762,)
样本13的第79次迭代
采样次数:0
P:(762, 3500),phi:(762,)
样本11的第81次迭代
采样次数:0
P:(762, 3500),phi:(762,)
样本15的第78次迭代
采样次数:0
采样次数:1
P:(762, 3500),phi:(762,)
样本12的第79次迭代
采样次数:0
P:(762, 3500),phi:(762,)
样本16的第89次迭代
采样次数:0
采样次数:1
采样次数:1
P:(762, 3500),phi:(762,)
样本14的第79次迭代
采样次数:0
采样次数:1
采样次数:1
采样次数:1
P:(762, 3500),phi:(762,)
样本11的第82次迭代
采样次数:0
P:(762, 3500),phi:(762,)
样本13的第80次迭代
采样次数:0
P:(762, 3500),phi:(762,)
样本15的第79次迭代
采样次数:0
采样次数:1
采样次数:1
P:(762, 3500),phi:(762,)
样本16的第90次迭代
采样次数:0
P:(762, 3500),phi:(762,)
样本12的第80次迭代
采样次数:0
采样次数:1
P:(762, 3500),phi:(762,)
样本14的第80次迭代
采样次数:0
P:(762, 3500),phi:(762,)
样本11的第83次迭代
采样次数:0
采样次数:1
采样次数:1
采样次数:1
P:(762, 3500),phi:(762,)
样本15的第80次迭代
采样次数:0
采样次数:1
采样次数:1
P:(762, 3500),phi:(762,)
样本16的第91次迭代
采样次数:0
P:(762, 3500),phi:(762,)
样本12的第81次迭代
采样次数:0
采样次数:1
P:(762, 3500),phi:(762,)
样本13的第81次迭代
采样次数:0
P:(762, 3500),phi:(762,)
样本14的第81次迭代
采样次数:0
采样次数:1
P:(762, 3500),phi:(762,)
样本11的第84次迭代
采样次数:0
P:(762, 3500),phi:(762,)
样本15的第81次迭代
采样次数:0
采样次数:1
采样次数:1
采样次数:1
采样次数:1
采样次数:1
P:(762, 3500),phi:(762,)
样本16的第92次迭代
采样次数:0
P:(762, 3500),phi:(762,)
样本12的第82次迭代
采样次数:0
P:(762, 3500),phi:(762,)
样本13的第82次迭代
采样次数:0
P:(762, 3500),phi:(762,)
样本14的第82次迭代
采样次数:0
P:(762, 3500),phi:(762,)
样本11的第85次迭代
采样次数:0
采样次数:1
P:(762, 3500),phi:(762,)
样本15的第82次迭代
采样次数:0
采样次数:1
采样次数:1
采样次数:1
采样次数:1
P:(762, 3500),phi:(762,)
样本12的第83次迭代
采样次数:0
采样次数:1
P:(762, 3500),phi:(762,)
样本13的第83次迭代
采样次数:0
P:(762, 3500),phi:(762,)
样本16的第93次迭代
采样次数:0
采样次数:1
P:(762, 3500),phi:(762,)
样本14的第83次迭代
采样次数:0
P:(762, 3500),phi:(762,)
样本11的第86次迭代
采样次数:0
P:(762, 3500),phi:(762,)
样本15的第83次迭代
采样次数:0
采样次数:1
采样次数:1
采样次数:1
P:(762, 3500),phi:(762,)
样本12的第84次迭代
采样次数:0
采样次数:1
采样次数:1
P:(762, 3500),phi:(762,)
样本16的第94次迭代
采样次数:0
P:(762, 3500),phi:(762,)
样本13的第84次迭代
采样次数:0
采样次数:1
P:(762, 3500),phi:(762,)
样本14的第84次迭代
采样次数:0
P:(762, 3500),phi:(762,)
样本11的第87次迭代
采样次数:0
P:(762, 3500),phi:(762,)
样本15的第84次迭代
采样次数:0
采样次数:1
P:(762, 3500),phi:(762,)
样本12的第85次迭代
采样次数:0
采样次数:1
采样次数:1
采样次数:1
采样次数:1
P:(762, 3500),phi:(762,)
样本16的第95次迭代
采样次数:0
采样次数:1
P:(762, 3500),phi:(762,)
样本13的第85次迭代
采样次数:0
P:(762, 3500),phi:(762,)
样本14的第85次迭代
采样次数:0
P:(762, 3500),phi:(762,)
样本15的第85次迭代
采样次数:0
P:(762, 3500),phi:(762,)
样本11的第88次迭代
采样次数:0
采样次数:1
P:(762, 3500),phi:(762,)
样本12的第86次迭代
采样次数:0
采样次数:1
采样次数:1
采样次数:1
P:(762, 3500),phi:(762,)
样本16的第96次迭代
采样次数:0
采样次数:1
采样次数:1
P:(762, 3500),phi:(762,)
样本13的第86次迭代
采样次数:0
P:(762, 3500),phi:(762,)
样本15的第86次迭代
采样次数:0
P:(762, 3500),phi:(762,)
样本14的第86次迭代
采样次数:0
采样次数:1
P:(762, 3500),phi:(762,)
样本12的第87次迭代
采样次数:0
采样次数:1
P:(762, 3500),phi:(762,)
样本11的第89次迭代
采样次数:0
采样次数:1
采样次数:1
采样次数:1
P:(762, 3500),phi:(762,)
样本16的第97次迭代
采样次数:0
P:(762, 3500),phi:(762,)
样本13的第87次迭代
采样次数:0
P:(762, 3500),phi:(762,)
样本15的第87次迭代
采样次数:0
采样次数:1
P:(762, 3500),phi:(762,)
样本14的第87次迭代
采样次数:0
采样次数:1
P:(762, 3500),phi:(762,)
样本12的第88次迭代
采样次数:0
P:(762, 3500),phi:(762,)
样本11的第90次迭代
采样次数:0
采样次数:1
采样次数:1
P:(762, 3500),phi:(762,)
样本16的第98次迭代
采样次数:0
采样次数:1
采样次数:1
P:(762, 3500),phi:(762,)
样本15的第88次迭代
采样次数:0
采样次数:1
P:(762, 3500),phi:(762,)
样本13的第88次迭代
采样次数:0
P:(762, 3500),phi:(762,)
样本14的第88次迭代
采样次数:0
采样次数:1
P:(762, 3500),phi:(762,)
样本12的第89次迭代
采样次数:0
采样次数:1
P:(762, 3500),phi:(762,)
样本16的第99次迭代
采样次数:0
P:(762, 3500),phi:(762,)
样本11的第91次迭代
采样次数:0
采样次数:1
采样次数:1
P:(762, 3500),phi:(762,)
样本15的第89次迭代
采样次数:0
采样次数:1
采样次数:1
P:(762, 3500),phi:(762,)
样本13的第89次迭代
采样次数:0
采样次数:1
P:(762, 3500),phi:(762,)
样本14的第89次迭代
采样次数:0
采样次数:1
P:(762, 3500),phi:(762,)
样本12的第90次迭代
采样次数:0
P:(762, 3500),phi:(762,)
样本16 Epoch：99 RMSE:8.776322949991117 MAE:2.8300160022205443 MAPE:4.683280633735581
采样次数:1
P:(762, 3500),phi:(762,)
样本11的第92次迭代
采样次数:0
采样次数:1
P:(762, 3500),phi:(762,)
样本15的第90次迭代
采样次数:0
采样次数:1
P:(762, 3500),phi:(762,)
样本14的第90次迭代
采样次数:0
P:(762, 3500),phi:(762,)
样本13的第90次迭代
采样次数:0
采样次数:1
采样次数:1
采样次数:1
采样次数:1
P:(762, 3500),phi:(762,)
样本12的第91次迭代
采样次数:0
P:(762, 3500),phi:(762,)
样本11的第93次迭代
采样次数:0
P:(762, 3500),phi:(762,)
样本14的第91次迭代
采样次数:0
P:(762, 3500),phi:(762,)
样本15的第91次迭代
采样次数:0
采样次数:1
采样次数:1
P:(762, 3500),phi:(762,)
样本13的第91次迭代
采样次数:0
采样次数:1
采样次数:1
P:(762, 3500),phi:(762,)
样本12的第92次迭代
采样次数:0
采样次数:1
P:(762, 3500),phi:(762,)
样本11的第94次迭代
采样次数:0
P:(762, 3500),phi:(762,)
样本14的第92次迭代
采样次数:0
P:(762, 3500),phi:(762,)
样本15的第92次迭代
采样次数:0
采样次数:1
采样次数:1
P:(762, 3500),phi:(762,)
样本13的第92次迭代
采样次数:0
采样次数:1
采样次数:1
P:(762, 3500),phi:(762,)
样本12的第93次迭代
采样次数:0
P:(762, 3500),phi:(762,)
样本11的第95次迭代
采样次数:0
采样次数:1
P:(762, 3500),phi:(762,)
样本14的第93次迭代
采样次数:0
P:(762, 3500),phi:(762,)
样本15的第93次迭代
采样次数:0
采样次数:1
P:(762, 3500),phi:(762,)
样本13的第93次迭代
采样次数:0
采样次数:1
采样次数:1
采样次数:1
P:(762, 3500),phi:(762,)
样本11的第96次迭代
采样次数:0
采样次数:1
P:(762, 3500),phi:(762,)
样本14的第94次迭代
采样次数:0
P:(762, 3500),phi:(762,)
样本12的第94次迭代
采样次数:0
P:(762, 3500),phi:(762,)
样本15的第94次迭代
采样次数:0
采样次数:1
P:(762, 3500),phi:(762,)
样本13的第94次迭代
采样次数:0
采样次数:1
采样次数:1
采样次数:1
P:(762, 3500),phi:(762,)
样本14的第95次迭代
采样次数:0
P:(762, 3500),phi:(762,)
样本11的第97次迭代
采样次数:0
采样次数:1
P:(762, 3500),phi:(762,)
样本12的第95次迭代
采样次数:0
采样次数:1
P:(762, 3500),phi:(762,)
样本15的第95次迭代
采样次数:0
采样次数:1
P:(762, 3500),phi:(762,)
样本13的第95次迭代
采样次数:0
采样次数:1
采样次数:1
P:(762, 3500),phi:(762,)
样本11的第98次迭代
采样次数:0
P:(762, 3500),phi:(762,)
样本14的第96次迭代
采样次数:0
采样次数:1
P:(762, 3500),phi:(762,)
样本12的第96次迭代
采样次数:0
P:(762, 3500),phi:(762,)
样本15的第96次迭代
采样次数:0
采样次数:1
采样次数:1
采样次数:1
P:(762, 3500),phi:(762,)
样本13的第96次迭代
采样次数:0
采样次数:1
P:(762, 3500),phi:(762,)
样本14的第97次迭代
采样次数:0
采样次数:1
P:(762, 3500),phi:(762,)
样本11的第99次迭代
采样次数:0
P:(762, 3500),phi:(762,)
样本12的第97次迭代
采样次数:0
P:(762, 3500),phi:(762,)
样本15的第97次迭代
采样次数:0
P:(762, 3500),phi:(762,)
样本13的第97次迭代
采样次数:0
采样次数:1
采样次数:1
采样次数:1
采样次数:1
采样次数:1
P:(762, 3500),phi:(762,)
样本14的第98次迭代
采样次数:0
P:(762, 3500),phi:(762,)
样本12的第98次迭代
采样次数:0
P:(762, 3500),phi:(762,)
样本15的第98次迭代
采样次数:0
P:(762, 3500),phi:(762,)
样本11 Epoch：99 RMSE:8.090301945010815 MAE:2.6421773868384126 MAPE:5.852238265926749
P:(762, 3500),phi:(762,)
样本13的第98次迭代
采样次数:0
采样次数:1
采样次数:1
采样次数:1
采样次数:1
P:(762, 3500),phi:(762,)
样本15的第99次迭代
采样次数:0
P:(762, 3500),phi:(762,)
样本13的第99次迭代
采样次数:0
P:(762, 3500),phi:(762,)
样本12的第99次迭代
采样次数:0
P:(762, 3500),phi:(762,)
样本14的第99次迭代
采样次数:0
采样次数:1
采样次数:1
采样次数:1
采样次数:1
P:(762, 3500),phi:(762,)
样本12 Epoch：99 RMSE:8.132586664799012 MAE:2.8260652188937847 MAPE:4.978765104458851
P:(762, 3500),phi:(762,)
样本15 Epoch：99 RMSE:8.284332145738672 MAE:2.691988751854197 MAPE:6.203008334548929
P:(762, 3500),phi:(762,)
样本13 Epoch：99 RMSE:8.895434938759635 MAE:2.777046560704307 MAPE:5.656875712097088
P:(762, 3500),phi:(762,)
样本14 Epoch：99 RMSE:8.863583813196797 MAE:2.856472272773122 MAPE:5.933703525565717
Total Test RMSE: 12.5836, MAE: 2.9085, MAPE: 2.8105
耗时 3186.44 min
