nohup: ignoring input
3.23
--------------------------
Processing sample 1/35
真实OD:19785.00
初始ODE:13698.00
   Iteration     Total nfev        Cost      Cost reduction    Step norm     Optimality   
       0              1         1.9853e+02                                    9.23e+00    
       1              2         8.6199e+00      1.90e+02       4.97e+02       3.65e+00    
The maximum number of function evaluations is exceeded.
Function evaluations 2, initial cost 1.9853e+02, final cost 8.6199e+00, first-order optimality 3.65e+00.
最终ODE:23814.33
真实OD:19785.00
样本0的RMSE:6.9330 MAE:1.4191 MAPE:1.2304
--------------------------
Processing sample 2/35
真实OD:19961.00
初始ODE:13698.00
   Iteration     Total nfev        Cost      Cost reduction    Step norm     Optimality   
       0              1         2.4063e+02                                    4.36e+01    
       1              2         2.4089e+01      2.17e+02       5.09e+02       1.15e+01    
The maximum number of function evaluations is exceeded.
Function evaluations 2, initial cost 2.4063e+02, final cost 2.4089e+01, first-order optimality 1.15e+01.
最终ODE:24030.23
真实OD:19961.00
样本1的RMSE:7.6341 MAE:1.5135 MAPE:1.2265
--------------------------
Processing sample 3/35
真实OD:20047.00
初始ODE:13698.00
   Iteration     Total nfev        Cost      Cost reduction    Step norm     Optimality   
       0              1         2.2297e+02                                    4.42e+01    
       1              2         1.8501e+01      2.04e+02       5.30e+02       1.15e+01    
The maximum number of function evaluations is exceeded.
Function evaluations 2, initial cost 2.2297e+02, final cost 1.8501e+01, first-order optimality 1.15e+01.
最终ODE:24384.87
真实OD:20047.00
样本2的RMSE:6.9358 MAE:1.5011 MAPE:1.2531
--------------------------
Processing sample 4/35
真实OD:22427.00
初始ODE:13698.00
   Iteration     Total nfev        Cost      Cost reduction    Step norm     Optimality   
       0              1         1.9827e+02                                    1.68e+00    
       1              2         9.4273e-01      1.97e+02       5.72e+02       4.99e-01    
The maximum number of function evaluations is exceeded.
Function evaluations 2, initial cost 1.9827e+02, final cost 9.4273e-01, first-order optimality 4.99e-01.
最终ODE:26467.85
真实OD:22427.00
样本3的RMSE:7.9305 MAE:1.7049 MAPE:1.3796
--------------------------
Processing sample 5/35
真实OD:28656.00
初始ODE:13698.00
   Iteration     Total nfev        Cost      Cost reduction    Step norm     Optimality   
       0              1         2.3385e+02                                    5.49e+00    
       1              2         3.7873e+00      2.30e+02       7.85e+02       2.29e+00    
The maximum number of function evaluations is exceeded.
Function evaluations 2, initial cost 2.3385e+02, final cost 3.7873e+00, first-order optimality 2.29e+00.
最终ODE:33689.01
真实OD:28656.00
样本4的RMSE:8.7199 MAE:2.0521 MAPE:1.3987
--------------------------
Processing sample 6/35
真实OD:31481.00
初始ODE:13698.00
   Iteration     Total nfev        Cost      Cost reduction    Step norm     Optimality   
       0              1         4.3234e+02                                    3.78e+02    
       1              2         1.1203e+02      3.20e+02       9.62e+02       4.26e+01    
The maximum number of function evaluations is exceeded.
Function evaluations 2, initial cost 4.3234e+02, final cost 1.1203e+02, first-order optimality 4.26e+01.
最终ODE:36558.51
真实OD:31481.00
样本5的RMSE:11.1261 MAE:2.2747 MAPE:1.3986
--------------------------
Processing sample 7/35
真实OD:33395.00
初始ODE:13698.00
   Iteration     Total nfev        Cost      Cost reduction    Step norm     Optimality   
       0              1         2.4255e+02                                    4.71e+00    
       1              2         3.5237e+00      2.39e+02       1.17e+03       3.31e+00    
The maximum number of function evaluations is exceeded.
Function evaluations 2, initial cost 2.4255e+02, final cost 3.5237e+00, first-order optimality 3.31e+00.
最终ODE:38994.86
真实OD:33395.00
样本6的RMSE:14.8736 MAE:2.5095 MAPE:1.5386
--------------------------
Processing sample 8/35
真实OD:28654.00
初始ODE:13698.00
   Iteration     Total nfev        Cost      Cost reduction    Step norm     Optimality   
       0              1         2.2480e+02                                    4.79e+00    
       1              2         9.8999e-01      2.24e+02       9.25e+02       1.02e+00    
The maximum number of function evaluations is exceeded.
Function evaluations 2, initial cost 2.2480e+02, final cost 9.8999e-01, first-order optimality 1.02e+00.
最终ODE:34076.03
真实OD:28654.00
样本7的RMSE:11.5981 MAE:2.1239 MAPE:1.5207
--------------------------
Processing sample 9/35
真实OD:21309.00
初始ODE:13698.00
   Iteration     Total nfev        Cost      Cost reduction    Step norm     Optimality   
       0              1         3.5984e+02                                    1.26e+02    
       1              2         9.5236e+01      2.65e+02       5.86e+02       5.15e+01    
The maximum number of function evaluations is exceeded.
Function evaluations 2, initial cost 3.5984e+02, final cost 9.5236e+01, first-order optimality 5.15e+01.
最终ODE:26188.91
真实OD:21309.00
样本8的RMSE:7.8888 MAE:1.5323 MAPE:1.3359
--------------------------
Processing sample 10/35
真实OD:18897.00
初始ODE:13698.00
   Iteration     Total nfev        Cost      Cost reduction    Step norm     Optimality   
       0              1         2.8668e+02                                    1.28e+02    
       1              2         9.4876e+01      1.92e+02       1.01e+03       7.17e+01    
The maximum number of function evaluations is exceeded.
Function evaluations 2, initial cost 2.8668e+02, final cost 9.4876e+01, first-order optimality 7.17e+01.
最终ODE:25397.70
真实OD:18897.00
样本9的RMSE:7.9021 MAE:1.3788 MAPE:1.2675
--------------------------
Processing sample 11/35
真实OD:9150.00
初始ODE:13698.00
   Iteration     Total nfev        Cost      Cost reduction    Step norm     Optimality   
       0              1         7.4202e+02                                    1.97e+03    
       1              2         3.7365e+02      3.68e+02       3.48e+02       1.47e+02    
The maximum number of function evaluations is exceeded.
Function evaluations 2, initial cost 7.4202e+02, final cost 3.7365e+02, first-order optimality 1.47e+02.
最终ODE:14654.63
真实OD:9150.00
样本10的RMSE:4.6533 MAE:0.9189 MAPE:1.4057
--------------------------
Processing sample 12/35
真实OD:2492.00
初始ODE:13698.00
   Iteration     Total nfev        Cost      Cost reduction    Step norm     Optimality   
       0              1         2.3611e+04                                    8.18e+02    
       1              2         9.8846e+03      1.37e+04       5.22e+02       5.34e+02    
The maximum number of function evaluations is exceeded.
Function evaluations 2, initial cost 2.3611e+04, final cost 9.8846e+03, first-order optimality 5.34e+02.
最终ODE:7748.69
真实OD:2492.00
样本11的RMSE:6.3594 MAE:0.8673 MAPE:2.2018
--------------------------
Processing sample 13/35
真实OD:2302.00
初始ODE:13698.00
   Iteration     Total nfev        Cost      Cost reduction    Step norm     Optimality   
       0              1         9.8378e+03                                    5.17e+02    
       1              2         2.9529e+03      6.88e+03       5.41e+02       2.00e+02    
The maximum number of function evaluations is exceeded.
Function evaluations 2, initial cost 9.8378e+03, final cost 2.9529e+03, first-order optimality 2.00e+02.
最终ODE:7401.64
真实OD:2302.00
样本12的RMSE:6.3429 MAE:0.8888 MAPE:2.4301
--------------------------
Processing sample 14/35
真实OD:1841.00
初始ODE:13698.00
   Iteration     Total nfev        Cost      Cost reduction    Step norm     Optimality   
       0              1         1.9623e+06                                    5.22e+04    
       1              2         1.0028e+06      9.59e+05       4.46e+02       3.74e+04    
The maximum number of function evaluations is exceeded.
Function evaluations 2, initial cost 1.9623e+06, final cost 1.0028e+06, first-order optimality 3.74e+04.
最终ODE:7402.38
真实OD:1841.00
样本13的RMSE:7.1544 MAE:0.9612 MAPE:2.5713
--------------------------
Processing sample 15/35
真实OD:1618.00
初始ODE:13698.00
   Iteration     Total nfev        Cost      Cost reduction    Step norm     Optimality   
       0              1         6.9979e+04                                    4.06e+03    
       1              2         2.8909e+04      4.11e+04       5.46e+02       3.65e+03    
The maximum number of function evaluations is exceeded.
Function evaluations 2, initial cost 6.9979e+04, final cost 2.8909e+04, first-order optimality 3.65e+03.
最终ODE:6871.86
真实OD:1618.00
样本14的RMSE:7.0592 MAE:0.9760 MAPE:3.2619
--------------------------
Processing sample 16/35
真实OD:1985.00
初始ODE:13698.00
   Iteration     Total nfev        Cost      Cost reduction    Step norm     Optimality   
       0              1         3.0879e+04                                    6.09e+03    
       1              2         1.3805e+04      1.71e+04       5.49e+02       3.83e+03    
The maximum number of function evaluations is exceeded.
Function evaluations 2, initial cost 3.0879e+04, final cost 1.3805e+04, first-order optimality 3.83e+03.
最终ODE:7330.48
真实OD:1985.00
样本15的RMSE:7.2003 MAE:0.9827 MAPE:2.8570
--------------------------
Processing sample 17/35
真实OD:3421.00
初始ODE:13698.00
   Iteration     Total nfev        Cost      Cost reduction    Step norm     Optimality   
       0              1         3.2224e+04                                    2.18e+03    
       1              2         1.5909e+04      1.63e+04       5.18e+02       1.14e+03    
The maximum number of function evaluations is exceeded.
Function evaluations 2, initial cost 3.2224e+04, final cost 1.5909e+04, first-order optimality 1.14e+03.
最终ODE:8991.45
真实OD:3421.00
样本16的RMSE:7.1480 MAE:1.0133 MAPE:2.3635
--------------------------
Processing sample 18/35
真实OD:9416.00
初始ODE:13698.00
   Iteration     Total nfev        Cost      Cost reduction    Step norm     Optimality   
       0              1         4.7615e+02                                    4.40e+01    
       1              2         1.0291e+02      3.73e+02       4.07e+02       1.94e+01    
The maximum number of function evaluations is exceeded.
Function evaluations 2, initial cost 4.7615e+02, final cost 1.0291e+02, first-order optimality 1.94e+01.
最终ODE:15139.59
真实OD:9416.00
样本17的RMSE:5.8038 MAE:1.0369 MAPE:1.4009
--------------------------
Processing sample 19/35
真实OD:25568.00
初始ODE:13698.00
   Iteration     Total nfev        Cost      Cost reduction    Step norm     Optimality   
       0              1         2.2041e+02                                    3.57e+00    
       1              2         1.0988e+00      2.19e+02       9.17e+02       1.37e-01    
The maximum number of function evaluations is exceeded.
Function evaluations 2, initial cost 2.2041e+02, final cost 1.0988e+00, first-order optimality 1.37e-01.
最终ODE:32343.91
真实OD:25568.00
样本18的RMSE:9.0768 MAE:1.9755 MAPE:1.2980
--------------------------
Processing sample 20/35
真实OD:44913.00
初始ODE:13698.00
   Iteration     Total nfev        Cost      Cost reduction    Step norm     Optimality   
       0              1         2.6460e+02                                    3.17e+00    
       1              2         5.1591e-01      2.64e+02       1.63e+03       3.24e-01    
The maximum number of function evaluations is exceeded.
Function evaluations 2, initial cost 2.6460e+02, final cost 5.1591e-01, first-order optimality 3.24e-01.
最终ODE:51319.21
真实OD:44913.00
样本19的RMSE:13.9492 MAE:3.4816 MAPE:1.5849
--------------------------
Processing sample 21/35
真实OD:29255.00
初始ODE:13698.00
   Iteration     Total nfev        Cost      Cost reduction    Step norm     Optimality   
       0              1         2.3551e+02                                    3.66e+00    
       1              2         1.9987e+00      2.34e+02       9.05e+02       1.44e+00    
The maximum number of function evaluations is exceeded.
Function evaluations 2, initial cost 2.3551e+02, final cost 1.9987e+00, first-order optimality 1.44e+00.
最终ODE:35190.80
真实OD:29255.00
样本20的RMSE:8.9609 MAE:2.2337 MAPE:1.3383
--------------------------
Processing sample 22/35
真实OD:24231.00
初始ODE:13698.00
   Iteration     Total nfev        Cost      Cost reduction    Step norm     Optimality   
       0              1         2.1779e+02                                    5.24e+01    
       1              2         1.2029e+00      2.17e+02       7.16e+02       3.06e-01    
The maximum number of function evaluations is exceeded.
Function evaluations 2, initial cost 2.1779e+02, final cost 1.2029e+00, first-order optimality 3.06e-01.
最终ODE:30221.57
真实OD:24231.00
样本21的RMSE:7.5031 MAE:1.8801 MAPE:1.4052
--------------------------
Processing sample 23/35
真实OD:27079.00
初始ODE:13698.00
   Iteration     Total nfev        Cost      Cost reduction    Step norm     Optimality   
       0              1         2.2833e+02                                    3.76e+01    
       1              2         5.0828e+00      2.23e+02       9.92e+02       2.74e+00    
The maximum number of function evaluations is exceeded.
Function evaluations 2, initial cost 2.2833e+02, final cost 5.0828e+00, first-order optimality 2.74e+00.
最终ODE:34158.63
真实OD:27079.00
样本22的RMSE:10.6061 MAE:2.1859 MAPE:1.6942
--------------------------
Processing sample 24/35
真实OD:25007.00
初始ODE:13698.00
   Iteration     Total nfev        Cost      Cost reduction    Step norm     Optimality   
       0              1         2.1113e+02                                    5.55e+00    
       1              2         3.1851e+00      2.08e+02       8.87e+02       1.29e+00    
The maximum number of function evaluations is exceeded.
Function evaluations 2, initial cost 2.1113e+02, final cost 3.1851e+00, first-order optimality 1.29e+00.
最终ODE:31451.24
真实OD:25007.00
样本23的RMSE:9.8058 MAE:2.0167 MAPE:1.6237
--------------------------
Processing sample 25/35
真实OD:18157.00
初始ODE:13698.00
   Iteration     Total nfev        Cost      Cost reduction    Step norm     Optimality   
       0              1         2.1817e+02                                    1.57e+02    
       1              2         3.0633e+01      1.88e+02       6.48e+02       1.31e+02    
The maximum number of function evaluations is exceeded.
Function evaluations 2, initial cost 2.1817e+02, final cost 3.0633e+01, first-order optimality 1.31e+02.
最终ODE:23679.25
真实OD:18157.00
样本24的RMSE:7.4002 MAE:1.5229 MAPE:1.4117
--------------------------
Processing sample 26/35
真实OD:18329.00
初始ODE:13698.00
   Iteration     Total nfev        Cost      Cost reduction    Step norm     Optimality   
       0              1         1.8856e+02                                    3.79e+00    
       1              2         4.5061e+00      1.84e+02       6.15e+02       1.56e+00    
The maximum number of function evaluations is exceeded.
Function evaluations 2, initial cost 1.8856e+02, final cost 4.5061e+00, first-order optimality 1.56e+00.
最终ODE:24037.17
真实OD:18329.00
样本25的RMSE:6.1165 MAE:1.4427 MAPE:1.2559
--------------------------
Processing sample 27/35
真实OD:18431.00
初始ODE:13698.00
   Iteration     Total nfev        Cost      Cost reduction    Step norm     Optimality   
       0              1         2.8513e+02                                    2.91e+02    
       1              2         7.2907e+01      2.12e+02       5.86e+02       3.10e+01    
The maximum number of function evaluations is exceeded.
Function evaluations 2, initial cost 2.8513e+02, final cost 7.2907e+01, first-order optimality 3.10e+01.
最终ODE:24107.78
真实OD:18431.00
样本26的RMSE:5.9597 MAE:1.4673 MAPE:1.3990
--------------------------
Processing sample 28/35
真实OD:20671.00
初始ODE:13698.00
   Iteration     Total nfev        Cost      Cost reduction    Step norm     Optimality   
       0              1         2.1345e+02                                    1.22e+01    
       1              2         9.8594e+00      2.04e+02       6.20e+02       4.87e+00    
The maximum number of function evaluations is exceeded.
Function evaluations 2, initial cost 2.1345e+02, final cost 9.8594e+00, first-order optimality 4.87e+00.
最终ODE:26309.56
真实OD:20671.00
样本27的RMSE:6.3296 MAE:1.5444 MAPE:1.3133
--------------------------
Processing sample 29/35
真实OD:30579.00
初始ODE:13698.00
   Iteration     Total nfev        Cost      Cost reduction    Step norm     Optimality   
       0              1         2.3766e+02                                    1.82e+00    
       1              2         7.4114e-01      2.37e+02       9.89e+02       2.53e-01    
The maximum number of function evaluations is exceeded.
Function evaluations 2, initial cost 2.3766e+02, final cost 7.4114e-01, first-order optimality 2.53e-01.
最终ODE:37299.12
真实OD:30579.00
样本28的RMSE:9.0365 MAE:2.2307 MAPE:1.3854
--------------------------
Processing sample 30/35
真实OD:36246.00
初始ODE:13698.00
   Iteration     Total nfev        Cost      Cost reduction    Step norm     Optimality   
       0              1         2.5184e+02                                    3.01e+00    
       1              2         5.7321e-01      2.51e+02       1.13e+03       9.92e-02    
The maximum number of function evaluations is exceeded.
Function evaluations 2, initial cost 2.5184e+02, final cost 5.7321e-01, first-order optimality 9.92e-02.
最终ODE:41891.33
真实OD:36246.00
样本29的RMSE:11.0845 MAE:2.6868 MAPE:1.4147
--------------------------
Processing sample 31/35
真实OD:33496.00
初始ODE:13698.00
   Iteration     Total nfev        Cost      Cost reduction    Step norm     Optimality   
       0              1         2.4728e+02                                    2.28e+00    
       1              2         1.1370e+00      2.46e+02       1.09e+03       1.59e+00    
The maximum number of function evaluations is exceeded.
Function evaluations 2, initial cost 2.4728e+02, final cost 1.1370e+00, first-order optimality 1.59e+00.
最终ODE:39427.53
真实OD:33496.00
样本30的RMSE:12.0892 MAE:2.5193 MAPE:1.4698
--------------------------
Processing sample 32/35
真实OD:29281.00
初始ODE:13698.00
   Iteration     Total nfev        Cost      Cost reduction    Step norm     Optimality   
       0              1         2.9952e+02                                    1.06e+02    
       1              2         3.6209e+01      2.63e+02       9.98e+02       2.68e+01    
The maximum number of function evaluations is exceeded.
Function evaluations 2, initial cost 2.9952e+02, final cost 3.6209e+01, first-order optimality 2.68e+01.
最终ODE:35050.14
真实OD:29281.00
样本31的RMSE:11.4938 MAE:2.1433 MAPE:1.5490
--------------------------
Processing sample 33/35
真实OD:20831.00
初始ODE:13698.00
   Iteration     Total nfev        Cost      Cost reduction    Step norm     Optimality   
       0              1         4.2154e+02                                    7.74e+01    
       1              2         9.4810e+01      3.27e+02       5.43e+02       4.62e+01    
The maximum number of function evaluations is exceeded.
Function evaluations 2, initial cost 4.2154e+02, final cost 9.4810e+01, first-order optimality 4.62e+01.
最终ODE:25191.25
真实OD:20831.00
样本32的RMSE:6.6199 MAE:1.4557 MAPE:1.3271
--------------------------
Processing sample 34/35
真实OD:13698.00
初始ODE:13698.00
   Iteration     Total nfev        Cost      Cost reduction    Step norm     Optimality   
       0              1         1.1820e+02                                    1.82e+01    
       1              2         8.7912e-01      1.17e+02       3.05e+02       1.69e+00    
The maximum number of function evaluations is exceeded.
Function evaluations 2, initial cost 1.1820e+02, final cost 8.7912e-01, first-order optimality 1.69e+00.
最终ODE:18106.30
真实OD:13698.00
样本33的RMSE:2.7706 MAE:0.5764 MAPE:0.5227
--------------------------
Processing sample 35/35
真实OD:8075.00
初始ODE:13698.00
   Iteration     Total nfev        Cost      Cost reduction    Step norm     Optimality   
       0              1         7.9470e+02                                    2.72e+02    
       1              2         3.7124e+02      4.23e+02       3.86e+02       1.88e+02    
The maximum number of function evaluations is exceeded.
Function evaluations 2, initial cost 7.9470e+02, final cost 3.7124e+02, first-order optimality 1.88e+02.
最终ODE:13279.37
真实OD:8075.00
样本34的RMSE:4.6560 MAE:0.8308 MAPE:1.3006
所有预测OD矩阵已保存至: ../可视化/测试集TNN/Pred_SSM_LS.npy
保存的数组形状: (35, 110, 110)
Total Test loss: 61473.0347, RMSE: 8.1921, MAE: 1.6528, MAPE: 1.5810
耗时2462.44min
Traceback (most recent call last):
  File "/data/tyx/ODE/SUE/SSM-LS-并行优化1.py", line 244, in <module>
    log_file.write(
TypeError: TextIOWrapper.write() takes no keyword arguments
