nohup: ignoring input
进入样本0的初始点采样
进入样本7的初始点采样
进入样本10的初始点采样
进入样本11的初始点采样
进入样本1的初始点采样
进入样本8的初始点采样
进入样本22的初始点采样
进入样本17的初始点采样
进入样本29的初始点采样
进入样本13的初始点采样
进入样本31的初始点采样
进入样本33的初始点采样
进入样本6的初始点采样
进入样本5的初始点采样
进入样本3的初始点采样
进入样本4的初始点采样
进入样本9的初始点采样
进入样本2的初始点采样
进入样本20的初始点采样
进入样本27的初始点采样
进入样本26的初始点采样
进入样本18的初始点采样
进入样本14的初始点采样
进入样本25的初始点采样
进入样本15的初始点采样
进入样本12的初始点采样
进入样本16的初始点采样
进入样本23的初始点采样
进入样本19的初始点采样
进入样本24的初始点采样
进入样本28的初始点采样
进入样本30的初始点采样
进入样本32的初始点采样
进入样本21的初始点采样
进入样本34的初始点采样
P:(762, 3000),phi:(762,)
样本34的第0次迭代
采样次数:0
P:(762, 3000),phi:(762,)
样本1的第0次迭代
采样次数:0
P:(762, 3000),phi:(762,)
样本15的第0次迭代
P:(762, 3000),phi:(762,)
采样次数:0
样本31的第0次迭代
采样次数:0
P:(762, 3000),phi:(762,)
样本14的第0次迭代
采样次数:0
P:(762, 3000),phi:(762,)
P:(762, 3000),phi:(762,)
样本7的第0次迭代
采样次数:0
样本27的第0次迭代
采样次数:0
P:(762, 3000),phi:(762,)
P:(762, 3000),phi:(762,)
样本11的第0次迭代
采样次数:0
样本10的第0次迭代
采样次数:0
P:(762, 3000),phi:(762,)
样本20的第0次迭代
采样次数:0
P:(762, 3000),phi:(762,)
P:(762, 3000),phi:(762,)
样本19的第0次迭代
P:(762, 3000),phi:(762,)
样本25的第0次迭代
采样次数:0
P:(762, 3000),phi:(762,)
采样次数:0
样本0的第0次迭代
样本33的第0次迭代
采样次数:0
采样次数:0
P:(762, 3000),phi:(762,)
P:(762, 3000),phi:(762,)
样本12的第0次迭代
样本6的第0次迭代
采样次数:0
采样次数:0
P:(762, 3000),phi:(762,)
样本24的第0次迭代
采样次数:0
P:(762, 3000),phi:(762,)
样本17的第0次迭代
P:(762, 3000),phi:(762,)
采样次数:0
样本22的第0次迭代
采样次数:0
P:(762, 3000),phi:(762,)
样本18的第0次迭代
P:(762, 3000),phi:(762,)
P:(762, 3000),phi:(762,)
采样次数:0
样本9的第0次迭代
样本8的第0次迭代
采样次数:0
采样次数:0
P:(762, 3000),phi:(762,)
样本3的第0次迭代
采样次数:0
P:(762, 3000),phi:(762,)
P:(762, 3000),phi:(762,)
样本16的第0次迭代
样本13的第0次迭代
采样次数:0
采样次数:0
P:(762, 3000),phi:(762,)
样本21的第0次迭代
采样次数:0
P:(762, 3000),phi:(762,)
样本29的第0次迭代
采样次数:0
P:(762, 3000),phi:(762,)
P:(762, 3000),phi:(762,)
样本5的第0次迭代
样本4的第0次迭代
采样次数:0
P:(762, 3000),phi:(762,)
采样次数:0
样本2的第0次迭代
采样次数:0
P:(762, 3000),phi:(762,)
样本30的第0次迭代
采样次数:0
P:(762, 3000),phi:(762,)
样本28的第0次迭代
采样次数:0
P:(762, 3000),phi:(762,)
样本32的第0次迭代
P:(762, 3000),phi:(762,)
采样次数:0
样本23的第0次迭代
采样次数:0
P:(762, 3000),phi:(762,)
样本26的第0次迭代
采样次数:0
采样次数:1
采样次数:1
采样次数:1
P:(762, 3000),phi:(762,)
样本12的第1次迭代
采样次数:0
采样次数:1
采样次数:1
采样次数:1
采样次数:1
采样次数:1
采样次数:1
采样次数:1
采样次数:1
采样次数:1
P:(762, 3000),phi:(762,)
样本15的第1次迭代
采样次数:0
采样次数:1
采样次数:1
采样次数:1
采样次数:1
采样次数:1
样本24 Epoch：0 RMSE:10.047712142370344 MAE:2.488940699469392 MAPE:2.613821434278706
样本23 Epoch：0 RMSE:8.991727712504034 MAE:2.3902024037368563 MAPE:1.8442686612115524
样本26 Epoch：0 RMSE:11.974706192620028 MAE:2.4923325029254557 MAPE:1.7229203467866472
采样次数:1
P:(762, 3000),phi:(762,)
样本11的第1次迭代
采样次数:0
采样次数:1
样本25 Epoch：0 RMSE:12.59910421996968 MAE:2.582429449787292 MAPE:2.766615012434077
采样次数:1
P:(762, 3000),phi:(762,)
样本14的第1次迭代
采样次数:0
采样次数:1
P:(762, 3000),phi:(762,)
样本13的第1次迭代
采样次数:0
样本20 Epoch：0 RMSE:6.504456624818015 MAE:2.118897740371665 MAPE:1.2437288439061824
样本30 Epoch：0 RMSE:8.516873534595579 MAE:2.262072343716792 MAPE:1.4559237827383955
样本27 Epoch：0 RMSE:10.148644784564452 MAE:2.336359283255217 MAPE:1.5655227671433822
样本4 Epoch：0 RMSE:11.367664869331598 MAE:2.34981616710977 MAPE:1.4920382367021188
P:(762, 3000),phi:(762,)
样本12的第2次迭代
采样次数:0
P:(762, 3000),phi:(762,)
样本15的第2次迭代
采样次数:0
样本8 Epoch：0 RMSE:12.638034831858116 MAE:2.535681180029736 MAPE:1.7620219910869557
采样次数:1
样本28 Epoch：0 RMSE:9.399217397883085 MAE:2.305256190970769 MAPE:1.4215313089403736
样本9 Epoch：0 RMSE:17.01034777236898 MAE:2.6310358204786404 MAPE:2.0553623420367466
采样次数:1
采样次数:1
样本3 Epoch：0 RMSE:8.201967289348119 MAE:2.31196849313163 MAPE:1.9164616536601733
采样次数:1
采样次数:1
P:(762, 3000),phi:(762,)
样本11的第2次迭代
采样次数:0
样本29 Epoch：0 RMSE:8.006839395826491 MAE:2.2676185222509284 MAPE:1.4087342634061621
样本2 Epoch：0 RMSE:16.038068091719015 MAE:2.581360957886549 MAPE:1.9758557208573535
采样次数:1
P:(762, 3000),phi:(762,)
样本13的第2次迭代
采样次数:0
采样次数:1
采样次数:1
采样次数:1
采样次数:1
采样次数:1
采样次数:1
P:(762, 3000),phi:(762,)
样本15的第3次迭代
采样次数:0
采样次数:1
样本21 Epoch：0 RMSE:6.2739976108082285 MAE:2.2228857423393995 MAPE:1.8717563604133096
采样次数:1
P:(762, 3000),phi:(762,)
样本12的第3次迭代
采样次数:0
P:(762, 3000),phi:(762,)
样本14的第2次迭代
采样次数:0
P:(762, 3000),phi:(762,)
样本13的第3次迭代
采样次数:0
样本33 Epoch：0 RMSE:8.630245400571487 MAE:2.4417140683665974 MAPE:2.756193335002404
采样次数:1
采样次数:1
采样次数:1
采样次数:1
P:(762, 3000),phi:(762,)
样本11的第3次迭代
采样次数:0
P:(762, 3000),phi:(762,)
样本15的第4次迭代
采样次数:0
样本7 Epoch：0 RMSE:9.928558402167424 MAE:2.387784960021866 MAPE:1.5785067596003675
采样次数:1
P:(762, 3000),phi:(762,)
样本11的第4次迭代
采样次数:0
P:(762, 3000),phi:(762,)
样本12的第4次迭代
采样次数:0
样本1 Epoch：0 RMSE:16.87230712104109 MAE:2.4406070032940184 MAPE:1.9964707142603781
采样次数:1
采样次数:1
P:(762, 3000),phi:(762,)
样本13的第4次迭代
采样次数:0
采样次数:1
P:(762, 3000),phi:(762,)
样本15的第5次迭代
采样次数:0
样本31 Epoch：0 RMSE:9.105193485210386 MAE:2.299219080438926 MAPE:1.7409508471768607
样本10 Epoch：0 RMSE:12.688739280795332 MAE:2.665572889913613 MAPE:3.5416150208771255
采样次数:1
P:(762, 3000),phi:(762,)
样本14的第3次迭代
采样次数:0
采样次数:1
P:(762, 3000),phi:(762,)
样本13的第5次迭代
采样次数:0
P:(762, 3000),phi:(762,)
样本11的第5次迭代
采样次数:0
样本17 Epoch：0 RMSE:7.717352214972301 MAE:2.3923982831449657 MAPE:2.524311198746929
采样次数:1
采样次数:1
采样次数:1
P:(762, 3000),phi:(762,)
样本12的第5次迭代
采样次数:0
P:(762, 3000),phi:(762,)
样本13的第6次迭代
采样次数:0
采样次数:1
P:(762, 3000),phi:(762,)
样本14的第4次迭代
采样次数:0
样本0 Epoch：0 RMSE:10.97377424585282 MAE:2.4062827515926846 MAPE:2.2108226421909403
采样次数:1
采样次数:1
采样次数:1
P:(762, 3000),phi:(762,)
样本15的第6次迭代
采样次数:0
P:(762, 3000),phi:(762,)
样本13的第7次迭代
采样次数:0
P:(762, 3000),phi:(762,)
样本12的第6次迭代
采样次数:0
采样次数:1
P:(762, 3000),phi:(762,)
样本11的第6次迭代
采样次数:0
采样次数:1
P:(762, 3000),phi:(762,)
样本14的第5次迭代
采样次数:0
采样次数:1
采样次数:1
P:(762, 3000),phi:(762,)
样本15的第7次迭代
采样次数:0
P:(762, 3000),phi:(762,)
样本12的第7次迭代
采样次数:0
采样次数:1
P:(762, 3000),phi:(762,)
样本13的第8次迭代
采样次数:0
采样次数:1
采样次数:1
采样次数:1
P:(762, 3000),phi:(762,)
样本14的第6次迭代
采样次数:0
采样次数:1
P:(762, 3000),phi:(762,)
样本11的第7次迭代
采样次数:0
P:(762, 3000),phi:(762,)
样本12的第8次迭代
采样次数:0
P:(762, 3000),phi:(762,)
样本15的第8次迭代
采样次数:0
采样次数:1
采样次数:1
采样次数:1
采样次数:1
样本22 Epoch：0 RMSE:9.534511487373175 MAE:2.4323767799489104 MAPE:1.5823199434701922
P:(762, 3000),phi:(762,)
样本14的第7次迭代
采样次数:0
P:(762, 3000),phi:(762,)
样本13的第9次迭代
采样次数:0
P:(762, 3000),phi:(762,)
样本12的第9次迭代
采样次数:0
P:(762, 3000),phi:(762,)
样本11的第8次迭代
采样次数:0
采样次数:1
P:(762, 3000),phi:(762,)
样本15的第9次迭代
采样次数:0
采样次数:1
采样次数:1
采样次数:1
P:(762, 3000),phi:(762,)
样本14的第8次迭代
采样次数:0
采样次数:1
P:(762, 3000),phi:(762,)
样本12的第10次迭代
采样次数:0
P:(762, 3000),phi:(762,)
样本13的第10次迭代
采样次数:0
P:(762, 3000),phi:(762,)
样本11的第9次迭代
采样次数:0
采样次数:1
P:(762, 3000),phi:(762,)
样本15的第10次迭代
采样次数:0
P:(762, 3000),phi:(762,)
样本14的第9次迭代
采样次数:0
采样次数:1
采样次数:1
采样次数:1
采样次数:1
采样次数:1
P:(762, 3000),phi:(762,)
样本12的第11次迭代
采样次数:0
P:(762, 3000),phi:(762,)
样本11的第10次迭代
采样次数:0
P:(762, 3000),phi:(762,)
样本14的第10次迭代
采样次数:0
P:(762, 3000),phi:(762,)
样本15的第11次迭代
采样次数:0
采样次数:1
P:(762, 3000),phi:(762,)
样本13的第11次迭代
采样次数:0
采样次数:1
采样次数:1
P:(762, 3000),phi:(762,)
样本12的第12次迭代
采样次数:0
采样次数:1
采样次数:1
P:(762, 3000),phi:(762,)
样本15的第12次迭代
采样次数:0
采样次数:1
P:(762, 3000),phi:(762,)
样本11的第11次迭代
采样次数:0
P:(762, 3000),phi:(762,)
样本14的第11次迭代
采样次数:0
采样次数:1
P:(762, 3000),phi:(762,)
样本12的第13次迭代
采样次数:0
P:(762, 3000),phi:(762,)
样本13的第12次迭代
采样次数:0
采样次数:1
采样次数:1
采样次数:1
采样次数:1
采样次数:1
P:(762, 3000),phi:(762,)
样本11的第12次迭代
采样次数:0
P:(762, 3000),phi:(762,)
样本15的第13次迭代
采样次数:0
P:(762, 3000),phi:(762,)
样本14的第12次迭代
采样次数:0
采样次数:1
P:(762, 3000),phi:(762,)
样本13的第13次迭代
采样次数:0
P:(762, 3000),phi:(762,)
样本12的第14次迭代
采样次数:0
采样次数:1
采样次数:1
采样次数:1
采样次数:1
采样次数:1
P:(762, 3000),phi:(762,)
样本11的第13次迭代
采样次数:0
采样次数:1
P:(762, 3000),phi:(762,)
样本15的第14次迭代
采样次数:0
P:(762, 3000),phi:(762,)
样本12的第15次迭代
采样次数:0
P:(762, 3000),phi:(762,)
样本14的第13次迭代
采样次数:0
P:(762, 3000),phi:(762,)
样本13的第14次迭代
采样次数:0
采样次数:1
采样次数:1
采样次数:1
采样次数:1
P:(762, 3000),phi:(762,)
样本11的第14次迭代
采样次数:0
采样次数:1
采样次数:1
采样次数:1
P:(762, 3000),phi:(762,)
样本15的第15次迭代
采样次数:0
P:(762, 3000),phi:(762,)
样本14的第14次迭代
采样次数:0
采样次数:1
采样次数:1
P:(762, 3000),phi:(762,)
样本12的第16次迭代
采样次数:0
采样次数:1
采样次数:1
P:(762, 3000),phi:(762,)
样本13的第15次迭代
采样次数:0
采样次数:1
采样次数:1
P:(762, 3000),phi:(762,)
样本15的第16次迭代
采样次数:0
采样次数:1
P:(762, 3000),phi:(762,)
样本14的第15次迭代
采样次数:0
P:(762, 3000),phi:(762,)
样本13的第16次迭代
采样次数:0
P:(762, 3000),phi:(762,)
样本11的第15次迭代
采样次数:0
采样次数:1
采样次数:1
P:(762, 3000),phi:(762,)
样本12的第17次迭代
采样次数:0
采样次数:1
采样次数:1
P:(762, 3000),phi:(762,)
样本15的第17次迭代
采样次数:0
P:(762, 3000),phi:(762,)
样本13的第17次迭代
采样次数:0
采样次数:1
采样次数:1
P:(762, 3000),phi:(762,)
样本11的第16次迭代
采样次数:0
P:(762, 3000),phi:(762,)
样本14的第16次迭代
采样次数:0
采样次数:1
P:(762, 3000),phi:(762,)
样本12的第18次迭代
采样次数:0
采样次数:1
P:(762, 3000),phi:(762,)
样本13的第18次迭代
采样次数:0
采样次数:1
P:(762, 3000),phi:(762,)
样本15的第18次迭代
采样次数:0
采样次数:1
P:(762, 3000),phi:(762,)
样本11的第17次迭代
采样次数:0
P:(762, 3000),phi:(762,)
样本14的第17次迭代
采样次数:0
采样次数:1
采样次数:1
P:(762, 3000),phi:(762,)
样本13的第19次迭代
采样次数:0
采样次数:1
采样次数:1
P:(762, 3000),phi:(762,)
样本12的第19次迭代
采样次数:0
P:(762, 3000),phi:(762,)
样本14的第18次迭代
采样次数:0
采样次数:1
P:(762, 3000),phi:(762,)
样本11的第18次迭代
采样次数:0
P:(762, 3000),phi:(762,)
样本15的第19次迭代
采样次数:0
采样次数:1
采样次数:1
P:(762, 3000),phi:(762,)
样本13的第20次迭代
采样次数:0
采样次数:1
采样次数:1
P:(762, 3000),phi:(762,)
样本14的第19次迭代
采样次数:0
P:(762, 3000),phi:(762,)
样本15的第20次迭代
采样次数:0
P:(762, 3000),phi:(762,)
样本12的第20次迭代
采样次数:0
采样次数:1
P:(762, 3000),phi:(762,)
样本11的第19次迭代
采样次数:0
采样次数:1
采样次数:1
P:(762, 3000),phi:(762,)
样本13的第21次迭代
采样次数:0
采样次数:1
采样次数:1
P:(762, 3000),phi:(762,)
样本14的第20次迭代
采样次数:0
P:(762, 3000),phi:(762,)
样本15的第21次迭代
采样次数:0
采样次数:1
采样次数:1
P:(762, 3000),phi:(762,)
样本11的第20次迭代
采样次数:0
采样次数:1
P:(762, 3000),phi:(762,)
样本12的第21次迭代
采样次数:0
P:(762, 3000),phi:(762,)
样本13的第22次迭代
采样次数:0
采样次数:1
P:(762, 3000),phi:(762,)
样本14的第21次迭代
采样次数:0
P:(762, 3000),phi:(762,)
样本15的第22次迭代
采样次数:0
样本6 Epoch：0 RMSE:11.691546805424336 MAE:2.4311719981782827 MAPE:1.7533153668169341
采样次数:1
采样次数:1
采样次数:1
P:(762, 3000),phi:(762,)
样本13的第23次迭代
采样次数:0
P:(762, 3000),phi:(762,)
样本11的第21次迭代
采样次数:0
采样次数:1
P:(762, 3000),phi:(762,)
样本12的第22次迭代
采样次数:0
采样次数:1
采样次数:1
P:(762, 3000),phi:(762,)
样本15的第23次迭代
采样次数:0
P:(762, 3000),phi:(762,)
样本14的第22次迭代
采样次数:0
采样次数:1
P:(762, 3000),phi:(762,)
样本13的第24次迭代
采样次数:0
P:(762, 3000),phi:(762,)
样本11的第22次迭代
采样次数:0
采样次数:1
P:(762, 3000),phi:(762,)
样本15的第24次迭代
采样次数:0
采样次数:1
采样次数:1
采样次数:1
P:(762, 3000),phi:(762,)
样本12的第23次迭代
采样次数:0
P:(762, 3000),phi:(762,)
样本14的第23次迭代
采样次数:0
采样次数:1
P:(762, 3000),phi:(762,)
样本11的第23次迭代
采样次数:0
P:(762, 3000),phi:(762,)
样本13的第25次迭代
采样次数:0
采样次数:1
采样次数:1
P:(762, 3000),phi:(762,)
样本15的第25次迭代
采样次数:0
采样次数:1
采样次数:1
P:(762, 3000),phi:(762,)
样本13的第26次迭代
采样次数:0
采样次数:1
P:(762, 3000),phi:(762,)
样本14的第24次迭代
采样次数:0
样本5 Epoch：0 RMSE:11.890192399723169 MAE:2.3723940941176513 MAPE:1.655773202568317
采样次数:1
P:(762, 3000),phi:(762,)
样本12的第24次迭代
采样次数:0
P:(762, 3000),phi:(762,)
样本11的第24次迭代
采样次数:0
P:(762, 3000),phi:(762,)
样本15的第26次迭代
采样次数:0
采样次数:1
样本16 Epoch：0 RMSE:18.738048411155127 MAE:2.878751401638633 MAPE:4.520687243970821
采样次数:1
样本32 Epoch：0 RMSE:11.63402906980812 MAE:2.4927620088788944 MAPE:2.1522864536520085
P:(762, 3000),phi:(762,)
样本14的第25次迭代
采样次数:0
采样次数:1
P:(762, 3000),phi:(762,)
样本13的第27次迭代
采样次数:0
采样次数:1
P:(762, 3000),phi:(762,)
样本11的第25次迭代
采样次数:0
P:(762, 3000),phi:(762,)
样本12的第25次迭代
采样次数:0
采样次数:1
采样次数:1
样本19 Epoch：0 RMSE:8.358077354461658 MAE:2.204357501821975 MAPE:1.100524290801775
P:(762, 3000),phi:(762,)
样本15的第27次迭代
采样次数:0
样本18 Epoch：0 RMSE:10.922435375217232 MAE:2.351055543160251 MAPE:1.42787721675413
采样次数:1
P:(762, 3000),phi:(762,)
样本13的第28次迭代
采样次数:0
采样次数:1
P:(762, 3000),phi:(762,)
样本14的第26次迭代
采样次数:0
采样次数:1
采样次数:1
采样次数:1
P:(762, 3000),phi:(762,)
样本12的第26次迭代
采样次数:0
P:(762, 3000),phi:(762,)
样本11的第26次迭代
采样次数:0
P:(762, 3000),phi:(762,)
样本15的第28次迭代
采样次数:0
P:(762, 3000),phi:(762,)
样本14的第27次迭代
采样次数:0
采样次数:1
采样次数:1
P:(762, 3000),phi:(762,)
样本13的第29次迭代
采样次数:0
采样次数:1
P:(762, 3000),phi:(762,)
样本12的第27次迭代
采样次数:0
采样次数:1
P:(762, 3000),phi:(762,)
样本11的第27次迭代
采样次数:0
采样次数:1
样本34 Epoch：0 RMSE:10.567932833381134 MAE:2.5380153161258354 MAPE:2.6169754529340326
采样次数:1
P:(762, 3000),phi:(762,)
样本15的第29次迭代
采样次数:0
采样次数:1
P:(762, 3000),phi:(762,)
样本14的第28次迭代
采样次数:0
P:(762, 3000),phi:(762,)
样本13的第30次迭代
采样次数:0
采样次数:1
P:(762, 3000),phi:(762,)
样本12的第28次迭代
采样次数:0
采样次数:1
P:(762, 3000),phi:(762,)
样本11的第28次迭代
采样次数:0
采样次数:1
采样次数:1
P:(762, 3000),phi:(762,)
样本13的第31次迭代
采样次数:0
P:(762, 3000),phi:(762,)
样本15的第30次迭代
采样次数:0
P:(762, 3000),phi:(762,)
样本14的第29次迭代
采样次数:0
采样次数:1
P:(762, 3000),phi:(762,)
样本12的第29次迭代
采样次数:0
P:(762, 3000),phi:(762,)
样本11的第29次迭代
采样次数:0
采样次数:1
采样次数:1
采样次数:1
采样次数:1
采样次数:1
P:(762, 3000),phi:(762,)
样本15的第31次迭代
采样次数:0
P:(762, 3000),phi:(762,)
样本13的第32次迭代
采样次数:0
P:(762, 3000),phi:(762,)
样本14的第30次迭代
采样次数:0
P:(762, 3000),phi:(762,)
样本12的第30次迭代
采样次数:0
采样次数:1
采样次数:1
P:(762, 3000),phi:(762,)
样本11的第30次迭代
采样次数:0
采样次数:1
采样次数:1
P:(762, 3000),phi:(762,)
样本15的第32次迭代
采样次数:0
P:(762, 3000),phi:(762,)
样本13的第33次迭代
采样次数:0
采样次数:1
P:(762, 3000),phi:(762,)
样本14的第31次迭代
采样次数:0
P:(762, 3000),phi:(762,)
样本12的第31次迭代
采样次数:0
采样次数:1
采样次数:1
采样次数:1
P:(762, 3000),phi:(762,)
样本15的第33次迭代
采样次数:0
采样次数:1
P:(762, 3000),phi:(762,)
样本11的第31次迭代
采样次数:0
P:(762, 3000),phi:(762,)
样本13的第34次迭代
采样次数:0
采样次数:1
P:(762, 3000),phi:(762,)
样本14的第32次迭代
采样次数:0
P:(762, 3000),phi:(762,)
样本12的第32次迭代
采样次数:0
采样次数:1
采样次数:1
采样次数:1
P:(762, 3000),phi:(762,)
样本15的第34次迭代
采样次数:0
采样次数:1
P:(762, 3000),phi:(762,)
样本11的第32次迭代
采样次数:0
P:(762, 3000),phi:(762,)
样本14的第33次迭代
采样次数:0
P:(762, 3000),phi:(762,)
样本13的第35次迭代
采样次数:0
采样次数:1
采样次数:1
P:(762, 3000),phi:(762,)
样本12的第33次迭代
采样次数:0
采样次数:1
P:(762, 3000),phi:(762,)
样本15的第35次迭代
采样次数:0
采样次数:1
采样次数:1
P:(762, 3000),phi:(762,)
样本14的第34次迭代
采样次数:0
P:(762, 3000),phi:(762,)
样本11的第33次迭代
采样次数:0
采样次数:1
采样次数:1
P:(762, 3000),phi:(762,)
样本12的第34次迭代
采样次数:0
P:(762, 3000),phi:(762,)
样本15的第36次迭代
采样次数:0
P:(762, 3000),phi:(762,)
样本13的第36次迭代
采样次数:0
采样次数:1
P:(762, 3000),phi:(762,)
样本14的第35次迭代
采样次数:0
采样次数:1
采样次数:1
采样次数:1
P:(762, 3000),phi:(762,)
样本11的第34次迭代
采样次数:0
采样次数:1
P:(762, 3000),phi:(762,)
样本13的第37次迭代
采样次数:0
P:(762, 3000),phi:(762,)
样本12的第35次迭代
采样次数:0
采样次数:1
P:(762, 3000),phi:(762,)
样本15的第37次迭代
采样次数:0
采样次数:1
P:(762, 3000),phi:(762,)
样本14的第36次迭代
采样次数:0
采样次数:1
P:(762, 3000),phi:(762,)
样本11的第35次迭代
采样次数:0
采样次数:1
P:(762, 3000),phi:(762,)
样本13的第38次迭代
采样次数:0
P:(762, 3000),phi:(762,)
样本12的第36次迭代
采样次数:0
采样次数:1
采样次数:1
采样次数:1
P:(762, 3000),phi:(762,)
样本15的第38次迭代
采样次数:0
P:(762, 3000),phi:(762,)
样本14的第37次迭代
采样次数:0
采样次数:1
P:(762, 3000),phi:(762,)
样本11的第36次迭代
采样次数:0
P:(762, 3000),phi:(762,)
样本12的第37次迭代
采样次数:0
采样次数:1
采样次数:1
采样次数:1
P:(762, 3000),phi:(762,)
样本13的第39次迭代
采样次数:0
采样次数:1
P:(762, 3000),phi:(762,)
样本11的第37次迭代
采样次数:0
P:(762, 3000),phi:(762,)
样本15的第39次迭代
采样次数:0
P:(762, 3000),phi:(762,)
样本14的第38次迭代
采样次数:0
采样次数:1
P:(762, 3000),phi:(762,)
样本12的第38次迭代
采样次数:0
采样次数:1
采样次数:1
P:(762, 3000),phi:(762,)
样本13的第40次迭代
采样次数:0
采样次数:1
P:(762, 3000),phi:(762,)
样本11的第38次迭代
采样次数:0
采样次数:1
P:(762, 3000),phi:(762,)
样本15的第40次迭代
采样次数:0
P:(762, 3000),phi:(762,)
样本14的第39次迭代
采样次数:0
采样次数:1
采样次数:1
P:(762, 3000),phi:(762,)
样本12的第39次迭代
采样次数:0
采样次数:1
采样次数:1
P:(762, 3000),phi:(762,)
样本11的第39次迭代
采样次数:0
P:(762, 3000),phi:(762,)
样本15的第41次迭代
采样次数:0
P:(762, 3000),phi:(762,)
样本13的第41次迭代
采样次数:0
采样次数:1
采样次数:1
P:(762, 3000),phi:(762,)
样本14的第40次迭代
采样次数:0
采样次数:1
采样次数:1
P:(762, 3000),phi:(762,)
样本12的第40次迭代
采样次数:0
P:(762, 3000),phi:(762,)
样本15的第42次迭代
采样次数:0
P:(762, 3000),phi:(762,)
样本13的第42次迭代
采样次数:0
采样次数:1
采样次数:1
P:(762, 3000),phi:(762,)
样本11的第40次迭代
采样次数:0
采样次数:1
采样次数:1
P:(762, 3000),phi:(762,)
样本14的第41次迭代
采样次数:0
采样次数:1
P:(762, 3000),phi:(762,)
样本12的第41次迭代
采样次数:0
P:(762, 3000),phi:(762,)
样本11的第41次迭代
采样次数:0
P:(762, 3000),phi:(762,)
样本13的第43次迭代
采样次数:0
P:(762, 3000),phi:(762,)
样本15的第43次迭代
采样次数:0
采样次数:1
采样次数:1
采样次数:1
采样次数:1
采样次数:1
P:(762, 3000),phi:(762,)
样本14的第42次迭代
采样次数:0
P:(762, 3000),phi:(762,)
样本12的第42次迭代
采样次数:0
P:(762, 3000),phi:(762,)
样本13的第44次迭代
采样次数:0
P:(762, 3000),phi:(762,)
样本15的第44次迭代
采样次数:0
P:(762, 3000),phi:(762,)
样本11的第42次迭代
采样次数:0
采样次数:1
采样次数:1
采样次数:1
采样次数:1
采样次数:1
P:(762, 3000),phi:(762,)
样本12的第43次迭代
采样次数:0
P:(762, 3000),phi:(762,)
样本14的第43次迭代
采样次数:0
P:(762, 3000),phi:(762,)
样本13的第45次迭代
采样次数:0
P:(762, 3000),phi:(762,)
样本15的第45次迭代
采样次数:0
P:(762, 3000),phi:(762,)
样本11的第43次迭代
采样次数:0
采样次数:1
采样次数:1
采样次数:1
采样次数:1
P:(762, 3000),phi:(762,)
样本12的第44次迭代
采样次数:0
P:(762, 3000),phi:(762,)
样本14的第44次迭代
采样次数:0
采样次数:1
P:(762, 3000),phi:(762,)
样本15的第46次迭代
采样次数:0
P:(762, 3000),phi:(762,)
样本13的第46次迭代
采样次数:0
采样次数:1
采样次数:1
P:(762, 3000),phi:(762,)
样本11的第44次迭代
采样次数:0
采样次数:1
采样次数:1
P:(762, 3000),phi:(762,)
样本12的第45次迭代
采样次数:0
P:(762, 3000),phi:(762,)
样本14的第45次迭代
采样次数:0
采样次数:1
P:(762, 3000),phi:(762,)
样本15的第47次迭代
采样次数:0
采样次数:1
P:(762, 3000),phi:(762,)
样本13的第47次迭代
采样次数:0
采样次数:1
P:(762, 3000),phi:(762,)
样本11的第45次迭代
采样次数:0
采样次数:1
P:(762, 3000),phi:(762,)
样本12的第46次迭代
采样次数:0
采样次数:1
P:(762, 3000),phi:(762,)
样本15的第48次迭代
采样次数:0
采样次数:1
P:(762, 3000),phi:(762,)
样本14的第46次迭代
采样次数:0
采样次数:1
采样次数:1
P:(762, 3000),phi:(762,)
样本11的第46次迭代
采样次数:0
P:(762, 3000),phi:(762,)
样本12的第47次迭代
采样次数:0
P:(762, 3000),phi:(762,)
样本13的第48次迭代
采样次数:0
采样次数:1
P:(762, 3000),phi:(762,)
样本15的第49次迭代
采样次数:0
采样次数:1
采样次数:1
采样次数:1
P:(762, 3000),phi:(762,)
样本14的第47次迭代
采样次数:0
P:(762, 3000),phi:(762,)
样本11的第47次迭代
采样次数:0
采样次数:1
P:(762, 3000),phi:(762,)
样本12的第48次迭代
采样次数:0
采样次数:1
P:(762, 3000),phi:(762,)
样本15 Epoch：49 RMSE:5.153824691791196 MAE:2.188919114612436 MAPE:3.394071333940423
P:(762, 3000),phi:(762,)
样本13的第49次迭代
采样次数:0
采样次数:1
采样次数:1
P:(762, 3000),phi:(762,)
样本14的第48次迭代
采样次数:0
P:(762, 3000),phi:(762,)
样本11的第48次迭代
采样次数:0
采样次数:1
采样次数:1
P:(762, 3000),phi:(762,)
样本12的第49次迭代
采样次数:0
采样次数:1
P:(762, 3000),phi:(762,)
样本13 Epoch：49 RMSE:5.306601596218248 MAE:2.195772006320133 MAPE:3.39271629421994
采样次数:1
P:(762, 3000),phi:(762,)
样本11的第49次迭代
采样次数:0
P:(762, 3000),phi:(762,)
样本14的第49次迭代
采样次数:0
采样次数:1
P:(762, 3000),phi:(762,)
样本12 Epoch：49 RMSE:5.105142457188294 MAE:2.155276775514748 MAPE:3.0378421019135335
采样次数:1
P:(762, 3000),phi:(762,)
样本11 Epoch：49 RMSE:5.579412644339963 MAE:2.247119558895927 MAPE:4.194469490884588
P:(762, 3000),phi:(762,)
样本14 Epoch：49 RMSE:7.147147151636986 MAE:2.415225470645539 MAPE:4.610379148689421
Total Test RMSE: 10.1504, MAE: 2.3947, MAPE: 2.2544
耗时 655.85 min
